{"C:\\Users\\PCPV\\source\\repos\\rental-management-app\\src\\core\\App.tsx": {"path":"C:\\Users\\PCPV\\source\\repos\\rental-management-app\\src\\core\\App.tsx","statementMap":{"0":{"start":{"line":14,"column":2},"end":{"line":22,"column":4}}},"fnMap":{"0":{"name":"App","decl":{"start":{"line":13,"column":24},"end":{"line":13,"column":27}},"loc":{"start":{"line":13,"column":30},"end":{"line":23,"column":1}},"line":13}},"branchMap":{},"s":{"0":0},"f":{"0":0},"b":{}}
,"C:\\Users\\PCPV\\source\\repos\\rental-management-app\\src\\core\\navigation\\AuthStack.tsx": {"path":"C:\\Users\\PCPV\\source\\repos\\rental-management-app\\src\\core\\navigation\\AuthStack.tsx","statementMap":{"0":{"start":{"line":13,"column":14},"end":{"line":13,"column":62}},"1":{"start":{"line":16,"column":2},"end":{"line":25,"column":4}}},"fnMap":{"0":{"name":"AuthStack","decl":{"start":{"line":15,"column":24},"end":{"line":15,"column":33}},"loc":{"start":{"line":15,"column":36},"end":{"line":26,"column":1}},"line":15}},"branchMap":{},"s":{"0":0,"1":0},"f":{"0":0},"b":{}}
,"C:\\Users\\PCPV\\source\\repos\\rental-management-app\\src\\core\\navigation\\DashboardStack.tsx": {"path":"C:\\Users\\PCPV\\source\\repos\\rental-management-app\\src\\core\\navigation\\DashboardStack.tsx","statementMap":{"0":{"start":{"line":13,"column":14},"end":{"line":13,"column":67}},"1":{"start":{"line":16,"column":2},"end":{"line":31,"column":4}}},"fnMap":{"0":{"name":"DashboardStack","decl":{"start":{"line":15,"column":24},"end":{"line":15,"column":38}},"loc":{"start":{"line":15,"column":41},"end":{"line":32,"column":1}},"line":15}},"branchMap":{},"s":{"0":0,"1":0},"f":{"0":0},"b":{}}
,"C:\\Users\\PCPV\\source\\repos\\rental-management-app\\src\\core\\navigation\\MainTabs.tsx": {"path":"C:\\Users\\PCPV\\source\\repos\\rental-management-app\\src\\core\\navigation\\MainTabs.tsx","statementMap":{"0":{"start":{"line":18,"column":12},"end":{"line":18,"column":56}},"1":{"start":{"line":21,"column":2},"end":{"line":93,"column":4}},"2":{"start":{"line":48,"column":12},"end":{"line":48,"column":66}},"3":{"start":{"line":58,"column":12},"end":{"line":58,"column":62}},"4":{"start":{"line":68,"column":12},"end":{"line":68,"column":65}},"5":{"start":{"line":78,"column":12},"end":{"line":78,"column":64}},"6":{"start":{"line":88,"column":12},"end":{"line":88,"column":65}},"7":{"start":{"line":99,"column":2},"end":{"line":108,"column":4}}},"fnMap":{"0":{"name":"MainTabs","decl":{"start":{"line":20,"column":24},"end":{"line":20,"column":32}},"loc":{"start":{"line":20,"column":35},"end":{"line":94,"column":1}},"line":20},"1":{"name":"(anonymous_1)","decl":{"start":{"line":46,"column":22},"end":{"line":46,"column":23}},"loc":{"start":{"line":48,"column":12},"end":{"line":48,"column":66}},"line":48},"2":{"name":"(anonymous_2)","decl":{"start":{"line":57,"column":22},"end":{"line":57,"column":23}},"loc":{"start":{"line":58,"column":12},"end":{"line":58,"column":62}},"line":58},"3":{"name":"(anonymous_3)","decl":{"start":{"line":67,"column":22},"end":{"line":67,"column":23}},"loc":{"start":{"line":68,"column":12},"end":{"line":68,"column":65}},"line":68},"4":{"name":"(anonymous_4)","decl":{"start":{"line":77,"column":22},"end":{"line":77,"column":23}},"loc":{"start":{"line":78,"column":12},"end":{"line":78,"column":64}},"line":78},"5":{"name":"(anonymous_5)","decl":{"start":{"line":87,"column":22},"end":{"line":87,"column":23}},"loc":{"start":{"line":88,"column":12},"end":{"line":88,"column":65}},"line":88},"6":{"name":"TabIcon","decl":{"start":{"line":98,"column":9},"end":{"line":98,"column":16}},"loc":{"start":{"line":98,"column":87},"end":{"line":109,"column":1}},"line":98}},"branchMap":{},"s":{"0":0,"1":0,"2":0,"3":0,"4":0,"5":0,"6":0,"7":0},"f":{"0":0,"1":0,"2":0,"3":0,"4":0,"5":0,"6":0},"b":{}}
,"C:\\Users\\PCPV\\source\\repos\\rental-management-app\\src\\core\\navigation\\PaymentsStack.tsx": {"path":"C:\\Users\\PCPV\\source\\repos\\rental-management-app\\src\\core\\navigation\\PaymentsStack.tsx","statementMap":{"0":{"start":{"line":15,"column":14},"end":{"line":15,"column":66}},"1":{"start":{"line":18,"column":2},"end":{"line":47,"column":4}}},"fnMap":{"0":{"name":"PaymentsStack","decl":{"start":{"line":17,"column":24},"end":{"line":17,"column":37}},"loc":{"start":{"line":17,"column":40},"end":{"line":48,"column":1}},"line":17}},"branchMap":{},"s":{"0":0,"1":0},"f":{"0":0},"b":{}}
,"C:\\Users\\PCPV\\source\\repos\\rental-management-app\\src\\core\\navigation\\ReportsStack.tsx": {"path":"C:\\Users\\PCPV\\source\\repos\\rental-management-app\\src\\core\\navigation\\ReportsStack.tsx","statementMap":{"0":{"start":{"line":13,"column":14},"end":{"line":13,"column":65}},"1":{"start":{"line":16,"column":2},"end":{"line":31,"column":4}}},"fnMap":{"0":{"name":"ReportsStack","decl":{"start":{"line":15,"column":24},"end":{"line":15,"column":36}},"loc":{"start":{"line":15,"column":39},"end":{"line":32,"column":1}},"line":15}},"branchMap":{},"s":{"0":0,"1":0},"f":{"0":0},"b":{}}
,"C:\\Users\\PCPV\\source\\repos\\rental-management-app\\src\\core\\navigation\\RoomsStack.tsx": {"path":"C:\\Users\\PCPV\\source\\repos\\rental-management-app\\src\\core\\navigation\\RoomsStack.tsx","statementMap":{"0":{"start":{"line":13,"column":14},"end":{"line":13,"column":63}},"1":{"start":{"line":16,"column":2},"end":{"line":31,"column":4}}},"fnMap":{"0":{"name":"RoomsStack","decl":{"start":{"line":15,"column":24},"end":{"line":15,"column":34}},"loc":{"start":{"line":15,"column":37},"end":{"line":32,"column":1}},"line":15}},"branchMap":{},"s":{"0":0,"1":0},"f":{"0":0},"b":{}}
,"C:\\Users\\PCPV\\source\\repos\\rental-management-app\\src\\core\\navigation\\RootNavigator.tsx": {"path":"C:\\Users\\PCPV\\source\\repos\\rental-management-app\\src\\core\\navigation\\RootNavigator.tsx","statementMap":{"0":{"start":{"line":15,"column":14},"end":{"line":15,"column":62}},"1":{"start":{"line":18,"column":57},"end":{"line":18,"column":71}},"2":{"start":{"line":21,"column":2},"end":{"line":23,"column":23}},"3":{"start":{"line":22,"column":4},"end":{"line":22,"column":21}},"4":{"start":{"line":26,"column":2},"end":{"line":28,"column":3}},"5":{"start":{"line":27,"column":4},"end":{"line":27,"column":16}},"6":{"start":{"line":30,"column":2},"end":{"line":43,"column":4}}},"fnMap":{"0":{"name":"RootNavigator","decl":{"start":{"line":17,"column":24},"end":{"line":17,"column":37}},"loc":{"start":{"line":17,"column":40},"end":{"line":44,"column":1}},"line":17},"1":{"name":"(anonymous_1)","decl":{"start":{"line":21,"column":12},"end":{"line":21,"column":13}},"loc":{"start":{"line":21,"column":18},"end":{"line":23,"column":3}},"line":21}},"branchMap":{"0":{"loc":{"start":{"line":26,"column":2},"end":{"line":28,"column":3}},"type":"if","locations":[{"start":{"line":26,"column":2},"end":{"line":28,"column":3}},{"start":{},"end":{}}],"line":26},"1":{"loc":{"start":{"line":37,"column":7},"end":{"line":41,"column":7}},"type":"cond-expr","locations":[{"start":{"line":38,"column":8},"end":{"line":38,"column":57}},{"start":{"line":40,"column":8},"end":{"line":40,"column":58}}],"line":37}},"s":{"0":0,"1":0,"2":0,"3":0,"4":0,"5":0,"6":0},"f":{"0":0,"1":0},"b":{"0":[0,0],"1":[0,0]}}
,"C:\\Users\\PCPV\\source\\repos\\rental-management-app\\src\\core\\navigation\\SettingsStack.tsx": {"path":"C:\\Users\\PCPV\\source\\repos\\rental-management-app\\src\\core\\navigation\\SettingsStack.tsx","statementMap":{"0":{"start":{"line":13,"column":14},"end":{"line":13,"column":66}},"1":{"start":{"line":16,"column":2},"end":{"line":31,"column":4}}},"fnMap":{"0":{"name":"SettingsStack","decl":{"start":{"line":15,"column":24},"end":{"line":15,"column":37}},"loc":{"start":{"line":15,"column":40},"end":{"line":32,"column":1}},"line":15}},"branchMap":{},"s":{"0":0,"1":0},"f":{"0":0},"b":{}}
,"C:\\Users\\PCPV\\source\\repos\\rental-management-app\\src\\core\\navigation\\index.ts": {"path":"C:\\Users\\PCPV\\source\\repos\\rental-management-app\\src\\core\\navigation\\index.ts","statementMap":{},"fnMap":{},"branchMap":{},"s":{},"f":{},"b":{}}
,"C:\\Users\\PCPV\\source\\repos\\rental-management-app\\src\\features\\auth\\index.ts": {"path":"C:\\Users\\PCPV\\source\\repos\\rental-management-app\\src\\features\\auth\\index.ts","statementMap":{},"fnMap":{},"branchMap":{},"s":{},"f":{},"b":{}}
,"C:\\Users\\PCPV\\source\\repos\\rental-management-app\\src\\features\\auth\\hooks\\useAuth.ts": {"path":"C:\\Users\\PCPV\\source\\repos\\rental-management-app\\src\\features\\auth\\hooks\\useAuth.ts","statementMap":{"0":{"start":{"line":12,"column":23},"end":{"line":186,"column":1}},"1":{"start":{"line":24,"column":6},"end":{"line":24,"column":20}},"2":{"start":{"line":29,"column":16},"end":{"line":42,"column":3}},"3":{"start":{"line":31,"column":6},"end":{"line":39,"column":7}},"4":{"start":{"line":32,"column":8},"end":{"line":32,"column":21}},"5":{"start":{"line":33,"column":25},"end":{"line":33,"column":57}},"6":{"start":{"line":34,"column":8},"end":{"line":34,"column":57}},"7":{"start":{"line":35,"column":8},"end":{"line":35,"column":33}},"8":{"start":{"line":37,"column":24},"end":{"line":37,"column":79}},"9":{"start":{"line":38,"column":8},"end":{"line":38,"column":50}},"10":{"start":{"line":47,"column":29},"end":{"line":83,"column":34}},"11":{"start":{"line":48,"column":4},"end":{"line":82,"column":5}},"12":{"start":{"line":49,"column":6},"end":{"line":49,"column":19}},"13":{"start":{"line":52,"column":26},"end":{"line":52,"column":59}},"14":{"start":{"line":53,"column":6},"end":{"line":58,"column":7}},"15":{"start":{"line":54,"column":8},"end":{"line":57,"column":10}},"16":{"start":{"line":60,"column":24},"end":{"line":60,"column":55}},"17":{"start":{"line":61,"column":6},"end":{"line":66,"column":7}},"18":{"start":{"line":62,"column":8},"end":{"line":65,"column":10}},"19":{"start":{"line":69,"column":21},"end":{"line":69,"column":83}},"20":{"start":{"line":71,"column":6},"end":{"line":77,"column":7}},"21":{"start":{"line":73,"column":8},"end":{"line":73,"column":31}},"22":{"start":{"line":74,"column":8},"end":{"line":74,"column":33}},"23":{"start":{"line":76,"column":8},"end":{"line":76,"column":55}},"24":{"start":{"line":80,"column":8},"end":{"line":80,"column":82}},"25":{"start":{"line":81,"column":6},"end":{"line":81,"column":48}},"26":{"start":{"line":88,"column":17},"end":{"line":101,"column":32}},"27":{"start":{"line":89,"column":4},"end":{"line":100,"column":5}},"28":{"start":{"line":90,"column":6},"end":{"line":92,"column":7}},"29":{"start":{"line":91,"column":8},"end":{"line":91,"column":42}},"30":{"start":{"line":93,"column":6},"end":{"line":93,"column":26}},"31":{"start":{"line":94,"column":6},"end":{"line":94,"column":31}},"32":{"start":{"line":97,"column":6},"end":{"line":97,"column":26}},"33":{"start":{"line":98,"column":22},"end":{"line":98,"column":78}},"34":{"start":{"line":99,"column":6},"end":{"line":99,"column":48}},"35":{"start":{"line":106,"column":24},"end":{"line":123,"column":3}},"36":{"start":{"line":108,"column":6},"end":{"line":120,"column":7}},"37":{"start":{"line":109,"column":8},"end":{"line":111,"column":9}},"38":{"start":{"line":110,"column":10},"end":{"line":110,"column":47}},"39":{"start":{"line":113,"column":8},"end":{"line":113,"column":21}},"40":{"start":{"line":114,"column":28},"end":{"line":114,"column":74}},"41":{"start":{"line":115,"column":8},"end":{"line":115,"column":40}},"42":{"start":{"line":116,"column":8},"end":{"line":116,"column":52}},"43":{"start":{"line":118,"column":24},"end":{"line":118,"column":80}},"44":{"start":{"line":119,"column":8},"end":{"line":119,"column":50}},"45":{"start":{"line":128,"column":26},"end":{"line":154,"column":32}},"46":{"start":{"line":129,"column":4},"end":{"line":153,"column":5}},"47":{"start":{"line":130,"column":26},"end":{"line":130,"column":59}},"48":{"start":{"line":131,"column":6},"end":{"line":136,"column":7}},"49":{"start":{"line":132,"column":8},"end":{"line":135,"column":10}},"50":{"start":{"line":139,"column":21},"end":{"line":139,"column":88}},"51":{"start":{"line":141,"column":6},"end":{"line":149,"column":7}},"52":{"start":{"line":142,"column":8},"end":{"line":142,"column":37}},"53":{"start":{"line":143,"column":8},"end":{"line":145,"column":9}},"54":{"start":{"line":144,"column":10},"end":{"line":144,"column":57}},"55":{"start":{"line":146,"column":8},"end":{"line":146,"column":33}},"56":{"start":{"line":148,"column":8},"end":{"line":148,"column":55}},"57":{"start":{"line":151,"column":22},"end":{"line":151,"column":91}},"58":{"start":{"line":152,"column":6},"end":{"line":152,"column":48}},"59":{"start":{"line":159,"column":27},"end":{"line":170,"column":32}},"60":{"start":{"line":160,"column":4},"end":{"line":169,"column":5}},"61":{"start":{"line":161,"column":6},"end":{"line":161,"column":36}},"62":{"start":{"line":162,"column":6},"end":{"line":164,"column":7}},"63":{"start":{"line":163,"column":8},"end":{"line":163,"column":56}},"64":{"start":{"line":165,"column":6},"end":{"line":165,"column":31}},"65":{"start":{"line":167,"column":22},"end":{"line":167,"column":92}},"66":{"start":{"line":168,"column":6},"end":{"line":168,"column":48}},"67":{"start":{"line":172,"column":2},"end":{"line":185,"column":4}}},"fnMap":{"0":{"name":"(anonymous_0)","decl":{"start":{"line":12,"column":23},"end":{"line":12,"column":24}},"loc":{"start":{"line":12,"column":29},"end":{"line":186,"column":1}},"line":12},"1":{"name":"(anonymous_1)","decl":{"start":{"line":30,"column":4},"end":{"line":30,"column":5}},"loc":{"start":{"line":30,"column":45},"end":{"line":40,"column":5}},"line":30},"2":{"name":"(anonymous_2)","decl":{"start":{"line":47,"column":41},"end":{"line":47,"column":42}},"loc":{"start":{"line":47,"column":53},"end":{"line":83,"column":3}},"line":47},"3":{"name":"(anonymous_3)","decl":{"start":{"line":88,"column":29},"end":{"line":88,"column":30}},"loc":{"start":{"line":88,"column":41},"end":{"line":101,"column":3}},"line":88},"4":{"name":"(anonymous_4)","decl":{"start":{"line":107,"column":4},"end":{"line":107,"column":5}},"loc":{"start":{"line":107,"column":42},"end":{"line":121,"column":5}},"line":107},"5":{"name":"(anonymous_5)","decl":{"start":{"line":128,"column":38},"end":{"line":128,"column":39}},"loc":{"start":{"line":128,"column":50},"end":{"line":154,"column":3}},"line":128},"6":{"name":"(anonymous_6)","decl":{"start":{"line":159,"column":39},"end":{"line":159,"column":40}},"loc":{"start":{"line":159,"column":51},"end":{"line":170,"column":3}},"line":159}},"branchMap":{"0":{"loc":{"start":{"line":37,"column":24},"end":{"line":37,"column":79}},"type":"cond-expr","locations":[{"start":{"line":37,"column":49},"end":{"line":37,"column":62}},{"start":{"line":37,"column":65},"end":{"line":37,"column":79}}],"line":37},"1":{"loc":{"start":{"line":53,"column":6},"end":{"line":58,"column":7}},"type":"if","locations":[{"start":{"line":53,"column":6},"end":{"line":58,"column":7}},{"start":{},"end":{}}],"line":53},"2":{"loc":{"start":{"line":61,"column":6},"end":{"line":66,"column":7}},"type":"if","locations":[{"start":{"line":61,"column":6},"end":{"line":66,"column":7}},{"start":{},"end":{}}],"line":61},"3":{"loc":{"start":{"line":71,"column":6},"end":{"line":77,"column":7}},"type":"if","locations":[{"start":{"line":71,"column":6},"end":{"line":77,"column":7}},{"start":{"line":75,"column":13},"end":{"line":77,"column":7}}],"line":71},"4":{"loc":{"start":{"line":80,"column":8},"end":{"line":80,"column":82}},"type":"cond-expr","locations":[{"start":{"line":80,"column":33},"end":{"line":80,"column":46}},{"start":{"line":80,"column":49},"end":{"line":80,"column":82}}],"line":80},"5":{"loc":{"start":{"line":90,"column":6},"end":{"line":92,"column":7}},"type":"if","locations":[{"start":{"line":90,"column":6},"end":{"line":92,"column":7}},{"start":{},"end":{}}],"line":90},"6":{"loc":{"start":{"line":98,"column":22},"end":{"line":98,"column":78}},"type":"cond-expr","locations":[{"start":{"line":98,"column":47},"end":{"line":98,"column":60}},{"start":{"line":98,"column":63},"end":{"line":98,"column":78}}],"line":98},"7":{"loc":{"start":{"line":109,"column":8},"end":{"line":111,"column":9}},"type":"if","locations":[{"start":{"line":109,"column":8},"end":{"line":111,"column":9}},{"start":{},"end":{}}],"line":109},"8":{"loc":{"start":{"line":118,"column":24},"end":{"line":118,"column":80}},"type":"cond-expr","locations":[{"start":{"line":118,"column":49},"end":{"line":118,"column":62}},{"start":{"line":118,"column":65},"end":{"line":118,"column":80}}],"line":118},"9":{"loc":{"start":{"line":131,"column":6},"end":{"line":136,"column":7}},"type":"if","locations":[{"start":{"line":131,"column":6},"end":{"line":136,"column":7}},{"start":{},"end":{}}],"line":131},"10":{"loc":{"start":{"line":141,"column":6},"end":{"line":149,"column":7}},"type":"if","locations":[{"start":{"line":141,"column":6},"end":{"line":149,"column":7}},{"start":{"line":147,"column":13},"end":{"line":149,"column":7}}],"line":141},"11":{"loc":{"start":{"line":143,"column":8},"end":{"line":145,"column":9}},"type":"if","locations":[{"start":{"line":143,"column":8},"end":{"line":145,"column":9}},{"start":{},"end":{}}],"line":143},"12":{"loc":{"start":{"line":151,"column":22},"end":{"line":151,"column":91}},"type":"cond-expr","locations":[{"start":{"line":151,"column":47},"end":{"line":151,"column":60}},{"start":{"line":151,"column":63},"end":{"line":151,"column":91}}],"line":151},"13":{"loc":{"start":{"line":162,"column":6},"end":{"line":164,"column":7}},"type":"if","locations":[{"start":{"line":162,"column":6},"end":{"line":164,"column":7}},{"start":{},"end":{}}],"line":162},"14":{"loc":{"start":{"line":167,"column":22},"end":{"line":167,"column":92}},"type":"cond-expr","locations":[{"start":{"line":167,"column":47},"end":{"line":167,"column":60}},{"start":{"line":167,"column":63},"end":{"line":167,"column":92}}],"line":167}},"s":{"0":1,"1":9,"2":9,"3":2,"4":2,"5":2,"6":1,"7":1,"8":1,"9":1,"10":9,"11":0,"12":0,"13":0,"14":0,"15":0,"16":0,"17":0,"18":0,"19":0,"20":0,"21":0,"22":0,"23":0,"24":0,"25":0,"26":9,"27":1,"28":1,"29":1,"30":1,"31":1,"32":0,"33":0,"34":0,"35":9,"36":0,"37":0,"38":0,"39":0,"40":0,"41":0,"42":0,"43":0,"44":0,"45":9,"46":2,"47":2,"48":2,"49":1,"50":1,"51":1,"52":1,"53":1,"54":1,"55":1,"56":0,"57":0,"58":0,"59":9,"60":0,"61":0,"62":0,"63":0,"64":0,"65":0,"66":0,"67":9},"f":{"0":9,"1":2,"2":0,"3":1,"4":0,"5":2,"6":0},"b":{"0":[1,0],"1":[0,0],"2":[0,0],"3":[0,0],"4":[0,0],"5":[1,0],"6":[0,0],"7":[0,0],"8":[0,0],"9":[1,1],"10":[1,0],"11":[1,0],"12":[0,0],"13":[0,0],"14":[0,0]},"_coverageSchema":"1a1c01bbd47fc00a2c39e90264f33305004495a9","hash":"b158c8f196dd402caf0cee66073a73fe5db51432"}
,"C:\\Users\\PCPV\\source\\repos\\rental-management-app\\src\\features\\auth\\screens\\LoginScreen.tsx": {"path":"C:\\Users\\PCPV\\source\\repos\\rental-management-app\\src\\features\\auth\\screens\\LoginScreen.tsx","statementMap":{"0":{"start":{"line":15,"column":28},"end":{"line":15,"column":56}},"1":{"start":{"line":16,"column":34},"end":{"line":16,"column":54}},"2":{"start":{"line":17,"column":32},"end":{"line":17,"column":47}},"3":{"start":{"line":19,"column":20},"end":{"line":19,"column":34}},"4":{"start":{"line":21,"column":22},"end":{"line":52,"column":3}},"5":{"start":{"line":22,"column":4},"end":{"line":51,"column":5}},"6":{"start":{"line":23,"column":6},"end":{"line":23,"column":23}},"7":{"start":{"line":26,"column":23},"end":{"line":37,"column":7}},"8":{"start":{"line":39,"column":25},"end":{"line":42,"column":7}},"9":{"start":{"line":44,"column":6},"end":{"line":44,"column":40}},"10":{"start":{"line":48,"column":6},"end":{"line":48,"column":44}},"11":{"start":{"line":50,"column":6},"end":{"line":50,"column":24}},"12":{"start":{"line":54,"column":2},"end":{"line":105,"column":4}},"13":{"start":{"line":108,"column":15},"end":{"line":144,"column":2}}},"fnMap":{"0":{"name":"LoginScreen","decl":{"start":{"line":14,"column":24},"end":{"line":14,"column":35}},"loc":{"start":{"line":14,"column":59},"end":{"line":106,"column":1}},"line":14},"1":{"name":"(anonymous_1)","decl":{"start":{"line":21,"column":22},"end":{"line":21,"column":23}},"loc":{"start":{"line":21,"column":34},"end":{"line":52,"column":3}},"line":21}},"branchMap":{"0":{"loc":{"start":{"line":57,"column":16},"end":{"line":57,"column":60}},"type":"cond-expr","locations":[{"start":{"line":57,"column":40},"end":{"line":57,"column":49}},{"start":{"line":57,"column":52},"end":{"line":57,"column":60}}],"line":57}},"s":{"0":0,"1":0,"2":0,"3":0,"4":0,"5":0,"6":0,"7":0,"8":0,"9":0,"10":0,"11":0,"12":0,"13":0},"f":{"0":0,"1":0},"b":{"0":[0,0]}}
,"C:\\Users\\PCPV\\source\\repos\\rental-management-app\\src\\features\\auth\\services\\authApi.ts": {"path":"C:\\Users\\PCPV\\source\\repos\\rental-management-app\\src\\features\\auth\\services\\authApi.ts","statementMap":{"0":{"start":{"line":14,"column":4},"end":{"line":14,"column":30}},"1":{"start":{"line":15,"column":4},"end":{"line":15,"column":34}},"2":{"start":{"line":22,"column":4},"end":{"line":52,"column":5}},"3":{"start":{"line":23,"column":25},"end":{"line":23,"column":46}},"4":{"start":{"line":24,"column":24},"end":{"line":24,"column":74}},"5":{"start":{"line":24,"column":41},"end":{"line":24,"column":59}},"6":{"start":{"line":26,"column":23},"end":{"line":33,"column":8}},"7":{"start":{"line":35,"column":6},"end":{"line":35,"column":30}},"8":{"start":{"line":37,"column":6},"end":{"line":40,"column":7}},"9":{"start":{"line":38,"column":22},"end":{"line":38,"column":43}},"10":{"start":{"line":39,"column":8},"end":{"line":39,"column":57}},"11":{"start":{"line":42,"column":19},"end":{"line":42,"column":40}},"12":{"start":{"line":43,"column":6},"end":{"line":43,"column":18}},"13":{"start":{"line":45,"column":6},"end":{"line":50,"column":7}},"14":{"start":{"line":46,"column":8},"end":{"line":48,"column":9}},"15":{"start":{"line":47,"column":10},"end":{"line":47,"column":45}},"16":{"start":{"line":49,"column":8},"end":{"line":49,"column":20}},"17":{"start":{"line":51,"column":6},"end":{"line":51,"column":54}},"18":{"start":{"line":59,"column":4},"end":{"line":89,"column":5}},"19":{"start":{"line":60,"column":25},"end":{"line":60,"column":46}},"20":{"start":{"line":61,"column":24},"end":{"line":61,"column":74}},"21":{"start":{"line":61,"column":41},"end":{"line":61,"column":59}},"22":{"start":{"line":63,"column":23},"end":{"line":70,"column":8}},"23":{"start":{"line":72,"column":6},"end":{"line":72,"column":30}},"24":{"start":{"line":74,"column":6},"end":{"line":77,"column":7}},"25":{"start":{"line":75,"column":22},"end":{"line":75,"column":43}},"26":{"start":{"line":76,"column":8},"end":{"line":76,"column":65}},"27":{"start":{"line":79,"column":19},"end":{"line":79,"column":40}},"28":{"start":{"line":80,"column":6},"end":{"line":80,"column":25}},"29":{"start":{"line":82,"column":6},"end":{"line":87,"column":7}},"30":{"start":{"line":83,"column":8},"end":{"line":85,"column":9}},"31":{"start":{"line":84,"column":10},"end":{"line":84,"column":45}},"32":{"start":{"line":86,"column":8},"end":{"line":86,"column":20}},"33":{"start":{"line":88,"column":6},"end":{"line":88,"column":54}},"34":{"start":{"line":96,"column":4},"end":{"line":123,"column":5}},"35":{"start":{"line":97,"column":25},"end":{"line":97,"column":46}},"36":{"start":{"line":98,"column":24},"end":{"line":98,"column":74}},"37":{"start":{"line":98,"column":41},"end":{"line":98,"column":59}},"38":{"start":{"line":100,"column":23},"end":{"line":107,"column":8}},"39":{"start":{"line":109,"column":6},"end":{"line":109,"column":30}},"40":{"start":{"line":111,"column":6},"end":{"line":114,"column":7}},"41":{"start":{"line":112,"column":22},"end":{"line":112,"column":43}},"42":{"start":{"line":113,"column":8},"end":{"line":113,"column":58}},"43":{"start":{"line":116,"column":6},"end":{"line":121,"column":7}},"44":{"start":{"line":117,"column":8},"end":{"line":119,"column":9}},"45":{"start":{"line":118,"column":10},"end":{"line":118,"column":45}},"46":{"start":{"line":120,"column":8},"end":{"line":120,"column":20}},"47":{"start":{"line":122,"column":6},"end":{"line":122,"column":54}},"48":{"start":{"line":130,"column":4},"end":{"line":160,"column":5}},"49":{"start":{"line":131,"column":25},"end":{"line":131,"column":46}},"50":{"start":{"line":132,"column":24},"end":{"line":132,"column":74}},"51":{"start":{"line":132,"column":41},"end":{"line":132,"column":59}},"52":{"start":{"line":134,"column":23},"end":{"line":141,"column":8}},"53":{"start":{"line":143,"column":6},"end":{"line":143,"column":30}},"54":{"start":{"line":145,"column":6},"end":{"line":148,"column":7}},"55":{"start":{"line":146,"column":22},"end":{"line":146,"column":43}},"56":{"start":{"line":147,"column":8},"end":{"line":147,"column":66}},"57":{"start":{"line":150,"column":19},"end":{"line":150,"column":40}},"58":{"start":{"line":151,"column":6},"end":{"line":151,"column":23}},"59":{"start":{"line":153,"column":6},"end":{"line":158,"column":7}},"60":{"start":{"line":154,"column":8},"end":{"line":156,"column":9}},"61":{"start":{"line":155,"column":10},"end":{"line":155,"column":45}},"62":{"start":{"line":157,"column":8},"end":{"line":157,"column":20}},"63":{"start":{"line":159,"column":6},"end":{"line":159,"column":54}},"64":{"start":{"line":167,"column":4},"end":{"line":198,"column":5}},"65":{"start":{"line":168,"column":25},"end":{"line":168,"column":46}},"66":{"start":{"line":169,"column":24},"end":{"line":169,"column":74}},"67":{"start":{"line":169,"column":41},"end":{"line":169,"column":59}},"68":{"start":{"line":171,"column":23},"end":{"line":179,"column":8}},"69":{"start":{"line":181,"column":6},"end":{"line":181,"column":30}},"70":{"start":{"line":183,"column":6},"end":{"line":186,"column":7}},"71":{"start":{"line":184,"column":22},"end":{"line":184,"column":43}},"72":{"start":{"line":185,"column":8},"end":{"line":185,"column":69}},"73":{"start":{"line":188,"column":27},"end":{"line":188,"column":48}},"74":{"start":{"line":189,"column":6},"end":{"line":189,"column":31}},"75":{"start":{"line":191,"column":6},"end":{"line":196,"column":7}},"76":{"start":{"line":192,"column":8},"end":{"line":194,"column":9}},"77":{"start":{"line":193,"column":10},"end":{"line":193,"column":45}},"78":{"start":{"line":195,"column":8},"end":{"line":195,"column":20}},"79":{"start":{"line":197,"column":6},"end":{"line":197,"column":54}},"80":{"start":{"line":202,"column":23},"end":{"line":202,"column":42}}},"fnMap":{"0":{"name":"(anonymous_0)","decl":{"start":{"line":13,"column":2},"end":{"line":13,"column":3}},"loc":{"start":{"line":13,"column":16},"end":{"line":16,"column":3}},"line":13},"1":{"name":"(anonymous_1)","decl":{"start":{"line":21,"column":2},"end":{"line":21,"column":3}},"loc":{"start":{"line":21,"column":69},"end":{"line":53,"column":3}},"line":21},"2":{"name":"(anonymous_2)","decl":{"start":{"line":24,"column":35},"end":{"line":24,"column":36}},"loc":{"start":{"line":24,"column":41},"end":{"line":24,"column":59}},"line":24},"3":{"name":"(anonymous_3)","decl":{"start":{"line":58,"column":2},"end":{"line":58,"column":3}},"loc":{"start":{"line":58,"column":64},"end":{"line":90,"column":3}},"line":58},"4":{"name":"(anonymous_4)","decl":{"start":{"line":61,"column":35},"end":{"line":61,"column":36}},"loc":{"start":{"line":61,"column":41},"end":{"line":61,"column":59}},"line":61},"5":{"name":"(anonymous_5)","decl":{"start":{"line":95,"column":2},"end":{"line":95,"column":3}},"loc":{"start":{"line":95,"column":51},"end":{"line":124,"column":3}},"line":95},"6":{"name":"(anonymous_6)","decl":{"start":{"line":98,"column":35},"end":{"line":98,"column":36}},"loc":{"start":{"line":98,"column":41},"end":{"line":98,"column":59}},"line":98},"7":{"name":"(anonymous_7)","decl":{"start":{"line":129,"column":2},"end":{"line":129,"column":3}},"loc":{"start":{"line":129,"column":55},"end":{"line":161,"column":3}},"line":129},"8":{"name":"(anonymous_8)","decl":{"start":{"line":132,"column":35},"end":{"line":132,"column":36}},"loc":{"start":{"line":132,"column":41},"end":{"line":132,"column":59}},"line":132},"9":{"name":"(anonymous_9)","decl":{"start":{"line":166,"column":2},"end":{"line":166,"column":3}},"loc":{"start":{"line":166,"column":79},"end":{"line":199,"column":3}},"line":166},"10":{"name":"(anonymous_10)","decl":{"start":{"line":169,"column":35},"end":{"line":169,"column":36}},"loc":{"start":{"line":169,"column":41},"end":{"line":169,"column":59}},"line":169}},"branchMap":{"0":{"loc":{"start":{"line":37,"column":6},"end":{"line":40,"column":7}},"type":"if","locations":[{"start":{"line":37,"column":6},"end":{"line":40,"column":7}},{"start":{},"end":{}}],"line":37},"1":{"loc":{"start":{"line":39,"column":24},"end":{"line":39,"column":55}},"type":"binary-expr","locations":[{"start":{"line":39,"column":24},"end":{"line":39,"column":37}},{"start":{"line":39,"column":41},"end":{"line":39,"column":55}}],"line":39},"2":{"loc":{"start":{"line":45,"column":6},"end":{"line":50,"column":7}},"type":"if","locations":[{"start":{"line":45,"column":6},"end":{"line":50,"column":7}},{"start":{},"end":{}}],"line":45},"3":{"loc":{"start":{"line":46,"column":8},"end":{"line":48,"column":9}},"type":"if","locations":[{"start":{"line":46,"column":8},"end":{"line":48,"column":9}},{"start":{},"end":{}}],"line":46},"4":{"loc":{"start":{"line":74,"column":6},"end":{"line":77,"column":7}},"type":"if","locations":[{"start":{"line":74,"column":6},"end":{"line":77,"column":7}},{"start":{},"end":{}}],"line":74},"5":{"loc":{"start":{"line":76,"column":24},"end":{"line":76,"column":63}},"type":"binary-expr","locations":[{"start":{"line":76,"column":24},"end":{"line":76,"column":37}},{"start":{"line":76,"column":41},"end":{"line":76,"column":63}}],"line":76},"6":{"loc":{"start":{"line":82,"column":6},"end":{"line":87,"column":7}},"type":"if","locations":[{"start":{"line":82,"column":6},"end":{"line":87,"column":7}},{"start":{},"end":{}}],"line":82},"7":{"loc":{"start":{"line":83,"column":8},"end":{"line":85,"column":9}},"type":"if","locations":[{"start":{"line":83,"column":8},"end":{"line":85,"column":9}},{"start":{},"end":{}}],"line":83},"8":{"loc":{"start":{"line":111,"column":6},"end":{"line":114,"column":7}},"type":"if","locations":[{"start":{"line":111,"column":6},"end":{"line":114,"column":7}},{"start":{},"end":{}}],"line":111},"9":{"loc":{"start":{"line":113,"column":24},"end":{"line":113,"column":56}},"type":"binary-expr","locations":[{"start":{"line":113,"column":24},"end":{"line":113,"column":37}},{"start":{"line":113,"column":41},"end":{"line":113,"column":56}}],"line":113},"10":{"loc":{"start":{"line":116,"column":6},"end":{"line":121,"column":7}},"type":"if","locations":[{"start":{"line":116,"column":6},"end":{"line":121,"column":7}},{"start":{},"end":{}}],"line":116},"11":{"loc":{"start":{"line":117,"column":8},"end":{"line":119,"column":9}},"type":"if","locations":[{"start":{"line":117,"column":8},"end":{"line":119,"column":9}},{"start":{},"end":{}}],"line":117},"12":{"loc":{"start":{"line":145,"column":6},"end":{"line":148,"column":7}},"type":"if","locations":[{"start":{"line":145,"column":6},"end":{"line":148,"column":7}},{"start":{},"end":{}}],"line":145},"13":{"loc":{"start":{"line":147,"column":24},"end":{"line":147,"column":64}},"type":"binary-expr","locations":[{"start":{"line":147,"column":24},"end":{"line":147,"column":37}},{"start":{"line":147,"column":41},"end":{"line":147,"column":64}}],"line":147},"14":{"loc":{"start":{"line":153,"column":6},"end":{"line":158,"column":7}},"type":"if","locations":[{"start":{"line":153,"column":6},"end":{"line":158,"column":7}},{"start":{},"end":{}}],"line":153},"15":{"loc":{"start":{"line":154,"column":8},"end":{"line":156,"column":9}},"type":"if","locations":[{"start":{"line":154,"column":8},"end":{"line":156,"column":9}},{"start":{},"end":{}}],"line":154},"16":{"loc":{"start":{"line":183,"column":6},"end":{"line":186,"column":7}},"type":"if","locations":[{"start":{"line":183,"column":6},"end":{"line":186,"column":7}},{"start":{},"end":{}}],"line":183},"17":{"loc":{"start":{"line":185,"column":24},"end":{"line":185,"column":67}},"type":"binary-expr","locations":[{"start":{"line":185,"column":24},"end":{"line":185,"column":37}},{"start":{"line":185,"column":41},"end":{"line":185,"column":67}}],"line":185},"18":{"loc":{"start":{"line":191,"column":6},"end":{"line":196,"column":7}},"type":"if","locations":[{"start":{"line":191,"column":6},"end":{"line":196,"column":7}},{"start":{},"end":{}}],"line":191},"19":{"loc":{"start":{"line":192,"column":8},"end":{"line":194,"column":9}},"type":"if","locations":[{"start":{"line":192,"column":8},"end":{"line":194,"column":9}},{"start":{},"end":{}}],"line":192}},"s":{"0":2,"1":2,"2":500,"3":500,"4":500,"5":0,"6":500,"7":400,"8":400,"9":400,"10":300,"11":0,"12":0,"13":500,"14":500,"15":100,"16":400,"17":0,"18":0,"19":0,"20":0,"21":0,"22":0,"23":0,"24":0,"25":0,"26":0,"27":0,"28":0,"29":0,"30":0,"31":0,"32":0,"33":0,"34":0,"35":0,"36":0,"37":0,"38":0,"39":0,"40":0,"41":0,"42":0,"43":0,"44":0,"45":0,"46":0,"47":0,"48":0,"49":0,"50":0,"51":0,"52":0,"53":0,"54":0,"55":0,"56":0,"57":0,"58":0,"59":0,"60":0,"61":0,"62":0,"63":0,"64":0,"65":0,"66":0,"67":0,"68":0,"69":0,"70":0,"71":0,"72":0,"73":0,"74":0,"75":0,"76":0,"77":0,"78":0,"79":0,"80":2},"f":{"0":2,"1":500,"2":0,"3":0,"4":0,"5":0,"6":0,"7":0,"8":0,"9":0,"10":0},"b":{"0":[400,0],"1":[300,0],"2":[500,0],"3":[100,400],"4":[0,0],"5":[0,0],"6":[0,0],"7":[0,0],"8":[0,0],"9":[0,0],"10":[0,0],"11":[0,0],"12":[0,0],"13":[0,0],"14":[0,0],"15":[0,0],"16":[0,0],"17":[0,0],"18":[0,0],"19":[0,0]},"_coverageSchema":"1a1c01bbd47fc00a2c39e90264f33305004495a9","hash":"89637a3d84b98bec13f5f6ccd9ed024a9d015850"}
,"C:\\Users\\PCPV\\source\\repos\\rental-management-app\\src\\features\\auth\\services\\biometricAuth.ts": {"path":"C:\\Users\\PCPV\\source\\repos\\rental-management-app\\src\\features\\auth\\services\\biometricAuth.ts","statementMap":{"0":{"start":{"line":15,"column":4},"end":{"line":22,"column":5}},"1":{"start":{"line":16,"column":26},"end":{"line":16,"column":70}},"2":{"start":{"line":17,"column":25},"end":{"line":17,"column":68}},"3":{"start":{"line":18,"column":6},"end":{"line":18,"column":39}},"4":{"start":{"line":20,"column":6},"end":{"line":20,"column":69}},"5":{"start":{"line":21,"column":6},"end":{"line":21,"column":19}},"6":{"start":{"line":29,"column":4},"end":{"line":34,"column":5}},"7":{"start":{"line":30,"column":6},"end":{"line":30,"column":75}},"8":{"start":{"line":32,"column":6},"end":{"line":32,"column":71}},"9":{"start":{"line":33,"column":6},"end":{"line":33,"column":16}},"10":{"start":{"line":41,"column":4},"end":{"line":61,"column":5}},"11":{"start":{"line":42,"column":21},"end":{"line":46,"column":8}},"12":{"start":{"line":48,"column":6},"end":{"line":55,"column":7}},"13":{"start":{"line":49,"column":8},"end":{"line":49,"column":33}},"14":{"start":{"line":51,"column":8},"end":{"line":54,"column":10}},"15":{"start":{"line":57,"column":6},"end":{"line":60,"column":8}},"16":{"start":{"line":68,"column":4},"end":{"line":74,"column":5}},"17":{"start":{"line":69,"column":22},"end":{"line":69,"column":81}},"18":{"start":{"line":70,"column":6},"end":{"line":70,"column":32}},"19":{"start":{"line":72,"column":6},"end":{"line":72,"column":71}},"20":{"start":{"line":73,"column":6},"end":{"line":73,"column":19}},"21":{"start":{"line":81,"column":4},"end":{"line":86,"column":5}},"22":{"start":{"line":82,"column":6},"end":{"line":82,"column":74}},"23":{"start":{"line":84,"column":6},"end":{"line":84,"column":71}},"24":{"start":{"line":85,"column":6},"end":{"line":85,"column":18}},"25":{"start":{"line":93,"column":4},"end":{"line":98,"column":5}},"26":{"start":{"line":94,"column":6},"end":{"line":94,"column":75}},"27":{"start":{"line":96,"column":6},"end":{"line":96,"column":72}},"28":{"start":{"line":97,"column":6},"end":{"line":97,"column":18}},"29":{"start":{"line":105,"column":4},"end":{"line":114,"column":5}},"30":{"start":{"line":107,"column":8},"end":{"line":107,"column":29}},"31":{"start":{"line":109,"column":8},"end":{"line":109,"column":34}},"32":{"start":{"line":111,"column":8},"end":{"line":111,"column":22}},"33":{"start":{"line":113,"column":8},"end":{"line":113,"column":27}},"34":{"start":{"line":118,"column":29},"end":{"line":118,"column":55}}},"fnMap":{"0":{"name":"(anonymous_0)","decl":{"start":{"line":14,"column":2},"end":{"line":14,"column":3}},"loc":{"start":{"line":14,"column":40},"end":{"line":23,"column":3}},"line":14},"1":{"name":"(anonymous_1)","decl":{"start":{"line":28,"column":2},"end":{"line":28,"column":3}},"loc":{"start":{"line":28,"column":79},"end":{"line":35,"column":3}},"line":28},"2":{"name":"(anonymous_2)","decl":{"start":{"line":40,"column":2},"end":{"line":40,"column":3}},"loc":{"start":{"line":40,"column":75},"end":{"line":62,"column":3}},"line":40},"3":{"name":"(anonymous_3)","decl":{"start":{"line":67,"column":2},"end":{"line":67,"column":3}},"loc":{"start":{"line":67,"column":38},"end":{"line":75,"column":3}},"line":67},"4":{"name":"(anonymous_4)","decl":{"start":{"line":80,"column":2},"end":{"line":80,"column":3}},"loc":{"start":{"line":80,"column":32},"end":{"line":87,"column":3}},"line":80},"5":{"name":"(anonymous_5)","decl":{"start":{"line":92,"column":2},"end":{"line":92,"column":3}},"loc":{"start":{"line":92,"column":33},"end":{"line":99,"column":3}},"line":92},"6":{"name":"(anonymous_6)","decl":{"start":{"line":104,"column":2},"end":{"line":104,"column":3}},"loc":{"start":{"line":104,"column":77},"end":{"line":115,"column":3}},"line":104}},"branchMap":{"0":{"loc":{"start":{"line":18,"column":13},"end":{"line":18,"column":38}},"type":"binary-expr","locations":[{"start":{"line":18,"column":13},"end":{"line":18,"column":24}},{"start":{"line":18,"column":28},"end":{"line":18,"column":38}}],"line":18},"1":{"loc":{"start":{"line":43,"column":23},"end":{"line":43,"column":66}},"type":"binary-expr","locations":[{"start":{"line":43,"column":23},"end":{"line":43,"column":36}},{"start":{"line":43,"column":40},"end":{"line":43,"column":66}}],"line":43},"2":{"loc":{"start":{"line":48,"column":6},"end":{"line":55,"column":7}},"type":"if","locations":[{"start":{"line":48,"column":6},"end":{"line":55,"column":7}},{"start":{"line":50,"column":13},"end":{"line":55,"column":7}}],"line":48},"3":{"loc":{"start":{"line":53,"column":17},"end":{"line":53,"column":56}},"type":"binary-expr","locations":[{"start":{"line":53,"column":17},"end":{"line":53,"column":29}},{"start":{"line":53,"column":33},"end":{"line":53,"column":56}}],"line":53},"4":{"loc":{"start":{"line":59,"column":15},"end":{"line":59,"column":78}},"type":"cond-expr","locations":[{"start":{"line":59,"column":40},"end":{"line":59,"column":53}},{"start":{"line":59,"column":56},"end":{"line":59,"column":78}}],"line":59},"5":{"loc":{"start":{"line":105,"column":4},"end":{"line":114,"column":5}},"type":"switch","locations":[{"start":{"line":106,"column":6},"end":{"line":107,"column":29}},{"start":{"line":108,"column":6},"end":{"line":109,"column":34}},{"start":{"line":110,"column":6},"end":{"line":111,"column":22}},{"start":{"line":112,"column":6},"end":{"line":113,"column":27}}],"line":105}},"s":{"0":0,"1":0,"2":0,"3":0,"4":0,"5":0,"6":0,"7":0,"8":0,"9":0,"10":0,"11":0,"12":0,"13":0,"14":0,"15":0,"16":0,"17":0,"18":0,"19":0,"20":0,"21":0,"22":0,"23":0,"24":0,"25":0,"26":0,"27":0,"28":0,"29":0,"30":0,"31":0,"32":0,"33":0,"34":1},"f":{"0":0,"1":0,"2":0,"3":0,"4":0,"5":0,"6":0},"b":{"0":[0,0],"1":[0,0],"2":[0,0],"3":[0,0],"4":[0,0],"5":[0,0,0,0]},"_coverageSchema":"1a1c01bbd47fc00a2c39e90264f33305004495a9","hash":"70053ae4c947c78b694d383c3fdedd9316d14308"}
,"C:\\Users\\PCPV\\source\\repos\\rental-management-app\\src\\features\\auth\\services\\tokenManager.ts": {"path":"C:\\Users\\PCPV\\source\\repos\\rental-management-app\\src\\features\\auth\\services\\tokenManager.ts","statementMap":{"0":{"start":{"line":11,"column":48},"end":{"line":11,"column":52}},"1":{"start":{"line":12,"column":51},"end":{"line":12,"column":55}},"2":{"start":{"line":13,"column":40},"end":{"line":13,"column":54}},"3":{"start":{"line":14,"column":42},"end":{"line":14,"column":55}},"4":{"start":{"line":20,"column":4},"end":{"line":33,"column":5}},"5":{"start":{"line":21,"column":24},"end":{"line":21,"column":43}},"6":{"start":{"line":22,"column":21},"end":{"line":22,"column":68}},"7":{"start":{"line":23,"column":26},"end":{"line":28,"column":7}},"8":{"start":{"line":26,"column":22},"end":{"line":26,"column":75}},"9":{"start":{"line":29,"column":6},"end":{"line":29,"column":37}},"10":{"start":{"line":31,"column":6},"end":{"line":31,"column":52}},"11":{"start":{"line":32,"column":6},"end":{"line":32,"column":18}},"12":{"start":{"line":40,"column":20},"end":{"line":40,"column":43}},"13":{"start":{"line":41,"column":4},"end":{"line":43,"column":5}},"14":{"start":{"line":42,"column":6},"end":{"line":42,"column":18}},"15":{"start":{"line":45,"column":24},"end":{"line":45,"column":41}},"16":{"start":{"line":46,"column":4},"end":{"line":46,"column":37}},"17":{"start":{"line":53,"column":20},"end":{"line":53,"column":43}},"18":{"start":{"line":54,"column":4},"end":{"line":56,"column":5}},"19":{"start":{"line":55,"column":6},"end":{"line":55,"column":15}},"20":{"start":{"line":58,"column":24},"end":{"line":58,"column":41}},"21":{"start":{"line":59,"column":28},"end":{"line":59,"column":62}},"22":{"start":{"line":60,"column":4},"end":{"line":60,"column":40}},"23":{"start":{"line":68,"column":4},"end":{"line":70,"column":5}},"24":{"start":{"line":69,"column":6},"end":{"line":69,"column":38}},"25":{"start":{"line":72,"column":28},"end":{"line":72,"column":64}},"26":{"start":{"line":73,"column":24},"end":{"line":73,"column":80}},"27":{"start":{"line":75,"column":4},"end":{"line":82,"column":5}},"28":{"start":{"line":76,"column":6},"end":{"line":78,"column":22}},"29":{"start":{"line":77,"column":8},"end":{"line":77,"column":34}},"30":{"start":{"line":81,"column":6},"end":{"line":81,"column":32}},"31":{"start":{"line":89,"column":4},"end":{"line":120,"column":5}},"32":{"start":{"line":90,"column":27},"end":{"line":90,"column":82}},"33":{"start":{"line":92,"column":6},"end":{"line":96,"column":7}},"34":{"start":{"line":93,"column":8},"end":{"line":93,"column":51}},"35":{"start":{"line":94,"column":8},"end":{"line":94,"column":43}},"36":{"start":{"line":95,"column":8},"end":{"line":95,"column":15}},"37":{"start":{"line":99,"column":6},"end":{"line":103,"column":7}},"38":{"start":{"line":100,"column":8},"end":{"line":100,"column":46}},"39":{"start":{"line":101,"column":8},"end":{"line":101,"column":43}},"40":{"start":{"line":102,"column":8},"end":{"line":102,"column":15}},"41":{"start":{"line":106,"column":21},"end":{"line":106,"column":61}},"42":{"start":{"line":109,"column":6},"end":{"line":109,"column":79}},"43":{"start":{"line":110,"column":6},"end":{"line":110,"column":83}},"44":{"start":{"line":113,"column":6},"end":{"line":113,"column":48}},"45":{"start":{"line":116,"column":6},"end":{"line":116,"column":52}},"46":{"start":{"line":118,"column":6},"end":{"line":118,"column":55}},"47":{"start":{"line":119,"column":6},"end":{"line":119,"column":41}},"48":{"start":{"line":127,"column":4},"end":{"line":127,"column":51}},"49":{"start":{"line":128,"column":4},"end":{"line":128,"column":43}},"50":{"start":{"line":135,"column":4},"end":{"line":135,"column":32}},"51":{"start":{"line":142,"column":4},"end":{"line":144,"column":5}},"52":{"start":{"line":143,"column":6},"end":{"line":143,"column":41}},"53":{"start":{"line":146,"column":4},"end":{"line":149,"column":32}},"54":{"start":{"line":147,"column":6},"end":{"line":147,"column":63}},"55":{"start":{"line":148,"column":6},"end":{"line":148,"column":35}},"56":{"start":{"line":156,"column":4},"end":{"line":159,"column":5}},"57":{"start":{"line":157,"column":6},"end":{"line":157,"column":41}},"58":{"start":{"line":158,"column":6},"end":{"line":158,"column":34}},"59":{"start":{"line":166,"column":4},"end":{"line":169,"column":5}},"60":{"start":{"line":167,"column":6},"end":{"line":167,"column":38}},"61":{"start":{"line":168,"column":6},"end":{"line":168,"column":31}},"62":{"start":{"line":170,"column":4},"end":{"line":170,"column":31}},"63":{"start":{"line":177,"column":24},"end":{"line":177,"column":76}},"64":{"start":{"line":179,"column":4},"end":{"line":190,"column":5}},"65":{"start":{"line":181,"column":6},"end":{"line":186,"column":7}},"66":{"start":{"line":182,"column":8},"end":{"line":182,"column":40}},"67":{"start":{"line":185,"column":8},"end":{"line":185,"column":47}},"68":{"start":{"line":189,"column":6},"end":{"line":189,"column":34}},"69":{"start":{"line":194,"column":28},"end":{"line":194,"column":46}}},"fnMap":{"0":{"name":"(anonymous_0)","decl":{"start":{"line":19,"column":2},"end":{"line":19,"column":3}},"loc":{"start":{"line":19,"column":61},"end":{"line":34,"column":3}},"line":19},"1":{"name":"(anonymous_1)","decl":{"start":{"line":26,"column":15},"end":{"line":26,"column":16}},"loc":{"start":{"line":26,"column":22},"end":{"line":26,"column":75}},"line":26},"2":{"name":"(anonymous_2)","decl":{"start":{"line":39,"column":2},"end":{"line":39,"column":3}},"loc":{"start":{"line":39,"column":41},"end":{"line":47,"column":3}},"line":39},"3":{"name":"(anonymous_3)","decl":{"start":{"line":52,"column":2},"end":{"line":52,"column":3}},"loc":{"start":{"line":52,"column":44},"end":{"line":61,"column":3}},"line":52},"4":{"name":"(anonymous_4)","decl":{"start":{"line":66,"column":2},"end":{"line":66,"column":3}},"loc":{"start":{"line":66,"column":50},"end":{"line":83,"column":3}},"line":66},"5":{"name":"(anonymous_5)","decl":{"start":{"line":76,"column":37},"end":{"line":76,"column":38}},"loc":{"start":{"line":76,"column":43},"end":{"line":78,"column":7}},"line":76},"6":{"name":"(anonymous_6)","decl":{"start":{"line":88,"column":2},"end":{"line":88,"column":3}},"loc":{"start":{"line":88,"column":52},"end":{"line":121,"column":3}},"line":88},"7":{"name":"(anonymous_7)","decl":{"start":{"line":126,"column":2},"end":{"line":126,"column":3}},"loc":{"start":{"line":126,"column":55},"end":{"line":129,"column":3}},"line":126},"8":{"name":"(anonymous_8)","decl":{"start":{"line":134,"column":2},"end":{"line":134,"column":3}},"loc":{"start":{"line":134,"column":31},"end":{"line":136,"column":3}},"line":134},"9":{"name":"(anonymous_9)","decl":{"start":{"line":141,"column":2},"end":{"line":141,"column":3}},"loc":{"start":{"line":141,"column":31},"end":{"line":150,"column":3}},"line":141},"10":{"name":"(anonymous_10)","decl":{"start":{"line":146,"column":38},"end":{"line":146,"column":39}},"loc":{"start":{"line":146,"column":44},"end":{"line":149,"column":5}},"line":146},"11":{"name":"(anonymous_11)","decl":{"start":{"line":155,"column":2},"end":{"line":155,"column":3}},"loc":{"start":{"line":155,"column":30},"end":{"line":160,"column":3}},"line":155},"12":{"name":"(anonymous_12)","decl":{"start":{"line":165,"column":2},"end":{"line":165,"column":3}},"loc":{"start":{"line":165,"column":24},"end":{"line":171,"column":3}},"line":165},"13":{"name":"(anonymous_13)","decl":{"start":{"line":176,"column":2},"end":{"line":176,"column":3}},"loc":{"start":{"line":176,"column":36},"end":{"line":191,"column":3}},"line":176}},"branchMap":{"0":{"loc":{"start":{"line":41,"column":4},"end":{"line":43,"column":5}},"type":"if","locations":[{"start":{"line":41,"column":4},"end":{"line":43,"column":5}},{"start":{},"end":{}}],"line":41},"1":{"loc":{"start":{"line":41,"column":8},"end":{"line":41,"column":32}},"type":"binary-expr","locations":[{"start":{"line":41,"column":8},"end":{"line":41,"column":16}},{"start":{"line":41,"column":20},"end":{"line":41,"column":32}}],"line":41},"2":{"loc":{"start":{"line":54,"column":4},"end":{"line":56,"column":5}},"type":"if","locations":[{"start":{"line":54,"column":4},"end":{"line":56,"column":5}},{"start":{},"end":{}}],"line":54},"3":{"loc":{"start":{"line":54,"column":8},"end":{"line":54,"column":32}},"type":"binary-expr","locations":[{"start":{"line":54,"column":8},"end":{"line":54,"column":16}},{"start":{"line":54,"column":20},"end":{"line":54,"column":32}}],"line":54},"4":{"loc":{"start":{"line":68,"column":4},"end":{"line":70,"column":5}},"type":"if","locations":[{"start":{"line":68,"column":4},"end":{"line":70,"column":5}},{"start":{},"end":{}}],"line":68},"5":{"loc":{"start":{"line":75,"column":4},"end":{"line":82,"column":5}},"type":"if","locations":[{"start":{"line":75,"column":4},"end":{"line":82,"column":5}},{"start":{"line":79,"column":11},"end":{"line":82,"column":5}}],"line":75},"6":{"loc":{"start":{"line":92,"column":6},"end":{"line":96,"column":7}},"type":"if","locations":[{"start":{"line":92,"column":6},"end":{"line":96,"column":7}},{"start":{},"end":{}}],"line":92},"7":{"loc":{"start":{"line":99,"column":6},"end":{"line":103,"column":7}},"type":"if","locations":[{"start":{"line":99,"column":6},"end":{"line":103,"column":7}},{"start":{},"end":{}}],"line":99},"8":{"loc":{"start":{"line":142,"column":4},"end":{"line":144,"column":5}},"type":"if","locations":[{"start":{"line":142,"column":4},"end":{"line":144,"column":5}},{"start":{},"end":{}}],"line":142},"9":{"loc":{"start":{"line":156,"column":4},"end":{"line":159,"column":5}},"type":"if","locations":[{"start":{"line":156,"column":4},"end":{"line":159,"column":5}},{"start":{},"end":{}}],"line":156},"10":{"loc":{"start":{"line":166,"column":4},"end":{"line":169,"column":5}},"type":"if","locations":[{"start":{"line":166,"column":4},"end":{"line":169,"column":5}},{"start":{},"end":{}}],"line":166},"11":{"loc":{"start":{"line":179,"column":4},"end":{"line":190,"column":5}},"type":"if","locations":[{"start":{"line":179,"column":4},"end":{"line":190,"column":5}},{"start":{},"end":{}}],"line":179},"12":{"loc":{"start":{"line":181,"column":6},"end":{"line":186,"column":7}},"type":"if","locations":[{"start":{"line":181,"column":6},"end":{"line":186,"column":7}},{"start":{"line":183,"column":13},"end":{"line":186,"column":7}}],"line":181}},"s":{"0":0,"1":0,"2":0,"3":0,"4":0,"5":0,"6":0,"7":0,"8":0,"9":0,"10":0,"11":0,"12":0,"13":0,"14":0,"15":0,"16":0,"17":0,"18":0,"19":0,"20":0,"21":0,"22":0,"23":0,"24":0,"25":0,"26":0,"27":0,"28":0,"29":0,"30":0,"31":0,"32":0,"33":0,"34":0,"35":0,"36":0,"37":0,"38":0,"39":0,"40":0,"41":0,"42":0,"43":0,"44":0,"45":0,"46":0,"47":0,"48":0,"49":0,"50":0,"51":0,"52":0,"53":0,"54":0,"55":0,"56":0,"57":0,"58":0,"59":0,"60":0,"61":0,"62":0,"63":0,"64":0,"65":0,"66":0,"67":0,"68":0,"69":0},"f":{"0":0,"1":0,"2":0,"3":0,"4":0,"5":0,"6":0,"7":0,"8":0,"9":0,"10":0,"11":0,"12":0,"13":0},"b":{"0":[0,0],"1":[0,0],"2":[0,0],"3":[0,0],"4":[0,0],"5":[0,0],"6":[0,0],"7":[0,0],"8":[0,0],"9":[0,0],"10":[0,0],"11":[0,0],"12":[0,0]}}
,"C:\\Users\\PCPV\\source\\repos\\rental-management-app\\src\\features\\auth\\types\\index.ts": {"path":"C:\\Users\\PCPV\\source\\repos\\rental-management-app\\src\\features\\auth\\types\\index.ts","statementMap":{},"fnMap":{},"branchMap":{},"s":{},"f":{},"b":{},"_coverageSchema":"1a1c01bbd47fc00a2c39e90264f33305004495a9","hash":"b53b9e0d3b94b17c2f2c4f8aab355c38b292f8d8"}
,"C:\\Users\\PCPV\\source\\repos\\rental-management-app\\src\\features\\dashboard\\screens\\DashboardScreen.tsx": {"path":"C:\\Users\\PCPV\\source\\repos\\rental-management-app\\src\\features\\dashboard\\screens\\DashboardScreen.tsx","statementMap":{"0":{"start":{"line":13,"column":2},"end":{"line":18,"column":4}},"1":{"start":{"line":21,"column":15},"end":{"line":37,"column":2}}},"fnMap":{"0":{"name":"DashboardScreen","decl":{"start":{"line":12,"column":24},"end":{"line":12,"column":39}},"loc":{"start":{"line":12,"column":63},"end":{"line":19,"column":1}},"line":12}},"branchMap":{},"s":{"0":0,"1":1},"f":{"0":0},"b":{},"_coverageSchema":"1a1c01bbd47fc00a2c39e90264f33305004495a9","hash":"6669d005af5abc61cd5e96940db395f784c735f9"}
,"C:\\Users\\PCPV\\source\\repos\\rental-management-app\\src\\features\\payments\\index.ts": {"path":"C:\\Users\\PCPV\\source\\repos\\rental-management-app\\src\\features\\payments\\index.ts","statementMap":{},"fnMap":{},"branchMap":{},"s":{},"f":{},"b":{}}
,"C:\\Users\\PCPV\\source\\repos\\rental-management-app\\src\\features\\payments\\hooks\\usePayments.ts": {"path":"C:\\Users\\PCPV\\source\\repos\\rental-management-app\\src\\features\\payments\\hooks\\usePayments.ts","statementMap":{"0":{"start":{"line":20,"column":27},"end":{"line":30,"column":1}},"1":{"start":{"line":22,"column":15},"end":{"line":22,"column":52}},"2":{"start":{"line":23,"column":38},"end":{"line":23,"column":80}},"3":{"start":{"line":24,"column":17},"end":{"line":24,"column":56}},"4":{"start":{"line":25,"column":26},"end":{"line":25,"column":65}},"5":{"start":{"line":26,"column":35},"end":{"line":26,"column":87}},"6":{"start":{"line":27,"column":31},"end":{"line":27,"column":79}},"7":{"start":{"line":29,"column":4},"end":{"line":29,"column":79}},"8":{"start":{"line":36,"column":22},"end":{"line":36,"column":64}},"9":{"start":{"line":36,"column":46},"end":{"line":36,"column":63}},"10":{"start":{"line":37,"column":21},"end":{"line":37,"column":36}},"11":{"start":{"line":39,"column":2},"end":{"line":46,"column":5}},"12":{"start":{"line":42,"column":6},"end":{"line":42,"column":61}},"13":{"start":{"line":42,"column":24},"end":{"line":42,"column":61}},"14":{"start":{"line":43,"column":6},"end":{"line":43,"column":58}},"15":{"start":{"line":53,"column":22},"end":{"line":53,"column":64}},"16":{"start":{"line":53,"column":46},"end":{"line":53,"column":63}},"17":{"start":{"line":54,"column":21},"end":{"line":54,"column":36}},"18":{"start":{"line":56,"column":2},"end":{"line":63,"column":5}},"19":{"start":{"line":59,"column":6},"end":{"line":59,"column":61}},"20":{"start":{"line":59,"column":24},"end":{"line":59,"column":61}},"21":{"start":{"line":60,"column":6},"end":{"line":60,"column":56}},"22":{"start":{"line":70,"column":22},"end":{"line":70,"column":64}},"23":{"start":{"line":70,"column":46},"end":{"line":70,"column":63}},"24":{"start":{"line":71,"column":21},"end":{"line":71,"column":36}},"25":{"start":{"line":73,"column":2},"end":{"line":80,"column":5}},"26":{"start":{"line":76,"column":6},"end":{"line":76,"column":61}},"27":{"start":{"line":76,"column":24},"end":{"line":76,"column":61}},"28":{"start":{"line":77,"column":6},"end":{"line":77,"column":68}},"29":{"start":{"line":87,"column":22},"end":{"line":87,"column":64}},"30":{"start":{"line":87,"column":46},"end":{"line":87,"column":63}},"31":{"start":{"line":88,"column":21},"end":{"line":88,"column":36}},"32":{"start":{"line":90,"column":2},"end":{"line":97,"column":5}},"33":{"start":{"line":93,"column":6},"end":{"line":93,"column":61}},"34":{"start":{"line":93,"column":24},"end":{"line":93,"column":61}},"35":{"start":{"line":94,"column":6},"end":{"line":94,"column":63}},"36":{"start":{"line":108,"column":22},"end":{"line":108,"column":64}},"37":{"start":{"line":108,"column":46},"end":{"line":108,"column":63}},"38":{"start":{"line":109,"column":21},"end":{"line":109,"column":36}},"39":{"start":{"line":111,"column":2},"end":{"line":118,"column":5}},"40":{"start":{"line":114,"column":6},"end":{"line":114,"column":61}},"41":{"start":{"line":114,"column":24},"end":{"line":114,"column":61}},"42":{"start":{"line":115,"column":6},"end":{"line":115,"column":90}},"43":{"start":{"line":125,"column":22},"end":{"line":125,"column":38}},"44":{"start":{"line":126,"column":22},"end":{"line":126,"column":64}},"45":{"start":{"line":126,"column":46},"end":{"line":126,"column":63}},"46":{"start":{"line":127,"column":21},"end":{"line":127,"column":36}},"47":{"start":{"line":129,"column":2},"end":{"line":144,"column":5}},"48":{"start":{"line":131,"column":6},"end":{"line":131,"column":61}},"49":{"start":{"line":131,"column":24},"end":{"line":131,"column":61}},"50":{"start":{"line":132,"column":6},"end":{"line":132,"column":57}},"51":{"start":{"line":136,"column":6},"end":{"line":136,"column":71}},"52":{"start":{"line":138,"column":6},"end":{"line":138,"column":90}},"53":{"start":{"line":140,"column":6},"end":{"line":142,"column":9}},"54":{"start":{"line":151,"column":22},"end":{"line":151,"column":38}},"55":{"start":{"line":152,"column":22},"end":{"line":152,"column":64}},"56":{"start":{"line":152,"column":46},"end":{"line":152,"column":63}},"57":{"start":{"line":153,"column":21},"end":{"line":153,"column":36}},"58":{"start":{"line":155,"column":2},"end":{"line":176,"column":5}},"59":{"start":{"line":157,"column":6},"end":{"line":157,"column":61}},"60":{"start":{"line":157,"column":24},"end":{"line":157,"column":61}},"61":{"start":{"line":158,"column":6},"end":{"line":158,"column":58}},"62":{"start":{"line":162,"column":6},"end":{"line":162,"column":86}},"63":{"start":{"line":164,"column":6},"end":{"line":164,"column":71}},"64":{"start":{"line":166,"column":6},"end":{"line":168,"column":9}},"65":{"start":{"line":170,"column":6},"end":{"line":170,"column":94}},"66":{"start":{"line":172,"column":6},"end":{"line":174,"column":9}},"67":{"start":{"line":183,"column":22},"end":{"line":183,"column":64}},"68":{"start":{"line":183,"column":46},"end":{"line":183,"column":63}},"69":{"start":{"line":184,"column":21},"end":{"line":184,"column":36}},"70":{"start":{"line":186,"column":2},"end":{"line":191,"column":5}},"71":{"start":{"line":188,"column":6},"end":{"line":188,"column":61}},"72":{"start":{"line":188,"column":24},"end":{"line":188,"column":61}},"73":{"start":{"line":189,"column":6},"end":{"line":189,"column":72}}},"fnMap":{"0":{"name":"(anonymous_0)","decl":{"start":{"line":22,"column":9},"end":{"line":22,"column":10}},"loc":{"start":{"line":22,"column":15},"end":{"line":22,"column":52}},"line":22},"1":{"name":"(anonymous_1)","decl":{"start":{"line":23,"column":8},"end":{"line":23,"column":9}},"loc":{"start":{"line":23,"column":38},"end":{"line":23,"column":80}},"line":23},"2":{"name":"(anonymous_2)","decl":{"start":{"line":24,"column":11},"end":{"line":24,"column":12}},"loc":{"start":{"line":24,"column":17},"end":{"line":24,"column":56}},"line":24},"3":{"name":"(anonymous_3)","decl":{"start":{"line":25,"column":10},"end":{"line":25,"column":11}},"loc":{"start":{"line":25,"column":26},"end":{"line":25,"column":65}},"line":25},"4":{"name":"(anonymous_4)","decl":{"start":{"line":26,"column":11},"end":{"line":26,"column":12}},"loc":{"start":{"line":26,"column":35},"end":{"line":26,"column":87}},"line":26},"5":{"name":"(anonymous_5)","decl":{"start":{"line":27,"column":11},"end":{"line":27,"column":12}},"loc":{"start":{"line":27,"column":31},"end":{"line":27,"column":79}},"line":27},"6":{"name":"(anonymous_6)","decl":{"start":{"line":28,"column":14},"end":{"line":28,"column":15}},"loc":{"start":{"line":29,"column":4},"end":{"line":29,"column":79}},"line":29},"7":{"name":"usePayments","decl":{"start":{"line":35,"column":16},"end":{"line":35,"column":27}},"loc":{"start":{"line":35,"column":54},"end":{"line":47,"column":1}},"line":35},"8":{"name":"(anonymous_8)","decl":{"start":{"line":36,"column":35},"end":{"line":36,"column":36}},"loc":{"start":{"line":36,"column":46},"end":{"line":36,"column":63}},"line":36},"9":{"name":"(anonymous_9)","decl":{"start":{"line":41,"column":13},"end":{"line":41,"column":14}},"loc":{"start":{"line":41,"column":19},"end":{"line":44,"column":5}},"line":41},"10":{"name":"usePayment","decl":{"start":{"line":52,"column":16},"end":{"line":52,"column":26}},"loc":{"start":{"line":52,"column":39},"end":{"line":64,"column":1}},"line":52},"11":{"name":"(anonymous_11)","decl":{"start":{"line":53,"column":35},"end":{"line":53,"column":36}},"loc":{"start":{"line":53,"column":46},"end":{"line":53,"column":63}},"line":53},"12":{"name":"(anonymous_12)","decl":{"start":{"line":58,"column":13},"end":{"line":58,"column":14}},"loc":{"start":{"line":58,"column":19},"end":{"line":61,"column":5}},"line":58},"13":{"name":"useOverduePayments","decl":{"start":{"line":69,"column":16},"end":{"line":69,"column":34}},"loc":{"start":{"line":69,"column":55},"end":{"line":81,"column":1}},"line":69},"14":{"name":"(anonymous_14)","decl":{"start":{"line":70,"column":35},"end":{"line":70,"column":36}},"loc":{"start":{"line":70,"column":46},"end":{"line":70,"column":63}},"line":70},"15":{"name":"(anonymous_15)","decl":{"start":{"line":75,"column":13},"end":{"line":75,"column":14}},"loc":{"start":{"line":75,"column":19},"end":{"line":78,"column":5}},"line":75},"16":{"name":"usePaymentHistory","decl":{"start":{"line":86,"column":16},"end":{"line":86,"column":33}},"loc":{"start":{"line":86,"column":50},"end":{"line":98,"column":1}},"line":86},"17":{"name":"(anonymous_17)","decl":{"start":{"line":87,"column":35},"end":{"line":87,"column":36}},"loc":{"start":{"line":87,"column":46},"end":{"line":87,"column":63}},"line":87},"18":{"name":"(anonymous_18)","decl":{"start":{"line":92,"column":13},"end":{"line":92,"column":14}},"loc":{"start":{"line":92,"column":19},"end":{"line":95,"column":5}},"line":92},"19":{"name":"usePaymentStatistics","decl":{"start":{"line":103,"column":16},"end":{"line":103,"column":36}},"loc":{"start":{"line":107,"column":2},"end":{"line":119,"column":1}},"line":107},"20":{"name":"(anonymous_20)","decl":{"start":{"line":108,"column":35},"end":{"line":108,"column":36}},"loc":{"start":{"line":108,"column":46},"end":{"line":108,"column":63}},"line":108},"21":{"name":"(anonymous_21)","decl":{"start":{"line":113,"column":13},"end":{"line":113,"column":14}},"loc":{"start":{"line":113,"column":19},"end":{"line":116,"column":5}},"line":113},"22":{"name":"useCreatePayment","decl":{"start":{"line":124,"column":16},"end":{"line":124,"column":32}},"loc":{"start":{"line":124,"column":35},"end":{"line":145,"column":1}},"line":124},"23":{"name":"(anonymous_23)","decl":{"start":{"line":126,"column":35},"end":{"line":126,"column":36}},"loc":{"start":{"line":126,"column":46},"end":{"line":126,"column":63}},"line":126},"24":{"name":"(anonymous_24)","decl":{"start":{"line":130,"column":16},"end":{"line":130,"column":17}},"loc":{"start":{"line":130,"column":44},"end":{"line":133,"column":5}},"line":130},"25":{"name":"(anonymous_25)","decl":{"start":{"line":134,"column":15},"end":{"line":134,"column":16}},"loc":{"start":{"line":134,"column":31},"end":{"line":143,"column":5}},"line":134},"26":{"name":"useMarkPaymentAsPaid","decl":{"start":{"line":150,"column":16},"end":{"line":150,"column":36}},"loc":{"start":{"line":150,"column":39},"end":{"line":177,"column":1}},"line":150},"27":{"name":"(anonymous_27)","decl":{"start":{"line":152,"column":35},"end":{"line":152,"column":36}},"loc":{"start":{"line":152,"column":46},"end":{"line":152,"column":63}},"line":152},"28":{"name":"(anonymous_28)","decl":{"start":{"line":156,"column":16},"end":{"line":156,"column":17}},"loc":{"start":{"line":156,"column":69},"end":{"line":159,"column":5}},"line":156},"29":{"name":"(anonymous_29)","decl":{"start":{"line":160,"column":15},"end":{"line":160,"column":16}},"loc":{"start":{"line":160,"column":35},"end":{"line":175,"column":5}},"line":160},"30":{"name":"useCalculateFees","decl":{"start":{"line":182,"column":16},"end":{"line":182,"column":32}},"loc":{"start":{"line":182,"column":35},"end":{"line":192,"column":1}},"line":182},"31":{"name":"(anonymous_31)","decl":{"start":{"line":183,"column":35},"end":{"line":183,"column":36}},"loc":{"start":{"line":183,"column":46},"end":{"line":183,"column":63}},"line":183},"32":{"name":"(anonymous_32)","decl":{"start":{"line":187,"column":16},"end":{"line":187,"column":17}},"loc":{"start":{"line":187,"column":94},"end":{"line":190,"column":5}},"line":187}},"branchMap":{"0":{"loc":{"start":{"line":42,"column":6},"end":{"line":42,"column":61}},"type":"if","locations":[{"start":{"line":42,"column":6},"end":{"line":42,"column":61}},{"start":{},"end":{}}],"line":42},"1":{"loc":{"start":{"line":59,"column":6},"end":{"line":59,"column":61}},"type":"if","locations":[{"start":{"line":59,"column":6},"end":{"line":59,"column":61}},{"start":{},"end":{}}],"line":59},"2":{"loc":{"start":{"line":62,"column":13},"end":{"line":62,"column":34}},"type":"binary-expr","locations":[{"start":{"line":62,"column":13},"end":{"line":62,"column":26}},{"start":{"line":62,"column":30},"end":{"line":62,"column":34}}],"line":62},"3":{"loc":{"start":{"line":76,"column":6},"end":{"line":76,"column":61}},"type":"if","locations":[{"start":{"line":76,"column":6},"end":{"line":76,"column":61}},{"start":{},"end":{}}],"line":76},"4":{"loc":{"start":{"line":79,"column":13},"end":{"line":79,"column":42}},"type":"binary-expr","locations":[{"start":{"line":79,"column":13},"end":{"line":79,"column":26}},{"start":{"line":79,"column":30},"end":{"line":79,"column":42}}],"line":79},"5":{"loc":{"start":{"line":93,"column":6},"end":{"line":93,"column":61}},"type":"if","locations":[{"start":{"line":93,"column":6},"end":{"line":93,"column":61}},{"start":{},"end":{}}],"line":93},"6":{"loc":{"start":{"line":96,"column":13},"end":{"line":96,"column":38}},"type":"binary-expr","locations":[{"start":{"line":96,"column":13},"end":{"line":96,"column":26}},{"start":{"line":96,"column":30},"end":{"line":96,"column":38}}],"line":96},"7":{"loc":{"start":{"line":114,"column":6},"end":{"line":114,"column":61}},"type":"if","locations":[{"start":{"line":114,"column":6},"end":{"line":114,"column":61}},{"start":{},"end":{}}],"line":114},"8":{"loc":{"start":{"line":117,"column":13},"end":{"line":117,"column":42}},"type":"binary-expr","locations":[{"start":{"line":117,"column":13},"end":{"line":117,"column":26}},{"start":{"line":117,"column":30},"end":{"line":117,"column":42}}],"line":117},"9":{"loc":{"start":{"line":131,"column":6},"end":{"line":131,"column":61}},"type":"if","locations":[{"start":{"line":131,"column":6},"end":{"line":131,"column":61}},{"start":{},"end":{}}],"line":131},"10":{"loc":{"start":{"line":157,"column":6},"end":{"line":157,"column":61}},"type":"if","locations":[{"start":{"line":157,"column":6},"end":{"line":157,"column":61}},{"start":{},"end":{}}],"line":157},"11":{"loc":{"start":{"line":188,"column":6},"end":{"line":188,"column":61}},"type":"if","locations":[{"start":{"line":188,"column":6},"end":{"line":188,"column":61}},{"start":{},"end":{}}],"line":188}},"s":{"0":0,"1":0,"2":0,"3":0,"4":0,"5":0,"6":0,"7":0,"8":0,"9":0,"10":0,"11":0,"12":0,"13":0,"14":0,"15":0,"16":0,"17":0,"18":0,"19":0,"20":0,"21":0,"22":0,"23":0,"24":0,"25":0,"26":0,"27":0,"28":0,"29":0,"30":0,"31":0,"32":0,"33":0,"34":0,"35":0,"36":0,"37":0,"38":0,"39":0,"40":0,"41":0,"42":0,"43":0,"44":0,"45":0,"46":0,"47":0,"48":0,"49":0,"50":0,"51":0,"52":0,"53":0,"54":0,"55":0,"56":0,"57":0,"58":0,"59":0,"60":0,"61":0,"62":0,"63":0,"64":0,"65":0,"66":0,"67":0,"68":0,"69":0,"70":0,"71":0,"72":0,"73":0},"f":{"0":0,"1":0,"2":0,"3":0,"4":0,"5":0,"6":0,"7":0,"8":0,"9":0,"10":0,"11":0,"12":0,"13":0,"14":0,"15":0,"16":0,"17":0,"18":0,"19":0,"20":0,"21":0,"22":0,"23":0,"24":0,"25":0,"26":0,"27":0,"28":0,"29":0,"30":0,"31":0,"32":0},"b":{"0":[0,0],"1":[0,0],"2":[0,0],"3":[0,0],"4":[0,0],"5":[0,0],"6":[0,0],"7":[0,0],"8":[0,0],"9":[0,0],"10":[0,0],"11":[0,0]}}
,"C:\\Users\\PCPV\\source\\repos\\rental-management-app\\src\\features\\payments\\screens\\PaymentHistoryScreen.tsx": {"path":"C:\\Users\\PCPV\\source\\repos\\rental-management-app\\src\\features\\payments\\screens\\PaymentHistoryScreen.tsx","statementMap":{"0":{"start":{"line":22,"column":33},"end":{"line":22,"column":45}},"1":{"start":{"line":23,"column":40},"end":{"line":23,"column":52}},"2":{"start":{"line":24,"column":42},"end":{"line":24,"column":90}},"3":{"start":{"line":32,"column":6},"end":{"line":32,"column":31}},"4":{"start":{"line":34,"column":31},"end":{"line":34,"column":63}},"5":{"start":{"line":37,"column":27},"end":{"line":52,"column":4}},"6":{"start":{"line":39,"column":4},"end":{"line":41,"column":5}},"7":{"start":{"line":40,"column":6},"end":{"line":40,"column":19}},"8":{"start":{"line":44,"column":4},"end":{"line":49,"column":5}},"9":{"start":{"line":45,"column":20},"end":{"line":45,"column":45}},"10":{"start":{"line":46,"column":24},"end":{"line":46,"column":72}},"11":{"start":{"line":47,"column":21},"end":{"line":47,"column":51}},"12":{"start":{"line":48,"column":6},"end":{"line":48,"column":65}},"13":{"start":{"line":51,"column":4},"end":{"line":51,"column":16}},"14":{"start":{"line":54,"column":25},"end":{"line":67,"column":3}},"15":{"start":{"line":55,"column":4},"end":{"line":66,"column":5}},"16":{"start":{"line":57,"column":8},"end":{"line":57,"column":25}},"17":{"start":{"line":59,"column":8},"end":{"line":59,"column":25}},"18":{"start":{"line":61,"column":8},"end":{"line":61,"column":25}},"19":{"start":{"line":63,"column":8},"end":{"line":63,"column":25}},"20":{"start":{"line":65,"column":8},"end":{"line":65,"column":25}},"21":{"start":{"line":69,"column":25},"end":{"line":82,"column":3}},"22":{"start":{"line":70,"column":4},"end":{"line":81,"column":5}},"23":{"start":{"line":72,"column":8},"end":{"line":72,"column":22}},"24":{"start":{"line":74,"column":8},"end":{"line":74,"column":25}},"25":{"start":{"line":76,"column":8},"end":{"line":76,"column":24}},"26":{"start":{"line":78,"column":8},"end":{"line":78,"column":25}},"27":{"start":{"line":80,"column":8},"end":{"line":80,"column":22}},"28":{"start":{"line":84,"column":28},"end":{"line":169,"column":3}},"29":{"start":{"line":85,"column":4},"end":{"line":168,"column":11}},"30":{"start":{"line":85,"column":45},"end":{"line":85,"column":100}},"31":{"start":{"line":171,"column":2},"end":{"line":180,"column":3}},"32":{"start":{"line":172,"column":4},"end":{"line":179,"column":6}},"33":{"start":{"line":182,"column":2},"end":{"line":193,"column":3}},"34":{"start":{"line":183,"column":4},"end":{"line":192,"column":6}},"35":{"start":{"line":188,"column":48},"end":{"line":188,"column":57}},"36":{"start":{"line":195,"column":2},"end":{"line":290,"column":4}},"37":{"start":{"line":243,"column":27},"end":{"line":243,"column":49}},"38":{"start":{"line":250,"column":27},"end":{"line":250,"column":50}},"39":{"start":{"line":257,"column":27},"end":{"line":257,"column":52}},"40":{"start":{"line":264,"column":27},"end":{"line":264,"column":53}},"41":{"start":{"line":276,"column":32},"end":{"line":276,"column":39}},"42":{"start":{"line":293,"column":15},"end":{"line":399,"column":2}}},"fnMap":{"0":{"name":"PaymentHistoryScreen","decl":{"start":{"line":21,"column":24},"end":{"line":21,"column":44}},"loc":{"start":{"line":21,"column":75},"end":{"line":291,"column":1}},"line":21},"1":{"name":"(anonymous_1)","decl":{"start":{"line":37,"column":44},"end":{"line":37,"column":45}},"loc":{"start":{"line":37,"column":57},"end":{"line":52,"column":3}},"line":37},"2":{"name":"(anonymous_2)","decl":{"start":{"line":54,"column":25},"end":{"line":54,"column":26}},"loc":{"start":{"line":54,"column":62},"end":{"line":67,"column":3}},"line":54},"3":{"name":"(anonymous_3)","decl":{"start":{"line":69,"column":25},"end":{"line":69,"column":26}},"loc":{"start":{"line":69,"column":62},"end":{"line":82,"column":3}},"line":69},"4":{"name":"(anonymous_4)","decl":{"start":{"line":84,"column":28},"end":{"line":84,"column":29}},"loc":{"start":{"line":85,"column":4},"end":{"line":168,"column":11}},"line":85},"5":{"name":"(anonymous_5)","decl":{"start":{"line":85,"column":39},"end":{"line":85,"column":40}},"loc":{"start":{"line":85,"column":45},"end":{"line":85,"column":100}},"line":85},"6":{"name":"(anonymous_6)","decl":{"start":{"line":188,"column":42},"end":{"line":188,"column":43}},"loc":{"start":{"line":188,"column":48},"end":{"line":188,"column":57}},"line":188},"7":{"name":"(anonymous_7)","decl":{"start":{"line":243,"column":21},"end":{"line":243,"column":22}},"loc":{"start":{"line":243,"column":27},"end":{"line":243,"column":49}},"line":243},"8":{"name":"(anonymous_8)","decl":{"start":{"line":250,"column":21},"end":{"line":250,"column":22}},"loc":{"start":{"line":250,"column":27},"end":{"line":250,"column":50}},"line":250},"9":{"name":"(anonymous_9)","decl":{"start":{"line":257,"column":21},"end":{"line":257,"column":22}},"loc":{"start":{"line":257,"column":27},"end":{"line":257,"column":52}},"line":257},"10":{"name":"(anonymous_10)","decl":{"start":{"line":264,"column":21},"end":{"line":264,"column":22}},"loc":{"start":{"line":264,"column":27},"end":{"line":264,"column":53}},"line":264},"11":{"name":"(anonymous_11)","decl":{"start":{"line":276,"column":22},"end":{"line":276,"column":23}},"loc":{"start":{"line":276,"column":32},"end":{"line":276,"column":39}},"line":276}},"branchMap":{"0":{"loc":{"start":{"line":39,"column":4},"end":{"line":41,"column":5}},"type":"if","locations":[{"start":{"line":39,"column":4},"end":{"line":41,"column":5}},{"start":{},"end":{}}],"line":39},"1":{"loc":{"start":{"line":39,"column":8},"end":{"line":39,"column":65}},"type":"binary-expr","locations":[{"start":{"line":39,"column":8},"end":{"line":39,"column":30}},{"start":{"line":39,"column":34},"end":{"line":39,"column":65}}],"line":39},"2":{"loc":{"start":{"line":44,"column":4},"end":{"line":49,"column":5}},"type":"if","locations":[{"start":{"line":44,"column":4},"end":{"line":49,"column":5}},{"start":{},"end":{}}],"line":44},"3":{"loc":{"start":{"line":48,"column":13},"end":{"line":48,"column":64}},"type":"binary-expr","locations":[{"start":{"line":48,"column":13},"end":{"line":48,"column":38}},{"start":{"line":48,"column":42},"end":{"line":48,"column":64}}],"line":48},"4":{"loc":{"start":{"line":55,"column":4},"end":{"line":66,"column":5}},"type":"switch","locations":[{"start":{"line":56,"column":6},"end":{"line":57,"column":25}},{"start":{"line":58,"column":6},"end":{"line":59,"column":25}},{"start":{"line":60,"column":6},"end":{"line":61,"column":25}},{"start":{"line":62,"column":6},"end":{"line":63,"column":25}},{"start":{"line":64,"column":6},"end":{"line":65,"column":25}}],"line":55},"5":{"loc":{"start":{"line":70,"column":4},"end":{"line":81,"column":5}},"type":"switch","locations":[{"start":{"line":71,"column":6},"end":{"line":72,"column":22}},{"start":{"line":73,"column":6},"end":{"line":74,"column":25}},{"start":{"line":75,"column":6},"end":{"line":76,"column":24}},{"start":{"line":77,"column":6},"end":{"line":78,"column":25}},{"start":{"line":79,"column":6},"end":{"line":80,"column":22}}],"line":70},"6":{"loc":{"start":{"line":110,"column":11},"end":{"line":119,"column":11}},"type":"binary-expr","locations":[{"start":{"line":110,"column":11},"end":{"line":110,"column":30}},{"start":{"line":111,"column":12},"end":{"line":118,"column":19}}],"line":110},"7":{"loc":{"start":{"line":121,"column":11},"end":{"line":130,"column":11}},"type":"binary-expr","locations":[{"start":{"line":121,"column":11},"end":{"line":121,"column":36}},{"start":{"line":122,"column":12},"end":{"line":129,"column":19}}],"line":121},"8":{"loc":{"start":{"line":141,"column":11},"end":{"line":150,"column":11}},"type":"binary-expr","locations":[{"start":{"line":141,"column":11},"end":{"line":141,"column":24}},{"start":{"line":142,"column":12},"end":{"line":149,"column":19}}],"line":141},"9":{"loc":{"start":{"line":152,"column":11},"end":{"line":165,"column":11}},"type":"binary-expr","locations":[{"start":{"line":152,"column":11},"end":{"line":152,"column":29}},{"start":{"line":153,"column":12},"end":{"line":164,"column":19}}],"line":152},"10":{"loc":{"start":{"line":158,"column":17},"end":{"line":162,"column":30}},"type":"cond-expr","locations":[{"start":{"line":159,"column":20},"end":{"line":159,"column":26}},{"start":{"line":160,"column":20},"end":{"line":162,"column":30}}],"line":158},"11":{"loc":{"start":{"line":160,"column":20},"end":{"line":162,"column":30}},"type":"cond-expr","locations":[{"start":{"line":161,"column":20},"end":{"line":161,"column":35}},{"start":{"line":162,"column":20},"end":{"line":162,"column":30}}],"line":160},"12":{"loc":{"start":{"line":171,"column":2},"end":{"line":180,"column":3}},"type":"if","locations":[{"start":{"line":171,"column":2},"end":{"line":180,"column":3}},{"start":{},"end":{}}],"line":171},"13":{"loc":{"start":{"line":182,"column":2},"end":{"line":193,"column":3}},"type":"if","locations":[{"start":{"line":182,"column":2},"end":{"line":193,"column":3}},{"start":{},"end":{}}],"line":182},"14":{"loc":{"start":{"line":198,"column":7},"end":{"line":229,"column":7}},"type":"binary-expr","locations":[{"start":{"line":198,"column":7},"end":{"line":198,"column":17}},{"start":{"line":199,"column":8},"end":{"line":228,"column":15}}],"line":198}},"s":{"0":0,"1":0,"2":0,"3":0,"4":0,"5":0,"6":0,"7":0,"8":0,"9":0,"10":0,"11":0,"12":0,"13":0,"14":0,"15":0,"16":0,"17":0,"18":0,"19":0,"20":0,"21":0,"22":0,"23":0,"24":0,"25":0,"26":0,"27":0,"28":0,"29":0,"30":0,"31":0,"32":0,"33":0,"34":0,"35":0,"36":0,"37":0,"38":0,"39":0,"40":0,"41":0,"42":0},"f":{"0":0,"1":0,"2":0,"3":0,"4":0,"5":0,"6":0,"7":0,"8":0,"9":0,"10":0,"11":0},"b":{"0":[0,0],"1":[0,0],"2":[0,0],"3":[0,0],"4":[0,0,0,0,0],"5":[0,0,0,0,0],"6":[0,0],"7":[0,0],"8":[0,0],"9":[0,0],"10":[0,0],"11":[0,0],"12":[0,0],"13":[0,0],"14":[0,0]}}
,"C:\\Users\\PCPV\\source\\repos\\rental-management-app\\src\\features\\payments\\screens\\PaymentListScreen.tsx": {"path":"C:\\Users\\PCPV\\source\\repos\\rental-management-app\\src\\features\\payments\\screens\\PaymentListScreen.tsx","statementMap":{"0":{"start":{"line":23,"column":29},"end":{"line":23,"column":76}},"1":{"start":{"line":23,"column":51},"end":{"line":23,"column":75}},"2":{"start":{"line":24,"column":40},"end":{"line":24,"column":52}},"3":{"start":{"line":25,"column":42},"end":{"line":25,"column":90}},"4":{"start":{"line":27,"column":34},"end":{"line":30,"column":3}},"5":{"start":{"line":38,"column":6},"end":{"line":38,"column":26}},"6":{"start":{"line":41,"column":27},"end":{"line":49,"column":4}},"7":{"start":{"line":42,"column":4},"end":{"line":47,"column":5}},"8":{"start":{"line":43,"column":20},"end":{"line":43,"column":45}},"9":{"start":{"line":44,"column":24},"end":{"line":44,"column":72}},"10":{"start":{"line":45,"column":21},"end":{"line":45,"column":51}},"11":{"start":{"line":46,"column":6},"end":{"line":46,"column":65}},"12":{"start":{"line":48,"column":4},"end":{"line":48,"column":16}},"13":{"start":{"line":51,"column":25},"end":{"line":64,"column":3}},"14":{"start":{"line":52,"column":4},"end":{"line":63,"column":5}},"15":{"start":{"line":54,"column":8},"end":{"line":54,"column":25}},"16":{"start":{"line":56,"column":8},"end":{"line":56,"column":25}},"17":{"start":{"line":58,"column":8},"end":{"line":58,"column":25}},"18":{"start":{"line":60,"column":8},"end":{"line":60,"column":25}},"19":{"start":{"line":62,"column":8},"end":{"line":62,"column":25}},"20":{"start":{"line":66,"column":25},"end":{"line":79,"column":3}},"21":{"start":{"line":67,"column":4},"end":{"line":78,"column":5}},"22":{"start":{"line":69,"column":8},"end":{"line":69,"column":22}},"23":{"start":{"line":71,"column":8},"end":{"line":71,"column":25}},"24":{"start":{"line":73,"column":8},"end":{"line":73,"column":24}},"25":{"start":{"line":75,"column":8},"end":{"line":75,"column":25}},"26":{"start":{"line":77,"column":8},"end":{"line":77,"column":22}},"27":{"start":{"line":81,"column":28},"end":{"line":152,"column":3}},"28":{"start":{"line":82,"column":4},"end":{"line":151,"column":11}},"29":{"start":{"line":85,"column":8},"end":{"line":87,"column":9}},"30":{"start":{"line":86,"column":10},"end":{"line":86,"column":66}},"31":{"start":{"line":154,"column":2},"end":{"line":163,"column":3}},"32":{"start":{"line":155,"column":4},"end":{"line":162,"column":6}},"33":{"start":{"line":165,"column":2},"end":{"line":176,"column":3}},"34":{"start":{"line":166,"column":4},"end":{"line":175,"column":6}},"35":{"start":{"line":171,"column":48},"end":{"line":171,"column":57}},"36":{"start":{"line":178,"column":2},"end":{"line":249,"column":4}},"37":{"start":{"line":192,"column":27},"end":{"line":192,"column":49}},"38":{"start":{"line":199,"column":27},"end":{"line":199,"column":50}},"39":{"start":{"line":206,"column":27},"end":{"line":206,"column":52}},"40":{"start":{"line":213,"column":27},"end":{"line":213,"column":53}},"41":{"start":{"line":220,"column":27},"end":{"line":220,"column":53}},"42":{"start":{"line":232,"col
[...]
ine":161,"column":55}}],"line":161},"30":{"loc":{"start":{"line":163,"column":18},"end":{"line":163,"column":49}},"type":"binary-expr","locations":[{"start":{"line":163,"column":18},"end":{"line":163,"column":43}},{"start":{"line":163,"column":47},"end":{"line":163,"column":49}}],"line":163},"31":{"loc":{"start":{"line":164,"column":18},"end":{"line":164,"column":49}},"type":"binary-expr","locations":[{"start":{"line":164,"column":18},"end":{"line":164,"column":43}},{"start":{"line":164,"column":47},"end":{"line":164,"column":49}}],"line":164},"32":{"loc":{"start":{"line":165,"column":20},"end":{"line":165,"column":55}},"type":"binary-expr","locations":[{"start":{"line":165,"column":20},"end":{"line":165,"column":49}},{"start":{"line":165,"column":53},"end":{"line":165,"column":55}}],"line":165},"33":{"loc":{"start":{"line":167,"column":4},"end":{"line":167,"column":74}},"type":"if","locations":[{"start":{"line":167,"column":4},"end":{"line":167,"column":74}},{"start":{},"end":{}}],"line":167},"34":{"loc":{"start":{"line":167,"column":8},"end":{"line":167,"column":62}},"type":"binary-expr","locations":[{"start":{"line":167,"column":8},"end":{"line":167,"column":33}},{"start":{"line":167,"column":37},"end":{"line":167,"column":62}}],"line":167},"35":{"loc":{"start":{"line":168,"column":4},"end":{"line":168,"column":73}},"type":"if","locations":[{"start":{"line":168,"column":4},"end":{"line":168,"column":73}},{"start":{},"end":{}}],"line":168},"36":{"loc":{"start":{"line":168,"column":8},"end":{"line":168,"column":62}},"type":"binary-expr","locations":[{"start":{"line":168,"column":8},"end":{"line":168,"column":33}},{"start":{"line":168,"column":37},"end":{"line":168,"column":62}}],"line":168},"37":{"loc":{"start":{"line":170,"column":4},"end":{"line":171,"column":16}},"type":"if","locations":[{"start":{"line":170,"column":4},"end":{"line":171,"column":16}},{"start":{},"end":{}}],"line":170},"38":{"loc":{"start":{"line":170,"column":8},"end":{"line":170,"column":79}},"type":"binary-expr","locations":[{"start":{"line":170,"column":8},"end":{"line":170,"column":41}},{"start":{"line":170,"column":45},"end":{"line":170,"column":79}}],"line":170},"39":{"loc":{"start":{"line":172,"column":4},"end":{"line":173,"column":15}},"type":"if","locations":[{"start":{"line":172,"column":4},"end":{"line":173,"column":15}},{"start":{},"end":{}}],"line":172},"40":{"loc":{"start":{"line":172,"column":8},"end":{"line":172,"column":79}},"type":"binary-expr","locations":[{"start":{"line":172,"column":8},"end":{"line":172,"column":41}},{"start":{"line":172,"column":45},"end":{"line":172,"column":79}}],"line":172},"41":{"loc":{"start":{"line":175,"column":4},"end":{"line":175,"column":74}},"type":"if","locations":[{"start":{"line":175,"column":4},"end":{"line":175,"column":74}},{"start":{},"end":{}}],"line":175},"42":{"loc":{"start":{"line":175,"column":8},"end":{"line":175,"column":62}},"type":"binary-expr","locations":[{"start":{"line":175,"column":8},"end":{"line":175,"column":33}},{"start":{"line":175,"column":37},"end":{"line":175,"column":62}}],"line":175},"43":{"loc":{"start":{"line":176,"column":4},"end":{"line":176,"column":73}},"type":"if","locations":[{"start":{"line":176,"column":4},"end":{"line":176,"column":73}},{"start":{},"end":{}}],"line":176},"44":{"loc":{"start":{"line":176,"column":8},"end":{"line":176,"column":62}},"type":"binary-expr","locations":[{"start":{"line":176,"column":8},"end":{"line":176,"column":33}},{"start":{"line":176,"column":37},"end":{"line":176,"column":62}}],"line":176},"45":{"loc":{"start":{"line":178,"column":4},"end":{"line":179,"column":16}},"type":"if","locations":[{"start":{"line":178,"column":4},"end":{"line":179,"column":16}},{"start":{},"end":{}}],"line":178},"46":{"loc":{"start":{"line":178,"column":8},"end":{"line":178,"column":79}},"type":"binary-expr","locations":[{"start":{"line":178,"column":8},"end":{"line":178,"column":41}},{"start":{"line":178,"column":45},"end":{"line":178,"column":79}}],"line":178},"47":{"loc":{"start":{"line":180,"column":4},"end":{"line":181,"column":15}},"type":"if","locations":[{"start":{"line":180,"column":4},"end":{"line":181,"column":15}},{"start":{},"end":{}}],"line":180},"48":{"loc":{"start":{"line":180,"column":8},"end":{"line":180,"column":79}},"type":"binary-expr","locations":[{"start":{"line":180,"column":8},"end":{"line":180,"column":41}},{"start":{"line":180,"column":45},"end":{"line":180,"column":79}}],"line":180},"49":{"loc":{"start":{"line":183,"column":4},"end":{"line":184,"column":16}},"type":"if","locations":[{"start":{"line":183,"column":4},"end":{"line":184,"column":16}},{"start":{},"end":{}}],"line":183},"50":{"loc":{"start":{"line":183,"column":8},"end":{"line":183,"column":79}},"type":"binary-expr","locations":[{"start":{"line":183,"column":8},"end":{"line":183,"column":41}},{"start":{"line":183,"column":45},"end":{"line":183,"column":79}}],"line":183},"51":{"loc":{"start":{"line":185,"column":4},"end":{"line":186,"column":15}},"type":"if","locations":[{"start":{"line":185,"column":4},"end":{"line":186,"column":15}},{"start":{},"end":{}}],"line":185},"52":{"loc":{"start":{"line":185,"column":8},"end":{"line":185,"column":79}},"type":"binary-expr","locations":[{"start":{"line":185,"column":8},"end":{"line":185,"column":41}},{"start":{"line":185,"column":45},"end":{"line":185,"column":79}}],"line":185}},"s":{"0":8,"1":1,"2":7,"3":7,"4":1018,"5":1018,"6":1018,"7":1018,"8":6,"9":6,"10":2,"11":6,"12":6,"13":6,"14":3,"15":8,"16":6,"17":2,"18":6,"19":6,"20":1,"21":6,"22":5,"23":0,"24":5,"25":5,"26":5,"27":5,"28":1,"29":4,"30":4,"31":3,"32":4,"33":4,"34":1,"35":4,"36":2,"37":0,"38":2,"39":2,"40":2,"41":54,"42":1,"43":53,"44":53,"45":53,"46":53,"47":53,"48":2,"49":3,"50":1,"51":2,"52":2,"53":4,"54":4,"55":4,"56":4,"57":4,"58":4,"59":4,"60":0,"61":4,"62":1,"63":3,"64":0,"65":3,"66":1,"67":2,"68":0,"69":2,"70":0,"71":2,"72":0,"73":2,"74":0,"75":2,"76":0,"77":2,"78":0,"79":2},"f":{"0":8,"1":1018,"2":6,"3":6,"4":8,"5":6,"6":5,"7":2,"8":3,"9":4},"b":{"0":[1,7],"1":[8,7],"2":[1018,0],"3":[1018,0],"4":[1018,340],"5":[1018,1013,12],"6":[2,4],"7":[0,6],"8":[3,3],"9":[2,4],"10":[1,5],"11":[0,5],"12":[5,5],"13":[1,4],"14":[3,1],"15":[1,3],"16":[0],"17":[0,2],"18":[2,2],"19":[1,53],"20":[53,0],"21":[53,0],"22":[53,1],"23":[53,0],"24":[53,3,0],"25":[1,2],"26":[3,2],"27":[4,0],"28":[4,0],"29":[4,2],"30":[4,0],"31":[4,0],"32":[4,2],"33":[0,4],"34":[4,0],"35":[1,3],"36":[4,1],"37":[0,3],"38":[3,1],"39":[1,2],"40":[3,2],"41":[0,2],"42":[2,0],"43":[0,2],"44":[2,0],"45":[0,2],"46":[2,0],"47":[0,2],"48":[2,0],"49":[0,2],"50":[2,0],"51":[0,2],"52":[2,0]},"_coverageSchema":"1a1c01bbd47fc00a2c39e90264f33305004495a9","hash":"1178c30f4a3d215eb0d7bae9fc60b0efd3867daf"}
,"C:\\Users\\PCPV\\source\\repos\\rental-management-app\\src\\shared\\utils\\test-utils.tsx": {"path":"C:\\Users\\PCPV\\source\\repos\\rental-management-app\\src\\shared\\utils\\test-utils.tsx","statementMap":{"0":{"start":{"line":6,"column":30},"end":{"line":17,"column":4}},"1":{"start":{"line":7,"column":2},"end":{"line":17,"column":4}},"2":{"start":{"line":23,"column":24},"end":{"line":27,"column":1}},"3":{"start":{"line":24,"column":22},"end":{"line":24,"column":45}},"4":{"start":{"line":26,"column":2},"end":{"line":26,"column":84}},"5":{"start":{"line":29,"column":21},"end":{"line":30,"column":54}},"6":{"start":{"line":30,"column":2},"end":{"line":30,"column":54}}},"fnMap":{"0":{"name":"(anonymous_0)","decl":{"start":{"line":6,"column":30},"end":{"line":6,"column":31}},"loc":{"start":{"line":7,"column":2},"end":{"line":17,"column":4}},"line":7},"1":{"name":"(anonymous_1)","decl":{"start":{"line":23,"column":24},"end":{"line":23,"column":25}},"loc":{"start":{"line":23,"column":64},"end":{"line":27,"column":1}},"line":23},"2":{"name":"(anonymous_2)","decl":{"start":{"line":29,"column":21},"end":{"line":29,"column":22}},"loc":{"start":{"line":30,"column":2},"end":{"line":30,"column":54}},"line":30}},"branchMap":{},"s":{"0":0,"1":0,"2":0,"3":0,"4":0,"5":0,"6":0},"f":{"0":0,"1":0,"2":0},"b":{}}
,"C:\\Users\\PCPV\\source\\repos\\rental-management-app\\src\\store\\auth.store.ts": {"path":"C:\\Users\\PCPV\\source\\repos\\rental-management-app\\src\\store\\auth.store.ts","statementMap":{"0":{"start":{"line":33,"column":28},"end":{"line":174,"column":3}},"1":{"start":{"line":33,"column":61},"end":{"line":174,"column":1}},"2":{"start":{"line":44,"column":4},"end":{"line":44,"column":43}},"3":{"start":{"line":48,"column":4},"end":{"line":58,"column":5}},"4":{"start":{"line":49,"column":6},"end":{"line":52,"column":9}},"5":{"start":{"line":54,"column":6},"end":{"line":57,"column":9}},"6":{"start":{"line":62,"column":4},"end":{"line":62,"column":23}},"7":{"start":{"line":66,"column":4},"end":{"line":66,"column":19}},"8":{"start":{"line":70,"column":4},"end":{"line":70,"column":25}},"9":{"start":{"line":74,"column":4},"end":{"line":102,"column":5}},"10":{"start":{"line":75,"column":6},"end":{"line":75,"column":44}},"11":{"start":{"line":78,"column":6},"end":{"line":88,"column":7}},"12":{"start":{"line":79,"column":8},"end":{"line":79,"column":81}},"13":{"start":{"line":80,"column":8},"end":{"line":83,"column":10}},"14":{"start":{"line":84,"column":8},"end":{"line":84,"column":82}},"15":{"start":{"line":86,"column":8},"end":{"line":86,"column":74}},"16":{"start":{"line":91,"column":6},"end":{"line":97,"column":9}},"17":{"start":{"line":99,"column":27},"end":{"line":99,"column":85}},"18":{"start":{"line":100,"column":6},"end":{"line":100,"column":53}},"19":{"start":{"line":101,"column":6},"end":{"line":101,"column":18}},"20":{"start":{"line":106,"column":4},"end":{"line":127,"column":5}},"21":{"start":{"line":107,"column":6},"end":{"line":107,"column":31}},"22":{"start":{"line":110,"column":6},"end":{"line":110,"column":62}},"23":{"start":{"line":111,"column":6},"end":{"line":111,"column":65}},"24":{"start":{"line":112,"column":6},"end":{"line":112,"column":61}},"25":{"start":{"line":115,"column":6},"end":{"line":122,"column":9}},"26":{"start":{"line":124,"column":27},"end":{"line":124,"column":86}},"27":{"start":{"line":125,"column":6},"end":{"line":125,"column":53}},"28":{"start":{"line":126,"column":6},"end":{"line":126,"column":18}},"29":{"start":{"line":131,"column":21},"end":{"line":131,"column":26}},"30":{"start":{"line":132,"column":4},"end":{"line":142,"column":5}},"31":{"start":{"line":133,"column":26},"end":{"line":133,"column":46}},"32":{"start":{"line":134,"column":6},"end":{"line":134,"column":33}},"33":{"start":{"line":137,"column":6},"end":{"line":141,"column":11}},"34":{"start":{"line":140,"column":10},"end":{"line":140,"column":69}},"35":{"start":{"line":146,"column":4},"end":{"line":172,"column":5}},"36":{"start":{"line":147,"column":6},"end":{"line":147,"column":31}},"37":{"start":{"line":150,"column":52},"end":{"line":154,"column":8}},"38":{"start":{"line":156,"column":6},"end":{"line":168,"column":7}},"39":{"start":{"line":157,"column":21},"end":{"line":157,"column":49}},"40":{"start":{"line":159,"column":8},"end":{"line":165,"column":11}},"41":{"start":{"line":167,"column":8},"end":{"line":167,"column":34}},"42":{"start":{"line":170,"column":6},"end":{"line":170,"column":57}},"43":{"start":{"line":171,"column":6},"end":{"line":171,"column":32}}},"fnMap":{"0":{"name":"(anonymous_0)","decl":{"start":{"line":33,"column":46},"end":{"line":33,"column":47}},"loc":{"start":{"line":33,"column":61},"end":{"line":174,"column":1}},"line":33},"1":{"name":"(anonymous_1)","decl":{"start":{"line":43,"column":11},"end":{"line":43,"column":12}},"loc":{"start":{"line":43,"column":21},"end":{"line":45,"column":3}},"line":43},"2":{"name":"(anonymous_2)","decl":{"start":{"line":47,"column":13},"end":{"line":47,"column":14}},"loc":{"start":{"line":47,"column":25},"end":{"line":59,"column":3}},"line":47},"3":{"name":"(anonymous_3)","decl":{"start":{"line":61,"column":14},"end":{"line":61,"column":15}},"loc":{"start":{"line":61,"column":29},"end":{"line":63,"column":3}},"line":61},"4":{"name":"(anonymous_4)","decl":{"start":{"line":65,"column":12},"end":{"line":65,"column":13}},"loc":{"start":{"line":65,"column":23},"end":{"line":67,"column":3}},"line":65},"5":{"name":"(anonymous_5)","decl":{"start":{"line":69,"column":14},"end":{"line":69,"column":15}},"loc":{"start":{"line":69,"column":20},"end":{"line":71,"column":3}},"line":69},"6":{"name":"(anonymous_6)","decl":{"start":{"line":73,"column":9},"end":{"line":73,"column":10}},"loc":{"start":{"line":73,"column":33},"end":{"line":103,"column":3}},"line":73},"7":{"name":"(anonymous_7)","decl":{"start":{"line":105,"column":10},"end":{"line":105,"column":11}},"loc":{"start":{"line":105,"column":22},"end":{"line":128,"column":3}},"line":105},"8":{"name":"(anonymous_8)","decl":{"start":{"line":130,"column":17},"end":{"line":130,"column":18}},"loc":{"start":{"line":130,"column":27},"end":{"line":143,"column":3}},"line":130},"9":{"name":"(anonymous_9)","decl":{"start":{"line":139,"column":15},"end":{"line":139,"column":16}},"loc":{"start":{"line":139,"column":26},"end":{"line":141,"column":9}},"line":139},"10":{"name":"(anonymous_10)","decl":{"start":{"line":145,"column":18},"end":{"line":145,"column":19}},"loc":{"start":{"line":145,"column":30},"end":{"line":173,"column":3}},"line":145}},"branchMap":{"0":{"loc":{"start":{"line":48,"column":4},"end":{"line":58,"column":5}},"type":"if","locations":[{"start":{"line":48,"column":4},"end":{"line":58,"column":5}},{"start":{"line":53,"column":11},"end":{"line":58,"column":5}}],"line":48},"1":{"loc":{"start":{"line":99,"column":27},"end":{"line":99,"column":85}},"type":"cond-expr","locations":[{"start":{"line":99,"column":52},"end":{"line":99,"column":65}},{"start":{"line":99,"column":68},"end":{"line":99,"column":85}}],"line":99},"2":{"loc":{"start":{"line":124,"column":27},"end":{"line":124,"column":86}},"type":"cond-expr","locations":[{"start":{"line":124,"column":52},"end":{"line":124,"column":65}},{"start":{"line":124,"column":68},"end":{"line":124,"column":86}}],"line":124},"3":{"loc":{"start":{"line":132,"column":4},"end":{"line":142,"column":5}},"type":"if","locations":[{"start":{"line":132,"column":4},"end":{"line":142,"column":5}},{"start":{},"end":{}}],"line":132},"4":{"loc":{"start":{"line":156,"column":6},"end":{"line":168,"column":7}},"type":"if","locations":[{"start":{"line":156,"column":6},"end":{"line":168,"column":7}},{"start":{"line":166,"column":13},"end":{"line":168,"column":7}}],"line":156},"5":{"loc":{"start":{"line":156,"column":10},"end":{"line":156,"column":49}},"type":"binary-expr","locations":[{"start":{"line":156,"column":10},"end":{"line":156,"column":21}},{"start":{"line":156,"column":25},"end":{"line":156,"column":37}},{"start":{"line":156,"column":41},"end":{"line":156,"column":49}}],"line":156}},"s":{"0":2,"1":2,"2":0,"3":0,"4":0,"5":0,"6":0,"7":0,"8":2,"9":1,"10":1,"11":1,"12":1,"13":1,"14":1,"15":0,"16":1,"17":0,"18":0,"19":0,"20":1,"21":1,"22":1,"23":1,"24":1,"25":1,"26":0,"27":0,"28":0,"29":2,"30":2,"31":2,"32":2,"33":2,"34":0,"35":1,"36":1,"37":1,"38":1,"39":1,"40":1,"41":0,"42":0,"43":0},"f":{"0":2,"1":0,"2":0,"3":0,"4":0,"5":2,"6":1,"7":1,"8":2,"9":0,"10":1},"b":{"0":[0,0],"1":[0,0],"2":[0,0],"3":[2,0],"4":[1,0],"5":[1,1,1]},"_coverageSchema":"1a1c01bbd47fc00a2c39e90264f33305004495a9","hash":"5feb32a5d449508214abdb9ffb34203f52f622a1"}
,"C:\\Users\\PCPV\\source\\repos\\rental-management-app\\src\\store\\sync.store.ts": {"path":"C:\\Users\\PCPV\\source\\repos\\rental-management-app\\src\\store\\sync.store.ts","statementMap":{"0":{"start":{"line":34,"column":28},"end":{"line":50,"column":3}},"1":{"start":{"line":34,"column":56},"end":{"line":50,"column":1}},"2":{"start":{"line":41,"column":25},"end":{"line":41,"column":50}},"3":{"start":{"line":42,"column":27},"end":{"line":42,"column":54}},"4":{"start":{"line":43,"column":27},"end":{"line":43,"column":52}},"5":{"start":{"line":44,"column":32},"end":{"line":44,"column":62}},"6":{"start":{"line":45,"column":27},"end":{"line":45,"column":52}},"7":{"start":{"line":47,"column":4},"end":{"line":47,"column":66}},"8":{"start":{"line":47,"column":20},"end":{"line":47,"column":64}},"9":{"start":{"line":49,"column":4},"end":{"line":49,"column":79}},"10":{"start":{"line":49,"column":20},"end":{"line":49,"column":77}},"11":{"start":{"line":56,"column":22},"end":{"line":59,"column":4}},"12":{"start":{"line":57,"column":24},"end":{"line":57,"column":50}},"13":{"start":{"line":58,"column":4},"end":{"line":58,"column":51}},"14":{"start":{"line":62,"column":2},"end":{"line":65,"column":5}},"15":{"start":{"line":63,"column":24},"end":{"line":63,"column":50}},"16":{"start":{"line":64,"column":4},"end":{"line":64,"column":51}},"17":{"start":{"line":67,"column":2},"end":{"line":67,"column":21}}},"fnMap":{"0":{"name":"(anonymous_0)","decl":{"start":{"line":34,"column":46},"end":{"line":34,"column":47}},"loc":{"start":{"line":34,"column":56},"end":{"line":50,"column":1}},"line":34},"1":{"name":"(anonymous_1)","decl":{"start":{"line":41,"column":13},"end":{"line":41,"column":14}},"loc":{"start":{"line":41,"column":25},"end":{"line":41,"column":50}},"line":41},"2":{"name":"(anonymous_2)","decl":{"start":{"line":42,"column":14},"end":{"line":42,"column":15}},"loc":{"start":{"line":42,"column":27},"end":{"line":42,"column":54}},"line":42},"3":{"name":"(anonymous_3)","decl":{"start":{"line":43,"column":17},"end":{"line":43,"column":18}},"loc":{"start":{"line":43,"column":27},"end":{"line":43,"column":52}},"line":43},"4":{"name":"(anonymous_4)","decl":{"start":{"line":44,"column":21},"end":{"line":44,"column":22}},"loc":{"start":{"line":44,"column":32},"end":{"line":44,"column":62}},"line":44},"5":{"name":"(anonymous_5)","decl":{"start":{"line":45,"column":16},"end":{"line":45,"column":17}},"loc":{"start":{"line":45,"column":27},"end":{"line":45,"column":52}},"line":45},"6":{"name":"(anonymous_6)","decl":{"start":{"line":46,"column":27},"end":{"line":46,"column":28}},"loc":{"start":{"line":47,"column":4},"end":{"line":47,"column":66}},"line":47},"7":{"name":"(anonymous_7)","decl":{"start":{"line":47,"column":8},"end":{"line":47,"column":9}},"loc":{"start":{"line":47,"column":20},"end":{"line":47,"column":64}},"line":47},"8":{"name":"(anonymous_8)","decl":{"start":{"line":48,"column":27},"end":{"line":48,"column":28}},"loc":{"start":{"line":49,"column":4},"end":{"line":49,"column":79}},"line":49},"9":{"name":"(anonymous_9)","decl":{"start":{"line":49,"column":8},"end":{"line":49,"column":9}},"loc":{"start":{"line":49,"column":20},"end":{"line":49,"column":77}},"line":49},"10":{"name":"initializeNetworkListener","decl":{"start":{"line":55,"column":16},"end":{"line":55,"column":41}},"loc":{"start":{"line":55,"column":56},"end":{"line":68,"column":1}},"line":55},"11":{"name":"(anonymous_11)","decl":{"start":{"line":56,"column":47},"end":{"line":56,"column":48}},"loc":{"start":{"line":56,"column":72},"end":{"line":59,"column":3}},"line":56},"12":{"name":"(anonymous_12)","decl":{"start":{"line":62,"column":23},"end":{"line":62,"column":24}},"loc":{"start":{"line":62,"column":34},"end":{"line":65,"column":3}},"line":62}},"branchMap":{"0":{"loc":{"start":{"line":57,"column":24},"end":{"line":57,"column":50}},"type":"binary-expr","locations":[{"start":{"line":57,"column":24},"end":{"line":57,"column":41}},{"start":{"line":57,"column":45},"end":{"line":57,"column":50}}],"line":57},"1":{"loc":{"start":{"line":63,"column":24},"end":{"line":63,"column":50}},"type":"binary-expr","locations":[{"start":{"line":63,"column":24},"end":{"line":63,"column":41}},{"start":{"line":63,"column":45},"end":{"line":63,"column":50}}],"line":63}},"s":{"0":3,"1":3,"2":6,"3":424,"4":212,"5":212,"6":212,"7":0,"8":0,"9":0,"10":0,"11":0,"12":0,"13":0,"14":0,"15":0,"16":0,"17":0},"f":{"0":3,"1":6,"2":424,"3":212,"4":212,"5":212,"6":0,"7":0,"8":0,"9":0,"10":0,"11":0,"12":0},"b":{"0":[0,0],"1":[0,0]},"_coverageSchema":"1a1c01bbd47fc00a2c39e90264f33305004495a9","hash":"b889a1b4f3861fb4526b0f3954735577fb9d8818"}
}
