{"C:\\Users\\PCPV\\source\\repos\\rental-management-app\\src\\app\\App.tsx": {"path":"C:\\Users\\PCPV\\source\\repos\\rental-management-app\\src\\app\\App.tsx","statementMap":{"0":{"start":{"line":3,"column":2},"end":{"line":3,"column":14}}},"fnMap":{"0":{"name":"App","decl":{"start":{"line":2,"column":24},"end":{"line":2,"column":27}},"loc":{"start":{"line":2,"column":30},"end":{"line":4,"column":1}},"line":2}},"branchMap":{},"s":{"0":0},"f":{"0":0},"b":{}}
,"C:\\Users\\PCPV\\source\\repos\\rental-management-app\\src\\features\\auth\\index.ts": {"path":"C:\\Users\\PCPV\\source\\repos\\rental-management-app\\src\\features\\auth\\index.ts","statementMap":{},"fnMap":{},"branchMap":{},"s":{},"f":{},"b":{}}
,"C:\\Users\\PCPV\\source\\repos\\rental-management-app\\src\\features\\auth\\hooks\\useAuth.ts": {"path":"C:\\Users\\PCPV\\source\\repos\\rental-management-app\\src\\features\\auth\\hooks\\useAuth.ts","statementMap":{"0":{"start":{"line":12,"column":23},"end":{"line":186,"column":1}},"1":{"start":{"line":24,"column":6},"end":{"line":24,"column":20}},"2":{"start":{"line":29,"column":16},"end":{"line":42,"column":3}},"3":{"start":{"line":31,"column":6},"end":{"line":39,"column":7}},"4":{"start":{"line":32,"column":8},"end":{"line":32,"column":21}},"5":{"start":{"line":33,"column":25},"end":{"line":33,"column":57}},"6":{"start":{"line":34,"column":8},"end":{"line":34,"column":57}},"7":{"start":{"line":35,"column":8},"end":{"line":35,"column":33}},"8":{"start":{"line":37,"column":24},"end":{"line":37,"column":79}},"9":{"start":{"line":38,"column":8},"end":{"line":38,"column":50}},"10":{"start":{"line":47,"column":29},"end":{"line":83,"column":34}},"11":{"start":{"line":48,"column":4},"end":{"line":82,"column":5}},"12":{"start":{"line":49,"column":6},"end":{"line":49,"column":19}},"13":{"start":{"line":52,"column":26},"end":{"line":52,"column":59}},"14":{"start":{"line":53,"column":6},"end":{"line":58,"column":7}},"15":{"start":{"line":54,"column":8},"end":{"line":57,"column":10}},"16":{"start":{"line":60,"column":24},"end":{"line":60,"column":55}},"17":{"start":{"line":61,"column":6},"end":{"line":66,"column":7}},"18":{"start":{"line":62,"column":8},"end":{"line":65,"column":10}},"19":{"start":{"line":69,"column":21},"end":{"line":69,"column":83}},"20":{"start":{"line":71,"column":6},"end":{"line":77,"column":7}},"21":{"start":{"line":73,"column":8},"end":{"line":73,"column":31}},"22":{"start":{"line":74,"column":8},"end":{"line":74,"column":33}},"23":{"start":{"line":76,"column":8},"end":{"line":76,"column":55}},"24":{"start":{"line":80,"column":8},"end":{"line":80,"column":82}},"25":{"start":{"line":81,"column":6},"end":{"line":81,"column":48}},"26":{"start":{"line":88,"column":17},"end":{"line":101,"column":32}},"27":{"start":{"line":89,"column":4},"end":{"line":100,"column":5}},"28":{"start":{"line":90,"column":6},"end":{"line":92,"column":7}},"29":{"start":{"line":91,"column":8},"end":{"line":91,"column":42}},"30":{"start":{"line":93,"column":6},"end":{"line":93,"column":26}},"31":{"start":{"line":94,"column":6},"end":{"line":94,"column":31}},"32":{"start":{"line":97,"column":6},"end":{"line":97,"column":26}},"33":{"start":{"line":98,"column":22},"end":{"line":98,"column":78}},"34":{"start":{"line":99,"column":6},"end":{"line":99,"column":48}},"35":{"start":{"line":106,"column":24},"end":{"line":123,"column":3}},"36":{"start":{"line":108,"column":6},"end":{"line":120,"column":7}},"37":{"start":{"line":109,"column":8},"end":{"line":111,"column":9}},"38":{"start":{"line":110,"column":10},"end":{"line":110,"column":47}},"39":{"start":{"line":113,"column":8},"end":{"line":113,"column":21}},"40":{"start":{"line":114,"column":28},"end":{"line":114,"column":74}},"41":{"start":{"line":115,"column":8},"end":{"line":115,"column":40}},"42":{"start":{"line":116,"column":8},"end":{"line":116,"column":52}},"43":{"start":{"line":118,"column":24},"end":{"line":118,"column":80}},"44":{"start":{"line":119,"column":8},"end":{"line":119,"column":50}},"45":{"start":{"line":128,"column":26},"end":{"line":154,"column":32}},"46":{"start":{"line":129,"column":4},"end":{"line":153,"column":5}},"47":{"start":{"line":130,"column":26},"end":{"line":130,"column":59}},"48":{"start":{"line":131,"column":6},"end":{"line":136,"column":7}},"49":{"start":{"line":132,"column":8},"end":{"line":135,"column":10}},"50":{"start":{"line":139,"column":21},"end":{"line":139,"column":88}},"51":{"start":{"line":141,"column":6},"end":{"line":149,"column":7}},"52":{"start":{"line":142,"column":8},"end":{"line":142,"column":37}},"53":{"start":{"line":143,"column":8},"end":{"line":145,"column":9}},"54":{"start":{"line":144,"column":10},"end":{"line":144,"column":57}},"55":{"start":{"line":146,"column":8},"end":{"line":146,"column":33}},"56":{"start":{"line":148,"column":8},"end":{"line":148,"column":55}},"57":{"start":{"line":151,"column":22},"end":{"line":151,"column":91}},"58":{"start":{"line":152,"column":6},"end":{"line":152,"column":48}},"59":{"start":{"line":159,"column":27},"end":{"line":170,"column":32}},"60":{"start":{"line":160,"column":4},"end":{"line":169,"column":5}},"61":{"start":{"line":161,"column":6},"end":{"line":161,"column":36}},"62":{"start":{"line":162,"column":6},"end":{"line":164,"column":7}},"63":{"start":{"line":163,"column":8},"end":{"line":163,"column":56}},"64":{"start":{"line":165,"column":6},"end":{"line":165,"column":31}},"65":{"start":{"line":167,"column":22},"end":{"line":167,"column":92}},"66":{"start":{"line":168,"column":6},"end":{"line":168,"column":48}},"67":{"start":{"line":172,"column":2},"end":{"line":185,"column":4}}},"fnMap":{"0":{"name":"(anonymous_0)","decl":{"start":{"line":12,"column":23},"end":{"line":12,"column":24}},"loc":{"start":{"line":12,"column":29},"end":{"line":186,"column":1}},"line":12},"1":{"name":"(anonymous_1)","decl":{"start":{"line":30,"column":4},"end":{"line":30,"column":5}},"loc":{"start":{"line":30,"column":45},"end":{"line":40,"column":5}},"line":30},"2":{"name":"(anonymous_2)","decl":{"start":{"line":47,"column":41},"end":{"line":47,"column":42}},"loc":{"start":{"line":47,"column":53},"end":{"line":83,"column":3}},"line":47},"3":{"name":"(anonymous_3)","decl":{"start":{"line":88,"column":29},"end":{"line":88,"column":30}},"loc":{"start":{"line":88,"column":41},"end":{"line":101,"column":3}},"line":88},"4":{"name":"(anonymous_4)","decl":{"start":{"line":107,"column":4},"end":{"line":107,"column":5}},"loc":{"start":{"line":107,"column":42},"end":{"line":121,"column":5}},"line":107},"5":{"name":"(anonymous_5)","decl":{"start":{"line":128,"column":38},"end":{"line":128,"column":39}},"loc":{"start":{"line":128,"column":50},"end":{"line":154,"column":3}},"line":128},"6":{"name":"(anonymous_6)","decl":{"start":{"line":159,"column":39},"end":{"line":159,"column":40}},"loc":{"start":{"line":159,"column":51},"end":{"line":170,"column":3}},"line":159}},"branchMap":{"0":{"loc":{"start":{"line":37,"column":24},"end":{"line":37,"column":79}},"type":"cond-expr","locations":[{"start":{"line":37,"column":49},"end":{"line":37,"column":62}},{"start":{"line":37,"column":65},"end":{"line":37,"column":79}}],"line":37},"1":{"loc":{"start":{"line":53,"column":6},"end":{"line":58,"column":7}},"type":"if","locations":[{"start":{"line":53,"column":6},"end":{"line":58,"column":7}},{"start":{},"end":{}}],"line":53},"2":{"loc":{"start":{"line":61,"column":6},"end":{"line":66,"column":7}},"type":"if","locations":[{"start":{"line":61,"column":6},"end":{"line":66,"column":7}},{"start":{},"end":{}}],"line":61},"3":{"loc":{"start":{"line":71,"column":6},"end":{"line":77,"column":7}},"type":"if","locations":[{"start":{"line":71,"column":6},"end":{"line":77,"column":7}},{"start":{"line":75,"column":13},"end":{"line":77,"column":7}}],"line":71},"4":{"loc":{"start":{"line":80,"column":8},"end":{"line":80,"column":82}},"type":"cond-expr","locations":[{"start":{"line":80,"column":33},"end":{"line":80,"column":46}},{"start":{"line":80,"column":49},"end":{"line":80,"column":82}}],"line":80},"5":{"loc":{"start":{"line":90,"column":6},"end":{"line":92,"column":7}},"type":"if","locations":[{"start":{"line":90,"column":6},"end":{"line":92,"column":7}},{"start":{},"end":{}}],"line":90},"6":{"loc":{"start":{"line":98,"column":22},"end":{"line":98,"column":78}},"type":"cond-expr","locations":[{"start":{"line":98,"column":47},"end":{"line":98,"column":60}},{"start":{"line":98,"column":63},"end":{"line":98,"column":78}}],"line":98},"7":{"loc":{"start":{"line":109,"column":8},"end":{"line":111,"column":9}},"type":"if","locations":[{"start":{"line":109,"column":8},"end":{"line":111,"column":9}},{"start":{},"end":{}}],"line":109},"8":{"loc":{"start":{"line":118,"column":24},"end":{"line":118,"column":80}},"type":"cond-expr","locations":[{"start":{"line":118,"column":49},"end":{"line":118,"column":62}},{"start":{"line":118,"column":65},"end":{"line":118,"column":80}}],"line":118},"9":{"loc":{"start":{"line":131,"column":6},"end":{"line":136,"column":7}},"type":"if","locations":[{"start":{"line":131,"column":6},"end":{"line":136,"column":7}},{"start":{},"end":{}}],"line":131},"10":{"loc":{"start":{"line":141,"column":6},"end":{"line":149,"column":7}},"type":"if","locations":[{"start":{"line":141,"column":6},"end":{"line":149,"column":7}},{"start":{"line":147,"column":13},"end":{"line":149,"column":7}}],"line":141},"11":{"loc":{"start":{"line":143,"column":8},"end":{"line":145,"column":9}},"type":"if","locations":[{"start":{"line":143,"column":8},"end":{"line":145,"column":9}},{"start":{},"end":{}}],"line":143},"12":{"loc":{"start":{"line":151,"column":22},"end":{"line":151,"column":91}},"type":"cond-expr","locations":[{"start":{"line":151,"column":47},"end":{"line":151,"column":60}},{"start":{"line":151,"column":63},"end":{"line":151,"column":91}}],"line":151},"13":{"loc":{"start":{"line":162,"column":6},"end":{"line":164,"column":7}},"type":"if","locations":[{"start":{"line":162,"column":6},"end":{"line":164,"column":7}},{"start":{},"end":{}}],"line":162},"14":{"loc":{"start":{"line":167,"column":22},"end":{"line":167,"column":92}},"type":"cond-expr","locations":[{"start":{"line":167,"column":47},"end":{"line":167,"column":60}},{"start":{"line":167,"column":63},"end":{"line":167,"column":92}}],"line":167}},"s":{"0":0,"1":0,"2":0,"3":0,"4":0,"5":0,"6":0,"7":0,"8":0,"9":0,"10":0,"11":0,"12":0,"13":0,"14":0,"15":0,"16":0,"17":0,"18":0,"19":0,"20":0,"21":0,"22":0,"23":0,"24":0,"25":0,"26":0,"27":0,"28":0,"29":0,"30":0,"31":0,"32":0,"33":0,"34":0,"35":0,"36":0,"37":0,"38":0,"39":0,"40":0,"41":0,"42":0,"43":0,"44":0,"45":0,"46":0,"47":0,"48":0,"49":0,"50":0,"51":0,"52":0,"53":0,"54":0,"55":0,"56":0,"57":0,"58":0,"59":0,"60":0,"61":0,"62":0,"63":0,"64":0,"65":0,"66":0,"67":0},"f":{"0":0,"1":0,"2":0,"3":0,"4":0,"5":0,"6":0},"b":{"0":[0,0],"1":[0,0],"2":[0,0],"3":[0,0],"4":[0,0],"5":[0,0],"6":[0,0],"7":[0,0],"8":[0,0],"9":[0,0],"10":[0,0],"11":[0,0],"12":[0,0],"13":[0,0],"14":[0,0]}}
,"C:\\Users\\PCPV\\source\\repos\\rental-management-app\\src\\features\\auth\\screens\\LoginScreen.tsx": {"path":"C:\\Users\\PCPV\\source\\repos\\rental-management-app\\src\\features\\auth\\screens\\LoginScreen.tsx","statementMap":{"0":{"start":{"line":13,"column":37},"end":{"line":200,"column":1}},"1":{"start":{"line":14,"column":16},"end":{"line":14,"column":32}},"2":{"start":{"line":15,"column":70},"end":{"line":15,"column":79}},"3":{"start":{"line":17,"column":28},"end":{"line":17,"column":40}},"4":{"start":{"line":18,"column":34},"end":{"line":18,"column":46}},"5":{"start":{"line":19,"column":42},"end":{"line":19,"column":57}},"6":{"start":{"line":20,"column":38},"end":{"line":20,"column":50}},"7":{"start":{"line":21,"column":44},"end":{"line":21,"column":56}},"8":{"start":{"line":22,"column":54},"end":{"line":22,"column":69}},"9":{"start":{"line":23,"column":50},"end":{"line":23,"column":65}},"10":{"start":{"line":25,"column":2},"end":{"line":27,"column":9}},"11":{"start":{"line":26,"column":4},"end":{"line":26,"column":33}},"12":{"start":{"line":29,"column":37},"end":{"line":34,"column":3}},"13":{"start":{"line":30,"column":22},"end":{"line":30,"column":55}},"14":{"start":{"line":31,"column":20},"end":{"line":31,"column":51}},"15":{"start":{"line":32,"column":4},"end":{"line":32,"column":37}},"16":{"start":{"line":33,"column":4},"end":{"line":33,"column":46}},"17":{"start":{"line":36,"column":24},"end":{"line":48,"column":3}},"18":{"start":{"line":37,"column":23},"end":{"line":37,"column":51}},"19":{"start":{"line":38,"column":4},"end":{"line":41,"column":5}},"20":{"start":{"line":39,"column":6},"end":{"line":39,"column":52}},"21":{"start":{"line":40,"column":6},"end":{"line":40,"column":19}},"22":{"start":{"line":42,"column":4},"end":{"line":45,"column":5}},"23":{"start":{"line":43,"column":6},"end":{"line":43,"column":51}},"24":{"start":{"line":44,"column":6},"end":{"line":44,"column":19}},"25":{"start":{"line":46,"column":4},"end":{"line":46,"column":22}},"26":{"start":{"line":47,"column":4},"end":{"line":47,"column":16}},"27":{"start":{"line":50,"column":27},"end":{"line":61,"column":3}},"28":{"start":{"line":51,"column":4},"end":{"line":54,"column":5}},"29":{"start":{"line":52,"column":6},"end":{"line":52,"column":58}},"30":{"start":{"line":53,"column":6},"end":{"line":53,"column":19}},"31":{"start":{"line":55,"column":4},"end":{"line":58,"column":5}},"32":{"start":{"line":56,"column":6},"end":{"line":56,"column":58}},"33":{"start":{"line":57,"column":6},"end":{"line":57,"column":19}},"34":{"start":{"line":59,"column":4},"end":{"line":59,"column":25}},"35":{"start":{"line":60,"column":4},"end":{"line":60,"column":16}},"36":{"start":{"line":63,"column":22},"end":{"line":79,"column":3}},"37":{"start":{"line":64,"column":4},"end":{"line":64,"column":17}},"38":{"start":{"line":66,"column":25},"end":{"line":66,"column":45}},"39":{"start":{"line":67,"column":28},"end":{"line":67,"column":54}},"40":{"start":{"line":69,"column":4},"end":{"line":71,"column":5}},"41":{"start":{"line":70,"column":6},"end":{"line":70,"column":13}},"42":{"start":{"line":73,"column":19},"end":{"line":73,"column":51}},"43":{"start":{"line":75,"column":4},"end":{"line":78,"column":5}},"44":{"start":{"line":77,"column":6},"end":{"line":77,"column":51}},"45":{"start":{"line":81,"column":31},"end":{"line":88,"column":3}},"46":{"start":{"line":82,"column":4},"end":{"line":82,"column":17}},"47":{"start":{"line":83,"column":19},"end":{"line":83,"column":45}},"48":{"start":{"line":85,"column":4},"end":{"line":87,"column":5}},"49":{"start":{"line":86,"column":6},"end":{"line":86,"column":61}},"50":{"start":{"line":90,"column":2},"end":{"line":199,"column":4}},"51":{"start":{"line":112,"column":16},"end":{"line":112,"column":31}},"52":{"start":{"line":113,"column":16},"end":{"line":113,"column":52}},"53":{"start":{"line":113,"column":32},"end":{"line":113,"column":52}},"54":{"start":{"line":115,"column":28},"end":{"line":115,"column":48}},"55":{"start":{"line":134,"column":16},"end":{"line":134,"column":34}},"56":{"start":{"line":135,"column":16},"end":{"line":135,"column":58}},"57":{"start":{"line":135,"column":35},"end":{"line":135,"column":58}},"58":{"start":{"line":137,"column":28},"end":{"line":137,"column":54}},"59":{"start":{"line":148,"column":33},"end":{"line":148,"column":63}},"60":{"start":{"line":202,"column":15},"end":{"line":254,"column":2}}},"fnMap":{"0":{"name":"(anonymous_0)","decl":{"start":{"line":13,"column":37},"end":{"line":13,"column":38}},"loc":{"start":{"line":13,"column":43},"end":{"line":200,"column":1}},"line":13},"1":{"name":"(anonymous_1)","decl":{"start":{"line":25,"column":12},"end":{"line":25,"column":13}},"loc":{"start":{"line":25,"column":18},"end":{"line":27,"column":3}},"line":25},"2":{"name":"(anonymous_2)","decl":{"start":{"line":29,"column":37},"end":{"line":29,"column":38}},"loc":{"start":{"line":29,"column":49},"end":{"line":34,"column":3}},"line":29},"3":{"name":"(anonymous_3)","decl":{"start":{"line":36,"column":24},"end":{"line":36,"column":25}},"loc":{"start":{"line":36,"column":52},"end":{"line":48,"column":3}},"line":36},"4":{"name":"(anonymous_4)","decl":{"start":{"line":50,"column":27},"end":{"line":50,"column":28}},"loc":{"start":{"line":50,"column":58},"end":{"line":61,"column":3}},"line":50},"5":{"name":"(anonymous_5)","decl":{"start":{"line":63,"column":22},"end":{"line":63,"column":23}},"loc":{"start":{"line":63,"column":34},"end":{"line":79,"column":3}},"line":63},"6":{"name":"(anonymous_6)","decl":{"start":{"line":81,"column":31},"end":{"line":81,"column":32}},"loc":{"start":{"line":81,"column":43},"end":{"line":88,"column":3}},"line":81},"7":{"name":"(anonymous_7)","decl":{"start":{"line":111,"column":28},"end":{"line":111,"column":29}},"loc":{"start":{"line":111,"column":38},"end":{"line":114,"column":15}},"line":111},"8":{"name":"(anonymous_8)","decl":{"start":{"line":115,"column":22},"end":{"line":115,"column":23}},"loc":{"start":{"line":115,"column":28},"end":{"line":115,"column":48}},"line":115},"9":{"name":"(anonymous_9)","decl":{"start":{"line":133,"column":28},"end":{"line":133,"column":29}},"loc":{"start":{"line":133,"column":38},"end":{"line":136,"column":15}},"line":133},"10":{"name":"(anonymous_10)","decl":{"start":{"line":137,"column":22},"end":{"line":137,"column":23}},"loc":{"start":{"line":137,"column":28},"end":{"line":137,"column":54}},"line":137},"11":{"name":"(anonymous_11)","decl":{"start":{"line":148,"column":27},"end":{"line":148,"column":28}},"loc":{"start":{"line":148,"column":33},"end":{"line":148,"column":63}},"line":148}},"branchMap":{"0":{"loc":{"start":{"line":33,"column":24},"end":{"line":33,"column":44}},"type":"binary-expr","locations":[{"start":{"line":33,"column":24},"end":{"line":33,"column":31}},{"start":{"line":33,"column":35},"end":{"line":33,"column":44}}],"line":33},"1":{"loc":{"start":{"line":38,"column":4},"end":{"line":41,"column":5}},"type":"if","locations":[{"start":{"line":38,"column":4},"end":{"line":41,"column":5}},{"start":{},"end":{}}],"line":38},"2":{"loc":{"start":{"line":42,"column":4},"end":{"line":45,"column":5}},"type":"if","locations":[{"start":{"line":42,"column":4},"end":{"line":45,"column":5}},{"start":{},"end":{}}],"line":42},"3":{"loc":{"start":{"line":51,"column":4},"end":{"line":54,"column":5}},"type":"if","locations":[{"start":{"line":51,"column":4},"end":{"line":54,"column":5}},{"start":{},"end":{}}],"line":51},"4":{"loc":{"start":{"line":55,"column":4},"end":{"line":58,"column":5}},"type":"if","locations":[{"start":{"line":55,"column":4},"end":{"line":58,"column":5}},{"start":{},"end":{}}],"line":55},"5":{"loc":{"start":{"line":69,"column":4},"end":{"line":71,"column":5}},"type":"if","locations":[{"start":{"line":69,"column":4},"end":{"line":71,"column":5}},{"start":{},"end":{}}],"line":69},"6":{"loc":{"start":{"line":69,"column":8},"end":{"line":69,"column":41}},"type":"binary-expr","locations":[{"start":{"line":69,"column":8},"end":{"line":69,"column":21}},{"start":{"line":69,"column":25},"end":{"line":69,"column":41}}],"line":69},"7":{"loc":{"start":{"line":75,"column":4},"end":{"line":78,"column":5}},"type":"if","locations":[{"start":{"line":75,"column":4},"end":{"line":78,"column":5}},{"start":{},"end":{}}],"line":75},"8":{"loc":{"start":{"line":75,"column":8},"end":{"line":75,"column":39}},"type":"binary-expr","locations":[{"start":{"line":75,"column":8},"end":{"line":75,"column":23}},{"start":{"line":75,"column":27},"end":{"line":75,"column":39}}],"line":75},"9":{"loc":{"start":{"line":85,"column":4},"end":{"line":87,"column":5}},"type":"if","locations":[{"start":{"line":85,"column":4},"end":{"line":87,"column":5}},{"start":{},"end":{}}],"line":85},"10":{"loc":{"start":{"line":85,"column":8},"end":{"line":85,"column":39}},"type":"binary-expr","locations":[{"start":{"line":85,"column":8},"end":{"line":85,"column":23}},{"start":{"line":85,"column":27},"end":{"line":85,"column":39}}],"line":85},"11":{"loc":{"start":{"line":93,"column":16},"end":{"line":93,"column":60}},"type":"cond-expr","locations":[{"start":{"line":93,"column":40},"end":{"line":93,"column":49}},{"start":{"line":93,"column":52},"end":{"line":93,"column":60}}],"line":93},"12":{"loc":{"start":{"line":113,"column":16},"end":{"line":113,"column":52}},"type":"if","locations":[{"start":{"line":113,"column":16},"end":{"line":113,"column":52}},{"start":{},"end":{}}],"line":113},"13":{"loc":{"start":{"line":124,"column":13},"end":{"line":128,"column":20}},"type":"cond-expr","locations":[{"start":{"line":125,"column":14},"end":{"line":127,"column":27}},{"start":{"line":128,"column":16},"end":{"line":128,"column":20}}],"line":124},"14":{"loc":{"start":{"line":135,"column":16},"end":{"line":135,"column":58}},"type":"if","locations":[{"start":{"line":135,"column":16},"end":{"line":135,"column":58}},{"start":{},"end":{}}],"line":135},"15":{"loc":{"start":{"line":147,"column":24},"end":{"line":147,"column":56}},"type":"cond-expr","locations":[{"start":{"line":147,"column":39},"end":{"line":147,"column":48}},{"start":{"line":147,"column":51},"end":{"line":147,"column":56}}],"line":147},"16":{"loc":{"start":{"line":152,"column":13},"end":{"line":156,"column":20}},"type":"cond-expr","locations":[{"start":{"line":153,"column":14},"end":{"line":155,"column":27}},{"start":{"line":156,"column":16},"end":{"line":156,"column":20}}],"line":152},"17":{"loc":{"start":{"line":158,"column":13},"end":{"line":162,"column":20}},"type":"cond-expr","locations":[{"start":{"line":159,"column":14},"end":{"line":161,"column":27}},{"start":{"line":162,"column":16},"end":{"line":162,"column":20}}],"line":158},"18":{"loc":{"start":{"line":174,"column":13},"end":{"line":194,"column":13}},"type":"binary-expr","locations":[{"start":{"line":174,"column":13},"end":{"line":174,"column":29}},{"start":{"line":175,"column":14},"end":{"line":193,"column":17}}],"line":174}},"s":{"0":0,"1":0,"2":0,"3":0,"4":0,"5":0,"6":0,"7":0,"8":0,"9":0,"10":0,"11":0,"12":0,"13":0,"14":0,"15":0,"16":0,"17":0,"18":0,"19":0,"20":0,"21":0,"22":0,"23":0,"24":0,"25":0,"26":0,"27":0,"28":0,"29":0,"30":0,"31":0,"32":0,"33":0,"34":0,"35":0,"36":0,"37":0,"38":0,"39":0,"40":0,"41":0,"42":0,"43":0,"44":0,"45":0,"46":0,"47":0,"48":0,"49":0,"50":0,"51":0,"52":0,"53":0,"54":0,"55":0,"56":0,"57":0,"58":0,"59":0,"60":0},"f":{"0":0,"1":0,"2":0,"3":0,"4":0,"5":0,"6":0,"7":0,"8":0,"9":0,"10":0,"11":0},"b":{"0":[0,0],"1":[0,0],"2":[0,0],"3":[0,0],"4":[0,0],"5":[0,0],"6":[0,0],"7":[0,0],"8":[0,0],"9":[0,0],"10":[0,0],"11":[0,0],"12":[0,0],"13":[0,0],"14":[0,0],"15":[0,0],"16":[0,0],"17":[0,0],"18":[0,0]}}
,"C:\\Users\\PCPV\\source\\repos\\rental-management-app\\src\\features\\auth\\services\\authApi.ts": {"path":"C:\\Users\\PCPV\\source\\repos\\rental-management-app\\src\\features\\auth\\services\\authApi.ts","statementMap":{"0":{"start":{"line":14,"column":4},"end":{"line":14,"column":30}},"1":{"start":{"line":15,"column":4},"end":{"line":15,"column":34}},"2":{"start":{"line":22,"column":4},"end":{"line":52,"column":5}},"3":{"start":{"line":23,"column":25},"end":{"line":23,"column":46}},"4":{"start":{"line":24,"column":24},"end":{"line":24,"column":74}},"5":{"start":{"line":24,"column":41},"end":{"line":24,"column":59}},"6":{"start":{"line":26,"column":23},"end":{"line":33,"column":8}},"7":{"start":{"line":35,"column":6},"end":{"line":35,"column":30}},"8":{"start":{"line":37,"column":6},"end":{"line":40,"column":7}},"9":{"start":{"line":38,"column":22},"end":{"line":38,"column":43}},"10":{"start":{"line":39,"column":8},"end":{"line":39,"column":57}},"11":{"start":{"line":42,"column":19},"end":{"line":42,"column":40}},"12":{"start":{"line":43,"column":6},"end":{"line":43,"column":18}},"13":{"start":{"line":45,"column":6},"end":{"line":50,"column":7}},"14":{"start":{"line":46,"column":8},"end":{"line":48,"column":9}},"15":{"start":{"line":47,"column":10},"end":{"line":47,"column":45}},"16":{"start":{"line":49,"column":8},"end":{"line":49,"column":20}},"17":{"start":{"line":51,"column":6},"end":{"line":51,"column":54}},"18":{"start":{"line":59,"column":4},"end":{"line":89,"column":5}},"19":{"start":{"line":60,"column":25},"end":{"line":60,"column":46}},"20":{"start":{"line":61,"column":24},"end":{"line":61,"column":74}},"21":{"start":{"line":61,"column":41},"end":{"line":61,"column":59}},"22":{"start":{"line":63,"column":23},"end":{"line":70,"column":8}},"23":{"start":{"line":72,"column":6},"end":{"line":72,"column":30}},"24":{"start":{"line":74,"column":6},"end":{"line":77,"column":7}},"25":{"start":{"line":75,"column":22},"end":{"line":75,"column":43}},"26":{"start":{"line":76,"column":8},"end":{"line":76,"column":65}},"27":{"start":{"line":79,"column":19},"end":{"line":79,"column":40}},"28":{"start":{"line":80,"column":6},"end":{"line":80,"column":25}},"29":{"start":{"line":82,"column":6},"end":{"line":87,"column":7}},"30":{"start":{"line":83,"column":8},"end":{"line":85,"column":9}},"31":{"start":{"line":84,"column":10},"end":{"line":84,"column":45}},"32":{"start":{"line":86,"column":8},"end":{"line":86,"column":20}},"33":{"start":{"line":88,"column":6},"end":{"line":88,"column":54}},"34":{"start":{"line":96,"column":4},"end":{"line":123,"column":5}},"35":{"start":{"line":97,"column":25},"end":{"line":97,"column":46}},"36":{"start":{"line":98,"column":24},"end":{"line":98,"column":74}},"37":{"start":{"line":98,"column":41},"end":{"line":98,"column":59}},"38":{"start":{"line":100,"column":23},"end":{"line":107,"column":8}},"39":{"start":{"line":109,"column":6},"end":{"line":109,"column":30}},"40":{"start":{"line":111,"column":6},"end":{"line":114,"column":7}},"41":{"start":{"line":112,"column":22},"end":{"line":112,"column":43}},"42":{"start":{"line":113,"column":8},"end":{"line":113,"column":58}},"43":{"start":{"line":116,"column":6},"end":{"line":121,"column":7}},"44":{"start":{"line":117,"column":8},"end":{"line":119,"column":9}},"45":{"start":{"line":118,"column":10},"end":{"line":118,"column":45}},"46":{"start":{"line":120,"column":8},"end":{"line":120,"column":20}},"47":{"start":{"line":122,"column":6},"end":{"line":122,"column":54}},"48":{"start":{"line":130,"column":4},"end":{"line":160,"column":5}},"49":{"start":{"line":131,"column":25},"end":{"line":131,"column":46}},"50":{"start":{"line":132,"column":24},"end":{"line":132,"column":74}},"51":{"start":{"line":132,"column":41},"end":{"line":132,"column":59}},"52":{"start":{"line":134,"column":23},"end":{"line":141,"column":8}},"53":{"start":{"line":143,"column":6},"end":{"line":143,"column":30}},"54":{"start":{"line":145,"column":6},"end":{"line":148,"column":7}},"55":{"start":{"line":146,"column":22},"end":{"line":146,"column":43}},"56":{"start":{"line":147,"column":8},"end":{"line":147,"column":66}},"57":{"start":{"line":150,"column":19},"end":{"line":150,"column":40}},"58":{"start":{"line":151,"column":6},"end":{"line":151,"column":23}},"59":{"start":{"line":153,"column":6},"end":{"line":158,"column":7}},"60":{"start":{"line":154,"column":8},"end":{"line":156,"column":9}},"61":{"start":{"line":155,"column":10},"end":{"line":155,"column":45}},"62":{"start":{"line":157,"column":8},"end":{"line":157,"column":20}},"63":{"start":{"line":159,"column":6},"end":{"line":159,"column":54}},"64":{"start":{"line":167,"column":4},"end":{"line":198,"column":5}},"65":{"start":{"line":168,"column":25},"end":{"line":168,"column":46}},"66":{"start":{"line":169,"column":24},"end":{"line":169,"column":74}},"67":{"start":{"line":169,"column":41},"end":{"line":169,"column":59}},"68":{"start":{"line":171,"column":23},"end":{"line":179,"column":8}},"69":{"start":{"line":181,"column":6},"end":{"line":181,"column":30}},"70":{"start":{"line":183,"column":6},"end":{"line":186,"column":7}},"71":{"start":{"line":184,"column":22},"end":{"line":184,"column":43}},"72":{"start":{"line":185,"column":8},"end":{"line":185,"column":69}},"73":{"start":{"line":188,"column":27},"end":{"line":188,"column":48}},"74":{"start":{"line":189,"column":6},"end":{"line":189,"column":31}},"75":{"start":{"line":191,"column":6},"end":{"line":196,"column":7}},"76":{"start":{"line":192,"column":8},"end":{"line":194,"column":9}},"77":{"start":{"line":193,"column":10},"end":{"line":193,"column":45}},"78":{"start":{"line":195,"column":8},"end":{"line":195,"column":20}},"79":{"start":{"line":197,"column":6},"end":{"line":197,"column":54}},"80":{"start":{"line":202,"column":23},"end":{"line":202,"column":42}}},"fnMap":{"0":{"name":"(anonymous_0)","decl":{"start":{"line":13,"column":2},"end":{"line":13,"column":3}},"loc":{"start":{"line":13,"column":16},"end":{"line":16,"column":3}},"line":13},"1":{"name":"(anonymous_1)","decl":{"start":{"line":21,"column":2},"end":{"line":21,"column":3}},"loc":{"start":{"line":21,"column":69},"end":{"line":53,"column":3}},"line":21},"2":{"name":"(anonymous_2)","decl":{"start":{"line":24,"column":35},"end":{"line":24,"column":36}},"loc":{"start":{"line":24,"column":41},"end":{"line":24,"column":59}},"line":24},"3":{"name":"(anonymous_3)","decl":{"start":{"line":58,"column":2},"end":{"line":58,"column":3}},"loc":{"start":{"line":58,"column":64},"end":{"line":90,"column":3}},"line":58},"4":{"name":"(anonymous_4)","decl":{"start":{"line":61,"column":35},"end":{"line":61,"column":36}},"loc":{"start":{"line":61,"column":41},"end":{"line":61,"column":59}},"line":61},"5":{"name":"(anonymous_5)","decl":{"start":{"line":95,"column":2},"end":{"line":95,"column":3}},"loc":{"start":{"line":95,"column":51},"end":{"line":124,"column":3}},"line":95},"6":{"name":"(anonymous_6)","decl":{"start":{"line":98,"column":35},"end":{"line":98,"column":36}},"loc":{"start":{"line":98,"column":41},"end":{"line":98,"column":59}},"line":98},"7":{"name":"(anonymous_7)","decl":{"start":{"line":129,"column":2},"end":{"line":129,"column":3}},"loc":{"start":{"line":129,"column":55},"end":{"line":161,"column":3}},"line":129},"8":{"name":"(anonymous_8)","decl":{"start":{"line":132,"column":35},"end":{"line":132,"column":36}},"loc":{"start":{"line":132,"column":41},"end":{"line":132,"column":59}},"line":132},"9":{"name":"(anonymous_9)","decl":{"start":{"line":166,"column":2},"end":{"line":166,"column":3}},"loc":{"start":{"line":166,"column":79},"end":{"line":199,"column":3}},"line":166},"10":{"name":"(anonymous_10)","decl":{"start":{"line":169,"column":35},"end":{"line":169,"column":36}},"loc":{"start":{"line":169,"column":41},"end":{"line":169,"column":59}},"line":169}},"branchMap":{"0":{"loc":{"start":{"line":37,"column":6},"end":{"line":40,"column":7}},"type":"if","locations":[{"start":{"line":37,"column":6},"end":{"line":40,"column":7}},{"start":{},"end":{}}],"line":37},"1":{"loc":{"start":{"line":39,"column":24},"end":{"line":39,"column":55}},"type":"binary-expr","locations":[{"start":{"line":39,"column":24},"end":{"line":39,"column":37}},{"start":{"line":39,"column":41},"end":{"line":39,"column":55}}],"line":39},"2":{"loc":{"start":{"line":45,"column":6},"end":{"line":50,"column":7}},"type":"if","locations":[{"start":{"line":45,"column":6},"end":{"line":50,"column":7}},{"start":{},"end":{}}],"line":45},"3":{"loc":{"start":{"line":46,"column":8},"end":{"line":48,"column":9}},"type":"if","locations":[{"start":{"line":46,"column":8},"end":{"line":48,"column":9}},{"start":{},"end":{}}],"line":46},"4":{"loc":{"start":{"line":74,"column":6},"end":{"line":77,"column":7}},"type":"if","locations":[{"start":{"line":74,"column":6},"end":{"line":77,"column":7}},{"start":{},"end":{}}],"line":74},"5":{"loc":{"start":{"line":76,"column":24},"end":{"line":76,"column":63}},"type":"binary-expr","locations":[{"start":{"line":76,"column":24},"end":{"line":76,"column":37}},{"start":{"line":76,"column":41},"end":{"line":76,"column":63}}],"line":76},"6":{"loc":{"start":{"line":82,"column":6},"end":{"line":87,"column":7}},"type":"if","locations":[{"start":{"line":82,"column":6},"end":{"line":87,"column":7}},{"start":{},"end":{}}],"line":82},"7":{"loc":{"start":{"line":83,"column":8},"end":{"line":85,"column":9}},"type":"if","locations":[{"start":{"line":83,"column":8},"end":{"line":85,"column":9}},{"start":{},"end":{}}],"line":83},"8":{"loc":{"start":{"line":111,"column":6},"end":{"line":114,"column":7}},"type":"if","locations":[{"start":{"line":111,"column":6},"end":{"line":114,"column":7}},{"start":{},"end":{}}],"line":111},"9":{"loc":{"start":{"line":113,"column":24},"end":{"line":113,"column":56}},"type":"binary-expr","locations":[{"start":{"line":113,"column":24},"end":{"line":113,"column":37}},{"start":{"line":113,"column":41},"end":{"line":113,"column":56}}],"line":113},"10":{"loc":{"start":{"line":116,"column":6},"end":{"line":121,"column":7}},"type":"if","locations":[{"start":{"line":116,"column":6},"end":{"line":121,"column":7}},{"start":{},"end":{}}],"line":116},"11":{"loc":{"start":{"line":117,"column":8},"end":{"line":119,"column":9}},"type":"if","locations":[{"start":{"line":117,"column":8},"end":{"line":119,"column":9}},{"start":{},"end":{}}],"line":117},"12":{"loc":{"start":{"line":145,"column":6},"end":{"line":148,"column":7}},"type":"if","locations":[{"start":{"line":145,"column":6},"end":{"line":148,"column":7}},{"start":{},"end":{}}],"line":145},"13":{"loc":{"start":{"line":147,"column":24},"end":{"line":147,"column":64}},"type":"binary-expr","locations":[{"start":{"line":147,"column":24},"end":{"line":147,"column":37}},{"start":{"line":147,"column":41},"end":{"line":147,"column":64}}],"line":147},"14":{"loc":{"start":{"line":153,"column":6},"end":{"line":158,"column":7}},"type":"if","locations":[{"start":{"line":153,"column":6},"end":{"line":158,"column":7}},{"start":{},"end":{}}],"line":153},"15":{"loc":{"start":{"line":154,"column":8},"end":{"line":156,"column":9}},"type":"if","locations":[{"start":{"line":154,"column":8},"end":{"line":156,"column":9}},{"start":{},"end":{}}],"line":154},"16":{"loc":{"start":{"line":183,"column":6},"end":{"line":186,"column":7}},"type":"if","locations":[{"start":{"line":183,"column":6},"end":{"line":186,"column":7}},{"start":{},"end":{}}],"line":183},"17":{"loc":{"start":{"line":185,"column":24},"end":{"line":185,"column":67}},"type":"binary-expr","locations":[{"start":{"line":185,"column":24},"end":{"line":185,"column":37}},{"start":{"line":185,"column":41},"end":{"line":185,"column":67}}],"line":185},"18":{"loc":{"start":{"line":191,"column":6},"end":{"line":196,"column":7}},"type":"if","locations":[{"start":{"line":191,"column":6},"end":{"line":196,"column":7}},{"start":{},"end":{}}],"line":191},"19":{"loc":{"start":{"line":192,"column":8},"end":{"line":194,"column":9}},"type":"if","locations":[{"start":{"line":192,"column":8},"end":{"line":194,"column":9}},{"start":{},"end":{}}],"line":192}},"s":{"0":0,"1":0,"2":0,"3":0,"4":0,"5":0,"6":0,"7":0,"8":0,"9":0,"10":0,"11":0,"12":0,"13":0,"14":0,"15":0,"16":0,"17":0,"18":0,"19":0,"20":0,"21":0,"22":0,"23":0,"24":0,"25":0,"26":0,"27":0,"28":0,"29":0,"30":0,"31":0,"32":0,"33":0,"34":0,"35":0,"36":0,"37":0,"38":0,"39":0,"40":0,"41":0,"42":0,"43":0,"44":0,"45":0,"46":0,"47":0,"48":0,"49":0,"50":0,"51":0,"52":0,"53":0,"54":0,"55":0,"56":0,"57":0,"58":0,"59":0,"60":0,"61":0,"62":0,"63":0,"64":0,"65":0,"66":0,"67":0,"68":0,"69":0,"70":0,"71":0,"72":0,"73":0,"74":0,"75":0,"76":0,"77":0,"78":0,"79":0,"80":0},"f":{"0":0,"1":0,"2":0,"3":0,"4":0,"5":0,"6":0,"7":0,"8":0,"9":0,"10":0},"b":{"0":[0,0],"1":[0,0],"2":[0,0],"3":[0,0],"4":[0,0],"5":[0,0],"6":[0,0],"7":[0,0],"8":[0,0],"9":[0,0],"10":[0,0],"11":[0,0],"12":[0,0],"13":[0,0],"14":[0,0],"15":[0,0],"16":[0,0],"17":[0,0],"18":[0,0],"19":[0,0]}}
,"C:\\Users\\PCPV\\source\\repos\\rental-management-app\\src\\features\\auth\\services\\biometricAuth.ts": {"path":"C:\\Users\\PCPV\\source\\repos\\rental-management-app\\src\\features\\auth\\services\\biometricAuth.ts","statementMap":{"0":{"start":{"line":15,"column":4},"end":{"line":22,"column":5}},"1":{"start":{"line":16,"column":26},"end":{"line":16,"column":70}},"2":{"start":{"line":17,"column":25},"end":{"line":17,"column":68}},"3":{"start":{"line":18,"column":6},"end":{"line":18,"column":39}},"4":{"start":{"line":20,"column":6},"end":{"line":20,"column":69}},"5":{"start":{"line":21,"column":6},"end":{"line":21,"column":19}},"6":{"start":{"line":29,"column":4},"end":{"line":34,"column":5}},"7":{"start":{"line":30,"column":6},"end":{"line":30,"column":75}},"8":{"start":{"line":32,"column":6},"end":{"line":32,"column":71}},"9":{"start":{"line":33,"column":6},"end":{"line":33,"column":16}},"10":{"start":{"line":41,"column":4},"end":{"line":61,"column":5}},"11":{"start":{"line":42,"column":21},"end":{"line":46,"column":8}},"12":{"start":{"line":48,"column":6},"end":{"line":55,"column":7}},"13":{"start":{"line":49,"column":8},"end":{"line":49,"column":33}},"14":{"start":{"line":51,"column":8},"end":{"line":54,"column":10}},"15":{"start":{"line":57,"column":6},"end":{"line":60,"column":8}},"16":{"start":{"line":68,"column":4},"end":{"line":74,"column":5}},"17":{"start":{"line":69,"column":22},"end":{"line":69,"column":81}},"18":{"start":{"line":70,"column":6},"end":{"line":70,"column":32}},"19":{"start":{"line":72,"column":6},"end":{"line":72,"column":71}},"20":{"start":{"line":73,"column":6},"end":{"line":73,"column":19}},"21":{"start":{"line":81,"column":4},"end":{"line":86,"column":5}},"22":{"start":{"line":82,"column":6},"end":{"line":82,"column":74}},"23":{"start":{"line":84,"column":6},"end":{"line":84,"column":71}},"24":{"start":{"line":85,"column":6},"end":{"line":85,"column":18}},"25":{"start":{"line":93,"column":4},"end":{"line":98,"column":5}},"26":{"start":{"line":94,"column":6},"end":{"line":94,"column":75}},"27":{"start":{"line":96,"column":6},"end":{"line":96,"column":72}},"28":{"start":{"line":97,"column":6},"end":{"line":97,"column":18}},"29":{"start":{"line":105,"column":4},"end":{"line":114,"column":5}},"30":{"start":{"line":107,"column":8},"end":{"line":107,"column":29}},"31":{"start":{"line":109,"column":8},"end":{"line":109,"column":34}},"32":{"start":{"line":111,"column":8},"end":{"line":111,"column":22}},"33":{"start":{"line":113,"column":8},"end":{"line":113,"column":27}},"34":{"start":{"line":118,"column":29},"end":{"line":118,"column":55}}},"fnMap":{"0":{"name":"(anonymous_0)","decl":{"start":{"line":14,"column":2},"end":{"line":14,"column":3}},"loc":{"start":{"line":14,"column":40},"end":{"line":23,"column":3}},"line":14},"1":{"name":"(anonymous_1)","decl":{"start":{"line":28,"column":2},"end":{"line":28,"column":3}},"loc":{"start":{"line":28,"column":79},"end":{"line":35,"column":3}},"line":28},"2":{"name":"(anonymous_2)","decl":{"start":{"line":40,"column":2},"end":{"line":40,"column":3}},"loc":{"start":{"line":40,"column":75},"end":{"line":62,"column":3}},"line":40},"3":{"name":"(anonymous_3)","decl":{"start":{"line":67,"column":2},"end":{"line":67,"column":3}},"loc":{"start":{"line":67,"column":38},"end":{"line":75,"column":3}},"line":67},"4":{"name":"(anonymous_4)","decl":{"start":{"line":80,"column":2},"end":{"line":80,"column":3}},"loc":{"start":{"line":80,"column":32},"end":{"line":87,"column":3}},"line":80},"5":{"name":"(anonymous_5)","decl":{"start":{"line":92,"column":2},"end":{"line":92,"column":3}},"loc":{"start":{"line":92,"column":33},"end":{"line":99,"column":3}},"line":92},"6":{"name":"(anonymous_6)","decl":{"start":{"line":104,"column":2},"end":{"line":104,"column":3}},"loc":{"start":{"line":104,"column":77},"end":{"line":115,"column":3}},"line":104}},"branchMap":{"0":{"loc":{"start":{"line":18,"column":13},"end":{"line":18,"column":38}},"type":"binary-expr","locations":[{"start":{"line":18,"column":13},"end":{"line":18,"column":24}},{"start":{"line":18,"column":28},"end":{"line":18,"column":38}}],"line":18},"1":{"loc":{"start":{"line":43,"column":23},"end":{"line":43,"column":66}},"type":"binary-expr","locations":[{"start":{"line":43,"column":23},"end":{"line":43,"column":36}},{"start":{"line":43,"column":40},"end":{"line":43,"column":66}}],"line":43},"2":{"loc":{"start":{"line":48,"column":6},"end":{"line":55,"column":7}},"type":"if","locations":[{"start":{"line":48,"column":6},"end":{"line":55,"column":7}},{"start":{"line":50,"column":13},"end":{"line":55,"column":7}}],"line":48},"3":{"loc":{"start":{"line":53,"column":17},"end":{"line":53,"column":56}},"type":"binary-expr","locations":[{"start":{"line":53,"column":17},"end":{"line":53,"column":29}},{"start":{"line":53,"column":33},"end":{"line":53,"column":56}}],"line":53},"4":{"loc":{"start":{"line":59,"column":15},"end":{"line":59,"column":78}},"type":"cond-expr","locations":[{"start":{"line":59,"column":40},"end":{"line":59,"column":53}},{"start":{"line":59,"column":56},"end":{"line":59,"column":78}}],"line":59},"5":{"loc":{"start":{"line":105,"column":4},"end":{"line":114,"column":5}},"type":"switch","locations":[{"start":{"line":106,"column":6},"end":{"line":107,"column":29}},{"start":{"line":108,"column":6},"end":{"line":109,"column":34}},{"start":{"line":110,"column":6},"end":{"line":111,"column":22}},{"start":{"line":112,"column":6},"end":{"line":113,"column":27}}],"line":105}},"s":{"0":0,"1":0,"2":0,"3":0,"4":0,"5":0,"6":0,"7":0,"8":0,"9":0,"10":0,"11":0,"12":0,"13":0,"14":0,"15":0,"16":0,"17":0,"18":0,"19":0,"20":0,"21":0,"22":0,"23":0,"24":0,"25":0,"26":0,"27":0,"28":0,"29":0,"30":0,"31":0,"32":0,"33":0,"34":0},"f":{"0":0,"1":0,"2":0,"3":0,"4":0,"5":0,"6":0},"b":{"0":[0,0],"1":[0,0],"2":[0,0],"3":[0,0],"4":[0,0],"5":[0,0,0,0]}}
,"C:\\Users\\PCPV\\source\\repos\\rental-management-app\\src\\features\\auth\\services\\tokenManager.ts": {"path":"C:\\Users\\PCPV\\source\\repos\\rental-management-app\\src\\features\\auth\\services\\tokenManager.ts","statementMap":{"0":{"start":{"line":11,"column":48},"end":{"line":11,"column":52}},"1":{"start":{"line":12,"column":51},"end":{"line":12,"column":55}},"2":{"start":{"line":13,"column":40},"end":{"line":13,"column":54}},"3":{"start":{"line":14,"column":42},"end":{"line":14,"column":55}},"4":{"start":{"line":20,"column":4},"end":{"line":33,"column":5}},"5":{"start":{"line":21,"column":24},"end":{"line":21,"column":43}},"6":{"start":{"line":22,"column":21},"end":{"line":22,"column":68}},"7":{"start":{"line":23,"column":26},"end":{"line":28,"column":7}},"8":{"start":{"line":26,"column":22},"end":{"line":26,"column":75}},"9":{"start":{"line":29,"column":6},"end":{"line":29,"column":37}},"10":{"start":{"line":31,"column":6},"end":{"line":31,"column":52}},"11":{"start":{"line":32,"column":6},"end":{"line":32,"column":18}},"12":{"start":{"line":40,"column":20},"end":{"line":40,"column":43}},"13":{"start":{"line":41,"column":4},"end":{"line":43,"column":5}},"14":{"start":{"line":42,"column":6},"end":{"line":42,"column":18}},"15":{"start":{"line":45,"column":24},"end":{"line":45,"column":41}},"16":{"start":{"line":46,"column":4},"end":{"line":46,"column":37}},"17":{"start":{"line":53,"column":20},"end":{"line":53,"column":43}},"18":{"start":{"line":54,"column":4},"end":{"line":56,"column":5}},"19":{"start":{"line":55,"column":6},"end":{"line":55,"column":15}},"20":{"start":{"line":58,"column":24},"end":{"line":58,"column":41}},"21":{"start":{"line":59,"column":28},"end":{"line":59,"column":62}},"22":{"start":{"line":60,"column":4},"end":{"line":60,"column":40}},"23":{"start":{"line":68,"column":4},"end":{"line":70,"column":5}},"24":{"start":{"line":69,"column":6},"end":{"line":69,"column":38}},"25":{"start":{"line":72,"column":28},"end":{"line":72,"column":64}},"26":{"start":{"line":73,"column":24},"end":{"line":73,"column":80}},"27":{"start":{"line":75,"column":4},"end":{"line":82,"column":5}},"28":{"start":{"line":76,"column":6},"end":{"line":78,"column":22}},"29":{"start":{"line":77,"column":8},"end":{"line":77,"column":34}},"30":{"start":{"line":81,"column":6},"end":{"line":81,"column":32}},"31":{"start":{"line":89,"column":4},"end":{"line":120,"column":5}},"32":{"start":{"line":90,"column":27},"end":{"line":90,"column":82}},"33":{"start":{"line":92,"column":6},"end":{"line":96,"column":7}},"34":{"start":{"line":93,"column":8},"end":{"line":93,"column":51}},"35":{"start":{"line":94,"column":8},"end":{"line":94,"column":43}},"36":{"start":{"line":95,"column":8},"end":{"line":95,"column":15}},"37":{"start":{"line":99,"column":6},"end":{"line":103,"column":7}},"38":{"start":{"line":100,"column":8},"end":{"line":100,"column":46}},"39":{"start":{"line":101,"column":8},"end":{"line":101,"column":43}},"40":{"start":{"line":102,"column":8},"end":{"line":102,"column":15}},"41":{"start":{"line":106,"column":21},"end":{"line":106,"column":61}},"42":{"start":{"line":109,"column":6},"end":{"line":109,"column":79}},"43":{"start":{"line":110,"column":6},"end":{"line":110,"column":83}},"44":{"start":{"line":113,"column":6},"end":{"line":113,"column":48}},"45":{"start":{"line":116,"column":6},"end":{"line":116,"column":52}},"46":{"start":{"line":118,"column":6},"end":{"line":118,"column":55}},"47":{"start":{"line":119,"column":6},"end":{"line":119,"column":41}},"48":{"start":{"line":127,"column":4},"end":{"line":127,"column":51}},"49":{"start":{"line":128,"column":4},"end":{"line":128,"column":43}},"50":{"start":{"line":135,"column":4},"end":{"line":135,"column":32}},"51":{"start":{"line":142,"column":4},"end":{"line":144,"column":5}},"52":{"start":{"line":143,"column":6},"end":{"line":143,"column":41}},"53":{"start":{"line":146,"column":4},"end":{"line":149,"column":32}},"54":{"start":{"line":147,"column":6},"end":{"line":147,"column":63}},"55":{"start":{"line":148,"column":6},"end":{"line":148,"column":35}},"56":{"start":{"line":156,"column":4},"end":{"line":159,"column":5}},"57":{"start":{"line":157,"column":6},"end":{"line":157,"column":41}},"58":{"start":{"line":158,"column":6},"end":{"line":158,"column":34}},"59":{"start":{"line":166,"column":4},"end":{"line":169,"column":5}},"60":{"start":{"line":167,"column":6},"end":{"line":167,"column":38}},"61":{"start":{"line":168,"column":6},"end":{"line":168,"column":31}},"62":{"start":{"line":170,"column":4},"end":{"line":170,"column":31}},"63":{"start":{"line":177,"column":24},"end":{"line":177,"column":76}},"64":{"start":{"line":179,"column":4},"end":{"line":190,"column":5}},"65":{"start":{"line":181,"column":6},"end":{"line":186,"column":7}},"66":{"start":{"line":182,"column":8},"end":{"line":182,"column":40}},"67":{"start":{"line":185,"column":8},"end":{"line":185,"column":47}},"68":{"start":{"line":189,"column":6},"end":{"line":189,"column":34}},"69":{"start":{"line":194,"column":28},"end":{"line":194,"column":46}}},"fnMap":{"0":{"name":"(anonymous_0)","decl":{"start":{"line":19,"column":2},"end":{"line":19,"column":3}},"loc":{"start":{"line":19,"column":61},"end":{"line":34,"column":3}},"line":19},"1":{"name":"(anonymous_1)","decl":{"start":{"line":26,"column":15},"end":{"line":26,"column":16}},"loc":{"start":{"line":26,"column":22},"end":{"line":26,"column":75}},"line":26},"2":{"name":"(anonymous_2)","decl":{"start":{"line":39,"column":2},"end":{"line":39,"column":3}},"loc":{"start":{"line":39,"column":41},"end":{"line":47,"column":3}},"line":39},"3":{"name":"(anonymous_3)","decl":{"start":{"line":52,"column":2},"end":{"line":52,"column":3}},"loc":{"start":{"line":52,"column":44},"end":{"line":61,"column":3}},"line":52},"4":{"name":"(anonymous_4)","decl":{"start":{"line":66,"column":2},"end":{"line":66,"column":3}},"loc":{"start":{"line":66,"column":50},"end":{"line":83,"column":3}},"line":66},"5":{"name":"(anonymous_5)","decl":{"start":{"line":76,"column":37},"end":{"line":76,"column":38}},"loc":{"start":{"line":76,"column":43},"end":{"line":78,"column":7}},"line":76},"6":{"name":"(anonymous_6)","decl":{"start":{"line":88,"column":2},"end":{"line":88,"column":3}},"loc":{"start":{"line":88,"column":52},"end":{"line":121,"column":3}},"line":88},"7":{"name":"(anonymous_7)","decl":{"start":{"line":126,"column":2},"end":{"line":126,"column":3}},"loc":{"start":{"line":126,"column":55},"end":{"line":129,"column":3}},"line":126},"8":{"name":"(anonymous_8)","decl":{"start":{"line":134,"column":2},"end":{"line":134,"column":3}},"loc":{"start":{"line":134,"column":31},"end":{"line":136,"column":3}},"line":134},"9":{"name":"(anonymous_9)","decl":{"start":{"line":141,"column":2},"end":{"line":141,"column":3}},"loc":{"start":{"line":141,"column":31},"end":{"line":150,"column":3}},"line":141},"10":{"name":"(anonymous_10)","decl":{"start":{"line":146,"column":38},"end":{"line":146,"column":39}},"loc":{"start":{"line":146,"column":44},"end":{"line":149,"column":5}},"line":146},"11":{"name":"(anonymous_11)","decl":{"start":{"line":155,"column":2},"end":{"line":155,"column":3}},"loc":{"start":{"line":155,"column":30},"end":{"line":160,"column":3}},"line":155},"12":{"name":"(anonymous_12)","decl":{"start":{"line":165,"column":2},"end":{"line":165,"column":3}},"loc":{"start":{"line":165,"column":24},"end":{"line":171,"column":3}},"line":165},"13":{"name":"(anonymous_13)","decl":{"start":{"line":176,"column":2},"end":{"line":176,"column":3}},"loc":{"start":{"line":176,"column":36},"end":{"line":191,"column":3}},"line":176}},"branchMap":{"0":{"loc":{"start":{"line":41,"column":4},"end":{"line":43,"column":5}},"type":"if","locations":[{"start":{"line":41,"column":4},"end":{"line":43,"column":5}},{"start":{},"end":{}}],"line":41},"1":{"loc":{"start":{"line":41,"column":8},"end":{"line":41,"column":32}},"type":"binary-expr","locations":[{"start":{"line":41,"column":8},"end":{"line":41,"column":16}},{"start":{"line":41,"column":20},"end":{"line":41,"column":32}}],"line":41},"2":{"loc":{"start":{"line":54,"column":4},"end":{"line":56,"column":5}},"type":"if","locations":[{"start":{"line":54,"column":4},"end":{"line":56,"column":5}},{"start":{},"end":{}}],"line":54},"3":{"loc":{"start":{"line":54,"column":8},"end":{"line":54,"column":32}},"type":"binary-expr","locations":[{"start":{"line":54,"column":8},"end":{"line":54,"column":16}},{"start":{"line":54,"column":20},"end":{"line":54,"column":32}}],"line":54},"4":{"loc":{"start":{"line":68,"column":4},"end":{"line":70,"column":5}},"type":"if","locations":[{"start":{"line":68,"column":4},"end":{"line":70,"column":5}},{"start":{},"end":{}}],"line":68},"5":{"loc":{"start":{"line":75,"column":4},"end":{"line":82,"column":5}},"type":"if","locations":[{"start":{"line":75,"column":4},"end":{"line":82,"column":5}},{"start":{"line":79,"column":11},"end":{"line":82,"column":5}}],"line":75},"6":{"loc":{"start":{"line":92,"column":6},"end":{"line":96,"column":7}},"type":"if","locations":[{"start":{"line":92,"column":6},"end":{"line":96,"column":7}},{"start":{},"end":{}}],"line":92},"7":{"loc":{"start":{"line":99,"column":6},"end":{"line":103,"column":7}},"type":"if","locations":[{"start":{"line":99,"column":6},"end":{"line":103,"column":7}},{"start":{},"end":{}}],"line":99},"8":{"loc":{"start":{"line":142,"column":4},"end":{"line":144,"column":5}},"type":"if","locations":[{"start":{"line":142,"column":4},"end":{"line":144,"column":5}},{"start":{},"end":{}}],"line":142},"9":{"loc":{"start":{"line":156,"column":4},"end":{"line":159,"column":5}},"type":"if","locations":[{"start":{"line":156,"column":4},"end":{"line":159,"column":5}},{"start":{},"end":{}}],"line":156},"10":{"loc":{"start":{"line":166,"column":4},"end":{"line":169,"column":5}},"type":"if","locations":[{"start":{"line":166,"column":4},"end":{"line":169,"column":5}},{"start":{},"end":{}}],"line":166},"11":{"loc":{"start":{"line":179,"column":4},"end":{"line":190,"column":5}},"type":"if","locations":[{"start":{"line":179,"column":4},"end":{"line":190,"column":5}},{"start":{},"end":{}}],"line":179},"12":{"loc":{"start":{"line":181,"column":6},"end":{"line":186,"column":7}},"type":"if","locations":[{"start":{"line":181,"column":6},"end":{"line":186,"column":7}},{"start":{"line":183,"column":13},"end":{"line":186,"column":7}}],"line":181}},"s":{"0":0,"1":0,"2":0,"3":0,"4":0,"5":0,"6":0,"7":0,"8":0,"9":0,"10":0,"11":0,"12":0,"13":0,"14":0,"15":0,"16":0,"17":0,"18":0,"19":0,"20":0,"21":0,"22":0,"23":0,"24":0,"25":0,"26":0,"27":0,"28":0,"29":0,"30":0,"31":0,"32":0,"33":0,"34":0,"35":0,"36":0,"37":0,"38":0,"39":0,"40":0,"41":0,"42":0,"43":0,"44":0,"45":0,"46":0,"47":0,"48":0,"49":0,"50":0,"51":0,"52":0,"53":0,"54":0,"55":0,"56":0,"57":0,"58":0,"59":0,"60":0,"61":0,"62":0,"63":0,"64":0,"65":0,"66":0,"67":0,"68":0,"69":0},"f":{"0":0,"1":0,"2":0,"3":0,"4":0,"5":0,"6":0,"7":0,"8":0,"9":0,"10":0,"11":0,"12":0,"13":0},"b":{"0":[0,0],"1":[0,0],"2":[0,0],"3":[0,0],"4":[0,0],"5":[0,0],"6":[0,0],"7":[0,0],"8":[0,0],"9":[0,0],"10":[0,0],"11":[0,0],"12":[0,0]}}
,"C:\\Users\\PCPV\\source\\repos\\rental-management-app\\src\\features\\auth\\types\\index.ts": {"path":"C:\\Users\\PCPV\\source\\repos\\rental-management-app\\src\\features\\auth\\types\\index.ts","statementMap":{},"fnMap":{},"branchMap":{},"s":{},"f":{},"b":{}}
,"C:\\Users\\PCPV\\source\\repos\\rental-management-app\\src\\infrastructure\\api\\QueryProvider.tsx": {"path":"C:\\Users\\PCPV\\source\\repos\\rental-management-app\\src\\infrastructure\\api\\QueryProvider.tsx","statementMap":{"0":{"start":{"line":18,"column":59},"end":{"line":20,"column":1}},"1":{"start":{"line":19,"column":2},"end":{"line":19,"column":84}}},"fnMap":{"0":{"name":"(anonymous_0)","decl":{"start":{"line":18,"column":59},"end":{"line":18,"column":60}},"loc":{"start":{"line":18,"column":77},"end":{"line":20,"column":1}},"line":18}},"branchMap":{},"s":{"0":0,"1":0},"f":{"0":0},"b":{}}
,"C:\\Users\\PCPV\\source\\repos\\rental-management-app\\src\\infrastructure\\api\\client.ts": {"path":"C:\\Users\\PCPV\\source\\repos\\rental-management-app\\src\\infrastructure\\api\\client.ts","statementMap":{"0":{"start":{"line":15,"column":28},"end":{"line":26,"column":1}},"1":{"start":{"line":16,"column":19},"end":{"line":23,"column":4}},"2":{"start":{"line":25,"column":2},"end":{"line":25,"column":18}},"3":{"start":{"line":33,"column":25},"end":{"line":33,"column":30}},"4":{"start":{"line":34,"column":63},"end":{"line":34,"column":65}},"5":{"start":{"line":37,"column":4},"end":{"line":37,"column":40}},"6":{"start":{"line":38,"column":4},"end":{"line":38,"column":29}},"7":{"start":{"line":46,"column":4},"end":{"line":49,"column":6}},"8":{"start":{"line":48,"column":17},"end":{"line":48,"column":38}},"9":{"start":{"line":52,"column":4},"end":{"line":55,"column":6}},"10":{"start":{"line":53,"column":20},"end":{"line":53,"column":28}},"11":{"start":{"line":65,"column":25},"end":{"line":65,"column":86}},"12":{"start":{"line":68,"column":4},"end":{"line":70,"column":5}},"13":{"start":{"line":69,"column":6},"end":{"line":69,"column":20}},"14":{"start":{"line":73,"column":28},"end":{"line":73,"column":51}},"15":{"start":{"line":74,"column":4},"end":{"line":76,"column":5}},"16":{"start":{"line":75,"column":6},"end":{"line":75,"column":61}},"17":{"start":{"line":78,"column":4},"end":{"line":78,"column":18}},"18":{"start":{"line":86,"column":28},"end":{"line":86,"column":40}},"19":{"start":{"line":89,"column":21},"end":{"line":89,"column":42}},"20":{"start":{"line":92,"column":4},"end":{"line":125,"column":5}},"21":{"start":{"line":93,"column":6},"end":{"line":101,"column":7}},"22":{"start":{"line":95,"column":8},"end":{"line":100,"column":11}},"23":{"start":{"line":96,"column":10},"end":{"line":99,"column":13}},"24":{"start":{"line":97,"column":12},"end":{"line":97,"column":70}},"25":{"start":{"line":98,"column":12},"end":{"line":98,"column":50}},"26":{"start":{"line":103,"column":6},"end":{"line":103,"column":36}},"27":{"start":{"line":104,"column":6},"end":{"line":104,"column":31}},"28":{"start":{"line":106,"column":6},"end":{"line":124,"column":7}},"29":{"start":{"line":108,"column":25},"end":{"line":108,"column":56}},"30":{"start":{"line":111,"column":8},"end":{"line":111,"column":74}},"31":{"start":{"line":111,"column":54},"end":{"line":111,"column":72}},"32":{"start":{"line":112,"column":8},"end":{"line":112,"column":37}},"33":{"start":{"line":115,"column":8},"end":{"line":115,"column":69}},"34":{"start":{"line":116,"column":8},"end":{"line":116,"column":44}},"35":{"start":{"line":119,"column":8},"end":{"line":119,"column":37}},"36":{"start":{"line":120,"column":8},"end":{"line":120,"column":47}},"37":{"start":{"line":121,"column":8},"end":{"line":121,"column":40}},"38":{"start":{"line":123,"column":8},"end":{"line":123,"column":34}},"39":{"start":{"line":127,"column":4},"end":{"line":127,"column":36}},"40":{"start":{"line":134,"column":29},"end":{"line":134,"column":52}},"41":{"start":{"line":136,"column":4},"end":{"line":138,"column":5}},"42":{"start":{"line":137,"column":6},"end":{"line":137,"column":52}},"43":{"start":{"line":140,"column":4},"end":{"line":158,"column":5}},"44":{"start":{"line":141,"column":23},"end":{"line":145,"column":7}},"45":{"start":{"line":147,"column":61},"end":{"line":147,"column":79}},"46":{"start":{"line":150,"column":6},"end":{"line":153,"column":9}},"47":{"start":{"line":155,"column":6},"end":{"line":155,"column":25}},"48":{"start":{"line":157,"column":6},"end":{"line":157,"column":49}},"49":{"start":{"line":168,"column":4},"end":{"line":173,"column":5}},"50":{"start":{"line":169,"column":23},"end":{"line":169,"column":60}},"51":{"start":{"line":170,"column":6},"end":{"line":170,"column":27}},"52":{"start":{"line":172,"column":6},"end":{"line":172,"column":34}},"53":{"start":{"line":184,"column":4},"end":{"line":189,"column":5}},"54":{"start":{"line":185,"column":23},"end":{"line":185,"column":67}},"55":{"start":{"line":186,"column":6},"end":{"line":186,"column":27}},"56":{"start":{"line":188,"column":6},"end":{"line":188,"column":34}},"57":{"start":{"line":200,"column":4},"end":{"line":205,"column":5}},"58":{"start":{"line":201,"column":23},"end":{"line":201,"column":66}},"59":{"start":{"line":202,"column":6},"end":{"line":202,"column":27}},"60":{"start":{"line":204,"column":6},"end":{"line":204,"column":34}},"61":{"start":{"line":216,"column":4},"end":{"line":221,"column":5}},"62":{"start":{"line":217,"column":23},"end":{"line":217,"column":68}},"63":{"start":{"line":218,"column":6},"end":{"line":218,"column":27}},"64":{"start":{"line":220,"column":6},"end":{"line":220,"column":34}},"65":{"start":{"line":231,"column":4},"end":{"line":236,"column":5}},"66":{"start":{"line":232,"column":23},"end":{"line":232,"column":63}},"67":{"start":{"line":233,"column":6},"end":{"line":233,"column":27}},"68":{"start":{"line":235,"column":6},"end":{"line":235,"column":34}},"69":{"start":{"line":243,"column":4},"end":{"line":243,"column":23}},"70":{"start":{"line":248,"column":25},"end":{"line":248,"column":40}}},"fnMap":{"0":{"name":"(anonymous_0)","decl":{"start":{"line":15,"column":28},"end":{"line":15,"column":29}},"loc":{"start":{"line":15,"column":49},"end":{"line":26,"column":1}},"line":15},"1":{"name":"(anonymous_1)","decl":{"start":{"line":36,"column":2},"end":{"line":36,"column":3}},"loc":{"start":{"line":36,"column":16},"end":{"line":39,"column":3}},"line":36},"2":{"name":"(anonymous_2)","decl":{"start":{"line":44,"column":2},"end":{"line":44,"column":3}},"loc":{"start":{"line":44,"column":36},"end":{"line":56,"column":3}},"line":44},"3":{"name":"(anonymous_3)","decl":{"start":{"line":48,"column":6},"end":{"line":48,"column":7}},"loc":{"start":{"line":48,"column":17},"end":{"line":48,"column":38}},"line":48},"4":{"name":"(anonymous_4)","decl":{"start":{"line":53,"column":6},"end":{"line":53,"column":7}},"loc":{"start":{"line":53,"column":20},"end":{"line":53,"column":28}},"line":53},"5":{"name":"(anonymous_5)","decl":{"start":{"line":62,"column":2},"end":{"line":62,"column":3}},"loc":{"start":{"line":64,"column":32},"end":{"line":79,"column":3}},"line":64},"6":{"name":"(anonymous_6)","decl":{"start":{"line":85,"column":2},"end":{"line":85,"column":3}},"loc":{"start":{"line":85,"column":62},"end":{"line":128,"column":3}},"line":85},"7":{"name":"(anonymous_7)","decl":{"start":{"line":95,"column":27},"end":{"line":95,"column":28}},"loc":{"start":{"line":95,"column":40},"end":{"line":100,"column":9}},"line":95},"8":{"name":"(anonymous_8)","decl":{"start":{"line":96,"column":39},"end":{"line":96,"column":40}},"loc":{"start":{"line":96,"column":58},"end":{"line":99,"column":11}},"line":96},"9":{"name":"(anonymous_9)","decl":{"start":{"line":111,"column":40},"end":{"line":111,"column":41}},"loc":{"start":{"line":111,"column":54},"end":{"line":111,"column":72}},"line":111},"10":{"name":"(anonymous_10)","decl":{"start":{"line":133,"column":2},"end":{"line":133,"column":3}},"loc":{"start":{"line":133,"column":54},"end":{"line":159,"column":3}},"line":133},"11":{"name":"(anonymous_11)","decl":{"start":{"line":164,"column":2},"end":{"line":164,"column":3}},"loc":{"start":{"line":167,"column":16},"end":{"line":174,"column":3}},"line":167},"12":{"name":"(anonymous_12)","decl":{"start":{"line":179,"column":2},"end":{"line":179,"column":3}},"loc":{"start":{"line":183,"column":16},"end":{"line":190,"column":3}},"line":183},"13":{"name":"(anonymous_13)","decl":{"start":{"line":195,"column":2},"end":{"line":195,"column":3}},"loc":{"start":{"line":199,"column":16},"end":{"line":206,"column":3}},"line":199},"14":{"name":"(anonymous_14)","decl":{"start":{"line":211,"column":2},"end":{"line":211,"column":3}},"loc":{"start":{"line":215,"column":16},"end":{"line":222,"column":3}},"line":215},"15":{"name":"(anonymous_15)","decl":{"start":{"line":227,"column":2},"end":{"line":227,"column":3}},"loc":{"start":{"line":230,"column":16},"end":{"line":237,"column":3}},"line":230},"16":{"name":"(anonymous_16)","decl":{"start":{"line":242,"column":2},"end":{"line":242,"column":3}},"loc":{"start":{"line":242,"column":29},"end":{"line":244,"column":3}},"line":242}},"branchMap":{"0":{"loc":{"start":{"line":68,"column":4},"end":{"line":70,"column":5}},"type":"if","locations":[{"start":{"line":68,"column":4},"end":{"line":70,"column":5}},{"start":{},"end":{}}],"line":68},"1":{"loc":{"start":{"line":74,"column":4},"end":{"line":76,"column":5}},"type":"if","locations":[{"start":{"line":74,"column":4},"end":{"line":76,"column":5}},{"start":{},"end":{}}],"line":74},"2":{"loc":{"start":{"line":92,"column":4},"end":{"line":125,"column":5}},"type":"if","locations":[{"start":{"line":92,"column":4},"end":{"line":125,"column":5}},{"start":{},"end":{}}],"line":92},"3":{"loc":{"start":{"line":92,"column":8},"end":{"line":92,"column":56}},"type":"binary-expr","locations":[{"start":{"line":92,"column":8},"end":{"line":92,"column":29}},{"start":{"line":92,"column":33},"end":{"line":92,"column":56}}],"line":92},"4":{"loc":{"start":{"line":93,"column":6},"end":{"line":101,"column":7}},"type":"if","locations":[{"start":{"line":93,"column":6},"end":{"line":101,"column":7}},{"start":{},"end":{}}],"line":93},"5":{"loc":{"start":{"line":136,"column":4},"end":{"line":138,"column":5}},"type":"if","locations":[{"start":{"line":136,"column":4},"end":{"line":138,"column":5}},{"start":{},"end":{}}],"line":136}},"s":{"0":0,"1":0,"2":0,"3":0,"4":0,"5":0,"6":0,"7":0,"8":0,"9":0,"10":0,"11":0,"12":0,"13":0,"14":0,"15":0,"16":0,"17":0,"18":0,"19":0,"20":0,"21":0,"22":0,"23":0,"24":0,"25":0,"26":0,"27":0,"28":0,"29":0,"30":0,"31":0,"32":0,"33":0,"34":0,"35":0,"36":0,"37":0,"38":0,"39":0,"40":0,"41":0,"42":0,"43":0,"44":0,"45":0,"46":0,"47":0,"48":0,"49":0,"50":0,"51":0,"52":0,"53":0,"54":0,"55":0,"56":0,"57":0,"58":0,"59":0,"60":0,"61":0,"62":0,"63":0,"64":0,"65":0,"66":0,"67":0,"68":0,"69":0,"70":0},"f":{"0":0,"1":0,"2":0,"3":0,"4":0,"5":0,"6":0,"7":0,"8":0,"9":0,"10":0,"11":0,"12":0,"13":0,"14":0,"15":0,"16":0},"b":{"0":[0,0],"1":[0,0],"2":[0,0],"3":[0,0],"4":[0,0],"5":[0,0]}}
,"C:\\Users\\PCPV\\source\\repos\\rental-management-app\\src\\infrastructure\\api\\errorHandler.ts": {"path":"C:\\Users\\PCPV\\source\\repos\\rental-management-app\\src\\infrastructure\\api\\errorHandler.ts","statementMap":{"0":{"start":{"line":12,"column":28},"end":{"line":17,"column":1}},"1":{"start":{"line":13,"column":2},"end":{"line":13,"column":46}},"2":{"start":{"line":13,"column":33},"end":{"line":13,"column":46}},"3":{"start":{"line":14,"column":2},"end":{"line":14,"column":43}},"4":{"start":{"line":14,"column":22},"end":{"line":14,"column":43}},"5":{"start":{"line":15,"column":2},"end":{"line":15,"column":39}},"6":{"start":{"line":15,"column":20},"end":{"line":15,"column":39}},"7":{"start":{"line":16,"column":2},"end":{"line":16,"column":40}},"8":{"start":{"line":22,"column":32},"end":{"line":27,"column":1}},"9":{"start":{"line":23,"column":2},"end":{"line":25,"column":3}},"10":{"start":{"line":24,"column":4},"end":{"line":24,"column":24}},"11":{"start":{"line":26,"column":2},"end":{"line":26,"column":19}},"12":{"start":{"line":32,"column":30},"end":{"line":122,"column":1}},"13":{"start":{"line":34,"column":2},"end":{"line":108,"column":3}},"14":{"start":{"line":35,"column":19},"end":{"line":35,"column":41}},"15":{"start":{"line":36,"column":25},"end":{"line":36,"column":69}},"16":{"start":{"line":39,"column":4},"end":{"line":50,"column":5}},"17":{"start":{"line":40,"column":6},"end":{"line":45,"column":7}},"18":{"start":{"line":41,"column":8},"end":{"line":44,"column":10}},"19":{"start":{"line":46,"column":6},"end":{"line":49,"column":8}},"20":{"start":{"line":53,"column":4},"end":{"line":107,"column":5}},"21":{"start":{"line":55,"column":8},"end":{"line":60,"column":10}},"22":{"start":{"line":63,"column":8},"end":{"line":67,"column":10}},"23":{"start":{"line":70,"column":8},"end":{"line":74,"column":10}},"24":{"start":{"line":77,"column":8},"end":{"line":81,"column":10}},"25":{"start":{"line":84,"column":8},"end":{"line":89,"column":10}},"26":{"start":{"line":95,"column":8},"end":{"line":99,"column":10}},"27":{"start":{"line":102,"column":8},"end":{"line":106,"column":10}},"28":{"start":{"line":111,"column":2},"end":{"line":113,"column":3}},"29":{"start":{"line":112,"column":4},"end":{"line":112,"column":17}},"30":{"start":{"line":116,"column":2},"end":{"line":118,"column":3}},"31":{"start":{"line":117,"column":4},"end":{"line":117,"column":64}},"32":{"start":{"line":121,"column":2},"end":{"line":121,"column":79}},"33":{"start":{"line":127,"column":35},"end":{"line":130,"column":1}},"34":{"start":{"line":129,"column":2},"end":{"line":129,"column":23}},"35":{"start":{"line":135,"column":27},"end":{"line":137,"column":1}},"36":{"start":{"line":136,"column":2},"end":{"line":136,"column":47}},"37":{"start":{"line":142,"column":30},"end":{"line":144,"column":1}},"38":{"start":{"line":143,"column":2},"end":{"line":143,"column":90}},"39":{"start":{"line":149,"column":33},"end":{"line":151,"column":1}},"40":{"start":{"line":150,"column":2},"end":{"line":150,"column":51}}},"fnMap":{"0":{"name":"(anonymous_0)","decl":{"start":{"line":12,"column":28},"end":{"line":12,"column":29}},"loc":{"start":{"line":12,"column":52},"end":{"line":17,"column":1}},"line":12},"1":{"name":"(anonymous_1)","decl":{"start":{"line":22,"column":32},"end":{"line":22,"column":33}},"loc":{"start":{"line":22,"column":86},"end":{"line":27,"column":1}},"line":22},"2":{"name":"(anonymous_2)","decl":{"start":{"line":32,"column":30},"end":{"line":32,"column":31}},"loc":{"start":{"line":32,"column":60},"end":{"line":122,"column":1}},"line":32},"3":{"name":"(anonymous_3)","decl":{"start":{"line":127,"column":35},"end":{"line":127,"column":36}},"loc":{"start":{"line":127,"column":64},"end":{"line":130,"column":1}},"line":127},"4":{"name":"(anonymous_4)","decl":{"start":{"line":135,"column":27},"end":{"line":135,"column":28}},"loc":{"start":{"line":135,"column":57},"end":{"line":137,"column":1}},"line":135},"5":{"name":"(anonymous_5)","decl":{"start":{"line":142,"column":30},"end":{"line":142,"column":31}},"loc":{"start":{"line":142,"column":60},"end":{"line":144,"column":1}},"line":142},"6":{"name":"(anonymous_6)","decl":{"start":{"line":149,"column":33},"end":{"line":149,"column":34}},"loc":{"start":{"line":149,"column":63},"end":{"line":151,"column":1}},"line":149}},"branchMap":{"0":{"loc":{"start":{"line":13,"column":2},"end":{"line":13,"column":46}},"type":"if","locations":[{"start":{"line":13,"column":2},"end":{"line":13,"column":46}},{"start":{},"end":{}}],"line":13},"1":{"loc":{"start":{"line":14,"column":2},"end":{"line":14,"column":43}},"type":"if","locations":[{"start":{"line":14,"column":2},"end":{"line":14,"column":43}},{"start":{},"end":{}}],"line":14},"2":{"loc":{"start":{"line":15,"column":2},"end":{"line":15,"column":39}},"type":"if","locations":[{"start":{"line":15,"column":2},"end":{"line":15,"column":39}},{"start":{},"end":{}}],"line":15},"3":{"loc":{"start":{"line":23,"column":2},"end":{"line":25,"column":3}},"type":"if","locations":[{"start":{"line":23,"column":2},"end":{"line":25,"column":3}},{"start":{},"end":{}}],"line":23},"4":{"loc":{"start":{"line":23,"column":6},"end":{"line":23,"column":55}},"type":"binary-expr","locations":[{"start":{"line":23,"column":6},"end":{"line":23,"column":19}},{"start":{"line":23,"column":23},"end":{"line":23,"column":55}}],"line":23},"5":{"loc":{"start":{"line":34,"column":2},"end":{"line":108,"column":3}},"type":"if","locations":[{"start":{"line":34,"column":2},"end":{"line":108,"column":3}},{"start":{},"end":{}}],"line":34},"6":{"loc":{"start":{"line":39,"column":4},"end":{"line":50,"column":5}},"type":"if","locations":[{"start":{"line":39,"column":4},"end":{"line":50,"column":5}},{"start":{},"end":{}}],"line":39},"7":{"loc":{"start":{"line":40,"column":6},"end":{"line":45,"column":7}},"type":"if","locations":[{"start":{"line":40,"column":6},"end":{"line":45,"column":7}},{"start":{},"end":{}}],"line":40},"8":{"loc":{"start":{"line":40,"column":10},"end":{"line":40,"column":76}},"type":"binary-expr","locations":[{"start":{"line":40,"column":10},"end":{"line":40,"column":39}},{"start":{"line":40,"column":43},"end":{"line":40,"column":76}}],"line":40},"9":{"loc":{"start":{"line":53,"column":4},"end":{"line":107,"column":5}},"type":"switch","locations":[{"start":{"line":54,"column":6},"end":{"line":60,"column":10}},{"start":{"line":62,"column":6},"end":{"line":67,"column":10}},{"start":{"line":69,"column":6},"end":{"line":74,"column":10}},{"start":{"line":76,"column":6},"end":{"line":81,"column":10}},{"start":{"line":83,"column":6},"end":{"line":89,"column":10}},{"start":{"line":91,"column":6},"end":{"line":91,"column":15}},{"start":{"line":92,"column":6},"end":{"line":92,"column":15}},{"start":{"line":93,"column":6},"end":{"line":93,"column":15}},{"start":{"line":94,"column":6},"end":{"line":99,"column":10}},{"start":{"line":101,"column":6},"end":{"line":106,"column":10}}],"line":53},"10":{"loc":{"start":{"line":56,"column":10},"end":{"line":56,"column":64}},"type":"binary-expr","locations":[{"start":{"line":56,"column":10},"end":{"line":56,"column":43}},{"start":{"line":56,"column":47},"end":{"line":56,"column":64}}],"line":56},"11":{"loc":{"start":{"line":64,"column":10},"end":{"line":64,"column":72}},"type":"binary-expr","locations":[{"start":{"line":64,"column":10},"end":{"line":64,"column":43}},{"start":{"line":64,"column":47},"end":{"line":64,"column":72}}],"line":64},"12":{"loc":{"start":{"line":71,"column":10},"end":{"line":71,"column":62}},"type":"binary-expr","locations":[{"start":{"line":71,"column":10},"end":{"line":71,"column":43}},{"start":{"line":71,"column":47},"end":{"line":71,"column":62}}],"line":71},"13":{"loc":{"start":{"line":78,"column":10},"end":{"line":78,"column":67}},"type":"binary-expr","locations":[{"start":{"line":78,"column":10},"end":{"line":78,"column":43}},{"start":{"line":78,"column":47},"end":{"line":78,"column":67}}],"line":78},"14":{"loc":{"start":{"line":85,"column":10},"end":{"line":85,"column":66}},"type":"binary-expr","locations":[{"start":{"line":85,"column":10},"end":{"line":85,"column":43}},{"start":{"line":85,"column":47},"end":{"line":85,"column":66}}],"line":85},"15":{"loc":{"start":{"line":103,"column":10},"end":{"line":103,"column":66}},"type":"binary-expr","locations":[{"start":{"line":103,"column":10},"end":{"line":103,"column":43}},{"start":{"line":103,"column":47},"end":{"line":103,"column":66}}],"line":103},"16":{"loc":{"start":{"line":111,"column":2},"end":{"line":113,"column":3}},"type":"if","locations":[{"start":{"line":111,"column":2},"end":{"line":113,"column":3}},{"start":{},"end":{}}],"line":111},"17":{"loc":{"start":{"line":116,"column":2},"end":{"line":118,"column":3}},"type":"if","locations":[{"start":{"line":116,"column":2},"end":{"line":118,"column":3}},{"start":{},"end":{}}],"line":116},"18":{"loc":{"start":{"line":143,"column":9},"end":{"line":143,"column":89}},"type":"binary-expr","locations":[{"start":{"line":143,"column":9},"end":{"line":143,"column":47}},{"start":{"line":143,"column":51},"end":{"line":143,"column":89}}],"line":143}},"s":{"0":1,"1":3,"2":0,"3":3,"4":3,"5":0,"6":0,"7":0,"8":1,"9":1,"10":1,"11":0,"12":1,"13":7,"14":6,"15":6,"16":6,"17":2,"18":1,"19":1,"20":4,"21":0,"22":1,"23":0,"24":1,"25":1,"26":1,"27":0,"28":1,"29":0,"30":1,"31":1,"32":0,"33":1,"34":0,"35":1,"36":0,"37":1,"38":0,"39":1,"40":0},"f":{"0":3,"1":1,"2":7,"3":0,"4":0,"5":0,"6":0},"b":{"0":[0,3],"1":[3,0],"2":[0,0],"3":[1,0],"4":[1,1],"5":[6,1],"6":[2,4],"7":[1,1],"8":[2,1],"9":[0,1,0,1,1,1,1,1,1,0],"10":[0,0],"11":[1,0],"12":[0,0],"13":[1,0],"14":[1,0],"15":[0,0],"16":[0,1],"17":[1,0],"18":[0,0]},"_coverageSchema":"1a1c01bbd47fc00a2c39e90264f33305004495a9","hash":"196b563636cead52d193d7797ec39f562c93fdf5"}
,"C:\\Users\\PCPV\\source\\repos\\rental-management-app\\src\\infrastructure\\api\\index.ts": {"path":"C:\\Users\\PCPV\\source\\repos\\rental-management-app\\src\\infrastructure\\api\\index.ts","statementMap":{},"fnMap":{},"branchMap":{},"s":{},"f":{},"b":{}}
,"C:\\Users\\PCPV\\source\\repos\\rental-management-app\\src\\infrastructure\\api\\queryClient.ts": {"path":"C:\\Users\\PCPV\\source\\repos\\rental-management-app\\src\\infrastructure\\api\\queryClient.ts","statementMap":{"0":{"start":{"line":12,"column":44},"end":{"line":60,"column":1}},"1":{"start":{"line":23,"column":6},"end":{"line":25,"column":7}},"2":{"start":{"line":24,"column":8},"end":{"line":24,"column":21}},"3":{"start":{"line":28,"column":6},"end":{"line":30,"column":7}},"4":{"start":{"line":29,"column":8},"end":{"line":29,"column":21}},"5":{"start":{"line":33,"column":6},"end":{"line":35,"column":7}},"6":{"start":{"line":34,"column":8},"end":{"line":34,"column":21}},"7":{"start":{"line":38,"column":6},"end":{"line":38,"column":30}},"8":{"start":{"line":42,"column":34},"end":{"line":42,"column":75}},"9":{"start":{"line":65,"column":33},"end":{"line":69,"column":1}},"10":{"start":{"line":66,"column":2},"end":{"line":68,"column":5}},"11":{"start":{"line":74,"column":27},"end":{"line":74,"column":46}},"12":{"start":{"line":79,"column":32},"end":{"line":136,"column":1}},"13":{"start":{"line":84,"column":4},"end":{"line":84,"column":65}},"14":{"start":{"line":91,"column":4},"end":{"line":91,"column":31}},"15":{"start":{"line":98,"column":4},"end":{"line":98,"column":51}},"16":{"start":{"line":109,"column":4},"end":{"line":113,"column":7}},"17":{"start":{"line":120,"column":4},"end":{"line":120,"column":52}},"18":{"start":{"line":127,"column":4},"end":{"line":127,"column":46}},"19":{"start":{"line":134,"column":4},"end":{"line":134,"column":51}}},"fnMap":{"0":{"name":"(anonymous_0)","decl":{"start":{"line":21,"column":11},"end":{"line":21,"column":12}},"loc":{"start":{"line":21,"column":36},"end":{"line":39,"column":5}},"line":21},"1":{"name":"(anonymous_1)","decl":{"start":{"line":42,"column":16},"end":{"line":42,"column":17}},"loc":{"start":{"line":42,"column":34},"end":{"line":42,"column":75}},"line":42},"2":{"name":"(anonymous_2)","decl":{"start":{"line":65,"column":33},"end":{"line":65,"column":34}},"loc":{"start":{"line":65,"column":52},"end":{"line":69,"column":1}},"line":65},"3":{"name":"(anonymous_3)","decl":{"start":{"line":83,"column":20},"end":{"line":83,"column":21}},"loc":{"start":{"line":83,"column":40},"end":{"line":85,"column":3}},"line":83},"4":{"name":"(anonymous_4)","decl":{"start":{"line":90,"column":14},"end":{"line":90,"column":15}},"loc":{"start":{"line":90,"column":20},"end":{"line":92,"column":3}},"line":90},"5":{"name":"(anonymous_5)","decl":{"start":{"line":97,"column":17},"end":{"line":97,"column":18}},"loc":{"start":{"line":97,"column":51},"end":{"line":99,"column":3}},"line":97},"6":{"name":"(anonymous_6)","decl":{"start":{"line":104,"column":12},"end":{"line":104,"column":13}},"loc":{"start":{"line":108,"column":7},"end":{"line":114,"column":3}},"line":108},"7":{"name":"(anonymous_7)","decl":{"start":{"line":119,"column":16},"end":{"line":119,"column":17}},"loc":{"start":{"line":119,"column":62},"end":{"line":121,"column":3}},"line":119},"8":{"name":"(anonymous_8)","decl":{"start":{"line":126,"column":16},"end":{"line":126,"column":17}},"loc":{"start":{"line":126,"column":68},"end":{"line":128,"column":3}},"line":126},"9":{"name":"(anonymous_9)","decl":{"start":{"line":133,"column":17},"end":{"line":133,"column":18}},"loc":{"start":{"line":133,"column":51},"end":{"line":135,"column":3}},"line":133}},"branchMap":{"0":{"loc":{"start":{"line":23,"column":6},"end":{"line":25,"column":7}},"type":"if","locations":[{"start":{"line":23,"column":6},"end":{"line":25,"column":7}},{"start":{},"end":{}}],"line":23},"1":{"loc":{"start":{"line":23,"column":10},"end":{"line":23,"column":76}},"type":"binary-expr","locations":[{"start":{"line":23,"column":10},"end":{"line":23,"column":35}},{"start":{"line":23,"column":39},"end":{"line":23,"column":76}}],"line":23},"2":{"loc":{"start":{"line":28,"column":6},"end":{"line":30,"column":7}},"type":"if","locations":[{"start":{"line":28,"column":6},"end":{"line":30,"column":7}},{"start":{},"end":{}}],"line":28},"3":{"loc":{"start":{"line":28,"column":10},"end":{"line":28,"column":80}},"type":"binary-expr","locations":[{"start":{"line":28,"column":10},"end":{"line":28,"column":35}},{"start":{"line":28,"column":39},"end":{"line":28,"column":80}}],"line":28},"4":{"loc":{"start":{"line":33,"column":6},"end":{"line":35,"column":7}},"type":"if","locations":[{"start":{"line":33,"column":6},"end":{"line":35,"column":7}},{"start":{},"end":{}}],"line":33},"5":{"loc":{"start":{"line":33,"column":10},"end":{"line":33,"column":73}},"type":"binary-expr","locations":[{"start":{"line":33,"column":10},"end":{"line":33,"column":35}},{"start":{"line":33,"column":39},"end":{"line":33,"column":73}}],"line":33}},"s":{"0":0,"1":0,"2":0,"3":0,"4":0,"5":0,"6":0,"7":0,"8":0,"9":0,"10":0,"11":0,"12":0,"13":0,"14":0,"15":0,"16":0,"17":0,"18":0,"19":0},"f":{"0":0,"1":0,"2":0,"3":0,"4":0,"5":0,"6":0,"7":0,"8":0,"9":0},"b":{"0":[0,0],"1":[0,0],"2":[0,0],"3":[0,0],"4":[0,0],"5":[0,0]}}
[...]
ers.ts": {"path":"C:\\Users\\PCPV\\source\\repos\\rental-management-app\\src\\shared\\utils\\custom-matchers.ts","statementMap":{"0":{"start":{"line":22,"column":30},"end":{"line":92,"column":1}},"1":{"start":{"line":27,"column":17},"end":{"line":27,"column":50}},"2":{"start":{"line":28,"column":4},"end":{"line":34,"column":6}},"3":{"start":{"line":31,"column":8},"end":{"line":33,"column":89}},"4":{"start":{"line":41,"column":17},"end":{"line":41,"column":52}},"5":{"start":{"line":42,"column":4},"end":{"line":48,"column":6}},"6":{"start":{"line":45,"column":8},"end":{"line":47,"column":72}},"7":{"start":{"line":55,"column":17},"end":{"line":55,"column":60}},"8":{"start":{"line":56,"column":4},"end":{"line":62,"column":6}},"9":{"start":{"line":59,"column":8},"end":{"line":61,"column":62}},"10":{"start":{"line":69,"column":17},"end":{"line":69,"column":84}},"11":{"start":{"line":70,"column":4},"end":{"line":76,"column":6}},"12":{"start":{"line":73,"column":8},"end":{"line":75,"column":58}},"13":{"start":{"line":83,"column":17},"end":{"line":83,"column":71}},"14":{"start":{"line":84,"column":4},"end":{"line":90,"column":6}},"15":{"start":{"line":87,"column":8},"end":{"line":89,"column":60}},"16":{"start":{"line":95,"column":35},"end":{"line":97,"column":1}},"17":{"start":{"line":96,"column":2},"end":{"line":96,"column":32}}},"fnMap":{"0":{"name":"(anonymous_0)","decl":{"start":{"line":26,"column":2},"end":{"line":26,"column":3}},"loc":{"start":{"line":26,"column":38},"end":{"line":35,"column":3}},"line":26},"1":{"name":"(anonymous_1)","decl":{"start":{"line":30,"column":15},"end":{"line":30,"column":16}},"loc":{"start":{"line":31,"column":8},"end":{"line":33,"column":89}},"line":31},"2":{"name":"(anonymous_2)","decl":{"start":{"line":40,"column":2},"end":{"line":40,"column":3}},"loc":{"start":{"line":40,"column":41},"end":{"line":49,"column":3}},"line":40},"3":{"name":"(anonymous_3)","decl":{"start":{"line":44,"column":15},"end":{"line":44,"column":16}},"loc":{"start":{"line":45,"column":8},"end":{"line":47,"column":72}},"line":45},"4":{"name":"(anonymous_4)","decl":{"start":{"line":54,"column":2},"end":{"line":54,"column":3}},"loc":{"start":{"line":54,"column":35},"end":{"line":63,"column":3}},"line":54},"5":{"name":"(anonymous_5)","decl":{"start":{"line":58,"column":15},"end":{"line":58,"column":16}},"loc":{"start":{"line":59,"column":8},"end":{"line":61,"column":62}},"line":59},"6":{"name":"(anonymous_6)","decl":{"start":{"line":68,"column":2},"end":{"line":68,"column":3}},"loc":{"start":{"line":68,"column":39},"end":{"line":77,"column":3}},"line":68},"7":{"name":"(anonymous_7)","decl":{"start":{"line":72,"column":15},"end":{"line":72,"column":16}},"loc":{"start":{"line":73,"column":8},"end":{"line":75,"column":58}},"line":73},"8":{"name":"(anonymous_8)","decl":{"start":{"line":82,"column":2},"end":{"line":82,"column":3}},"loc":{"start":{"line":82,"column":35},"end":{"line":91,"column":3}},"line":82},"9":{"name":"(anonymous_9)","decl":{"start":{"line":86,"column":15},"end":{"line":86,"column":16}},"loc":{"start":{"line":87,"column":8},"end":{"line":89,"column":60}},"line":87},"10":{"name":"(anonymous_10)","decl":{"start":{"line":95,"column":35},"end":{"line":95,"column":36}},"loc":{"start":{"line":95,"column":41},"end":{"line":97,"column":1}},"line":95}},"branchMap":{"0":{"loc":{"start":{"line":31,"column":8},"end":{"line":33,"column":89}},"type":"cond-expr","locations":[{"start":{"line":32,"column":12},"end":{"line":32,"column":62}},{"start":{"line":33,"column":12},"end":{"line":33,"column":89}}],"line":31},"1":{"loc":{"start":{"line":45,"column":8},"end":{"line":47,"column":72}},"type":"cond-expr","locations":[{"start":{"line":46,"column":12},"end":{"line":46,"column":65}},{"start":{"line":47,"column":12},"end":{"line":47,"column":72}}],"line":45},"2":{"loc":{"start":{"line":59,"column":8},"end":{"line":61,"column":62}},"type":"cond-expr","locations":[{"start":{"line":60,"column":12},"end":{"line":60,"column":58}},{"start":{"line":61,"column":12},"end":{"line":61,"column":62}}],"line":59},"3":{"loc":{"start":{"line":69,"column":17},"end":{"line":69,"column":84}},"type":"binary-expr","locations":[{"start":{"line":69,"column":17},"end":{"line":69,"column":45}},{"start":{"line":69,"column":49},"end":{"line":69,"column":62}},{"start":{"line":69,"column":66},"end":{"line":69,"column":84}}],"line":69},"4":{"loc":{"start":{"line":73,"column":8},"end":{"line":75,"column":58}},"type":"cond-expr","locations":[{"start":{"line":74,"column":12},"end":{"line":74,"column":62}},{"start":{"line":75,"column":12},"end":{"line":75,"column":58}}],"line":73},"5":{"loc":{"start":{"line":83,"column":17},"end":{"line":83,"column":71}},"type":"binary-expr","locations":[{"start":{"line":83,"column":17},"end":{"line":83,"column":41}},{"start":{"line":83,"column":45},"end":{"line":83,"column":71}}],"line":83},"6":{"loc":{"start":{"line":87,"column":8},"end":{"line":89,"column":60}},"type":"cond-expr","locations":[{"start":{"line":88,"column":12},"end":{"line":88,"column":57}},{"start":{"line":89,"column":12},"end":{"line":89,"column":60}}],"line":87}},"s":{"0":3,"1":0,"2":0,"3":0,"4":0,"5":0,"6":0,"7":0,"8":0,"9":0,"10":0,"11":0,"12":0,"13":0,"14":0,"15":0,"16":3,"17":3},"f":{"0":0,"1":0,"2":0,"3":0,"4":0,"5":0,"6":0,"7":0,"8":0,"9":0,"10":3},"b":{"0":[0,0],"1":[0,0],"2":[0,0],"3":[0,0,0],"4":[0,0],"5":[0,0],"6":[0,0]},"_coverageSchema":"1a1c01bbd47fc00a2c39e90264f33305004495a9","hash":"c658af850f8d5eea865028cc303b9d94731c6035"}
,"C:\\Users\\PCPV\\source\\repos\\rental-management-app\\src\\shared\\utils\\pbt-utils.ts": {"path":"C:\\Users\\PCPV\\source\\repos\\rental-management-app\\src\\shared\\utils\\pbt-utils.ts","statementMap":{"0":{"start":{"line":15,"column":33},"end":{"line":15,"column":76}},"1":{"start":{"line":15,"column":39},"end":{"line":15,"column":76}},"2":{"start":{"line":20,"column":33},"end":{"line":20,"column":82}},"3":{"start":{"line":20,"column":39},"end":{"line":20,"column":82}},"4":{"start":{"line":25,"column":36},"end":{"line":25,"column":81}},"5":{"start":{"line":25,"column":42},"end":{"line":25,"column":81}},"6":{"start":{"line":30,"column":30},"end":{"line":30,"column":53}},"7":{"start":{"line":30,"column":36},"end":{"line":30,"column":53}},"8":{"start":{"line":35,"column":39},"end":{"line":35,"column":85}},"9":{"start":{"line":35,"column":45},"end":{"line":35,"column":85}},"10":{"start":{"line":40,"column":33},"end":{"line":40,"column":67}},"11":{"start":{"line":40,"column":39},"end":{"line":40,"column":67}},"12":{"start":{"line":45,"column":35},"end":{"line":49,"column":1}},"13":{"start":{"line":46,"column":14},"end":{"line":46,"column":24}},"14":{"start":{"line":47,"column":25},"end":{"line":47,"column":87}},"15":{"start":{"line":48,"column":2},"end":{"line":48,"column":52}},"16":{"start":{"line":54,"column":37},"end":{"line":54,"column":74}},"17":{"start":{"line":54,"column":43},"end":{"line":54,"column":74}},"18":{"start":{"line":59,"column":36},"end":{"line":59,"column":78}},"19":{"start":{"line":59,"column":42},"end":{"line":59,"column":78}},"20":{"start":{"line":64,"column":35},"end":{"line":64,"column":93}},"21":{"start":{"line":64,"column":41},"end":{"line":64,"column":93}},"22":{"start":{"line":69,"column":38},"end":{"line":69,"column":99}},"23":{"start":{"line":69,"column":44},"end":{"line":69,"column":99}},"24":{"start":{"line":74,"column":38},"end":{"line":74,"column":96}},"25":{"start":{"line":74,"column":44},"end":{"line":74,"column":96}},"26":{"start":{"line":79,"column":44},"end":{"line":80,"column":52}},"27":{"start":{"line":80,"column":2},"end":{"line":80,"column":52}},"28":{"start":{"line":85,"column":42},"end":{"line":86,"column":69}},"29":{"start":{"line":86,"column":2},"end":{"line":86,"column":69}},"30":{"start":{"line":91,"column":29},"end":{"line":91,"column":44}},"31":{"start":{"line":91,"column":35},"end":{"line":91,"column":44}},"32":{"start":{"line":97,"column":31},"end":{"line":109,"column":1}},"33":{"start":{"line":102,"column":2},"end":{"line":108,"column":4}},"34":{"start":{"line":104,"column":21},"end":{"line":104,"column":60}},"35":{"start":{"line":105,"column":6},"end":{"line":105,"column":20}}},"fnMap":{"0":{"name":"(anonymous_0)","decl":{"start":{"line":15,"column":33},"end":{"line":15,"column":34}},"loc":{"start":{"line":15,"column":39},"end":{"line":15,"column":76}},"line":15},"1":{"name":"(anonymous_1)","decl":{"start":{"line":20,"column":33},"end":{"line":20,"column":34}},"loc":{"start":{"line":20,"column":39},"end":{"line":20,"column":82}},"line":20},"2":{"name":"(anonymous_2)","decl":{"start":{"line":25,"column":36},"end":{"line":25,"column":37}},"loc":{"start":{"line":25,"column":42},"end":{"line":25,"column":81}},"line":25},"3":{"name":"(anonymous_3)","decl":{"start":{"line":30,"column":30},"end":{"line":30,"column":31}},"loc":{"start":{"line":30,"column":36},"end":{"line":30,"column":53}},"line":30},"4":{"name":"(anonymous_4)","decl":{"start":{"line":35,"column":39},"end":{"line":35,"column":40}},"loc":{"start":{"line":35,"column":45},"end":{"line":35,"column":85}},"line":35},"5":{"name":"(anonymous_5)","decl":{"start":{"line":40,"column":33},"end":{"line":40,"column":34}},"loc":{"start":{"line":40,"column":39},"end":{"line":40,"column":67}},"line":40},"6":{"name":"(anonymous_6)","decl":{"start":{"line":45,"column":35},"end":{"line":45,"column":36}},"loc":{"start":{"line":45,"column":41},"end":{"line":49,"column":1}},"line":45},"7":{"name":"(anonymous_7)","decl":{"start":{"line":54,"column":37},"end":{"line":54,"column":38}},"loc":{"start":{"line":54,"column":43},"end":{"line":54,"column":74}},"line":54},"8":{"name":"(anonymous_8)","decl":{"start":{"line":59,"column":36},"end":{"line":59,"column":37}},"loc":{"start":{"line":59,"column":42},"end":{"line":59,"column":78}},"line":59},"9":{"name":"(anonymous_9)","decl":{"start":{"line":64,"column":35},"end":{"line":64,"column":36}},"loc":{"start":{"line":64,"column":41},"end":{"line":64,"column":93}},"line":64},"10":{"name":"(anonymous_10)","decl":{"start":{"line":69,"column":38},"end":{"line":69,"column":39}},"loc":{"start":{"line":69,"column":44},"end":{"line":69,"column":99}},"line":69},"11":{"name":"(anonymous_11)","decl":{"start":{"line":74,"column":38},"end":{"line":74,"column":39}},"loc":{"start":{"line":74,"column":44},"end":{"line":74,"column":96}},"line":74},"12":{"name":"(anonymous_12)","decl":{"start":{"line":79,"column":44},"end":{"line":79,"column":45}},"loc":{"start":{"line":80,"column":2},"end":{"line":80,"column":52}},"line":80},"13":{"name":"(anonymous_13)","decl":{"start":{"line":85,"column":42},"end":{"line":85,"column":43}},"loc":{"start":{"line":86,"column":2},"end":{"line":86,"column":69}},"line":86},"14":{"name":"(anonymous_14)","decl":{"start":{"line":91,"column":29},"end":{"line":91,"column":30}},"loc":{"start":{"line":91,"column":35},"end":{"line":91,"column":44}},"line":91},"15":{"name":"(anonymous_15)","decl":{"start":{"line":97,"column":31},"end":{"line":97,"column":32}},"loc":{"start":{"line":101,"column":5},"end":{"line":109,"column":1}},"line":101},"16":{"name":"(anonymous_16)","decl":{"start":{"line":103,"column":32},"end":{"line":103,"column":33}},"loc":{"start":{"line":103,"column":49},"end":{"line":106,"column":5}},"line":103}},"branchMap":{},"s":{"0":0,"1":0,"2":0,"3":0,"4":0,"5":0,"6":0,"7":0,"8":0,"9":0,"10":0,"11":0,"12":0,"13":0,"14":0,"15":0,"16":0,"17":0,"18":0,"19":0,"20":0,"21":0,"22":0,"23":0,"24":0,"25":0,"26":0,"27":0,"28":0,"29":0,"30":0,"31":0,"32":0,"33":0,"34":0,"35":0},"f":{"0":0,"1":0,"2":0,"3":0,"4":0,"5":0,"6":0,"7":0,"8":0,"9":0,"10":0,"11":0,"12":0,"13":0,"14":0,"15":0,"16":0},"b":{}}
,"C:\\Users\\PCPV\\source\\repos\\rental-management-app\\src\\shared\\utils\\test-utils.tsx": {"path":"C:\\Users\\PCPV\\source\\repos\\rental-management-app\\src\\shared\\utils\\test-utils.tsx","statementMap":{"0":{"start":{"line":6,"column":30},"end":{"line":17,"column":4}},"1":{"start":{"line":7,"column":2},"end":{"line":17,"column":4}},"2":{"start":{"line":23,"column":24},"end":{"line":27,"column":1}},"3":{"start":{"line":24,"column":22},"end":{"line":24,"column":45}},"4":{"start":{"line":26,"column":2},"end":{"line":26,"column":84}},"5":{"start":{"line":29,"column":21},"end":{"line":30,"column":54}},"6":{"start":{"line":30,"column":2},"end":{"line":30,"column":54}}},"fnMap":{"0":{"name":"(anonymous_0)","decl":{"start":{"line":6,"column":30},"end":{"line":6,"column":31}},"loc":{"start":{"line":7,"column":2},"end":{"line":17,"column":4}},"line":7},"1":{"name":"(anonymous_1)","decl":{"start":{"line":23,"column":24},"end":{"line":23,"column":25}},"loc":{"start":{"line":23,"column":64},"end":{"line":27,"column":1}},"line":23},"2":{"name":"(anonymous_2)","decl":{"start":{"line":29,"column":21},"end":{"line":29,"column":22}},"loc":{"start":{"line":30,"column":2},"end":{"line":30,"column":54}},"line":30}},"branchMap":{},"s":{"0":0,"1":0,"2":0,"3":0,"4":0,"5":0,"6":0},"f":{"0":0,"1":0,"2":0},"b":{}}
,"C:\\Users\\PCPV\\source\\repos\\rental-management-app\\src\\store\\auth.store.ts": {"path":"C:\\Users\\PCPV\\source\\repos\\rental-management-app\\src\\store\\auth.store.ts","statementMap":{"0":{"start":{"line":33,"column":28},"end":{"line":166,"column":3}},"1":{"start":{"line":33,"column":61},"end":{"line":166,"column":1}},"2":{"start":{"line":44,"column":4},"end":{"line":44,"column":43}},"3":{"start":{"line":48,"column":4},"end":{"line":58,"column":5}},"4":{"start":{"line":49,"column":6},"end":{"line":52,"column":9}},"5":{"start":{"line":54,"column":6},"end":{"line":57,"column":9}},"6":{"start":{"line":62,"column":4},"end":{"line":62,"column":23}},"7":{"start":{"line":66,"column":4},"end":{"line":66,"column":19}},"8":{"start":{"line":70,"column":4},"end":{"line":70,"column":25}},"9":{"start":{"line":74,"column":4},"end":{"line":94,"column":5}},"10":{"start":{"line":75,"column":6},"end":{"line":75,"column":44}},"11":{"start":{"line":78,"column":6},"end":{"line":78,"column":79}},"12":{"start":{"line":79,"column":6},"end":{"line":79,"column":83}},"13":{"start":{"line":80,"column":6},"end":{"line":80,"column":80}},"14":{"start":{"line":83,"column":6},"end":{"line":89,"column":9}},"15":{"start":{"line":91,"column":27},"end":{"line":91,"column":85}},"16":{"start":{"line":92,"column":6},"end":{"line":92,"column":53}},"17":{"start":{"line":93,"column":6},"end":{"line":93,"column":18}},"18":{"start":{"line":98,"column":4},"end":{"line":119,"column":5}},"19":{"start":{"line":99,"column":6},"end":{"line":99,"column":31}},"20":{"start":{"line":102,"column":6},"end":{"line":102,"column":62}},"21":{"start":{"line":103,"column":6},"end":{"line":103,"column":65}},"22":{"start":{"line":104,"column":6},"end":{"line":104,"column":61}},"23":{"start":{"line":107,"column":6},"end":{"line":114,"column":9}},"24":{"start":{"line":116,"column":27},"end":{"line":116,"column":86}},"25":{"start":{"line":117,"column":6},"end":{"line":117,"column":53}},"26":{"start":{"line":118,"column":6},"end":{"line":118,"column":18}},"27":{"start":{"line":123,"column":21},"end":{"line":123,"column":26}},"28":{"start":{"line":124,"column":4},"end":{"line":134,"column":5}},"29":{"start":{"line":125,"column":26},"end":{"line":125,"column":46}},"30":{"start":{"line":126,"column":6},"end":{"line":126,"column":33}},"31":{"start":{"line":129,"column":6},"end":{"line":133,"column":11}},"32":{"start":{"line":132,"column":10},"end":{"line":132,"column":69}},"33":{"start":{"line":138,"column":4},"end":{"line":164,"column":5}},"34":{"start":{"line":139,"column":6},"end":{"line":139,"column":31}},"35":{"start":{"line":142,"column":52},"end":{"line":146,"column":8}},"36":{"start":{"line":148,"column":6},"end":{"line":160,"column":7}},"37":{"start":{"line":149,"column":21},"end":{"line":149,"column":49}},"38":{"start":{"line":151,"column":8},"end":{"line":157,"column":11}},"39":{"start":{"line":159,"column":8},"end":{"line":159,"column":34}},"40":{"start":{"line":162,"column":6},"end":{"line":162,"column":57}},"41":{"start":{"line":163,"column":6},"end":{"line":163,"column":32}}},"fnMap":{"0":{"name":"(anonymous_0)","decl":{"start":{"line":33,"column":46},"end":{"line":33,"column":47}},"loc":{"start":{"line":33,"column":61},"end":{"line":166,"column":1}},"line":33},"1":{"name":"(anonymous_1)","decl":{"start":{"line":43,"column":11},"end":{"line":43,"column":12}},"loc":{"start":{"line":43,"column":21},"end":{"line":45,"column":3}},"line":43},"2":{"name":"(anonymous_2)","decl":{"start":{"line":47,"column":13},"end":{"line":47,"column":14}},"loc":{"start":{"line":47,"column":25},"end":{"line":59,"column":3}},"line":47},"3":{"name":"(anonymous_3)","decl":{"start":{"line":61,"column":14},"end":{"line":61,"column":15}},"loc":{"start":{"line":61,"column":29},"end":{"line":63,"column":3}},"line":61},"4":{"name":"(anonymous_4)","decl":{"start":{"line":65,"column":12},"end":{"line":65,"column":13}},"loc":{"start":{"line":65,"column":23},"end":{"line":67,"column":3}},"line":65},"5":{"name":"(anonymous_5)","decl":{"start":{"line":69,"column":14},"end":{"line":69,"column":15}},"loc":{"start":{"line":69,"column":20},"end":{"line":71,"column":3}},"line":69},"6":{"name":"(anonymous_6)","decl":{"start":{"line":73,"column":9},"end":{"line":73,"column":10}},"loc":{"start":{"line":73,"column":33},"end":{"line":95,"column":3}},"line":73},"7":{"name":"(anonymous_7)","decl":{"start":{"line":97,"column":10},"end":{"line":97,"column":11}},"loc":{"start":{"line":97,"column":22},"end":{"line":120,"column":3}},"line":97},"8":{"name":"(anonymous_8)","decl":{"start":{"line":122,"column":17},"end":{"line":122,"column":18}},"loc":{"start":{"line":122,"column":27},"end":{"line":135,"column":3}},"line":122},"9":{"name":"(anonymous_9)","decl":{"start":{"line":131,"column":15},"end":{"line":131,"column":16}},"loc":{"start":{"line":131,"column":26},"end":{"line":133,"column":9}},"line":131},"10":{"name":"(anonymous_10)","decl":{"start":{"line":137,"column":18},"end":{"line":137,"column":19}},"loc":{"start":{"line":137,"column":30},"end":{"line":165,"column":3}},"line":137}},"branchMap":{"0":{"loc":{"start":{"line":48,"column":4},"end":{"line":58,"column":5}},"type":"if","locations":[{"start":{"line":48,"column":4},"end":{"line":58,"column":5}},{"start":{"line":53,"column":11},"end":{"line":58,"column":5}}],"line":48},"1":{"loc":{"start":{"line":91,"column":27},"end":{"line":91,"column":85}},"type":"cond-expr","locations":[{"start":{"line":91,"column":52},"end":{"line":91,"column":65}},{"start":{"line":91,"column":68},"end":{"line":91,"column":85}}],"line":91},"2":{"loc":{"start":{"line":116,"column":27},"end":{"line":116,"column":86}},"type":"cond-expr","locations":[{"start":{"line":116,"column":52},"end":{"line":116,"column":65}},{"start":{"line":116,"column":68},"end":{"line":116,"column":86}}],"line":116},"3":{"loc":{"start":{"line":124,"column":4},"end":{"line":134,"column":5}},"type":"if","locations":[{"start":{"line":124,"column":4},"end":{"line":134,"column":5}},{"start":{},"end":{}}],"line":124},"4":{"loc":{"start":{"line":148,"column":6},"end":{"line":160,"column":7}},"type":"if","locations":[{"start":{"line":148,"column":6},"end":{"line":160,"column":7}},{"start":{"line":158,"column":13},"end":{"line":160,"column":7}}],"line":148},"5":{"loc":{"start":{"line":148,"column":10},"end":{"line":148,"column":49}},"type":"binary-expr","locations":[{"start":{"line":148,"column":10},"end":{"line":148,"column":21}},{"start":{"line":148,"column":25},"end":{"line":148,"column":37}},{"start":{"line":148,"column":41},"end":{"line":148,"column":49}}],"line":148}},"s":{"0":0,"1":0,"2":0,"3":0,"4":0,"5":0,"6":0,"7":0,"8":0,"9":0,"10":0,"11":0,"12":0,"13":0,"14":0,"15":0,"16":0,"17":0,"18":0,"19":0,"20":0,"21":0,"22":0,"23":0,"24":0,"25":0,"26":0,"27":0,"28":0,"29":0,"30":0,"31":0,"32":0,"33":0,"34":0,"35":0,"36":0,"37":0,"38":0,"39":0,"40":0,"41":0},"f":{"0":0,"1":0,"2":0,"3":0,"4":0,"5":0,"6":0,"7":0,"8":0,"9":0,"10":0},"b":{"0":[0,0],"1":[0,0],"2":[0,0],"3":[0,0],"4":[0,0],"5":[0,0,0]}}
}
