TN:
SF:src\core\App.tsx
FN:13,App
FNF:1
FNH:0
FNDA:0,App
DA:14,0
LF:1
LH:0
BRF:0
BRH:0
end_of_record
TN:
SF:src\core\navigation\AuthStack.tsx
FN:15,AuthStack
FNF:1
FNH:0
FNDA:0,AuthStack
DA:13,0
DA:16,0
LF:2
LH:0
BRF:0
BRH:0
end_of_record
TN:
SF:src\core\navigation\DashboardStack.tsx
FN:15,DashboardStack
FNF:1
FNH:0
FNDA:0,DashboardStack
DA:13,0
DA:16,0
LF:2
LH:0
BRF:0
BRH:0
end_of_record
TN:
SF:src\core\navigation\MainTabs.tsx
FN:20,MainTabs
FN:46,(anonymous_1)
FN:57,(anonymous_2)
FN:67,(anonymous_3)
FN:77,(anonymous_4)
FN:87,(anonymous_5)
FN:98,TabIcon
FNF:7
FNH:0
FNDA:0,MainTabs
FNDA:0,(anonymous_1)
FNDA:0,(anonymous_2)
FNDA:0,(anonymous_3)
FNDA:0,(anonymous_4)
FNDA:0,(anonymous_5)
FNDA:0,TabIcon
DA:18,0
DA:21,0
DA:48,0
DA:58,0
DA:68,0
DA:78,0
DA:88,0
DA:99,0
LF:8
LH:0
BRF:0
BRH:0
end_of_record
TN:
SF:src\core\navigation\PaymentsStack.tsx
FN:17,PaymentsStack
FNF:1
FNH:0
FNDA:0,PaymentsStack
DA:15,0
DA:18,0
LF:2
LH:0
BRF:0
BRH:0
end_of_record
TN:
SF:src\core\navigation\ReportsStack.tsx
FN:15,ReportsStack
FNF:1
FNH:0
FNDA:0,ReportsStack
DA:13,0
DA:16,0
LF:2
LH:0
BRF:0
BRH:0
end_of_record
TN:
SF:src\core\navigation\RoomsStack.tsx
FN:15,RoomsStack
FNF:1
FNH:0
FNDA:0,RoomsStack
DA:13,0
DA:16,0
LF:2
LH:0
BRF:0
BRH:0
end_of_record
TN:
SF:src\core\navigation\RootNavigator.tsx
FN:17,RootNavigator
FN:21,(anonymous_1)
FNF:2
FNH:0
FNDA:0,RootNavigator
FNDA:0,(anonymous_1)
DA:15,0
DA:18,0
DA:21,0
DA:22,0
DA:26,0
DA:27,0
DA:30,0
LF:7
LH:0
BRDA:26,0,0,0
BRDA:26,0,1,0
BRDA:37,1,0,0
BRDA:37,1,1,0
BRF:4
BRH:0
end_of_record
TN:
SF:src\core\navigation\SettingsStack.tsx
FN:15,SettingsStack
FNF:1
FNH:0
FNDA:0,SettingsStack
DA:13,0
DA:16,0
LF:2
LH:0
BRF:0
BRH:0
end_of_record
TN:
SF:src\core\navigation\index.ts
FNF:0
FNH:0
LF:0
LH:0
BRF:0
BRH:0
end_of_record
TN:
SF:src\features\auth\index.ts
FNF:0
FNH:0
LF:0
LH:0
BRF:0
BRH:0
end_of_record
TN:
SF:src\features\auth\hooks\useAuth.ts
FN:12,(anonymous_0)
FN:30,(anonymous_1)
FN:47,(anonymous_2)
FN:88,(anonymous_3)
FN:107,(anonymous_4)
FN:128,(anonymous_5)
FN:159,(anonymous_6)
FNF:7
FNH:4
FNDA:9,(anonymous_0)
FNDA:2,(anonymous_1)
FNDA:0,(anonymous_2)
FNDA:1,(anonymous_3)
FNDA:0,(anonymous_4)
FNDA:2,(anonymous_5)
FNDA:0,(anonymous_6)
DA:12,1
DA:24,9
DA:29,9
DA:31,2
DA:32,2
DA:33,2
DA:34,1
DA:35,1
DA:37,1
DA:38,1
DA:47,9
DA:48,0
DA:49,0
DA:52,0
DA:53,0
DA:54,0
DA:60,0
DA:61,0
DA:62,0
DA:69,0
DA:71,0
DA:73,0
DA:74,0
DA:76,0
DA:80,0
DA:81,0
DA:88,9
DA:89,1
DA:90,1
DA:91,1
DA:93,1
DA:94,1
DA:97,0
DA:98,0
DA:99,0
DA:106,9
DA:108,0
DA:109,0
DA:110,0
DA:113,0
DA:114,0
DA:115,0
DA:116,0
DA:118,0
DA:119,0
DA:128,9
DA:129,2
DA:130,2
DA:131,2
DA:132,1
DA:139,1
DA:141,1
DA:142,1
DA:143,1
DA:144,1
DA:146,1
DA:148,0
DA:151,0
DA:152,0
DA:159,9
DA:160,0
DA:161,0
DA:162,0
DA:163,0
DA:165,0
DA:167,0
DA:168,0
DA:172,9
LF:68
LH:31
BRDA:37,0,0,1
BRDA:37,0,1,0
BRDA:53,1,0,0
BRDA:53,1,1,0
BRDA:61,2,0,0
BRDA:61,2,1,0
BRDA:71,3,0,0
BRDA:71,3,1,0
BRDA:80,4,0,0
BRDA:80,4,1,0
BRDA:90,5,0,1
BRDA:90,5,1,0
BRDA:98,6,0,0
BRDA:98,6,1,0
BRDA:109,7,0,0
BRDA:109,7,1,0
BRDA:118,8,0,0
BRDA:118,8,1,0
BRDA:131,9,0,1
BRDA:131,9,1,1
BRDA:141,10,0,1
BRDA:141,10,1,0
BRDA:143,11,0,1
BRDA:143,11,1,0
BRDA:151,12,0,0
BRDA:151,12,1,0
BRDA:162,13,0,0
BRDA:162,13,1,0
BRDA:167,14,0,0
BRDA:167,14,1,0
BRF:30
BRH:6
end_of_record
TN:
SF:src\features\auth\screens\LoginScreen.tsx
FN:14,LoginScreen
FN:21,(anonymous_1)
FNF:2
FNH:0
FNDA:0,LoginScreen
FNDA:0,(anonymous_1)
DA:15,0
DA:16,0
DA:17,0
DA:19,0
DA:21,0
DA:22,0
DA:23,0
DA:26,0
DA:39,0
DA:44,0
DA:48,0
DA:50,0
DA:54,0
DA:108,0
LF:14
LH:0
BRDA:57,0,0,0
BRDA:57,0,1,0
BRF:2
BRH:0
end_of_record
TN:
SF:src\features\auth\services\authApi.ts
FN:13,(anonymous_0)
FN:21,(anonymous_1)
FN:24,(anonymous_2)
FN:58,(anonymous_3)
FN:61,(anonymous_4)
FN:95,(anonymous_5)
FN:98,(anonymous_6)
FN:129,(anonymous_7)
FN:132,(anonymous_8)
FN:166,(anonymous_9)
FN:169,(anonymous_10)
FNF:11
FNH:2
FNDA:2,(anonymous_0)
FNDA:500,(anonymous_1)
FNDA:0,(anonymous_2)
FNDA:0,(anonymous_3)
FNDA:0,(anonymous_4)
FNDA:0,(anonymous_5)
FNDA:0,(anonymous_6)
FNDA:0,(anonymous_7)
FNDA:0,(anonymous_8)
FNDA:0,(anonymous_9)
FNDA:0,(anonymous_10)
DA:14,2
DA:15,2
DA:22,500
DA:23,500
DA:24,500
DA:26,500
DA:35,400
DA:37,400
DA:38,400
DA:39,300
DA:42,0
DA:43,0
DA:45,500
DA:46,500
DA:47,100
DA:49,400
DA:51,0
DA:59,0
DA:60,0
DA:61,0
DA:63,0
DA:72,0
DA:74,0
DA:75,0
DA:76,0
DA:79,0
DA:80,0
DA:82,0
DA:83,0
DA:84,0
DA:86,0
DA:88,0
DA:96,0
DA:97,0
DA:98,0
DA:100,0
DA:109,0
DA:111,0
DA:112,0
DA:113,0
DA:116,0
DA:117,0
DA:118,0
DA:120,0
DA:122,0
DA:130,0
DA:131,0
DA:132,0
DA:134,0
DA:143,0
DA:145,0
DA:146,0
DA:147,0
DA:150,0
DA:151,0
DA:153,0
DA:154,0
DA:155,0
DA:157,0
DA:159,0
DA:167,0
DA:168,0
DA:169,0
DA:171,0
DA:181,0
DA:183,0
DA:184,0
DA:185,0
DA:188,0
DA:189,0
DA:191,0
DA:192,0
DA:193,0
DA:195,0
DA:197,0
DA:202,2
LF:76
LH:15
BRDA:37,0,0,400
BRDA:37,0,1,0
BRDA:39,1,0,300
BRDA:39,1,1,0
BRDA:45,2,0,500
BRDA:45,2,1,0
BRDA:46,3,0,100
BRDA:46,3,1,400
BRDA:74,4,0,0
BRDA:74,4,1,0
BRDA:76,5,0,0
BRDA:76,5,1,0
BRDA:82,6,0,0
BRDA:82,6,1,0
BRDA:83,7,0,0
BRDA:83,7,1,0
BRDA:111,8,0,0
BRDA:111,8,1,0
BRDA:113,9,0,0
BRDA:113,9,1,0
BRDA:116,10,0,0
BRDA:116,10,1,0
BRDA:117,11,0,0
BRDA:117,11,1,0
BRDA:145,12,0,0
BRDA:145,12,1,0
BRDA:147,13,0,0
BRDA:147,13,1,0
BRDA:153,14,0,0
BRDA:153,14,1,0
BRDA:154,15,0,0
BRDA:154,15,1,0
BRDA:183,16,0,0
BRDA:183,16,1,0
BRDA:185,17,0,0
BRDA:185,17,1,0
BRDA:191,18,0,0
BRDA:191,18,1,0
BRDA:192,19,0,0
BRDA:192,19,1,0
BRF:40
BRH:5
end_of_record
TN:
SF:src\features\auth\services\biometricAuth.ts
FN:14,(anonymous_0)
FN:28,(anonymous_1)
FN:40,(anonymous_2)
FN:67,(anonymous_3)
FN:80,(anonymous_4)
FN:92,(anonymous_5)
FN:104,(anonymous_6)
FNF:7
FNH:0
FNDA:0,(anonymous_0)
FNDA:0,(anonymous_1)
FNDA:0,(anonymous_2)
FNDA:0,(anonymous_3)
FNDA:0,(anonymous_4)
FNDA:0,(anonymous_5)
FNDA:0,(anonymous_6)
DA:15,0
DA:16,0
DA:17,0
DA:18,0
DA:20,0
DA:21,0
DA:29,0
DA:30,0
DA:32,0
DA:33,0
DA:41,0
DA:42,0
DA:48,0
DA:49,0
DA:51,0
DA:57,0
DA:68,0
DA:69,0
DA:70,0
DA:72,0
DA:73,0
DA:81,0
DA:82,0
DA:84,0
DA:85,0
DA:93,0
DA:94,0
DA:96,0
DA:97,0
DA:105,0
DA:107,0
DA:109,0
DA:111,0
DA:113,0
DA:118,1
LF:35
LH:1
BRDA:18,0,0,0
BRDA:18,0,1,0
BRDA:43,1,0,0
BRDA:43,1,1,0
BRDA:48,2,0,0
BRDA:48,2,1,0
BRDA:53,3,0,0
BRDA:53,3,1,0
BRDA:59,4,0,0
BRDA:59,4,1,0
BRDA:105,5,0,0
BRDA:105,5,1,0
BRDA:105,5,2,0
BRDA:105,5,3,0
BRF:14
BRH:0
end_of_record
TN:
SF:src\features\auth\services\tokenManager.ts
FN:19,(anonymous_0)
FN:26,(anonymous_1)
FN:39,(anonymous_2)
FN:52,(anonymous_3)
FN:66,(anonymous_4)
FN:76,(anonymous_5)
FN:88,(anonymous_6)
FN:126,(anonymous_7)
FN:134,(anonymous_8)
FN:141,(anonymous_9)
FN:146,(anonymous_10)
FN:155,(anonymous_11)
FN:165,(anonymous_12)
FN:176,(anonymous_13)
FNF:14
FNH:0
FNDA:0,(anonymous_0)
FNDA:0,(anonymous_1)
FNDA:0,(anonymous_2)
FNDA:0,(anonymous_3)
FNDA:0,(anonymous_4)
FNDA:0,(anonymous_5)
FNDA:0,(anonymous_6)
FNDA:0,(anonymous_7)
FNDA:0,(anonymous_8)
FNDA:0,(anonymous_9)
FNDA:0,(anonymous_10)
FNDA:0,(anonymous_11)
FNDA:0,(anonymous_12)
FNDA:0,(anonymous_13)
DA:11,0
DA:12,0
DA:13,0
DA:14,0
DA:20,0
DA:21,0
DA:22,0
DA:23,0
DA:26,0
DA:29,0
DA:31,0
DA:32,0
DA:40,0
DA:41,0
DA:42,0
DA:45,0
DA:46,0
DA:53,0
DA:54,0
DA:55,0
DA:58,0
DA:59,0
DA:60,0
DA:68,0
DA:69,0
DA:72,0
DA:73,0
DA:75,0
DA:76,0
DA:77,0
DA:81,0
DA:89,0
DA:90,0
DA:92,0
DA:93,0
DA:94,0
DA:95,0
DA:99,0
DA:100,0
DA:101,0
DA:102,0
DA:106,0
DA:109,0
DA:110,0
DA:113,0
DA:116,0
DA:118,0
DA:119,0
DA:127,0
DA:128,0
DA:135,0
DA:142,0
DA:143,0
DA:146,0
DA:147,0
DA:148,0
DA:156,0
DA:157,0
DA:158,0
DA:166,0
DA:167,0
DA:168,0
DA:170,0
DA:177,0
DA:179,0
DA:181,0
DA:182,0
DA:185,0
DA:189,0
DA:194,0
LF:70
LH:0
BRDA:41,0,0,0
BRDA:41,0,1,0
BRDA:41,1,0,0
BRDA:41,1,1,0
BRDA:54,2,0,0
BRDA:54,2,1,0
BRDA:54,3,0,0
BRDA:54,3,1,0
BRDA:68,4,0,0
BRDA:68,4,1,0
BRDA:75,5,0,0
BRDA:75,5,1,0
BRDA:92,6,0,0
BRDA:92,6,1,0
BRDA:99,7,0,0
BRDA:99,7,1,0
BRDA:142,8,0,0
BRDA:142,8,1,0
BRDA:156,9,0,0
BRDA:156,9,1,0
BRDA:166,10,0,0
BRDA:166,10,1,0
BRDA:179,11,0,0
BRDA:179,11,1,0
BRDA:181,12,0,0
BRDA:181,12,1,0
BRF:26
BRH:0
end_of_record
TN:
SF:src\features\auth\types\index.ts
FNF:0
FNH:0
LF:0
LH:0
BRF:0
BRH:0
end_of_record
TN:
SF:src\features\dashboard\screens\DashboardScreen.tsx
FN:12,DashboardScreen
FNF:1
FNH:0
FNDA:0,DashboardScreen
DA:13,0
DA:21,1
LF:2
LH:1
BRF:0
BRH:0
end_of_record
TN:
SF:src\features\payments\index.ts
FNF:0
FNH:0
LF:0
LH:0
BRF:0
BRH:0
end_of_record
TN:
SF:src\features\payments\hooks\usePayments.ts
FN:22,(anonymous_0)
FN:23,(anonymous_1)
FN:24,(anonymous_2)
FN:25,(anonymous_3)
FN:26,(anonymous_4)
FN:27,(anonymous_5)
FN:28,(anonymous_6)
FN:35,usePayments
FN:36,(anonymous_8)
FN:41,(anonymous_9)
FN:52,usePayment
FN:53,(anonymous_11)
FN:58,(anonymous_12)
FN:69,useOverduePayments
FN:70,(anonymous_14)
FN:75,(anonymous_15)
FN:86,usePaymentHistory
FN:87,(anonymous_17)
FN:92,(anonymous_18)
FN:103,usePaymentStatistics
FN:108,(anonymous_20)
FN:113,(anonymous_21)
FN:124,useCreatePayment
FN:126,(anonymous_23)
FN:130,(anonymous_24)
FN:134,(anonymous_25)
FN:150,useMarkPaymentAsPaid
FN:152,(anonymous_27)
FN:156,(anonymous_28)
FN:160,(anonymous_29)
FN:182,useCalculateFees
FN:183,(anonymous_31)
FN:187,(anonymous_32)
FNF:33
FNH:0
FNDA:0,(anonymous_0)
FNDA:0,(anonymous_1)
FNDA:0,(anonymous_2)
FNDA:0,(anonymous_3)
FNDA:0,(anonymous_4)
FNDA:0,(anonymous_5)
FNDA:0,(anonymous_6)
FNDA:0,usePayments
FNDA:0,(anonymous_8)
FNDA:0,(anonymous_9)
FNDA:0,usePayment
FNDA:0,(anonymous_11)
FNDA:0,(anonymous_12)
FNDA:0,useOverduePayments
FNDA:0,(anonymous_14)
FNDA:0,(anonymous_15)
FNDA:0,usePaymentHistory
FNDA:0,(anonymous_17)
FNDA:0,(anonymous_18)
FNDA:0,usePaymentStatistics
FNDA:0,(anonymous_20)
FNDA:0,(anonymous_21)
FNDA:0,useCreatePayment
FNDA:0,(anonymous_23)
FNDA:0,(anonymous_24)
FNDA:0,(anonymous_25)
FNDA:0,useMarkPaymentAsPaid
FNDA:0,(anonymous_27)
FNDA:0,(anonymous_28)
FNDA:0,(anonymous_29)
FNDA:0,useCalculateFees
FNDA:0,(anonymous_31)
FNDA:0,(anonymous_32)
DA:20,0
DA:22,0
DA:23,0
DA:24,0
DA:25,0
DA:26,0
DA:27,0
DA:29,0
DA:36,0
DA:37,0
DA:39,0
DA:42,0
DA:43,0
DA:53,0
DA:54,0
DA:56,0
DA:59,0
DA:60,0
DA:70,0
DA:71,0
DA:73,0
DA:76,0
DA:77,0
DA:87,0
DA:88,0
DA:90,0
DA:93,0
DA:94,0
DA:108,0
DA:109,0
DA:111,0
DA:114,0
DA:115,0
DA:125,0
DA:126,0
DA:127,0
DA:129,0
DA:131,0
DA:132,0
DA:136,0
DA:138,0
DA:140,0
DA:151,0
DA:152,0
DA:153,0
DA:155,0
DA:157,0
DA:158,0
DA:162,0
DA:164,0
DA:166,0
DA:170,0
DA:172,0
DA:183,0
DA:184,0
DA:186,0
DA:188,0
DA:189,0
LF:58
LH:0
BRDA:42,0,0,0
BRDA:42,0,1,0
BRDA:59,1,0,0
BRDA:59,1,1,0
BRDA:62,2,0,0
BRDA:62,2,1,0
BRDA:76,3,0,0
BRDA:76,3,1,0
BRDA:79,4,0,0
BRDA:79,4,1,0
BRDA:93,5,0,0
BRDA:93,5,1,0
BRDA:96,6,0,0
BRDA:96,6,1,0
BRDA:114,7,0,0
BRDA:114,7,1,0
BRDA:117,8,0,0
BRDA:117,8,1,0
BRDA:131,9,0,0
BRDA:131,9,1,0
BRDA:157,10,0,0
BRDA:157,10,1,0
BRDA:188,11,0,0
BRDA:188,11,1,0
BRF:24
BRH:0
end_of_record
TN:
SF:src\features\payments\screens\PaymentHistoryScreen.tsx
FN:21,PaymentHistoryScreen
FN:37,(anonymous_1)
FN:54,(anonymous_2)
FN:69,(anonymous_3)
FN:84,(anonymous_4)
FN:85,(anonymous_5)
FN:188,(anonymous_6)
FN:243,(anonymous_7)
FN:250,(anonymous_8)
FN:257,(anonymous_9)
FN:264,(anonymous_10)
FN:276,(anonymous_11)
FNF:12
FNH:0
FNDA:0,PaymentHistoryScreen
FNDA:0,(anonymous_1)
FNDA:0,(anonymous_2)
FNDA:0,(anonymous_3)
FNDA:0,(anonymous_4)
FNDA:0,(anonymous_5)
FNDA:0,(anonymous_6)
FNDA:0,(anonymous_7)
FNDA:0,(anonymous_8)
FNDA:0,(anonymous_9)
FNDA:0,(anonymous_10)
FNDA:0,(anonymous_11)
DA:22,0
DA:23,0
DA:24,0
DA:32,0
DA:34,0
DA:37,0
DA:39,0
DA:40,0
DA:44,0
DA:45,0
DA:46,0
DA:47,0
DA:48,0
DA:51,0
DA:54,0
DA:55,0
DA:57,0
DA:59,0
DA:61,0
DA:63,0
DA:65,0
DA:69,0
DA:70,0
DA:72,0
DA:74,0
DA:76,0
DA:78,0
DA:80,0
DA:84,0
DA:85,0
DA:171,0
DA:172,0
DA:182,0
DA:183,0
DA:188,0
DA:195,0
DA:243,0
DA:250,0
DA:257,0
DA:264,0
DA:276,0
DA:293,0
LF:42
LH:0
BRDA:39,0,0,0
BRDA:39,0,1,0
BRDA:39,1,0,0
BRDA:39,1,1,0
BRDA:44,2,0,0
BRDA:44,2,1,0
BRDA:48,3,0,0
BRDA:48,3,1,0
BRDA:55,4,0,0
BRDA:55,4,1,0
BRDA:55,4,2,0
BRDA:55,4,3,0
BRDA:55,4,4,0
BRDA:70,5,0,0
BRDA:70,5,1,0
BRDA:70,5,2,0
BRDA:70,5,3,0
BRDA:70,5,4,0
BRDA:110,6,0,0
BRDA:110,6,1,0
BRDA:121,7,0,0
BRDA:121,7,1,0
BRDA:141,8,0,0
BRDA:141,8,1,0
BRDA:152,9,0,0
BRDA:152,9,1,0
BRDA:158,10,0,0
BRDA:158,10,1,0
BRDA:160,11,0,0
BRDA:160,11,1,0
BRDA:171,12,0,0
BRDA:171,12,1,0
BRDA:182,13,0,0
BRDA:182,13,1,0
BRDA:198,14,0,0
BRDA:198,14,1,0
BRF:36
BRH:0
end_of_record
TN:
SF:src\features\payments\screens\PaymentListScreen.tsx
FN:22,PaymentListScreen
FN:23,(anonymous_1)
FN:41,(anonymous_2)
FN:51,(anonymous_3)
FN:66,(anonymous_4)
FN:81,(anonymous_5)
FN:84,(anonymous_6)
FN:171,(anonymous_7)
FN:192,(anonymous_8)
FN:199,(anonymous_9)
FN:206,(anonymous_10)
FN:213,(anonymous_11)
FN:220,(anonymous_12)
FN:232,(anonymous_13)
FNF:14
FNH:0
FNDA:0,PaymentListScreen
FNDA:0,(anonymous_1)
FNDA:0,(anonymous_2)
FNDA:0,(anonymous_3)
FNDA:0,(anonymous_4)
FNDA:0,(anonymous_5)
FNDA:0,(anonymous_6)
FNDA:0,(anonymous_7)
FNDA:0,(anonymous_8)
FNDA:0,(anonymous_9)
FNDA:0,(anonymous_10)
FNDA:0,(anonymous_11)
FNDA:0,(anonymous_12)
FNDA:0,(anonymous_13)
DA:23,0
DA:24,0
DA:25,0
DA:27,0
DA:38,0
DA:41,0
DA:42,0
DA:43,0
DA:44,0
DA:45,0
DA:46,0
DA:48,0
DA:51,0
DA:52,0
DA:54,0
DA:56,0
DA:58,0
DA:60,0
DA:62,0
DA:66,0
DA:67,0
DA:69,0
DA:71,0
DA:73,0
DA:75,0
DA:77,0
DA:81,0
DA:82,0
DA:85,0
DA:86,0
DA:154,0
DA:155,0
DA:165,0
DA:166,0
DA:171,0
DA:178,0
DA:192,0
DA:199,0
DA:206,0
DA:213,0
DA:220,0
DA:232,0
DA:252,0
LF:43
LH:0
BRDA:28,0,0,0
BRDA:28,0,1,0
BRDA:29,1,0,0
BRDA:29,1,1,0
BRDA:42,2,0,0
BRDA:42,2,1,0
BRDA:46,3,0,0
BRDA:46,3,1,0
BRDA:52,4,0,0
BRDA:52,4,1,0
BRDA:52,4,2,0
BRDA:52,4,3,0
BRDA:52,4,4,0
BRDA:67,5,0,0
BRDA:67,5,1,0
BRDA:67,5,2,0
BRDA:67,5,3,0
BRDA:67,5,4,0
BRDA:85,6,0,0
BRDA:85,6,1,0
BRDA:119,7,0,0
BRDA:119,7,1,0
BRDA:130,8,0,0
BRDA:130,8,1,0
BRDA:154,9,0,0
BRDA:154,9,1,0
BRDA:165,10,0,0
BRDA:165,10,1,0
BRF:28
BRH:0
end_of_record
TN:
SF:src\features\payments\screens\RecordPaymentScreen.tsx
FN:27,RecordPaymentScreen
FN:51,(anonymous_1)
FN:61,(anonymous_2)
FN:114,(anonymous_3)
FN:120,(anonymous_4)
FN:155,(anonymous_5)
FN:159,(anonymous_6)
FN:171,(anonymous_7)
FN:197,(anonymous_8)
FN:224,(anonymous_9)
FNF:10
FNH:0
FNDA:0,RecordPaymentScreen
FNDA:0,(anonymous_1)
FNDA:0,(anonymous_2)
FNDA:0,(anonymous_3)
FNDA:0,(anonymous_4)
FNDA:0,(anonymous_5)
FNDA:0,(anonymous_6)
FNDA:0,(anonymous_7)
FNDA:0,(anonymous_8)
FNDA:0,(anonymous_9)
DA:28,0
DA:29,0
DA:30,0
DA:38,0
DA:48,0
DA:49,0
DA:51,0
DA:52,0
DA:53,0
DA:58,0
DA:61,0
DA:65,0
DA:69,0
DA:115,0
DA:121,0
DA:122,0
DA:156,0
DA:159,0
DA:172,0
DA:173,0
DA:174,0
DA:198,0
DA:225,0
DA:256,0
LF:24
LH:0
BRDA:49,0,0,0
BRDA:49,0,1,0
BRDA:65,1,0,0
BRDA:65,1,1,0
BRDA:72,2,0,0
BRDA:72,2,1,0
BRDA:119,3,0,0
BRDA:119,3,1,0
BRDA:122,4,0,0
BRDA:122,4,1,0
BRDA:130,5,0,0
BRDA:130,5,1,0
BRDA:135,6,0,0
BRDA:135,6,1,0
BRDA:140,7,0,0
BRDA:140,7,1,0
BRDA:140,7,2,0
BRDA:166,8,0,0
BRDA:166,8,1,0
BRDA:173,9,0,0
BRDA:173,9,1,0
BRDA:182,10,0,0
BRDA:182,10,1,0
BRDA:209,11,0,0
BRDA:209,11,1,0
BRDA:245,12,0,0
BRDA:245,12,1,0
BRDA:246,13,0,0
BRDA:246,13,1,0
BRDA:246,13,2,0
BRF:30
BRH:0
end_of_record
TN:
SF:src\features\payments\services\mockPaymentApi.ts
FN:136,(anonymous_0)
FN:136,(anonymous_1)
FN:142,(anonymous_2)
FN:149,(anonymous_3)
FN:154,(anonymous_4)
FN:159,(anonymous_5)
FN:164,(anonymous_6)
FN:167,(anonymous_7)
FN:171,(anonymous_8)
FN:179,(anonymous_9)
FN:182,(anonymous_10)
FN:193,(anonymous_11)
FN:201,(anonymous_12)
FN:239,(anonymous_13)
FN:246,(anonymous_14)
FN:281,(anonymous_15)
FN:286,(anonymous_16)
FN:293,(anonymous_17)
FN:294,(anonymous_18)
FN:305,(anonymous_19)
FN:311,(anonymous_20)
FN:314,(anonymous_21)
FN:317,(anonymous_22)
FN:328,(anonymous_23)
FN:354,(anonymous_24)
FN:369,(anonymous_25)
FN:373,(anonymous_26)
FN:376,(anonymous_27)
FN:380,(anonymous_28)
FN:381,(anonymous_29)
FN:383,(anonymous_30)
FN:384,(anonymous_31)
FN:385,(anonymous_32)
FN:388,(anonymous_33)
FN:389,(anonymous_34)
FN:401,(anonymous_35)
FN:417,(anonymous_36)
FNF:37
FNH:5
FNDA:200,(anonymous_0)
FNDA:200,(anonymous_1)
FNDA:0,(anonymous_2)
FNDA:0,(anonymous_3)
FNDA:0,(anonymous_4)
FNDA:0,(anonymous_5)
FNDA:0,(anonymous_6)
FNDA:0,(anonymous_7)
FNDA:0,(anonymous_8)
FNDA:0,(anonymous_9)
FNDA:0,(anonymous_10)
FNDA:100,(anonymous_11)
FNDA:0,(anonymous_12)
FNDA:100,(anonymous_13)
FNDA:5550,(anonymous_14)
FNDA:0,(anonymous_15)
FNDA:0,(anonymous_16)
FNDA:0,(anonymous_17)
FNDA:0,(anonymous_18)
FNDA:0,(anonymous_19)
FNDA:0,(anonymous_20)
FNDA:0,(anonymous_21)
FNDA:0,(anonymous_22)
FNDA:0,(anonymous_23)
FNDA:0,(anonymous_24)
FNDA:0,(anonymous_25)
FNDA:0,(anonymous_26)
FNDA:0,(anonymous_27)
FNDA:0,(anonymous_28)
FNDA:0,(anonymous_29)
FNDA:0,(anonymous_30)
FNDA:0,(anonymous_31)
FNDA:0,(anonymous_32)
FNDA:0,(anonymous_33)
FNDA:0,(anonymous_34)
FNDA:0,(anonymous_35)
FNDA:0,(anonymous_36)
DA:25,1
DA:136,200
DA:143,0
DA:145,0
DA:148,0
DA:149,0
DA:153,0
DA:154,0
DA:158,0
DA:159,0
DA:163,0
DA:164,0
DA:166,0
DA:167,0
DA:171,0
DA:173,0
DA:180,0
DA:182,0
DA:183,0
DA:184,0
DA:187,0
DA:194,100
DA:198,100
DA:199,100
DA:200,0
DA:202,0
DA:206,0
DA:207,0
DA:211,100
DA:232,100
DA:233,100
DA:244,100
DA:246,5550
DA:247,100
DA:248,0
DA:251,100
DA:252,100
DA:256,100
DA:257,100
DA:258,0
DA:259,0
DA:261,0
DA:264,100
DA:274,100
DA:275,100
DA:282,0
DA:284,0
DA:285,0
DA:287,0
DA:293,0
DA:294,0
DA:295,0
DA:296,0
DA:305,0
DA:312,0
DA:314,0
DA:317,0
DA:318,0
DA:319,0
DA:321,0
DA:334,0
DA:338,0
DA:348,0
DA:367,0
DA:369,0
DA:372,0
DA:373,0
DA:375,0
DA:376,0
DA:379,0
DA:380,0
DA:381,0
DA:383,0
DA:384,0
DA:385,0
DA:388,0
DA:389,0
DA:390,0
DA:391,0
DA:394,0
DA:396,0
DA:398,0
DA:401,0
DA:402,0
DA:404,0
DA:418,0
DA:422,1
LF:87
LH:19
BRDA:136,0,0,200
BRDA:148,1,0,0
BRDA:148,1,1,0
BRDA:153,2,0,0
BRDA:153,2,1,0
BRDA:158,3,0,0
BRDA:158,3,1,0
BRDA:163,4,0,0
BRDA:163,4,1,0
BRDA:166,5,0,0
BRDA:166,5,1,0
BRDA:183,6,0,0
BRDA:183,6,1,0
BRDA:198,7,0,100
BRDA:198,7,1,100
BRDA:198,7,2,0
BRDA:199,8,0,0
BRDA:199,8,1,100
BRDA:202,9,0,0
BRDA:202,9,1,0
BRDA:202,9,2,0
BRDA:206,10,0,0
BRDA:206,10,1,0
BRDA:247,11,0,0
BRDA:247,11,1,100
BRDA:256,12,0,100
BRDA:256,12,1,0
BRDA:258,13,0,0
BRDA:258,13,1,0
BRDA:269,14,0,100
BRDA:269,14,1,0
BRDA:287,15,0,0
BRDA:287,15,1,0
BRDA:287,15,2,0
BRDA:287,15,3,0
BRDA:287,15,4,0
BRDA:295,16,0,0
BRDA:295,16,1,0
BRDA:295,17,0,0
BRDA:295,17,1,0
BRDA:318,18,0,0
BRDA:318,18,1,0
BRDA:372,19,0,0
BRDA:372,19,1,0
BRDA:375,20,0,0
BRDA:375,20,1,0
BRDA:388,21,0,0
BRDA:388,21,1,0
BRDA:390,22,0,0
BRDA:390,22,1,0
BRDA:398,23,0,0
BRDA:398,23,1,0
BRDA:401,24,0,0
BRDA:401,24,1,0
BRDA:402,25,0,0
BRDA:402,25,1,0
BRF:56
BRH:7
end_of_record
TN:
SF:src\features\payments\services\paymentApi.ts
FN:19,(anonymous_0)
FN:24,(anonymous_1)
FN:26,(anonymous_2)
FN:66,(anonymous_3)
FN:68,(anonymous_4)
FN:99,(anonymous_5)
FN:101,(anonymous_6)
FN:133,(anonymous_7)
FN:139,(anonymous_8)
FN:171,(anonymous_9)
FN:173,(anonymous_10)
FN:204,(anonymous_11)
FN:206,(anonymous_12)
FN:237,(anonymous_13)
FN:244,(anonymous_14)
FN:276,(anonymous_15)
FN:290,(anonymous_16)
FN:332,(anonymous_17)
FNF:18
FNH:0
FNDA:0,(anonymous_0)
FNDA:0,(anonymous_1)
FNDA:0,(anonymous_2)
FNDA:0,(anonymous_3)
FNDA:0,(anonymous_4)
FNDA:0,(anonymous_5)
FNDA:0,(anonymous_6)
FNDA:0,(anonymous_7)
FNDA:0,(anonymous_8)
FNDA:0,(anonymous_9)
FNDA:0,(anonymous_10)
FNDA:0,(anonymous_11)
FNDA:0,(anonymous_12)
FNDA:0,(anonymous_13)
FNDA:0,(anonymous_14)
FNDA:0,(anonymous_15)
FNDA:0,(anonymous_16)
FNDA:0,(anonymous_17)
DA:20,0
DA:21,0
DA:25,0
DA:26,0
DA:28,0
DA:29,0
DA:30,0
DA:31,0
DA:32,0
DA:33,0
DA:34,0
DA:36,0
DA:38,0
DA:47,0
DA:49,0
DA:50,0
DA:51,0
DA:54,0
DA:55,0
DA:57,0
DA:58,0
DA:59,0
DA:60,0
DA:62,0
DA:67,0
DA:68,0
DA:70,0
DA:71,0
DA:80,0
DA:82,0
DA:83,0
DA:84,0
DA:87,0
DA:88,0
DA:90,0
DA:91,0
DA:92,0
DA:93,0
DA:95,0
DA:100,0
DA:101,0
DA:103,0
DA:104,0
DA:114,0
DA:116,0
DA:117,0
DA:118,0
DA:121,0
DA:122,0
DA:124,0
DA:125,0
DA:126,0
DA:127,0
DA:129,0
DA:138,0
DA:139,0
DA:141,0
DA:142,0
DA:152,0
DA:154,0
DA:155,0
DA:156,0
DA:159,0
DA:160,0
DA:162,0
DA:163,0
DA:164,0
DA:165,0
DA:167,0
DA:172,0
DA:173,0
DA:175,0
DA:176,0
DA:185,0
DA:187,0
DA:188,0
DA:189,0
DA:192,0
DA:193,0
DA:195,0
DA:196,0
DA:197,0
DA:198,0
DA:200,0
DA:205,0
DA:206,0
DA:208,0
DA:209,0
DA:218,0
DA:220,0
DA:221,0
DA:222,0
DA:225,0
DA:226,0
DA:228,0
DA:229,0
DA:230,0
DA:231,0
DA:233,0
DA:243,0
DA:244,0
DA:246,0
DA:247,0
DA:257,0
DA:259,0
DA:260,0
DA:261,0
DA:264,0
DA:265,0
DA:267,0
DA:268,0
DA:269,0
DA:270,0
DA:272,0
DA:289,0
DA:290,0
DA:292,0
DA:293,0
DA:294,0
DA:295,0
DA:297,0
DA:306,0
DA:308,0
DA:309,0
DA:310,0
DA:313,0
DA:314,0
DA:316,0
DA:317,0
DA:318,0
DA:319,0
DA:321,0
DA:326,0
DA:332,0
DA:333,0
DA:334,0
DA:336,0
DA:337,0
DA:338,0
DA:341,0
LF:140
LH:0
BRDA:30,0,0,0
BRDA:30,0,1,0
BRDA:31,1,0,0
BRDA:31,1,1,0
BRDA:32,2,0,0
BRDA:32,2,1,0
BRDA:33,3,0,0
BRDA:33,3,1,0
BRDA:34,4,0,0
BRDA:34,4,1,0
BRDA:36,5,0,0
BRDA:36,5,1,0
BRDA:49,6,0,0
BRDA:49,6,1,0
BRDA:51,7,0,0
BRDA:51,7,1,0
BRDA:58,8,0,0
BRDA:58,8,1,0
BRDA:59,9,0,0
BRDA:59,9,1,0
BRDA:82,10,0,0
BRDA:82,10,1,0
BRDA:84,11,0,0
BRDA:84,11,1,0
BRDA:91,12,0,0
BRDA:91,12,1,0
BRDA:92,13,0,0
BRDA:92,13,1,0
BRDA:116,14,0,0
BRDA:116,14,1,0
BRDA:118,15,0,0
BRDA:118,15,1,0
BRDA:125,16,0,0
BRDA:125,16,1,0
BRDA:126,17,0,0
BRDA:126,17,1,0
BRDA:154,18,0,0
BRDA:154,18,1,0
BRDA:156,19,0,0
BRDA:156,19,1,0
BRDA:163,20,0,0
BRDA:163,20,1,0
BRDA:164,21,0,0
BRDA:164,21,1,0
BRDA:187,22,0,0
BRDA:187,22,1,0
BRDA:189,23,0,0
BRDA:189,23,1,0
BRDA:196,24,0,0
BRDA:196,24,1,0
BRDA:197,25,0,0
BRDA:197,25,1,0
BRDA:220,26,0,0
BRDA:220,26,1,0
BRDA:222,27,0,0
BRDA:222,27,1,0
BRDA:229,28,0,0
BRDA:229,28,1,0
BRDA:230,29,0,0
BRDA:230,29,1,0
BRDA:259,30,0,0
BRDA:259,30,1,0
BRDA:261,31,0,0
BRDA:261,31,1,0
BRDA:268,32,0,0
BRDA:268,32,1,0
BRDA:269,33,0,0
BRDA:269,33,1,0
BRDA:294,34,0,0
BRDA:294,34,1,0
BRDA:295,35,0,0
BRDA:295,35,1,0
BRDA:308,36,0,0
BRDA:308,36,1,0
BRDA:310,37,0,0
BRDA:310,37,1,0
BRDA:317,38,0,0
BRDA:317,38,1,0
BRDA:318,39,0,0
BRDA:318,39,1,0
BRDA:336,40,0,0
BRDA:336,40,1,0
BRF:82
BRH:0
end_of_record
TN:
SF:src\features\payments\types\index.ts
FNF:0
FNH:0
LF:0
LH:0
BRF:0
BRH:0
end_of_record
TN:
SF:src\features\payments\utils\feeCalculation.ts
FN:21,calculateMonthlyFees
FN:56,applyFeeAdjustment
FN:80,generateItemizedBill
FN:166,createRateHistory
FN:195,getApplicableRates
FN:209,(anonymous_5)
FN:233,calculateFeesWithHistoricalRates
FN:269,validateFeeCalculation
FNF:8
FNH:8
FNDA:411,calculateMonthlyFees
FNDA:103,applyFeeAdjustment
FNDA:103,generateItemizedBill
FNDA:525,createRateHistory
FNDA:527,getApplicableRates
FNDA:1038,(anonymous_5)
FNDA:201,calculateFeesWithHistoricalRates
FNDA:204,validateFeeCalculation
DA:22,411
DA:23,411
DA:24,411
DA:25,411
DA:26,411
DA:29,411
DA:36,411
DA:60,103
DA:88,103
DA:91,103
DA:97,103
DA:98,102
DA:105,103
DA:106,102
DA:113,103
DA:114,101
DA:121,103
DA:122,102
DA:128,103
DA:143,103
DA:172,525
DA:200,527
DA:201,1
DA:205,526
DA:208,526
DA:209,1038
DA:213,526
DA:214,1045
DA:215,525
DA:220,1
DA:238,201
DA:239,201
DA:240,201
DA:241,201
DA:242,201
DA:245,201
DA:252,201
DA:271,204
DA:278,1
DA:283,203
DA:291,203
LF:41
LH:41
BRDA:21,0,0,207
BRDA:97,1,0,102
BRDA:97,1,1,1
BRDA:105,2,0,102
BRDA:105,2,1,1
BRDA:113,3,0,101
BRDA:113,3,1,2
BRDA:121,4,0,102
BRDA:121,4,1,1
BRDA:170,5,0,1
BRDA:200,6,0,1
BRDA:200,6,1,526
BRDA:214,7,0,525
BRDA:214,7,1,520
BRDA:236,8,0,1
BRDA:271,9,0,1
BRDA:271,9,1,203
BRDA:272,10,0,204
BRDA:272,10,1,203
BRDA:272,10,2,203
BRDA:272,10,3,203
BRDA:272,10,4,203
BRF:22
BRH:22
end_of_record
TN:
SF:src\features\payments\utils\index.ts
FNF:0
FNH:0
LF:0
LH:0
BRF:0
BRH:0
end_of_record
TN:
SF:src\features\payments\validation\paymentSchemas.ts
FN:36,(anonymous_0)
FNF:1
FNH:0
FNDA:0,(anonymous_0)
DA:11,0
DA:32,0
DA:36,0
DA:44,0
LF:4
LH:0
BRF:0
BRH:0
end_of_record
TN:
SF:src\features\properties\index.ts
FNF:0
FNH:0
LF:0
LH:0
BRF:0
BRH:0
end_of_record
TN:
SF:src\features\properties\hooks\useProperties.ts
FN:23,(anonymous_0)
FN:24,(anonymous_1)
FN:25,(anonymous_2)
FN:26,(anonymous_3)
FN:27,(anonymous_4)
FN:33,(anonymous_5)
FN:34,(anonymous_6)
FN:35,(anonymous_7)
FN:39,(anonymous_8)
FN:54,(anonymous_9)
FN:55,(anonymous_10)
FN:59,(anonymous_11)
FN:72,(anonymous_12)
FN:73,(anonymous_13)
FN:77,(anonymous_14)
FN:90,(anonymous_15)
FN:92,(anonymous_16)
FN:93,(anonymous_17)
FN:96,(anonymous_18)
FN:102,(anonymous_19)
FN:114,(anonymous_20)
FN:116,(anonymous_21)
FN:117,(anonymous_22)
FN:120,(anonymous_23)
FN:132,(anonymous_24)
FN:148,(anonymous_25)
FN:150,(anonymous_26)
FN:151,(anonymous_27)
FN:154,(anonymous_28)
FN:161,(anonymous_29)
FN:174,(anonymous_30)
FN:175,(anonymous_31)
FN:176,(anonymous_32)
FNF:33
FNH:0
FNDA:0,(anonymous_0)
FNDA:0,(anonymous_1)
FNDA:0,(anonymous_2)
FNDA:0,(anonymous_3)
FNDA:0,(anonymous_4)
FNDA:0,(anonymous_5)
FNDA:0,(anonymous_6)
FNDA:0,(anonymous_7)
FNDA:0,(anonymous_8)
FNDA:0,(anonymous_9)
FNDA:0,(anonymous_10)
FNDA:0,(anonymous_11)
FNDA:0,(anonymous_12)
FNDA:0,(anonymous_13)
FNDA:0,(anonymous_14)
FNDA:0,(anonymous_15)
FNDA:0,(anonymous_16)
FNDA:0,(anonymous_17)
FNDA:0,(anonymous_18)
FNDA:0,(anonymous_19)
FNDA:0,(anonymous_20)
FNDA:0,(anonymous_21)
FNDA:0,(anonymous_22)
FNDA:0,(anonymous_23)
FNDA:0,(anonymous_24)
FNDA:0,(anonymous_25)
FNDA:0,(anonymous_26)
FNDA:0,(anonymous_27)
FNDA:0,(anonymous_28)
FNDA:0,(anonymous_29)
FNDA:0,(anonymous_30)
FNDA:0,(anonymous_31)
FNDA:0,(anonymous_32)
DA:12,0
DA:21,0
DA:23,0
DA:24,0
DA:25,0
DA:26,0
DA:27,0
DA:33,0
DA:34,0
DA:35,0
DA:37,0
DA:40,0
DA:41,0
DA:43,0
DA:44,0
DA:45,0
DA:54,0
DA:55,0
DA:57,0
DA:60,0
DA:61,0
DA:63,0
DA:72,0
DA:73,0
DA:75,0
DA:78,0
DA:79,0
DA:81,0
DA:90,0
DA:91,0
DA:92,0
DA:93,0
DA:95,0
DA:97,0
DA:98,0
DA:100,0
DA:104,0
DA:106,0
DA:114,0
DA:115,0
DA:116,0
DA:117,0
DA:119,0
DA:127,0
DA:128,0
DA:130,0
DA:134,0
DA:135,0
DA:136,0
DA:140,0
DA:148,0
DA:149,0
DA:150,0
DA:151,0
DA:153,0
DA:155,0
DA:156,0
DA:158,0
DA:159,0
DA:163,0
DA:164,0
DA:166,0
DA:174,0
DA:175,0
DA:176,0
DA:178,0
LF:66
LH:0
BRDA:40,0,0,0
BRDA:40,0,1,0
BRDA:60,1,0,0
BRDA:60,1,1,0
BRDA:65,2,0,0
BRDA:65,2,1,0
BRDA:78,3,0,0
BRDA:78,3,1,0
BRDA:83,4,0,0
BRDA:83,4,1,0
BRDA:97,5,0,0
BRDA:97,5,1,0
BRDA:127,6,0,0
BRDA:127,6,1,0
BRDA:155,7,0,0
BRDA:155,7,1,0
BRF:16
BRH:0
end_of_record
TN:
SF:src\features\properties\screens\AddEditPropertyScreen.tsx
FN:44,(anonymous_0)
FN:80,(anonymous_1)
FN:96,(anonymous_2)
FN:133,(anonymous_3)
FN:154,(anonymous_4)
FN:177,(anonymous_5)
FN:182,(anonymous_6)
FN:203,(anonymous_7)
FN:208,(anonymous_8)
FN:227,(anonymous_9)
FN:232,(anonymous_10)
FN:251,(anonymous_11)
FN:256,(anonymous_12)
FN:275,(anonymous_13)
FN:280,(anonymous_14)
FN:303,(anonymous_15)
FN:308,(anonymous_16)
FN:327,(anonymous_17)
FN:332,(anonymous_18)
FN:360,(anonymous_19)
FNF:20
FNH:0
FNDA:0,(anonymous_0)
FNDA:0,(anonymous_1)
FNDA:0,(anonymous_2)
FNDA:0,(anonymous_3)
FNDA:0,(anonymous_4)
FNDA:0,(anonymous_5)
FNDA:0,(anonymous_6)
FNDA:0,(anonymous_7)
FNDA:0,(anonymous_8)
FNDA:0,(anonymous_9)
FNDA:0,(anonymous_10)
FNDA:0,(anonymous_11)
FNDA:0,(anonymous_12)
FNDA:0,(anonymous_13)
FNDA:0,(anonymous_14)
FNDA:0,(anonymous_15)
FNDA:0,(anonymous_16)
FNDA:0,(anonymous_17)
FNDA:0,(anonymous_18)
FNDA:0,(anonymous_19)
DA:27,0
DA:44,0
DA:45,0
DA:46,0
DA:47,0
DA:48,0
DA:50,0
DA:52,0
DA:56,0
DA:57,0
DA:64,0
DA:80,0
DA:81,0
DA:82,0
DA:96,0
DA:97,0
DA:98,0
DA:99,0
DA:104,0
DA:106,0
DA:108,0
DA:113,0
DA:115,0
DA:134,0
DA:155,0
DA:178,0
DA:182,0
DA:204,0
DA:208,0
DA:228,0
DA:232,0
DA:252,0
DA:256,0
DA:276,0
DA:280,0
DA:304,0
DA:308,0
DA:328,0
DA:332,0
DA:360,0
DA:371,0
LF:41
LH:0
BRDA:53,0,0,0
BRDA:53,0,1,0
BRDA:81,1,0,0
BRDA:81,1,1,0
BRDA:81,2,0,0
BRDA:81,2,1,0
BRDA:98,3,0,0
BRDA:98,3,1,0
BRDA:113,4,0,0
BRDA:113,4,1,0
BRDA:113,4,2,0
BRDA:118,5,0,0
BRDA:118,5,1,0
BRDA:126,6,0,0
BRDA:126,6,1,0
BRDA:143,7,0,0
BRDA:143,7,1,0
BRDA:166,8,0,0
BRDA:166,8,1,0
BRDA:182,9,0,0
BRDA:182,9,1,0
BRDA:188,10,0,0
BRDA:188,10,1,0
BRDA:208,11,0,0
BRDA:208,11,1,0
BRDA:214,12,0,0
BRDA:214,12,1,0
BRDA:232,13,0,0
BRDA:232,13,1,0
BRDA:238,14,0,0
BRDA:238,14,1,0
BRDA:256,15,0,0
BRDA:256,15,1,0
BRDA:262,16,0,0
BRDA:262,16,1,0
BRDA:280,17,0,0
BRDA:280,17,1,0
BRDA:286,18,0,0
BRDA:286,18,1,0
BRDA:308,19,0,0
BRDA:308,19,1,0
BRDA:314,20,0,0
BRDA:314,20,1,0
BRDA:332,21,0,0
BRDA:332,21,1,0
BRDA:338,22,0,0
BRDA:338,22,1,0
BRDA:355,23,0,0
BRDA:355,23,1,0
BRF:49
BRH:0
end_of_record
TN:
SF:src\features\properties\screens\PropertyListScreen.tsx
FN:21,(anonymous_0)
FN:32,(anonymous_1)
FN:37,(anonymous_2)
FN:41,(anonymous_3)
FN:45,(anonymous_4)
FN:50,(anonymous_5)
FN:51,(anonymous_6)
FN:124,(anonymous_7)
FNF:8
FNH:0
FNDA:0,(anonymous_0)
FNDA:0,(anonymous_1)
FNDA:0,(anonymous_2)
FNDA:0,(anonymous_3)
FNDA:0,(anonymous_4)
FNDA:0,(anonymous_5)
FNDA:0,(anonymous_6)
FNDA:0,(anonymous_7)
DA:21,0
DA:22,0
DA:23,0
DA:24,0
DA:26,0
DA:30,0
DA:32,0
DA:33,0
DA:37,0
DA:38,0
DA:41,0
DA:42,0
DA:45,0
DA:46,0
DA:48,0
DA:50,0
DA:51,0
DA:104,0
DA:105,0
DA:112,0
DA:124,0
DA:149,0
LF:22
LH:0
BRDA:54,0,0,0
BRDA:54,0,1,0
BRDA:62,1,0,0
BRDA:62,1,1,0
BRDA:104,2,0,0
BRDA:104,2,1,0
BRDA:104,3,0,0
BRDA:104,3,1,0
BRDA:122,4,0,0
BRDA:122,4,1,0
BRF:10
BRH:0
end_of_record
TN:
SF:src\features\properties\services\mockPropertyApi.ts
FN:103,(anonymous_0)
FN:103,(anonymous_1)
FN:109,(anonymous_2)
FN:121,(anonymous_3)
FN:128,(anonymous_4)
FN:137,(anonymous_5)
FN:140,(anonymous_6)
FN:151,(anonymous_7)
FN:184,(anonymous_8)
FN:191,(anonymous_9)
FN:217,(anonymous_10)
FN:220,(anonymous_11)
FN:232,(anonymous_12)
FNF:13
FNH:0
FNDA:0,(anonymous_0)
FNDA:0,(anonymous_1)
FNDA:0,(anonymous_2)
FNDA:0,(anonymous_3)
FNDA:0,(anonymous_4)
FNDA:0,(anonymous_5)
FNDA:0,(anonymous_6)
FNDA:0,(anonymous_7)
FNDA:0,(anonymous_8)
FNDA:0,(anonymous_9)
FNDA:0,(anonymous_10)
FNDA:0,(anonymous_11)
FNDA:0,(anonymous_12)
DA:23,1
DA:72,1
DA:103,1
DA:113,0
DA:115,0
DA:118,0
DA:119,0
DA:120,0
DA:122,0
DA:127,0
DA:128,0
DA:131,0
DA:138,0
DA:140,0
DA:141,0
DA:142,0
DA:145,0
DA:155,0
DA:157,0
DA:165,0
DA:168,0
DA:178,0
DA:189,0
DA:191,0
DA:192,0
DA:193,0
DA:196,0
DA:202,0
DA:205,0
DA:206,0
DA:207,0
DA:211,0
DA:218,0
DA:220,0
DA:221,0
DA:222,0
DA:225,0
DA:226,0
DA:236,0
DA:238,0
DA:239,0
DA:240,0
DA:243,0
DA:247,1
LF:44
LH:4
BRDA:103,0,0,0
BRDA:118,1,0,0
BRDA:118,1,1,0
BRDA:122,2,0,0
BRDA:122,2,1,0
BRDA:127,3,0,0
BRDA:127,3,1,0
BRDA:141,4,0,0
BRDA:141,4,1,0
BRDA:192,5,0,0
BRDA:192,5,1,0
BRDA:205,6,0,0
BRDA:205,6,1,0
BRDA:205,7,0,0
BRDA:205,7,1,0
BRDA:221,8,0,0
BRDA:221,8,1,0
BRDA:239,9,0,0
BRDA:239,9,1,0
BRF:19
BRH:0
end_of_record
TN:
SF:src\features\properties\services\propertyApi.ts
FN:19,(anonymous_0)
FN:27,(anonymous_1)
FN:33,(anonymous_2)
FN:79,(anonymous_3)
FN:82,(anonymous_4)
FN:116,(anonymous_5)
FN:122,(anonymous_6)
FN:157,(anonymous_7)
FN:164,(anonymous_8)
FN:199,(anonymous_9)
FN:202,(anonymous_10)
FN:233,(anonymous_11)
FN:239,(anonymous_12)
FN:277,(anonymous_13)
FNF:14
FNH:3
FNDA:1,(anonymous_0)
FNDA:0,(anonymous_1)
FNDA:0,(anonymous_2)
FNDA:100,(anonymous_3)
FNDA:0,(anonymous_4)
FNDA:400,(anonymous_5)
FNDA:0,(anonymous_6)
FNDA:0,(anonymous_7)
FNDA:0,(anonymous_8)
FNDA:0,(anonymous_9)
FNDA:0,(anonymous_10)
FNDA:0,(anonymous_11)
FNDA:0,(anonymous_12)
FNDA:0,(anonymous_13)
DA:20,1
DA:21,1
DA:31,0
DA:32,0
DA:33,0
DA:35,0
DA:36,0
DA:37,0
DA:39,0
DA:40,0
DA:43,0
DA:47,0
DA:56,0
DA:58,0
DA:59,0
DA:60,0
DA:63,0
DA:64,0
DA:66,0
DA:67,0
DA:68,0
DA:70,0
DA:72,0
DA:80,100
DA:81,100
DA:82,100
DA:84,100
DA:93,100
DA:95,100
DA:96,0
DA:97,0
DA:100,100
DA:101,100
DA:103,0
DA:104,0
DA:105,0
DA:107,0
DA:109,0
DA:120,400
DA:121,400
DA:122,400
DA:124,400
DA:134,400
DA:136,400
DA:137,0
DA:138,0
DA:141,400
DA:142,400
DA:144,0
DA:145,0
DA:146,0
DA:148,0
DA:150,0
DA:162,0
DA:163,0
DA:164,0
DA:166,0
DA:176,0
DA:178,0
DA:179,0
DA:180,0
DA:183,0
DA:184,0
DA:186,0
DA:187,0
DA:188,0
DA:190,0
DA:192,0
DA:200,0
DA:201,0
DA:202,0
DA:204,0
DA:213,0
DA:215,0
DA:216,0
DA:217,0
DA:220,0
DA:221,0
DA:222,0
DA:224,0
DA:226,0
DA:237,0
DA:238,0
DA:239,0
DA:241,0
DA:250,0
DA:252,0
DA:253,0
DA:254,0
DA:257,0
DA:258,0
DA:260,0
DA:261,0
DA:262,0
DA:264,0
DA:266,0
DA:271,1
DA:277,1
DA:278,0
DA:279,0
DA:281,0
DA:282,0
DA:283,0
DA:286,0
LF:104
LH:20
BRDA:36,0,0,0
BRDA:36,0,1,0
BRDA:39,1,0,0
BRDA:39,1,1,0
BRDA:44,2,0,0
BRDA:44,2,1,0
BRDA:58,3,0,0
BRDA:58,3,1,0
BRDA:60,4,0,0
BRDA:60,4,1,0
BRDA:66,5,0,0
BRDA:66,5,1,0
BRDA:67,6,0,0
BRDA:67,6,1,0
BRDA:95,7,0,0
BRDA:95,7,1,100
BRDA:97,8,0,0
BRDA:97,8,1,0
BRDA:103,9,0,0
BRDA:103,9,1,0
BRDA:104,10,0,0
BRDA:104,10,1,0
BRDA:136,11,0,0
BRDA:136,11,1,400
BRDA:138,12,0,0
BRDA:138,12,1,0
BRDA:144,13,0,0
BRDA:144,13,1,0
BRDA:145,14,0,0
BRDA:145,14,1,0
BRDA:178,15,0,0
BRDA:178,15,1,0
BRDA:180,16,0,0
BRDA:180,16,1,0
BRDA:186,17,0,0
BRDA:186,17,1,0
BRDA:187,18,0,0
BRDA:187,18,1,0
BRDA:215,19,0,0
BRDA:215,19,1,0
BRDA:217,20,0,0
BRDA:217,20,1,0
BRDA:220,21,0,0
BRDA:220,21,1,0
BRDA:221,22,0,0
BRDA:221,22,1,0
BRDA:252,23,0,0
BRDA:252,23,1,0
BRDA:254,24,0,0
BRDA:254,24,1,0
BRDA:260,25,0,0
BRDA:260,25,1,0
BRDA:261,26,0,0
BRDA:261,26,1,0
BRDA:281,27,0,0
BRDA:281,27,1,0
BRF:56
BRH:2
end_of_record
TN:
SF:src\features\properties\store\propertyStore.ts
FN:30,(anonymous_0)
FN:38,(anonymous_1)
FN:42,(anonymous_2)
FN:46,(anonymous_3)
FN:47,(anonymous_4)
FN:52,(anonymous_5)
FN:53,(anonymous_6)
FN:54,(anonymous_7)
FN:58,(anonymous_8)
FN:59,(anonymous_9)
FN:60,(anonymous_10)
FN:66,(anonymous_11)
FN:70,(anonymous_12)
FN:74,(anonymous_13)
FN:78,(anonymous_14)
FN:81,(anonymous_15)
FNF:16
FNH:2
FNDA:1,(anonymous_0)
FNDA:818,(anonymous_1)
FNDA:0,(anonymous_2)
FNDA:0,(anonymous_3)
FNDA:0,(anonymous_4)
FNDA:0,(anonymous_5)
FNDA:0,(anonymous_6)
FNDA:0,(anonymous_7)
FNDA:0,(anonymous_8)
FNDA:0,(anonymous_9)
FNDA:0,(anonymous_10)
FNDA:0,(anonymous_11)
FNDA:0,(anonymous_12)
FNDA:0,(anonymous_13)
FNDA:0,(anonymous_14)
FNDA:0,(anonymous_15)
DA:30,1
DA:39,818
DA:43,0
DA:47,0
DA:53,0
DA:54,0
DA:59,0
DA:60,0
DA:67,0
DA:71,0
DA:75,0
DA:79,0
DA:80,0
DA:81,0
LF:14
LH:2
BRDA:54,0,0,0
BRDA:54,0,1,0
BRDA:62,1,0,0
BRDA:62,1,1,0
BRDA:80,2,0,0
BRDA:80,2,1,0
BRDA:81,3,0,0
BRDA:81,3,1,0
BRF:8
BRH:0
end_of_record
TN:
SF:src\features\properties\types\index.ts
FNF:0
FNH:0
LF:0
LH:0
BRF:0
BRH:0
end_of_record
TN:
SF:src\features\reports\screens\ReportDashboardScreen.tsx
FN:12,ReportDashboardScreen
FNF:1
FNH:0
FNDA:0,ReportDashboardScreen
DA:13,0
DA:21,1
LF:2
LH:1
BRF:0
BRH:0
end_of_record
TN:
SF:src\features\rooms\components\FilterSheet.tsx
FN:17,FilterSheet
FN:24,(anonymous_1)
FN:29,(anonymous_2)
FN:33,(anonymous_3)
FN:34,(anonymous_4)
FN:53,(anonymous_5)
FN:65,(anonymous_6)
FN:77,(anonymous_7)
FN:98,(anonymous_8)
FN:110,(anonymous_9)
FN:132,(anonymous_10)
FN:144,(anonymous_11)
FNF:12
FNH:0
FNDA:0,FilterSheet
FNDA:0,(anonymous_1)
FNDA:0,(anonymous_2)
FNDA:0,(anonymous_3)
FNDA:0,(anonymous_4)
FNDA:0,(anonymous_5)
FNDA:0,(anonymous_6)
FNDA:0,(anonymous_7)
FNDA:0,(anonymous_8)
FNDA:0,(anonymous_9)
FNDA:0,(anonymous_10)
FNDA:0,(anonymous_11)
DA:22,0
DA:24,0
DA:25,0
DA:26,0
DA:29,0
DA:30,0
DA:33,0
DA:34,0
DA:37,0
DA:54,0
DA:66,0
DA:78,0
DA:99,0
DA:111,0
DA:133,0
DA:134,0
DA:145,0
DA:146,0
DA:168,0
LF:19
LH:0
BRDA:56,0,0,0
BRDA:56,0,1,0
BRDA:68,1,0,0
BRDA:68,1,1,0
BRDA:80,2,0,0
BRDA:80,2,1,0
BRDA:101,3,0,0
BRDA:101,3,1,0
BRDA:113,4,0,0
BRDA:113,4,1,0
BRDA:131,5,0,0
BRDA:131,5,1,0
BRDA:133,6,0,0
BRDA:133,6,1,0
BRDA:143,7,0,0
BRDA:143,7,1,0
BRDA:145,8,0,0
BRDA:145,8,1,0
BRF:18
BRH:0
end_of_record
TN:
SF:src\features\rooms\screens\RoomListScreen.tsx
FN:81,RoomListScreen
FN:98,(anonymous_1)
FN:147,(anonymous_2)
FN:174,(anonymous_3)
FN:182,(anonymous_4)
FN:190,(anonymous_5)
FN:215,(anonymous_6)
FN:225,(anonymous_7)
FN:232,(anonymous_8)
FN:240,(anonymous_9)
FN:246,(anonymous_10)
FNF:11
FNH:0
FNDA:0,RoomListScreen
FNDA:0,(anonymous_1)
FNDA:0,(anonymous_2)
FNDA:0,(anonymous_3)
FNDA:0,(anonymous_4)
FNDA:0,(anonymous_5)
FNDA:0,(anonymous_6)
FNDA:0,(anonymous_7)
FNDA:0,(anonymous_8)
FNDA:0,(anonymous_9)
FNDA:0,(anonymous_10)
DA:26,0
DA:82,0
DA:93,0
DA:98,0
DA:99,0
DA:147,0
DA:148,0
DA:158,0
DA:174,0
DA:182,0
DA:191,0
DA:215,0
DA:225,0
DA:232,0
DA:240,0
DA:246,0
DA:254,0
LF:17
LH:0
BRDA:117,0,0,0
BRDA:117,0,1,0
BRDA:118,1,0,0
BRDA:118,1,1,0
BRDA:119,2,0,0
BRDA:119,2,1,0
BRDA:126,3,0,0
BRDA:126,3,1,0
BRDA:150,4,0,0
BRDA:150,4,1,0
BRDA:170,5,0,0
BRDA:170,5,1,0
BRDA:172,6,0,0
BRDA:172,6,1,0
BRDA:180,7,0,0
BRDA:180,7,1,0
BRDA:188,8,0,0
BRDA:188,8,1,0
BRDA:188,8,2,0
BRDA:207,9,0,0
BRDA:207,9,1,0
BRF:21
BRH:0
end_of_record
TN:
SF:src\features\rooms\services\mockRoomApi.ts
FN:197,(anonymous_0)
FN:197,(anonymous_1)
FN:203,(anonymous_2)
FN:210,(anonymous_3)
FN:215,(anonymous_4)
FN:222,(anonymous_5)
FN:230,(anonymous_6)
FN:233,(anonymous_7)
FN:242,(anonymous_8)
FN:245,(anonymous_9)
FN:262,(anonymous_10)
FN:267,(anonymous_11)
FN:288,(anonymous_12)
FN:291,(anonymous_13)
FN:299,(anonymous_14)
FN:322,(anonymous_15)
FN:325,(anonymous_16)
FN:337,(anonymous_17)
FN:342,(anonymous_18)
FN:348,(anonymous_19)
FNF:20
FNH:0
FNDA:0,(anonymous_0)
FNDA:0,(anonymous_1)
FNDA:0,(anonymous_2)
FNDA:0,(anonymous_3)
FNDA:0,(anonymous_4)
FNDA:0,(anonymous_5)
FNDA:0,(anonymous_6)
FNDA:0,(anonymous_7)
FNDA:0,(anonymous_8)
FNDA:0,(anonymous_9)
FNDA:0,(anonymous_10)
FNDA:0,(anonymous_11)
FNDA:0,(anonymous_12)
FNDA:0,(anonymous_13)
FNDA:0,(anonymous_14)
FNDA:0,(anonymous_15)
FNDA:0,(anonymous_16)
FNDA:0,(anonymous_17)
FNDA:0,(anonymous_18)
FNDA:0,(anonymous_19)
DA:17,0
DA:187,0
DA:197,0
DA:204,0
DA:206,0
DA:209,0
DA:210,0
DA:214,0
DA:215,0
DA:219,0
DA:220,0
DA:221,0
DA:223,0
DA:229,0
DA:230,0
DA:232,0
DA:233,0
DA:236,0
DA:243,0
DA:245,0
DA:246,0
DA:247,0
DA:251,0
DA:252,0
DA:253,0
DA:256,0
DA:263,0
DA:266,0
DA:267,0
DA:269,0
DA:270,0
DA:273,0
DA:281,0
DA:282,0
DA:289,0
DA:291,0
DA:292,0
DA:293,0
DA:297,0
DA:298,0
DA:300,0
DA:304,0
DA:305,0
DA:309,0
DA:315,0
DA:316,0
DA:323,0
DA:325,0
DA:326,0
DA:327,0
DA:331,0
DA:338,0
DA:340,0
DA:341,0
DA:343,0
DA:347,0
DA:348,0
DA:351,0
DA:355,0
LF:59
LH:0
BRDA:197,0,0,0
BRDA:209,1,0,0
BRDA:209,1,1,0
BRDA:214,2,0,0
BRDA:214,2,1,0
BRDA:219,3,0,0
BRDA:219,3,1,0
BRDA:223,4,0,0
BRDA:223,4,1,0
BRDA:229,5,0,0
BRDA:229,5,1,0
BRDA:232,6,0,0
BRDA:232,6,1,0
BRDA:246,7,0,0
BRDA:246,7,1,0
BRDA:252,8,0,0
BRDA:252,8,1,0
BRDA:252,9,0,0
BRDA:252,9,1,0
BRDA:267,10,0,0
BRDA:267,10,1,0
BRDA:269,11,0,0
BRDA:269,11,1,0
BRDA:292,12,0,0
BRDA:292,12,1,0
BRDA:297,13,0,0
BRDA:297,13,1,0
BRDA:300,14,0,0
BRDA:300,14,1,0
BRDA:300,14,2,0
BRDA:304,15,0,0
BRDA:304,15,1,0
BRDA:326,16,0,0
BRDA:326,16,1,0
BRDA:343,17,0,0
BRDA:343,17,1,0
BRDA:347,18,0,0
BRDA:347,18,1,0
BRF:38
BRH:0
end_of_record
TN:
SF:src\features\rooms\services\roomApi.ts
FN:13,(anonymous_0)
FN:18,(anonymous_1)
FN:20,(anonymous_2)
FN:61,(anonymous_3)
FN:63,(anonymous_4)
FN:94,(anonymous_5)
FN:96,(anonymous_6)
FN:128,(anonymous_7)
FN:130,(anonymous_8)
FN:162,(anonymous_9)
FN:164,(anonymous_10)
FN:192,(anonymous_11)
FN:194,(anonymous_12)
FN:235,(anonymous_13)
FNF:14
FNH:0
FNDA:0,(anonymous_0)
FNDA:0,(anonymous_1)
FNDA:0,(anonymous_2)
FNDA:0,(anonymous_3)
FNDA:0,(anonymous_4)
FNDA:0,(anonymous_5)
FNDA:0,(anonymous_6)
FNDA:0,(anonymous_7)
FNDA:0,(anonymous_8)
FNDA:0,(anonymous_9)
FNDA:0,(anonymous_10)
FNDA:0,(anonymous_11)
FNDA:0,(anonymous_12)
FNDA:0,(anonymous_13)
DA:14,0
DA:15,0
DA:19,0
DA:20,0
DA:22,0
DA:23,0
DA:24,0
DA:25,0
DA:26,0
DA:27,0
DA:28,0
DA:29,0
DA:31,0
DA:33,0
DA:42,0
DA:44,0
DA:45,0
DA:46,0
DA:49,0
DA:50,0
DA:52,0
DA:53,0
DA:54,0
DA:55,0
DA:57,0
DA:62,0
DA:63,0
DA:65,0
DA:66,0
DA:75,0
DA:77,0
DA:78,0
DA:79,0
DA:82,0
DA:83,0
DA:85,0
DA:86,0
DA:87,0
DA:88,0
DA:90,0
DA:95,0
DA:96,0
DA:98,0
DA:99,0
DA:109,0
DA:111,0
DA:112,0
DA:113,0
DA:116,0
DA:117,0
DA:119,0
DA:120,0
DA:121,0
DA:122,0
DA:124,0
DA:129,0
DA:130,0
DA:132,0
DA:133,0
DA:143,0
DA:145,0
DA:146,0
DA:147,0
DA:150,0
DA:151,0
DA:153,0
DA:154,0
DA:155,0
DA:156,0
DA:158,0
DA:163,0
DA:164,0
DA:166,0
DA:167,0
DA:176,0
DA:178,0
DA:179,0
DA:180,0
DA:183,0
DA:184,0
DA:185,0
DA:186,0
DA:188,0
DA:193,0
DA:194,0
DA:196,0
DA:197,0
DA:198,0
DA:200,0
DA:209,0
DA:211,0
DA:212,0
DA:213,0
DA:216,0
DA:217,0
DA:219,0
DA:220,0
DA:221,0
DA:222,0
DA:224,0
DA:229,0
DA:235,0
DA:236,0
DA:237,0
DA:239,0
DA:240,0
DA:241,0
DA:244,0
LF:108
LH:0
BRDA:24,0,0,0
BRDA:24,0,1,0
BRDA:25,1,0,0
BRDA:25,1,1,0
BRDA:26,2,0,0
BRDA:26,2,1,0
BRDA:27,3,0,0
BRDA:27,3,1,0
BRDA:28,4,0,0
BRDA:28,4,1,0
BRDA:29,5,0,0
BRDA:29,5,1,0
BRDA:31,6,0,0
BRDA:31,6,1,0
BRDA:44,7,0,0
BRDA:44,7,1,0
BRDA:46,8,0,0
BRDA:46,8,1,0
BRDA:53,9,0,0
BRDA:53,9,1,0
BRDA:54,10,0,0
BRDA:54,10,1,0
BRDA:77,11,0,0
BRDA:77,11,1,0
BRDA:79,12,0,0
BRDA:79,12,1,0
BRDA:86,13,0,0
BRDA:86,13,1,0
BRDA:87,14,0,0
BRDA:87,14,1,0
BRDA:111,15,0,0
BRDA:111,15,1,0
BRDA:113,16,0,0
BRDA:113,16,1,0
BRDA:120,17,0,0
BRDA:120,17,1,0
BRDA:121,18,0,0
BRDA:121,18,1,0
BRDA:145,19,0,0
BRDA:145,19,1,0
BRDA:147,20,0,0
BRDA:147,20,1,0
BRDA:154,21,0,0
BRDA:154,21,1,0
BRDA:155,22,0,0
BRDA:155,22,1,0
BRDA:178,23,0,0
BRDA:178,23,1,0
BRDA:180,24,0,0
BRDA:180,24,1,0
BRDA:184,25,0,0
BRDA:184,25,1,0
BRDA:185,26,0,0
BRDA:185,26,1,0
BRDA:198,27,0,0
BRDA:198,27,1,0
BRDA:211,28,0,0
BRDA:211,28,1,0
BRDA:213,29,0,0
BRDA:213,29,1,0
BRDA:220,30,0,0
BRDA:220,30,1,0
BRDA:221,31,0,0
BRDA:221,31,1,0
BRDA:239,32,0,0
BRDA:239,32,1,0
BRF:66
BRH:0
end_of_record
TN:
SF:src\features\rooms\types\index.ts
FNF:0
FNH:0
LF:0
LH:0
BRF:0
BRH:0
end_of_record
TN:
SF:src\features\settings\screens\SettingsHomeScreen.tsx
FN:12,SettingsHomeScreen
FNF:1
FNH:0
FNDA:0,SettingsHomeScreen
DA:13,0
DA:21,1
LF:2
LH:1
BRF:0
BRH:0
end_of_record
TN:
SF:src\features\tenants\index.ts
FNF:0
FNH:0
LF:0
LH:0
BRF:0
BRH:0
end_of_record
TN:
SF:src\features\tenants\components\TenantDetail.tsx
FN:16,(anonymous_0)
FNF:1
FNH:0
FNDA:0,(anonymous_0)
DA:16,0
DA:17,0
DA:19,0
DA:143,0
LF:4
LH:0
BRDA:26,0,0,0
BRDA:26,0,1,0
BRDA:29,1,0,0
BRDA:29,1,1,0
BRDA:54,2,0,0
BRDA:54,2,1,0
BRDA:64,3,0,0
BRDA:64,3,1,0
BRDA:91,4,0,0
BRDA:91,4,1,0
BRDA:104,5,0,0
BRDA:104,5,1,0
BRF:12
BRH:0
end_of_record
TN:
SF:src\features\tenants\components\TenantHistory.tsx
FN:17,(anonymous_0)
FN:48,(anonymous_1)
FN:89,(anonymous_2)
FNF:3
FNH:0
FNDA:0,(anonymous_0)
FNDA:0,(anonymous_1)
FNDA:0,(anonymous_2)
DA:17,0
DA:18,0
DA:20,0
DA:21,0
DA:28,0
DA:29,0
DA:38,0
DA:39,0
DA:48,0
DA:49,0
DA:80,0
DA:89,0
DA:96,0
LF:13
LH:0
BRDA:20,0,0,0
BRDA:20,0,1,0
BRDA:28,1,0,0
BRDA:28,1,1,0
BRDA:38,2,0,0
BRDA:38,2,1,0
BRDA:38,3,0,0
BRDA:38,3,1,0
BRDA:59,4,0,0
BRDA:59,4,1,0
BRDA:69,5,0,0
BRDA:69,5,1,0
BRF:12
BRH:0
end_of_record
TN:
SF:src\features\tenants\hooks\useTenants.ts
FN:24,(anonymous_0)
FN:25,(anonymous_1)
FN:26,(anonymous_2)
FN:27,(anonymous_3)
FN:28,(anonymous_4)
FN:34,(anonymous_5)
FN:35,(anonymous_6)
FN:39,(anonymous_7)
FN:52,(anonymous_8)
FN:53,(anonymous_9)
FN:57,(anonymous_10)
FN:70,(anonymous_11)
FN:71,(anonymous_12)
FN:75,(anonymous_13)
FN:88,(anonymous_14)
FN:90,(anonymous_15)
FN:93,(anonymous_16)
FN:99,(anonymous_17)
FN:113,(anonymous_18)
FN:115,(anonymous_19)
FN:118,(anonymous_20)
FN:124,(anonymous_21)
FN:137,(anonymous_22)
FN:139,(anonymous_23)
FN:142,(anonymous_24)
FN:149,(anonymous_25)
FN:162,(anonymous_26)
FN:164,(anonymous_27)
FN:167,(anonymous_28)
FN:173,(anonymous_29)
FN:187,(anonymous_30)
FN:189,(anonymous_31)
FN:192,(anonymous_32)
FN:199,(anonymous_33)
FNF:34
FNH:0
FNDA:0,(anonymous_0)
FNDA:0,(anonymous_1)
FNDA:0,(anonymous_2)
FNDA:0,(anonymous_3)
FNDA:0,(anonymous_4)
FNDA:0,(anonymous_5)
FNDA:0,(anonymous_6)
FNDA:0,(anonymous_7)
FNDA:0,(anonymous_8)
FNDA:0,(anonymous_9)
FNDA:0,(anonymous_10)
FNDA:0,(anonymous_11)
FNDA:0,(anonymous_12)
FNDA:0,(anonymous_13)
FNDA:0,(anonymous_14)
FNDA:0,(anonymous_15)
FNDA:0,(anonymous_16)
FNDA:0,(anonymous_17)
FNDA:0,(anonymous_18)
FNDA:0,(anonymous_19)
FNDA:0,(anonymous_20)
FNDA:0,(anonymous_21)
FNDA:0,(anonymous_22)
FNDA:0,(anonymous_23)
FNDA:0,(anonymous_24)
FNDA:0,(anonymous_25)
FNDA:0,(anonymous_26)
FNDA:0,(anonymous_27)
FNDA:0,(anonymous_28)
FNDA:0,(anonymous_29)
FNDA:0,(anonymous_30)
FNDA:0,(anonymous_31)
FNDA:0,(anonymous_32)
FNDA:0,(anonymous_33)
DA:19,0
DA:22,0
DA:24,0
DA:25,0
DA:26,0
DA:27,0
DA:28,0
DA:34,0
DA:35,0
DA:37,0
DA:40,0
DA:41,0
DA:43,0
DA:52,0
DA:53,0
DA:55,0
DA:58,0
DA:59,0
DA:61,0
DA:70,0
DA:71,0
DA:73,0
DA:76,0
DA:77,0
DA:79,0
DA:88,0
DA:89,0
DA:90,0
DA:92,0
DA:94,0
DA:95,0
DA:97,0
DA:101,0
DA:103,0
DA:105,0
DA:113,0
DA:114,0
DA:115,0
DA:117,0
DA:119,0
DA:120,0
DA:122,0
DA:126,0
DA:127,0
DA:129,0
DA:137,0
DA:138,0
DA:139,0
DA:141,0
DA:143,0
DA:144,0
DA:146,0
DA:147,0
DA:151,0
DA:152,0
DA:154,0
DA:162,0
DA:163,0
DA:164,0
DA:166,0
DA:168,0
DA:169,0
DA:171,0
DA:175,0
DA:176,0
DA:177,0
DA:179,0
DA:187,0
DA:188,0
DA:189,0
DA:191,0
DA:193,0
DA:194,0
DA:196,0
DA:197,0
DA:201,0
DA:202,0
DA:203,0
DA:205,0
LF:79
LH:0
BRDA:40,0,0,0
BRDA:40,0,1,0
BRDA:58,1,0,0
BRDA:58,1,1,0
BRDA:63,2,0,0
BRDA:63,2,1,0
BRDA:76,3,0,0
BRDA:76,3,1,0
BRDA:81,4,0,0
BRDA:81,4,1,0
BRDA:94,5,0,0
BRDA:94,5,1,0
BRDA:119,6,0,0
BRDA:119,6,1,0
BRDA:143,7,0,0
BRDA:143,7,1,0
BRDA:168,8,0,0
BRDA:168,8,1,0
BRDA:193,9,0,0
BRDA:193,9,1,0
BRF:20
BRH:0
end_of_record
TN:
SF:src\features\tenants\screens\AssignTenantScreen.tsx
FN:24,(anonymous_0)
FN:48,(anonymous_1)
FN:54,(anonymous_2)
FN:62,(anonymous_3)
FN:76,(anonymous_4)
FN:96,(anonymous_5)
FN:118,(anonymous_6)
FN:140,(anonymous_7)
FN:166,(anonymous_8)
FN:190,(anonymous_9)
FN:197,(anonymous_10)
FN:205,(anonymous_11)
FNF:12
FNH:0
FNDA:0,(anonymous_0)
FNDA:0,(anonymous_1)
FNDA:0,(anonymous_2)
FNDA:0,(anonymous_3)
FNDA:0,(anonymous_4)
FNDA:0,(anonymous_5)
FNDA:0,(anonymous_6)
FNDA:0,(anonymous_7)
FNDA:0,(anonymous_8)
FNDA:0,(anonymous_9)
FNDA:0,(anonymous_10)
FNDA:0,(anonymous_11)
DA:24,0
DA:25,0
DA:26,0
DA:27,0
DA:29,0
DA:30,0
DA:38,0
DA:46,0
DA:48,0
DA:49,0
DA:50,0
DA:51,0
DA:54,0
DA:58,0
DA:62,0
DA:63,0
DA:64,0
DA:65,0
DA:69,0
DA:77,0
DA:97,0
DA:119,0
DA:141,0
DA:166,0
DA:190,0
DA:197,0
DA:205,0
DA:228,0
LF:28
LH:0
BRDA:58,0,0,0
BRDA:58,0,1,0
BRDA:64,1,0,0
BRDA:64,1,1,0
BRDA:87,2,0,0
BRDA:87,2,1,0
BRDA:109,3,0,0
BRDA:109,3,1,0
BRDA:131,4,0,0
BRDA:131,4,1,0
BRDA:151,5,0,0
BRDA:151,5,1,0
BRDA:161,6,0,0
BRDA:161,6,1,0
BRDA:171,7,0,0
BRDA:171,7,1,0
BRDA:176,8,0,0
BRDA:176,8,1,0
BRDA:178,9,0,0
BRDA:178,9,1,0
BRDA:217,10,0,0
BRDA:217,10,1,0
BRF:22
BRH:0
end_of_record
TN:
SF:src\features\tenants\services\mockTenantApi.ts
FN:66,(anonymous_0)
FN:66,(anonymous_1)
FN:68,(anonymous_2)
FN:74,(anonymous_3)
FN:80,(anonymous_4)
FN:88,(anonymous_5)
FN:94,(anonymous_6)
FN:97,(anonymous_7)
FN:105,(anonymous_8)
FN:130,(anonymous_9)
FN:133,(anonymous_10)
FN:147,(anonymous_11)
FN:150,(anonymous_12)
FN:158,(anonymous_13)
FN:161,(anonymous_14)
FN:185,(anonymous_15)
FN:188,(anonymous_16)
FN:199,(anonymous_17)
FN:207,(anonymous_18)
FN:211,(anonymous_19)
FN:212,(anonymous_20)
FNF:21
FNH:11
FNDA:194,(anonymous_0)
FNDA:194,(anonymous_1)
FNDA:0,(anonymous_2)
FNDA:0,(anonymous_3)
FNDA:0,(anonymous_4)
FNDA:0,(anonymous_5)
FNDA:60,(anonymous_6)
FNDA:1950,(anonymous_7)
FNDA:87,(anonymous_8)
FNDA:0,(anonymous_9)
FNDA:0,(anonymous_10)
FNDA:0,(anonymous_11)
FNDA:0,(anonymous_12)
FNDA:0,(anonymous_13)
FNDA:0,(anonymous_14)
FNDA:37,(anonymous_15)
FNDA:1933,(anonymous_16)
FNDA:1933,(anonymous_17)
FNDA:10,(anonymous_18)
FNDA:769,(anonymous_19)
FNDA:22,(anonymous_20)
DA:17,1
DA:46,1
DA:66,194
DA:69,0
DA:71,0
DA:73,0
DA:74,0
DA:77,0
DA:78,0
DA:79,0
DA:81,0
DA:87,0
DA:88,0
DA:91,0
DA:95,60
DA:97,1950
DA:98,60
DA:99,0
DA:102,60
DA:106,87
DA:108,87
DA:115,87
DA:118,87
DA:127,87
DA:131,0
DA:133,0
DA:134,0
DA:135,0
DA:138,0
DA:144,0
DA:148,0
DA:150,0
DA:151,0
DA:152,0
DA:155,0
DA:159,0
DA:161,0
DA:162,0
DA:163,0
DA:167,0
DA:168,0
DA:169,0
DA:170,0
DA:173,0
DA:182,0
DA:186,37
DA:188,1933
DA:189,37
DA:190,0
DA:194,37
DA:195,37
DA:198,37
DA:199,1933
DA:201,37
DA:202,37
DA:203,37
DA:208,10
DA:210,10
DA:211,769
DA:212,22
DA:216,1
LF:61
LH:27
BRDA:73,0,0,0
BRDA:73,0,1,0
BRDA:77,1,0,0
BRDA:77,1,1,0
BRDA:81,2,0,0
BRDA:81,2,1,0
BRDA:81,2,2,0
BRDA:87,3,0,0
BRDA:87,3,1,0
BRDA:88,4,0,0
BRDA:88,4,1,0
BRDA:98,5,0,0
BRDA:98,5,1,60
BRDA:134,6,0,0
BRDA:134,6,1,0
BRDA:151,7,0,0
BRDA:151,7,1,0
BRDA:162,8,0,0
BRDA:162,8,1,0
BRDA:188,9,0,1933
BRDA:188,9,1,37
BRDA:189,10,0,0
BRDA:189,10,1,37
BRDA:199,11,0,1933
BRDA:199,11,1,37
BRDA:199,11,2,37
BRDA:201,12,0,37
BRDA:201,12,1,0
BRF:28
BRH:8
end_of_record
TN:
SF:src\features\tenants\services\tenantApi.ts
FN:21,(anonymous_0)
FN:26,(anonymous_1)
FN:28,(anonymous_2)
FN:67,(anonymous_3)
FN:69,(anonymous_4)
FN:100,(anonymous_5)
FN:102,(anonymous_6)
FN:134,(anonymous_7)
FN:136,(anonymous_8)
FN:168,(anonymous_9)
FN:170,(anonymous_10)
FN:198,(anonymous_11)
FN:200,(anonymous_12)
FN:232,(anonymous_13)
FN:234,(anonymous_14)
FN:263,(anonymous_15)
FN:265,(anonymous_16)
FN:303,(anonymous_17)
FNF:18
FNH:2
FNDA:1,(anonymous_0)
FNDA:0,(anonymous_1)
FNDA:0,(anonymous_2)
FNDA:0,(anonymous_3)
FNDA:0,(anonymous_4)
FNDA:0,(anonymous_5)
FNDA:0,(anonymous_6)
FNDA:0,(anonymous_7)
FNDA:0,(anonymous_8)
FNDA:0,(anonymous_9)
FNDA:0,(anonymous_10)
FNDA:0,(anonymous_11)
FNDA:0,(anonymous_12)
FNDA:0,(anonymous_13)
FNDA:0,(anonymous_14)
FNDA:0,(anonymous_15)
FNDA:0,(anonymous_16)
FNDA:1,(anonymous_17)
DA:22,1
DA:23,1
DA:27,0
DA:28,0
DA:30,0
DA:31,0
DA:32,0
DA:33,0
DA:34,0
DA:35,0
DA:37,0
DA:39,0
DA:48,0
DA:50,0
DA:51,0
DA:52,0
DA:55,0
DA:56,0
DA:58,0
DA:59,0
DA:60,0
DA:61,0
DA:63,0
DA:68,0
DA:69,0
DA:71,0
DA:72,0
DA:81,0
DA:83,0
DA:84,0
DA:85,0
DA:88,0
DA:89,0
DA:91,0
DA:92,0
DA:93,0
DA:94,0
DA:96,0
DA:101,0
DA:102,0
DA:104,0
DA:105,0
DA:115,0
DA:117,0
DA:118,0
DA:119,0
DA:122,0
DA:123,0
DA:125,0
DA:126,0
DA:127,0
DA:128,0
DA:130,0
DA:135,0
DA:136,0
DA:138,0
DA:139,0
DA:149,0
DA:151,0
DA:152,0
DA:153,0
DA:156,0
DA:157,0
DA:159,0
DA:160,0
DA:161,0
DA:162,0
DA:164,0
DA:169,0
DA:170,0
DA:172,0
DA:173,0
DA:182,0
DA:184,0
DA:185,0
DA:186,0
DA:189,0
DA:190,0
DA:191,0
DA:192,0
DA:194,0
DA:199,0
DA:200,0
DA:202,0
DA:203,0
DA:213,0
DA:215,0
DA:216,0
DA:217,0
DA:220,0
DA:221,0
DA:223,0
DA:224,0
DA:225,0
DA:226,0
DA:228,0
DA:233,0
DA:234,0
DA:236,0
DA:237,0
DA:247,0
DA:249,0
DA:250,0
DA:251,0
DA:254,0
DA:255,0
DA:256,0
DA:257,0
DA:259,0
DA:264,0
DA:265,0
DA:267,0
DA:268,0
DA:277,0
DA:279,0
DA:280,0
DA:281,0
DA:284,0
DA:285,0
DA:287,0
DA:288,0
DA:289,0
DA:290,0
DA:292,0
DA:297,1
DA:303,1
DA:304,1
DA:305,1
DA:307,1
DA:308,1
DA:309,1
DA:312,0
LF:132
LH:9
BRDA:32,0,0,0
BRDA:32,0,1,0
BRDA:33,1,0,0
BRDA:33,1,1,0
BRDA:34,2,0,0
BRDA:34,2,1,0
BRDA:37,3,0,0
BRDA:37,3,1,0
BRDA:50,4,0,0
BRDA:50,4,1,0
BRDA:52,5,0,0
BRDA:52,5,1,0
BRDA:59,6,0,0
BRDA:59,6,1,0
BRDA:60,7,0,0
BRDA:60,7,1,0
BRDA:83,8,0,0
BRDA:83,8,1,0
BRDA:85,9,0,0
BRDA:85,9,1,0
BRDA:92,10,0,0
BRDA:92,10,1,0
BRDA:93,11,0,0
BRDA:93,11,1,0
BRDA:117,12,0,0
BRDA:117,12,1,0
BRDA:119,13,0,0
BRDA:119,13,1,0
BRDA:126,14,0,0
BRDA:126,14,1,0
BRDA:127,15,0,0
BRDA:127,15,1,0
BRDA:151,16,0,0
BRDA:151,16,1,0
BRDA:153,17,0,0
BRDA:153,17,1,0
BRDA:160,18,0,0
BRDA:160,18,1,0
BRDA:161,19,0,0
BRDA:161,19,1,0
BRDA:184,20,0,0
BRDA:184,20,1,0
BRDA:186,21,0,0
BRDA:186,21,1,0
BRDA:190,22,0,0
BRDA:190,22,1,0
BRDA:191,23,0,0
BRDA:191,23,1,0
BRDA:215,24,0,0
BRDA:215,24,1,0
BRDA:217,25,0,0
BRDA:217,25,1,0
BRDA:224,26,0,0
BRDA:224,26,1,0
BRDA:225,27,0,0
BRDA:225,27,1,0
BRDA:249,28,0,0
BRDA:249,28,1,0
BRDA:251,29,0,0
BRDA:251,29,1,0
BRDA:255,30,0,0
BRDA:255,30,1,0
BRDA:256,31,0,0
BRDA:256,31,1,0
BRDA:279,32,0,0
BRDA:279,32,1,0
BRDA:281,33,0,0
BRDA:281,33,1,0
BRDA:288,34,0,0
BRDA:288,34,1,0
BRDA:289,35,0,0
BRDA:289,35,1,0
BRDA:307,36,0,1
BRDA:307,36,1,0
BRF:74
BRH:1
end_of_record
TN:
SF:src\features\tenants\types\index.ts
FNF:0
FNH:0
LF:0
LH:0
BRF:0
BRH:0
end_of_record
TN:
SF:src\features\tenants\validation\tenantSchemas.ts
FNF:0
FNH:0
DA:9,0
DA:12,0
DA:15,0
DA:24,0
DA:38,0
DA:47,0
DA:57,0
LF:7
LH:0
BRF:0
BRH:0
end_of_record
TN:
SF:src\infrastructure\api\QueryProvider.tsx
FN:18,(anonymous_0)
FNF:1
FNH:0
FNDA:0,(anonymous_0)
DA:18,0
DA:19,0
LF:2
LH:0
BRF:0
BRH:0
end_of_record
TN:
SF:src\infrastructure\api\client.ts
FN:15,(anonymous_0)
FN:36,(anonymous_1)
FN:44,(anonymous_2)
FN:48,(anonymous_3)
FN:53,(anonymous_4)
FN:62,(anonymous_5)
FN:85,(anonymous_6)
FN:95,(anonymous_7)
FN:96,(anonymous_8)
FN:111,(anonymous_9)
FN:133,(anonymous_10)
FN:164,(anonymous_11)
FN:179,(anonymous_12)
FN:195,(anonymous_13)
FN:211,(anonymous_14)
FN:227,(anonymous_15)
FN:242,(anonymous_16)
FNF:17
FNH:0
FNDA:0,(anonymous_0)
FNDA:0,(anonymous_1)
FNDA:0,(anonymous_2)
FNDA:0,(anonymous_3)
FNDA:0,(anonymous_4)
FNDA:0,(anonymous_5)
FNDA:0,(anonymous_6)
FNDA:0,(anonymous_7)
FNDA:0,(anonymous_8)
FNDA:0,(anonymous_9)
FNDA:0,(anonymous_10)
FNDA:0,(anonymous_11)
FNDA:0,(anonymous_12)
FNDA:0,(anonymous_13)
FNDA:0,(anonymous_14)
FNDA:0,(anonymous_15)
FNDA:0,(anonymous_16)
DA:15,0
DA:16,0
DA:25,0
DA:33,0
DA:34,0
DA:37,0
DA:38,0
DA:46,0
DA:48,0
DA:52,0
DA:53,0
DA:65,0
DA:68,0
DA:69,0
DA:73,0
DA:74,0
DA:75,0
DA:78,0
DA:86,0
DA:89,0
DA:92,0
DA:93,0
DA:95,0
DA:96,0
DA:97,0
DA:98,0
DA:103,0
DA:104,0
DA:106,0
DA:108,0
DA:111,0
DA:112,0
DA:115,0
DA:116,0
DA:119,0
DA:120,0
DA:121,0
DA:123,0
DA:127,0
DA:134,0
DA:136,0
DA:137,0
DA:140,0
DA:141,0
DA:147,0
DA:150,0
DA:155,0
DA:157,0
DA:168,0
DA:169,0
DA:170,0
DA:172,0
DA:184,0
DA:185,0
DA:186,0
DA:188,0
DA:200,0
DA:201,0
DA:202,0
DA:204,0
DA:216,0
DA:217,0
DA:218,0
DA:220,0
DA:231,0
DA:232,0
DA:233,0
DA:235,0
DA:243,0
DA:248,0
LF:70
LH:0
BRDA:68,0,0,0
BRDA:68,0,1,0
BRDA:74,1,0,0
BRDA:74,1,1,0
BRDA:92,2,0,0
BRDA:92,2,1,0
BRDA:92,3,0,0
BRDA:92,3,1,0
BRDA:93,4,0,0
BRDA:93,4,1,0
BRDA:136,5,0,0
BRDA:136,5,1,0
BRF:12
BRH:0
end_of_record
TN:
SF:src\infrastructure\api\errorHandler.ts
FN:12,(anonymous_0)
FN:22,(anonymous_1)
FN:32,(anonymous_2)
FN:127,(anonymous_3)
FN:135,(anonymous_4)
FN:142,(anonymous_5)
FN:149,(anonymous_6)
FNF:7
FNH:3
FNDA:3,(anonymous_0)
FNDA:1,(anonymous_1)
FNDA:7,(anonymous_2)
FNDA:0,(anonymous_3)
FNDA:0,(anonymous_4)
FNDA:0,(anonymous_5)
FNDA:0,(anonymous_6)
DA:12,1
DA:13,3
DA:14,3
DA:15,0
DA:16,0
DA:22,1
DA:23,1
DA:24,1
DA:26,0
DA:32,1
DA:34,7
DA:35,6
DA:36,6
DA:39,6
DA:40,2
DA:41,1
DA:46,1
DA:53,4
DA:55,0
DA:63,1
DA:70,0
DA:77,1
DA:84,1
DA:95,1
DA:102,0
DA:111,1
DA:112,0
DA:116,1
DA:117,1
DA:121,0
DA:127,1
DA:129,0
DA:135,1
DA:136,0
DA:142,1
DA:143,0
DA:149,1
DA:150,0
LF:38
LH:26
BRDA:13,0,0,0
BRDA:13,0,1,3
BRDA:14,1,0,3
BRDA:14,1,1,0
BRDA:15,2,0,0
BRDA:15,2,1,0
BRDA:23,3,0,1
BRDA:23,3,1,0
BRDA:23,4,0,1
BRDA:23,4,1,1
BRDA:34,5,0,6
BRDA:34,5,1,1
BRDA:39,6,0,2
BRDA:39,6,1,4
BRDA:40,7,0,1
BRDA:40,7,1,1
BRDA:40,8,0,2
BRDA:40,8,1,1
BRDA:53,9,0,0
BRDA:53,9,1,1
BRDA:53,9,2,0
BRDA:53,9,3,1
BRDA:53,9,4,1
BRDA:53,9,5,1
BRDA:53,9,6,1
BRDA:53,9,7,1
BRDA:53,9,8,1
BRDA:53,9,9,0
BRDA:56,10,0,0
BRDA:56,10,1,0
BRDA:64,11,0,1
BRDA:64,11,1,0
BRDA:71,12,0,0
BRDA:71,12,1,0
BRDA:78,13,0,1
BRDA:78,13,1,0
BRDA:85,14,0,1
BRDA:85,14,1,0
BRDA:103,15,0,0
BRDA:103,15,1,0
BRDA:111,16,0,0
BRDA:111,16,1,1
BRDA:116,17,0,1
BRDA:116,17,1,0
BRDA:143,18,0,0
BRDA:143,18,1,0
BRF:46
BRH:25
end_of_record
TN:
SF:src\infrastructure\api\examples.tsx
FN:14,useRooms
FN:17,(anonymous_1)
FN:30,useRoom
FN:33,(anonymous_3)
FN:44,useCreateRoom
FN:48,(anonymous_5)
FN:52,(anonymous_6)
FN:62,useUpdateRoom
FN:66,(anonymous_8)
FN:71,(anonymous_9)
FN:79,(anonymous_10)
FN:88,(anonymous_11)
FN:94,(anonymous_12)
FN:104,useDeleteRoom
FN:108,(anonymous_14)
FN:111,(anonymous_15)
FN:121,useRoomWithPayments
FN:125,(anonymous_17)
FN:135,(anonymous_18)
FN:153,useRoomsPaginated
FN:156,(anonymous_20)
FN:169,useRoomsInfinite
FN:172,(anonymous_22)
FN:184,prefetchRoom
FN:187,(anonymous_24)
FN:187,(anonymous_25)
FN:195,updateRoomCache
FN:202,RoomListExample
FN:216,(anonymous_28)
FN:226,CreateRoomExample
FN:229,(anonymous_30)
FN:240,(anonymous_31)
FNF:32
FNH:0
FNDA:0,useRooms
FNDA:0,(anonymous_1)
FNDA:0,useRoom
FNDA:0,(anonymous_3)
FNDA:0,useCreateRoom
FNDA:0,(anonymous_5)
FNDA:0,(anonymous_6)
FNDA:0,useUpdateRoom
FNDA:0,(anonymous_8)
FNDA:0,(anonymous_9)
FNDA:0,(anonymous_10)
FNDA:0,(anonymous_11)
FNDA:0,(anonymous_12)
FNDA:0,useDeleteRoom
FNDA:0,(anonymous_14)
FNDA:0,(anonymous_15)
FNDA:0,useRoomWithPayments
FNDA:0,(anonymous_17)
FNDA:0,(anonymous_18)
FNDA:0,useRoomsPaginated
FNDA:0,(anonymous_20)
FNDA:0,useRoomsInfinite
FNDA:0,(anonymous_22)
FNDA:0,prefetchRoom
FNDA:0,(anonymous_24)
FNDA:0,(anonymous_25)
FNDA:0,updateRoomCache
FNDA:0,RoomListExample
FNDA:0,(anonymous_28)
FNDA:0,CreateRoomExample
FNDA:0,(anonymous_30)
FNDA:0,(anonymous_31)
DA:15,0
DA:18,0
DA:21,0
DA:31,0
DA:34,0
DA:35,0
DA:45,0
DA:47,0
DA:49,0
DA:50,0
DA:54,0
DA:63,0
DA:65,0
DA:67,0
DA:68,0
DA:73,0
DA:76,0
DA:79,0
DA:85,0
DA:89,0
DA:90,0
DA:95,0
DA:96,0
DA:105,0
DA:107,0
DA:109,0
DA:113,0
DA:123,0
DA:126,0
DA:127,0
DA:133,0
DA:136,0
DA:137,0
DA:142,0
DA:154,0
DA:157,0
DA:160,0
DA:170,0
DA:173,0
DA:176,0
DA:185,0
DA:187,0
DA:196,0
DA:203,0
DA:205,0
DA:206,0
DA:209,0
DA:211,0
DA:214,0
DA:217,0
DA:227,0
DA:229,0
DA:230,0
DA:231,0
DA:235,0
DA:239,0
DA:241,0
DA:242,0
LF:58
LH:0
BRDA:89,0,0,0
BRDA:89,0,1,0
BRDA:139,1,0,0
BRDA:139,1,1,0
BRDA:145,2,0,0
BRDA:145,2,1,0
BRDA:146,3,0,0
BRDA:146,3,1,0
BRDA:153,4,0,0
BRDA:153,5,0,0
BRDA:172,6,0,0
BRDA:205,7,0,0
BRDA:205,7,1,0
BRDA:209,8,0,0
BRDA:209,8,1,0
BRDA:245,9,0,0
BRDA:245,9,1,0
BRDA:247,10,0,0
BRDA:247,10,1,0
BRF:19
BRH:0
end_of_record
TN:
SF:src\infrastructure\api\index.ts
FNF:0
FNH:0
LF:0
LH:0
BRF:0
BRH:0
end_of_record
TN:
SF:src\infrastructure\api\queryClient.ts
FN:21,(anonymous_0)
FN:42,(anonymous_1)
FN:65,(anonymous_2)
FN:83,(anonymous_3)
FN:90,(anonymous_4)
FN:97,(anonymous_5)
FN:104,(anonymous_6)
FN:119,(anonymous_7)
FN:126,(anonymous_8)
FN:133,(anonymous_9)
FNF:10
FNH:0
FNDA:0,(anonymous_0)
FNDA:0,(anonymous_1)
FNDA:0,(anonymous_2)
FNDA:0,(anonymous_3)
FNDA:0,(anonymous_4)
FNDA:0,(anonymous_5)
FNDA:0,(anonymous_6)
FNDA:0,(anonymous_7)
FNDA:0,(anonymous_8)
FNDA:0,(anonymous_9)
DA:12,0
DA:23,0
DA:24,0
DA:28,0
DA:29,0
DA:33,0
DA:34,0
DA:38,0
DA:42,0
DA:65,0
DA:66,0
DA:74,0
DA:79,0
DA:84,0
DA:91,0
DA:98,0
DA:109,0
DA:120,0
DA:127,0
DA:134,0
LF:20
LH:0
BRDA:23,0,0,0
BRDA:23,0,1,0
BRDA:23,1,0,0
BRDA:23,1,1,0
BRDA:28,2,0,0
BRDA:28,2,1,0
BRDA:28,3,0,0
BRDA:28,3,1,0
BRDA:33,4,0,0
BRDA:33,4,1,0
BRDA:33,5,0,0
BRDA:33,5,1,0
BRF:12
BRH:0
end_of_record
TN:
SF:src\infrastructure\api\queryKeys.ts
FN:11,(anonymous_0)
FN:12,(anonymous_1)
FN:13,(anonymous_2)
FN:14,(anonymous_3)
FN:15,(anonymous_4)
FN:24,(anonymous_5)
FN:25,(anonymous_6)
FN:26,(anonymous_7)
FN:27,(anonymous_8)
FN:28,(anonymous_9)
FN:36,(anonymous_10)
FN:37,(anonymous_11)
FN:38,(anonymous_12)
FN:39,(anonymous_13)
FN:40,(anonymous_14)
FN:41,(anonymous_15)
FN:42,(anonymous_16)
FN:51,(anonymous_17)
FN:52,(anonymous_18)
FN:53,(anonymous_19)
FN:54,(anonymous_20)
FN:55,(anonymous_21)
FN:63,(anonymous_22)
FN:64,(anonymous_23)
FN:65,(anonymous_24)
FN:73,(anonymous_25)
FN:74,(anonymous_26)
FN:75,(anonymous_27)
FN:76,(anonymous_28)
FN:84,(anonymous_29)
FN:85,(anonymous_30)
FN:86,(anonymous_31)
FN:87,(anonymous_32)
FN:88,(anonymous_33)
FN:96,(anonymous_34)
FN:97,(anonymous_35)
FN:105,(anonymous_36)
FN:106,(anonymous_37)
FN:114,(anonymous_38)
FN:115,(anonymous_39)
FN:121,(anonymous_40)
FNF:41
FNH:22
FNDA:2,(anonymous_0)
FNDA:1,(anonymous_1)
FNDA:2,(anonymous_2)
FNDA:1,(anonymous_3)
FNDA:1,(anonymous_4)
FNDA:0,(anonymous_5)
FNDA:0,(anonymous_6)
FNDA:0,(anonymous_7)
FNDA:0,(anonymous_8)
FNDA:1,(anonymous_9)
FNDA:0,(anonymous_10)
FNDA:0,(anonymous_11)
FNDA:0,(anonymous_12)
FNDA:0,(anonymous_13)
FNDA:1,(anonymous_14)
FNDA:1,(anonymous_15)
FNDA:1,(anonymous_16)
FNDA:0,(anonymous_17)
FNDA:0,(anonymous_18)
FNDA:0,(anonymous_19)
FNDA:0,(anonymous_20)
FNDA:1,(anonymous_21)
FNDA:1,(anonymous_22)
FNDA:1,(anonymous_23)
FNDA:1,(anonymous_24)
FNDA:0,(anonymous_25)
FNDA:0,(anonymous_26)
FNDA:1,(anonymous_27)
FNDA:1,(anonymous_28)
FNDA:0,(anonymous_29)
FNDA:0,(anonymous_30)
FNDA:0,(anonymous_31)
FNDA:0,(anonymous_32)
FNDA:1,(anonymous_33)
FNDA:1,(anonymous_34)
FNDA:0,(anonymous_35)
FNDA:1,(anonymous_36)
FNDA:1,(anonymous_37)
FNDA:1,(anonymous_38)
FNDA:1,(anonymous_39)
FNDA:11,(anonymous_40)
DA:9,1
DA:11,2
DA:12,1
DA:13,2
DA:14,1
DA:16,1
DA:22,1
DA:24,0
DA:25,0
DA:26,0
DA:27,0
DA:28,1
DA:34,1
DA:36,0
DA:37,0
DA:38,0
DA:39,0
DA:40,1
DA:41,1
DA:43,1
DA:49,1
DA:51,0
DA:52,0
DA:53,0
DA:54,0
DA:55,1
DA:61,1
DA:63,1
DA:64,1
DA:65,1
DA:71,1
DA:73,0
DA:74,0
DA:75,1
DA:76,1
DA:82,1
DA:84,0
DA:85,0
DA:86,0
DA:87,0
DA:88,1
DA:94,1
DA:96,1
DA:97,0
DA:103,1
DA:105,1
DA:106,1
DA:112,1
DA:114,1
DA:115,1
DA:121,1
DA:122,11
DA:135,11
LF:53
LH:34
BRDA:135,0,0,11
BRDA:135,0,1,1
BRF:2
BRH:2
end_of_record
TN:
SF:src\infrastructure\api\retry.ts
FN:22,(anonymous_0)
FN:45,(anonymous_1)
FN:53,(anonymous_2)
FN:66,(anonymous_3)
FN:67,(anonymous_4)
FN:73,retryWithBackoff
FN:119,withRetry
FN:123,(anonymous_7)
FN:124,(anonymous_8)
FNF:9
FNH:9
FNDA:10,(anonymous_0)
FNDA:5,(anonymous_1)
FNDA:6,(anonymous_2)
FNDA:6,(anonymous_3)
FNDA:6,(anonymous_4)
FNDA:11,retryWithBackoff
FNDA:2,withRetry
FNDA:2,(anonymous_7)
FNDA:3,(anonymous_8)
DA:17,1
DA:24,10
DA:25,1
DA:29,9
DA:30,1
DA:34,8
DA:35,1
DA:39,7
DA:53,1
DA:59,6
DA:60,6
DA:66,1
DA:67,6
DA:77,11
DA:80,11
DA:81,17
DA:82,17
DA:85,11
DA:89,11
DA:92,11
DA:93,5
DA:97,6
DA:105,6
DA:108,6
DA:113,0
DA:123,2
DA:124,3
DA:131,1
LF:28
LH:27
BRDA:24,0,0,1
BRDA:24,0,1,9
BRDA:24,1,0,10
BRDA:24,1,1,9
BRDA:29,2,0,1
BRDA:29,2,1,8
BRDA:34,3,0,1
BRDA:34,3,1,7
BRDA:40,4,0,7
BRDA:40,4,1,1
BRDA:40,4,2,1
BRDA:75,5,0,0
BRDA:86,6,0,11
BRDA:86,6,1,0
BRDA:92,7,0,5
BRDA:92,7,1,6
BRDA:92,8,0,11
BRDA:92,8,1,10
BRDA:121,9,0,0
BRF:19
BRH:16
end_of_record
TN:
SF:src\infrastructure\api\types.ts
FN:50,(anonymous_0)
FNF:1
FNH:1
FNDA:18,(anonymous_0)
DA:56,18
DA:57,18
DA:58,18
DA:59,18
DA:60,18
LF:5
LH:5
BRDA:52,0,0,1
BRF:1
BRH:1
end_of_record
TN:
SF:src\infrastructure\database\index.ts
FNF:0
FNH:0
LF:0
LH:0
BRF:0
BRH:0
end_of_record
TN:
SF:src\infrastructure\database\offlineQueue.ts
FN:11,queueChange
FN:14,(anonymous_1)
FN:30,getPendingChanges
FN:34,(anonymous_3)
FN:48,removeChange
FN:51,(anonymous_5)
FN:62,incrementRetryCount
FN:65,(anonymous_7)
FN:76,clearPendingChanges
FN:79,(anonymous_9)
FN:88,getPendingChangesCount
FNF:11
FNH:9
FNDA:63407,queueChange
FNDA:63407,(anonymous_1)
FNDA:7809,getPendingChanges
FNDA:12682459,(anonymous_3)
FNDA:58082,removeChange
FNDA:58082,(anonymous_5)
FNDA:147,incrementRetryCount
FNDA:147,(anonymous_7)
FNDA:0,clearPendingChanges
FNDA:0,(anonymous_9)
FNDA:307,getPendingChangesCount
DA:12,63407
DA:14,63407
DA:15,63407
DA:31,7809
DA:32,7809
DA:34,12682459
DA:49,58082
DA:51,58082
DA:52,58082
DA:53,58082
DA:54,55919
DA:63,147
DA:65,147
DA:66,147
DA:67,147
DA:68,147
DA:77,0
DA:79,0
DA:80,0
DA:81,0
DA:89,307
DA:90,307
LF:22
LH:18
BRDA:53,0,0,55919
BRDA:53,0,1,2163
BRDA:67,1,0,147
BRDA:67,1,1,0
BRF:4
BRH:3
end_of_record
TN:
SF:src\infrastructure\database\realm.ts
FN:14,initializeRealm
FN:36,getRealm
FN:46,closeRealm
FN:56,clearRealm
FN:58,(anonymous_4)
FNF:5
FNH:5
FNDA:3,initializeRealm
FNDA:189262,getRealm
FNDA:3,closeRealm
FNDA:16,clearRealm
FNDA:16,(anonymous_4)
DA:7,3
DA:9,3
DA:15,3
DA:16,0
DA:19,3
DA:20,3
DA:26,3
DA:28,0
DA:29,0
DA:37,189262
DA:38,0
DA:40,189262
DA:47,3
DA:48,3
DA:49,3
DA:57,16
DA:58,16
DA:59,16
LF:18
LH:14
BRDA:15,0,0,0
BRDA:15,0,1,3
BRDA:37,1,0,0
BRDA:37,1,1,189262
BRDA:47,2,0,3
BRDA:47,2,1,0
BRDA:47,3,0,3
BRDA:47,3,1,3
BRF:8
BRH:5
end_of_record
TN:
SF:src\infrastructure\database\schemas.ts
FNF:0
FNH:0
DA:30,3
DA:74,3
DA:127,3
DA:179,3
DA:213,3
DA:228,3
LF:6
LH:6
BRF:0
BRH:0
end_of_record
TN:
SF:src\infrastructure\database\syncService.ts
FN:45,setApiClient
FN:52,syncPendingChanges
FN:106,syncChange
FN:131,syncRoomChange
FN:154,syncTenantChange
FN:176,syncPaymentChange
FN:198,syncPropertyChange
FN:223,updateLocalSyncStatus
FN:230,(anonymous_8)
FN:241,cacheRoom
FN:244,(anonymous_10)
FN:268,cacheTenant
FN:271,(anonymous_12)
FN:295,cachePayment
FN:298,(anonymous_14)
FN:330,cacheProperty
FN:333,(anonymous_16)
FN:360,getCachedRooms
FN:371,getCachedTenants
FN:382,getCachedPayments
FN:393,getCachedProperties
FN:401,convertRoomSchemaToRoom
FN:419,convertTenantSchemaToTenant
FN:442,convertPaymentSchemaToPayment
FN:468,convertPropertySchemaToProperty
FNF:25
FNH:25
FNDA:1,setApiClient
FNDA:212,syncPendingChanges
FNDA:58129,syncChange
FNDA:13229,syncRoomChange
FNDA:12856,syncTenantChange
FNDA:25550,syncPaymentChange
FNDA:6494,syncPropertyChange
FNDA:57935,updateLocalSyncStatus
FNDA:57935,(anonymous_8)
FNDA:709,cacheRoom
FNDA:709,(anonymous_10)
FNDA:100,cacheTenant
FNDA:100,(anonymous_12)
FNDA:100,cachePayment
FNDA:100,(anonymous_14)
FNDA:100,cacheProperty
FNDA:100,(anonymous_16)
FNDA:250,getCachedRooms
FNDA:100,getCachedTenants
FNDA:100,getCachedPayments
FNDA:100,getCachedProperties
FNDA:6326,convertRoomSchemaToRoom
FNDA:5050,convertTenantSchemaToTenant
FNDA:5050,convertPaymentSchemaToPayment
FNDA:5050,convertPropertySchemaToProperty
DA:20,3
DA:40,3
DA:46,1
DA:53,212
DA:54,0
DA:58,212
DA:60,212
DA:61,0
DA:62,0
DA:65,212
DA:66,0
DA:67,0
DA:70,212
DA:71,212
DA:73,212
DA:74,212
DA:75,212
DA:77,212
DA:78,58129
DA:79,58129
DA:80,57935
DA:82,194
DA:84,194
DA:85,47
DA:86,47
DA:88,147
DA:93,212
DA:94,212
DA:96,0
DA:97,0
DA:99,212
DA:107,58129
DA:108,0
DA:111,58129
DA:113,58129
DA:115,13229
DA:116,13035
DA:118,12856
DA:119,12856
DA:121,25550
DA:122,25550
DA:124,6494
DA:125,6494
DA:127,0
DA:136,13229
DA:138,13229
DA:140,6693
DA:141,6499
DA:143,79
DA:144,79
DA:146,6457
DA:147,6457
DA:151,13035
DA:159,12856
DA:161,12856
DA:163,6405
DA:164,6405
DA:166,6398
DA:167,6398
DA:169,53
DA:170,53
DA:173,12856
DA:181,25550
DA:183,25550
DA:185,12749
DA:186,12749
DA:188,12749
DA:189,12749
DA:191,52
DA:192,52
DA:195,25550
DA:203,6494
DA:205,6494
DA:207,6386
DA:208,6386
DA:210,58
DA:211,58
DA:213,50
DA:214,50
DA:217,6494
DA:228,57935
DA:230,57935
DA:231,57935
DA:232,57935
DA:233,0
DA:242,709
DA:244,709
DA:245,709
DA:269,100
DA:271,100
DA:272,100
DA:296,100
DA:298,100
DA:299,100
DA:331,100
DA:333,100
DA:334,100
DA:361,250
DA:362,250
DA:364,250
DA:365,100
DA:368,250
DA:372,100
DA:373,100
DA:375,100
DA:376,0
DA:379,100
DA:383,100
DA:384,100
DA:386,100
DA:387,0
DA:390,100
DA:394,100
DA:395,100
DA:397,100
DA:402,6326
DA:420,5050
DA:443,5050
DA:469,5050
LF:119
LH:107
BRDA:53,0,0,0
BRDA:53,0,1,212
BRDA:60,1,0,0
BRDA:60,1,1,212
BRDA:65,2,0,0
BRDA:65,2,1,212
BRDA:84,3,0,47
BRDA:84,3,1,147
BRDA:97,4,0,0
BRDA:97,4,1,0
BRDA:107,5,0,0
BRDA:107,5,1,58129
BRDA:113,6,0,13229
BRDA:113,6,1,12856
BRDA:113,6,2,25550
BRDA:113,6,3,6494
BRDA:113,6,4,0
BRDA:136,7,0,0
BRDA:136,7,1,13229
BRDA:138,8,0,6693
BRDA:138,8,1,79
BRDA:138,8,2,6457
BRDA:159,9,0,0
BRDA:159,9,1,12856
BRDA:161,10,0,6405
BRDA:161,10,1,6398
BRDA:161,10,2,53
BRDA:181,11,0,0
BRDA:181,11,1,25550
BRDA:183,12,0,12749
BRDA:183,12,1,12749
BRDA:183,12,2,52
BRDA:203,13,0,0
BRDA:203,13,1,6494
BRDA:205,14,0,6386
BRDA:205,14,1,58
BRDA:205,14,2,50
BRDA:232,15,0,0
BRDA:232,15,1,57935
BRDA:364,16,0,100
BRDA:364,16,1,150
BRDA:375,17,0,0
BRDA:375,17,1,100
BRDA:386,18,0,0
BRDA:386,18,1,100
BRDA:430,19,0,3962
BRDA:430,19,1,1088
BRDA:430,20,0,5050
BRDA:430,20,1,3962
BRDA:434,21,0,3962
BRDA:434,21,1,0
BRF:51
BRH:36
end_of_record
TN:
SF:src\infrastructure\i18n\config.ts
FN:22,(anonymous_0)
FN:35,(anonymous_1)
FN:36,(anonymous_2)
FNF:3
FNH:3
FNDA:1,(anonymous_0)
FNDA:1,(anonymous_1)
FNDA:381,(anonymous_2)
DA:9,1
DA:12,1
DA:15,1
DA:19,1
DA:23,1
DA:24,1
DA:25,1
DA:26,0
DA:28,1
DA:31,0
DA:32,0
DA:37,381
DA:38,381
DA:40,0
DA:46,1
LF:15
LH:11
BRDA:25,0,0,0
BRDA:25,0,1,1
BRDA:25,1,0,1
BRDA:25,1,1,0
BRF:4
BRH:2
end_of_record
TN:
SF:src\infrastructure\i18n\formatters.ts
FN:18,(anonymous_0)
FN:39,(anonymous_1)
FN:53,(anonymous_2)
FN:74,(anonymous_3)
FN:102,(anonymous_4)
FN:126,(anonymous_5)
FNF:6
FNH:6
FNDA:400,(anonymous_0)
FNDA:100,(anonymous_1)
FNDA:300,(anonymous_2)
FNDA:400,(anonymous_3)
FNDA:200,(anonymous_4)
FNDA:300,(anonymous_5)
DA:6,1
DA:18,1
DA:23,400
DA:24,400
DA:25,400
DA:26,400
DA:28,0
DA:29,0
DA:39,1
DA:43,100
DA:53,1
DA:58,300
DA:59,300
DA:60,300
DA:62,0
DA:63,0
DA:74,1
DA:79,400
DA:80,400
DA:81,400
DA:83,400
DA:90,0
DA:91,0
DA:102,1
DA:107,200
DA:108,200
DA:109,200
DA:115,0
DA:116,0
DA:126,1
DA:130,300
DA:131,300
DA:132,300
DA:133,300
DA:135,300
DA:136,300
DA:139,300
DA:149,300
DA:150,454
DA:151,454
DA:152,300
DA:156,0
DA:158,0
DA:159,0
LF:44
LH:33
BRDA:20,0,0,0
BRDA:21,1,0,0
BRDA:24,2,0,100
BRDA:24,2,1,300
BRDA:41,3,0,0
BRDA:55,4,0,0
BRDA:59,5,0,157
BRDA:59,5,1,143
BRDA:76,6,0,0
BRDA:80,7,0,193
BRDA:80,7,1,207
BRDA:81,8,0,400
BRDA:81,8,1,200
BRDA:81,9,0,93
BRDA:81,9,1,107
BRDA:86,10,0,193
BRDA:86,10,1,207
BRDA:87,11,0,193
BRDA:87,11,1,207
BRDA:104,12,0,0
BRDA:105,13,0,100
BRDA:108,14,0,102
BRDA:108,14,1,98
BRDA:128,15,0,0
BRDA:131,16,0,0
BRDA:131,16,1,300
BRDA:135,17,0,142
BRDA:135,17,1,158
BRDA:151,18,0,300
BRDA:151,18,1,154
BRF:30
BRH:22
end_of_record
TN:
SF:src\infrastructure\i18n\index.ts
FNF:0
FNH:0
LF:0
LH:0
BRF:0
BRH:0
end_of_record
TN:
SF:src\infrastructure\i18n\useLanguage.ts
FN:9,(anonymous_0)
FN:15,(anonymous_1)
FNF:2
FNH:0
FNDA:0,(anonymous_0)
FNDA:0,(anonymous_1)
DA:9,0
DA:10,0
DA:12,0
DA:14,0
DA:16,0
DA:17,0
DA:19,0
DA:20,0
DA:26,0
LF:9
LH:0
BRF:0
BRH:0
end_of_record
TN:
SF:src\infrastructure\storage\secureStorage.ts
FN:15,(anonymous_0)
FN:20,(anonymous_1)
FN:26,(anonymous_2)
FN:39,(anonymous_3)
FN:57,(anonymous_4)
FN:74,(anonymous_5)
FN:91,(anonymous_6)
FNF:7
FNH:0
FNDA:0,(anonymous_0)
FNDA:0,(anonymous_1)
FNDA:0,(anonymous_2)
FNDA:0,(anonymous_3)
FNDA:0,(anonymous_4)
FNDA:0,(anonymous_5)
FNDA:0,(anonymous_6)
DA:11,2
DA:14,2
DA:16,0
DA:17,0
DA:21,0
DA:22,0
DA:24,0
DA:27,0
DA:28,0
DA:33,2
DA:40,0
DA:41,0
DA:42,0
DA:44,0
DA:47,0
DA:48,0
DA:58,0
DA:59,0
DA:60,0
DA:62,0
DA:65,0
DA:66,0
DA:75,0
DA:76,0
DA:77,0
DA:79,0
DA:82,0
DA:83,0
DA:94,0
DA:99,2
LF:30
LH:4
BRDA:16,0,0,0
BRDA:16,0,1,0
BRDA:16,1,0,0
BRDA:16,1,1,0
BRDA:21,2,0,0
BRDA:21,2,1,0
BRDA:21,3,0,0
BRDA:21,3,1,0
BRDA:27,4,0,0
BRDA:27,4,1,0
BRDA:27,5,0,0
BRDA:27,5,1,0
BRDA:41,6,0,0
BRDA:41,6,1,0
BRDA:59,7,0,0
BRDA:59,7,1,0
BRDA:76,8,0,0
BRDA:76,8,1,0
BRF:18
BRH:0
end_of_record
TN:
SF:src\shared\components\Avatar.tsx
FN:15,(anonymous_0)
FNF:1
FNH:0
FNDA:0,(anonymous_0)
DA:15,0
DA:24,0
DA:26,0
DA:27,0
DA:36,0
DA:37,0
DA:47,0
DA:48,0
DA:59,0
LF:9
LH:0
BRDA:19,0,0,0
BRDA:26,1,0,0
BRDA:26,1,1,0
BRDA:36,2,0,0
BRDA:36,2,1,0
BRDA:41,3,0,0
BRDA:41,3,1,0
BRDA:47,4,0,0
BRDA:47,4,1,0
BRDA:52,5,0,0
BRDA:52,5,1,0
BRF:11
BRH:0
end_of_record
TN:
SF:src\shared\components\Badge.tsx
FN:14,(anonymous_0)
FN:23,(anonymous_1)
FN:72,(anonymous_2)
FN:85,(anonymous_3)
FN:98,(anonymous_4)
FNF:5
FNH:0
FNDA:0,(anonymous_0)
FNDA:0,(anonymous_1)
FNDA:0,(anonymous_2)
FNDA:0,(anonymous_3)
FNDA:0,(anonymous_4)
DA:14,0
DA:21,0
DA:23,0
DA:24,0
DA:33,0
DA:35,0
DA:40,0
DA:45,0
DA:50,0
DA:55,0
DA:60,0
DA:65,0
DA:72,0
DA:73,0
DA:75,0
DA:77,0
DA:79,0
DA:81,0
DA:85,0
DA:86,0
DA:88,0
DA:90,0
DA:92,0
DA:94,0
DA:98,0
DA:99,0
DA:105,0
DA:107,0
DA:109,0
DA:111,0
DA:113,0
DA:115,0
DA:117,0
DA:119,0
DA:123,0
DA:135,0
LF:36
LH:0
BRDA:16,0,0,0
BRDA:17,1,0,0
BRDA:33,2,0,0
BRDA:33,2,1,0
BRDA:33,2,2,0
BRDA:33,2,3,0
BRDA:33,2,4,0
BRDA:33,2,5,0
BRDA:33,2,6,0
BRDA:46,3,0,0
BRDA:46,3,1,0
BRDA:47,4,0,0
BRDA:47,4,1,0
BRDA:56,5,0,0
BRDA:56,5,1,0
BRDA:57,6,0,0
BRDA:57,6,1,0
BRDA:61,7,0,0
BRDA:61,7,1,0
BRDA:62,8,0,0
BRDA:62,8,1,0
BRDA:73,9,0,0
BRDA:73,9,1,0
BRDA:73,9,2,0
BRDA:73,9,3,0
BRDA:86,10,0,0
BRDA:86,10,1,0
BRDA:86,10,2,0
BRDA:86,10,3,0
BRDA:105,11,0,0
BRDA:105,11,1,0
BRDA:105,11,2,0
BRDA:105,11,3,0
BRDA:105,11,4,0
BRDA:105,11,5,0
BRDA:105,11,6,0
BRDA:111,12,0,0
BRDA:111,12,1,0
BRDA:115,13,0,0
BRDA:115,13,1,0
BRDA:117,14,0,0
BRDA:117,14,1,0
BRF:42
BRH:0
end_of_record
TN:
SF:src\shared\components\Button.tsx
FN:11,(anonymous_0)
FN:20,(anonymous_1)
FN:33,(anonymous_2)
FNF:3
FNH:0
FNDA:0,(anonymous_0)
FNDA:0,(anonymous_1)
FNDA:0,(anonymous_2)
DA:11,0
DA:20,0
DA:21,0
DA:23,0
DA:25,0
DA:27,0
DA:29,0
DA:33,0
DA:34,0
DA:36,0
DA:38,0
DA:40,0
DA:42,0
DA:46,0
DA:57,0
LF:15
LH:0
BRDA:12,0,0,0
BRDA:13,1,0,0
BRDA:14,2,0,0
BRDA:21,3,0,0
BRDA:21,3,1,0
BRDA:21,3,2,0
BRDA:21,3,3,0
BRDA:34,4,0,0
BRDA:34,4,1,0
BRDA:34,4,2,0
BRDA:34,4,3,0
BRDA:49,5,0,0
BRDA:49,5,1,0
BRF:13
BRH:0
end_of_record
TN:
SF:src\shared\components\Card.tsx
FN:11,(anonymous_0)
FN:19,(anonymous_1)
FNF:2
FNH:0
FNDA:0,(anonymous_0)
FNDA:0,(anonymous_1)
DA:11,0
DA:19,0
DA:20,0
DA:22,0
DA:24,0
DA:26,0
DA:28,0
DA:32,0
DA:43,0
DA:44,0
DA:45,0
DA:46,0
DA:48,0
LF:13
LH:0
BRDA:12,0,0,0
BRDA:13,1,0,0
BRDA:14,2,0,0
BRDA:20,3,0,0
BRDA:20,3,1,0
BRDA:20,3,2,0
BRDA:20,3,3,0
BRF:7
BRH:0
end_of_record
TN:
SF:src\shared\components\ConnectionStatus.tsx
FN:9,(anonymous_0)
FNF:1
FNH:0
FNDA:0,(anonymous_0)
DA:9,0
DA:10,0
DA:11,0
DA:13,0
DA:14,0
DA:17,0
DA:37,0
LF:7
LH:0
BRDA:13,0,0,0
BRDA:13,0,1,0
BRDA:13,1,0,0
BRDA:13,1,1,0
BRDA:13,1,2,0
BRDA:18,2,0,0
BRDA:18,2,1,0
BRDA:19,3,0,0
BRDA:19,3,1,0
BRDA:22,4,0,0
BRDA:22,4,1,0
BRDA:25,5,0,0
BRDA:25,5,1,0
BRDA:25,5,2,0
BRDA:28,6,0,0
BRDA:28,6,1,0
BRDA:28,6,2,0
BRDA:28,6,3,0
BRF:18
BRH:0
end_of_record
TN:
SF:src\shared\components\EmptyState.tsx
FN:16,(anonymous_0)
FNF:1
FNH:0
FNDA:0,(anonymous_0)
DA:16,0
DA:26,0
DA:61,0
LF:3
LH:0
BRDA:17,0,0,0
BRDA:18,1,0,0
BRDA:22,2,0,0
BRDA:27,3,0,0
BRDA:27,3,1,0
BRDA:28,4,0,0
BRDA:28,4,1,0
BRDA:48,5,0,0
BRDA:48,5,1,0
BRDA:48,5,2,0
BRF:10
BRH:0
end_of_record
TN:
SF:src\shared\components\ErrorState.tsx
FN:16,(anonymous_0)
FNF:1
FNH:0
FNDA:0,(anonymous_0)
DA:16,0
DA:26,0
DA:61,0
LF:3
LH:0
BRDA:17,0,0,0
BRDA:18,1,0,0
BRDA:20,2,0,0
BRDA:21,3,0,0
BRDA:27,4,0,0
BRDA:27,4,1,0
BRDA:28,5,0,0
BRDA:28,5,1,0
BRDA:48,6,0,0
BRDA:48,6,1,0
BRF:10
BRH:0
end_of_record
TN:
SF:src\shared\components\FilterChip.tsx
FN:11,(anonymous_0)
FN:34,(anonymous_1)
FNF:2
FNH:0
FNDA:0,(anonymous_0)
FNDA:0,(anonymous_1)
DA:11,0
DA:17,0
DA:34,0
DA:38,0
DA:45,0
LF:5
LH:0
BRDA:12,0,0,0
BRDA:21,1,0,0
BRDA:21,1,1,0
BRF:3
BRH:0
end_of_record
TN:
SF:src\shared\components\HighlightedText.tsx
FN:17,HighlightedText
FN:27,(anonymous_1)
FNF:2
FNH:0
FNDA:0,HighlightedText
FNDA:0,(anonymous_1)
DA:23,0
DA:25,0
DA:28,0
DA:39,0
LF:4
LH:0
BRDA:30,0,0,0
BRDA:30,0,1,0
BRF:2
BRH:0
end_of_record
TN:
SF:src\shared\components\Input.tsx
FN:12,(anonymous_0)
FNF:1
FNH:0
FNDA:0,(anonymous_0)
DA:12,0
DA:21,0
DA:23,0
DA:40,0
LF:4
LH:0
BRDA:13,0,0,0
BRDA:16,1,0,0
BRDA:21,2,0,0
BRDA:21,2,1,0
BRDA:24,3,0,0
BRDA:24,3,1,0
BRDA:28,4,0,0
BRDA:28,4,1,0
BRDA:31,5,0,0
BRDA:31,5,1,0
BRDA:31,5,2,0
BRDA:32,6,0,0
BRDA:32,6,1,0
BRDA:33,7,0,0
BRDA:33,7,1,0
BRF:15
BRH:0
end_of_record
TN:
SF:src\shared\components\LanguageSwitcher.tsx
FN:20,(anonymous_0)
FN:24,(anonymous_1)
FN:38,(anonymous_2)
FN:49,(anonymous_3)
FN:51,(anonymous_4)
FN:57,(anonymous_5)
FN:62,(anonymous_6)
FNF:7
FNH:0
FNDA:0,(anonymous_0)
FNDA:0,(anonymous_1)
FNDA:0,(anonymous_2)
FNDA:0,(anonymous_3)
FNDA:0,(anonymous_4)
FNDA:0,(anonymous_5)
FNDA:0,(anonymous_6)
DA:11,0
DA:20,0
DA:21,0
DA:22,0
DA:24,0
DA:25,0
DA:26,0
DA:27,0
DA:29,0
DA:33,0
DA:34,0
DA:38,0
DA:46,0
DA:49,0
DA:51,0
DA:57,0
DA:62,0
DA:70,0
LF:18
LH:0
BRDA:20,0,0,0
BRDA:33,1,0,0
BRDA:33,1,1,0
BRDA:38,2,0,0
BRDA:38,2,1,0
BRDA:40,3,0,0
BRDA:40,3,1,0
BRDA:59,4,0,0
BRDA:59,4,1,0
BRDA:64,5,0,0
BRDA:64,5,1,0
BRF:11
BRH:0
end_of_record
TN:
SF:src\shared\components\Loading.tsx
FN:13,(anonymous_0)
FN:49,(anonymous_1)
FNF:2
FNH:0
FNDA:0,(anonymous_0)
FNDA:0,(anonymous_1)
DA:13,0
DA:19,0
DA:21,0
DA:49,0
DA:55,0
DA:57,0
DA:73,0
LF:7
LH:0
BRDA:14,0,0,0
BRDA:16,1,0,0
BRDA:22,2,0,0
BRDA:22,2,1,0
BRDA:28,3,0,0
BRDA:28,3,1,0
BRDA:50,4,0,0
BRDA:51,5,0,0
BRDA:52,6,0,0
BRDA:66,7,0,0
BRDA:66,7,1,0
BRF:11
BRH:0
end_of_record
TN:
SF:src\shared\components\SearchBar.tsx
FN:12,(anonymous_0)
FNF:1
FNH:0
FNDA:0,(anonymous_0)
DA:12,0
DA:20,0
DA:32,0
LF:3
LH:0
BRDA:15,0,0,0
BRDA:16,1,0,0
BRDA:25,2,0,0
BRDA:25,2,1,0
BRF:4
BRH:0
end_of_record
TN:
SF:src\shared\components\Typography.tsx
FN:12,(anonymous_0)
FN:23,(anonymous_1)
FN:50,(anonymous_2)
FN:95,(anonymous_3)
FN:99,(anonymous_4)
FN:103,(anonymous_5)
FN:107,(anonymous_6)
FN:111,(anonymous_7)
FN:115,(anonymous_8)
FN:119,(anonymous_9)
FN:123,(anonymous_10)
FN:127,(anonymous_11)
FN:131,(anonymous_12)
FNF:13
FNH:0
FNDA:0,(anonymous_0)
FNDA:0,(anonymous_1)
FNDA:0,(anonymous_2)
FNDA:0,(anonymous_3)
FNDA:0,(anonymous_4)
FNDA:0,(anonymous_5)
FNDA:0,(anonymous_6)
FNDA:0,(anonymous_7)
FNDA:0,(anonymous_8)
FNDA:0,(anonymous_9)
FNDA:0,(anonymous_10)
FNDA:0,(anonymous_11)
FNDA:0,(anonymous_12)
DA:12,0
DA:21,0
DA:23,0
DA:24,0
DA:26,0
DA:28,0
DA:30,0
DA:32,0
DA:34,0
DA:36,0
DA:38,0
DA:40,0
DA:42,0
DA:44,0
DA:46,0
DA:50,0
DA:51,0
DA:57,0
DA:59,0
DA:61,0
DA:63,0
DA:65,0
DA:67,0
DA:69,0
DA:71,0
DA:73,0
DA:75,0
DA:79,0
DA:95,0
DA:96,0
DA:99,0
DA:100,0
DA:103,0
DA:104,0
DA:107,0
DA:108,0
DA:111,0
DA:112,0
DA:115,0
DA:116,0
DA:119,0
DA:120,0
DA:123,0
DA:124,0
DA:127,0
DA:128,0
DA:131,0
DA:132,0
LF:48
LH:0
BRDA:13,0,0,0
BRDA:14,1,0,0
BRDA:15,2,0,0
BRDA:24,3,0,0
BRDA:24,3,1,0
BRDA:24,3,2,0
BRDA:24,3,3,0
BRDA:24,3,4,0
BRDA:24,3,5,0
BRDA:24,3,6,0
BRDA:24,3,7,0
BRDA:24,3,8,0
BRDA:24,3,9,0
BRDA:24,3,10,0
BRDA:57,4,0,0
BRDA:57,4,1,0
BRDA:57,4,2,0
BRDA:57,4,3,0
BRDA:57,4,4,0
BRDA:57,4,5,0
BRDA:57,4,6,0
BRDA:57,4,7,0
BRDA:57,4,8,0
BRDA:65,5,0,0
BRDA:65,5,1,0
BRDA:67,6,0,0
BRDA:67,6,1,0
BRDA:69,7,0,0
BRDA:69,7,1,0
BRDA:84,8,0,0
BRDA:84,8,1,0
BRF:31
BRH:0
end_of_record
TN:
SF:src\shared\components\index.ts
FNF:0
FNH:0
LF:0
LH:0
BRF:0
BRH:0
end_of_record
TN:
SF:src\shared\config\api.config.ts
FN:29,(anonymous_0)
FNF:1
FNH:1
FNDA:1,(anonymous_0)
DA:7,1
DA:10,1
DA:29,1
DA:30,1
LF:4
LH:4
BRDA:12,0,0,1
BRDA:12,0,1,1
BRF:2
BRH:2
end_of_record
TN:
SF:src\shared\config\env.ts
FN:39,(anonymous_0)
FN:47,(anonymous_1)
FN:85,(anonymous_2)
FN:87,(anonymous_3)
FNF:4
FNH:2
FNDA:16,(anonymous_0)
FNDA:56,(anonymous_1)
FNDA:0,(anonymous_2)
FNDA:0,(anonymous_3)
DA:39,4
DA:40,16
DA:41,16
DA:47,4
DA:48,56
DA:54,4
DA:85,4
DA:86,0
DA:87,0
DA:89,0
DA:90,0
DA:95,4
DA:96,0
LF:13
LH:8
BRDA:40,0,0,0
BRDA:40,0,1,16
BRDA:47,1,0,16
BRDA:48,2,0,56
BRDA:48,2,1,56
BRDA:89,3,0,0
BRDA:89,3,1,0
BRDA:95,4,0,0
BRDA:95,4,1,4
BRF:9
BRH:5
end_of_record
TN:
SF:src\shared\config\index.ts
FNF:0
FNH:0
LF:0
LH:0
BRF:0
BRH:0
end_of_record
TN:
SF:src\shared\config\theme.ts
FNF:0
FNH:0
DA:4,0
DA:21,0
DA:43,0
LF:3
LH:0
BRF:0
BRH:0
end_of_record
TN:
SF:src\shared\hooks\useDebounce.ts
FN:8,useDebounce
FN:11,(anonymous_1)
FN:13,(anonymous_2)
FN:18,(anonymous_3)
FNF:4
FNH:0
FNDA:0,useDebounce
FNDA:0,(anonymous_1)
FNDA:0,(anonymous_2)
FNDA:0,(anonymous_3)
DA:9,0
DA:11,0
DA:13,0
DA:14,0
DA:18,0
DA:19,0
DA:23,0
LF:7
LH:0
BRDA:8,0,0,0
BRF:1
BRH:0
end_of_record
TN:
SF:src\shared\hooks\useNavigation.ts
FN:20,useRootNavigation
FN:25,useAuthNavigation
FN:30,useMainTabNavigation
FN:35,useDashboardNavigation
FN:40,useRoomsNavigation
FN:45,usePaymentsNavigation
FN:50,useReportsNavigation
FN:55,useSettingsNavigation
FN:60,useAuthRoute
FN:64,useRoomsRoute
FN:68,usePaymentsRoute
FN:72,useReportsRoute
FN:76,useSettingsRoute
FNF:13
FNH:0
FNDA:0,useRootNavigation
FNDA:0,useAuthNavigation
FNDA:0,useMainTabNavigation
FNDA:0,useDashboardNavigation
FNDA:0,useRoomsNavigation
FNDA:0,usePaymentsNavigation
FNDA:0,useReportsNavigation
FNDA:0,useSettingsNavigation
FNDA:0,useAuthRoute
FNDA:0,useRoomsRoute
FNDA:0,usePaymentsRoute
FNDA:0,useReportsRoute
FNDA:0,useSettingsRoute
DA:21,0
DA:26,0
DA:31,0
DA:36,0
DA:41,0
DA:46,0
DA:51,0
DA:56,0
DA:61,0
DA:65,0
DA:69,0
DA:73,0
DA:77,0
LF:13
LH:0
BRF:0
BRH:0
end_of_record
TN:
SF:src\shared\hooks\useSearch.ts
FN:16,useSearch
FN:29,(anonymous_1)
FN:50,(anonymous_2)
FN:51,(anonymous_3)
FN:54,(anonymous_4)
FN:59,(anonymous_5)
FNF:6
FNH:0
FNDA:0,useSearch
FNDA:0,(anonymous_1)
FNDA:0,(anonymous_2)
FNDA:0,(anonymous_3)
FNDA:0,(anonymous_4)
FNDA:0,(anonymous_5)
DA:20,0
DA:22,0
DA:23,0
DA:26,0
DA:29,0
DA:30,0
DA:35,0
DA:38,0
DA:39,0
DA:43,0
DA:44,0
DA:47,0
DA:50,0
DA:51,0
DA:54,0
DA:55,0
DA:56,0
DA:59,0
DA:60,0
DA:69,0
LF:20
LH:0
BRDA:18,0,0,0
BRDA:20,1,0,0
BRDA:38,2,0,0
BRDA:38,2,1,0
BRDA:43,3,0,0
BRDA:43,3,1,0
BRDA:43,4,0,0
BRDA:43,4,1,0
BRDA:61,5,0,0
BRDA:61,5,1,0
BRDA:61,5,2,0
BRDA:61,5,3,0
BRDA:61,5,4,0
BRF:13
BRH:0
end_of_record
TN:
SF:src\shared\types\entities.ts
FNF:0
FNH:0
LF:0
LH:0
BRF:0
BRH:0
end_of_record
TN:
SF:src\shared\types\navigation.ts
FNF:0
FNH:0
LF:0
LH:0
BRF:0
BRH:0
end_of_record
TN:
SF:src\shared\utils\custom-matchers.ts
FN:26,(anonymous_0)
FN:30,(anonymous_1)
FN:40,(anonymous_2)
FN:44,(anonymous_3)
FN:54,(anonymous_4)
FN:58,(anonymous_5)
FN:68,(anonymous_6)
FN:72,(anonymous_7)
FN:82,(anonymous_8)
FN:86,(anonymous_9)
FN:95,(anonymous_10)
FNF:11
FNH:11
FNDA:6,(anonymous_0)
FNDA:3,(anonymous_1)
FNDA:4,(anonymous_2)
FNDA:2,(anonymous_3)
FNDA:4,(anonymous_4)
FNDA:2,(anonymous_5)
FNDA:6,(anonymous_6)
FNDA:3,(anonymous_7)
FNDA:5,(anonymous_8)
FNDA:3,(anonymous_9)
FNDA:24,(anonymous_10)
DA:22,23
DA:27,6
DA:28,6
DA:31,3
DA:41,4
DA:42,4
DA:45,2
DA:55,4
DA:56,4
DA:59,2
DA:69,6
DA:70,6
DA:73,3
DA:83,5
DA:84,5
DA:87,3
DA:95,23
DA:96,24
LF:18
LH:18
BRDA:31,0,0,0
BRDA:31,0,1,3
BRDA:45,1,0,0
BRDA:45,1,1,2
BRDA:59,2,0,0
BRDA:59,2,1,2
BRDA:69,3,0,6
BRDA:69,3,1,6
BRDA:69,3,2,4
BRDA:73,4,0,0
BRDA:73,4,1,3
BRDA:83,5,0,5
BRDA:83,5,1,3
BRDA:87,6,0,0
BRDA:87,6,1,3
BRF:15
BRH:10
end_of_record
TN:
SF:src\shared\utils\pbt-utils.ts
FN:15,(anonymous_0)
FN:20,(anonymous_1)
FN:25,(anonymous_2)
FN:30,(anonymous_3)
FN:35,(anonymous_4)
FN:40,(anonymous_5)
FN:45,(anonymous_6)
FN:54,(anonymous_7)
FN:59,(anonymous_8)
FN:64,(anonymous_9)
FN:69,(anonymous_10)
FN:74,(anonymous_11)
FN:79,(anonymous_12)
FN:85,(anonymous_13)
FN:91,(anonymous_14)
FN:97,(anonymous_15)
FN:103,(anonymous_16)
FNF:17
FNH:14
FNDA:7,(anonymous_0)
FNDA:6,(anonymous_1)
FNDA:1,(anonymous_2)
FNDA:1,(anonymous_3)
FNDA:32,(anonymous_4)
FNDA:16,(anonymous_5)
FNDA:1,(anonymous_6)
FNDA:1,(anonymous_7)
FNDA:1,(anonymous_8)
FNDA:1,(anonymous_9)
FNDA:1,(anonymous_10)
FNDA:0,(anonymous_11)
FNDA:0,(anonymous_12)
FNDA:0,(anonymous_13)
FNDA:24,(anonymous_14)
FNDA:6,(anonymous_15)
FNDA:600,(anonymous_16)
DA:15,7
DA:20,6
DA:25,2
DA:30,2
DA:35,32
DA:40,16
DA:45,2
DA:46,1
DA:47,1
DA:48,1
DA:54,2
DA:59,2
DA:64,2
DA:69,2
DA:74,2
DA:79,2
DA:80,0
DA:85,2
DA:86,0
DA:91,24
DA:97,2
DA:102,6
DA:104,600
DA:105,600
LF:24
LH:22
BRF:0
BRH:0
end_of_record
TN:
SF:src\shared\utils\search.ts
FN:12,searchRooms
FN:19,(anonymous_1)
FN:35,filterRooms
FN:39,(anonymous_3)
FN:47,(anonymous_4)
FN:51,(anonymous_5)
FN:70,highlightText
FN:111,optimizedSearchRooms
FN:148,sortByRelevance
FN:158,(anonymous_9)
FNF:10
FNH:10
FNDA:8,searchRooms
FNDA:1018,(anonymous_1)
FNDA:6,filterRooms
FNDA:6,(anonymous_3)
FNDA:8,(anonymous_4)
FNDA:6,(anonymous_5)
FNDA:5,highlightText
FNDA:2,optimizedSearchRooms
FNDA:3,sortByRelevance
FNDA:4,(anonymous_9)
DA:13,8
DA:14,1
DA:17,7
DA:19,7
DA:20,1018
DA:21,1018
DA:22,1018
DA:24,1018
DA:36,6
DA:38,6
DA:39,6
DA:42,6
DA:46,6
DA:47,8
DA:50,6
DA:51,6
DA:54,6
DA:55,1
DA:58,6
DA:71,5
DA:72,0
DA:75,5
DA:76,5
DA:77,5
DA:79,5
DA:80,1
DA:83,4
DA:85,4
DA:86,3
DA:92,4
DA:97,4
DA:98,1
DA:104,4
DA:116,2
DA:117,0
DA:120,2
DA:121,2
DA:123,2
DA:124,54
DA:125,1
DA:128,53
DA:129,53
DA:130,53
DA:132,53
DA:137,53
DA:141,2
DA:152,3
DA:153,1
DA:156,2
DA:158,2
DA:159,4
DA:160,4
DA:161,4
DA:163,4
DA:164,4
DA:165,4
DA:167,4
DA:168,4
DA:170,3
DA:171,0
DA:172,3
DA:173,1
DA:175,2
DA:176,2
DA:178,2
DA:179,0
DA:180,2
DA:181,0
DA:183,2
DA:184,0
DA:185,2
DA:186,0
DA:188,2
LF:73
LH:66
BRDA:13,0,0,1
BRDA:13,0,1,7
BRDA:13,1,0,8
BRDA:13,1,1,7
BRDA:20,2,0,1018
BRDA:20,2,1,0
BRDA:21,3,0,1018
BRDA:21,3,1,0
BRDA:22,4,0,1018
BRDA:22,4,1,340
BRDA:25,5,0,1018
BRDA:25,5,1,1013
BRDA:25,5,2,12
BRDA:38,6,0,2
BRDA:38,6,1,4
BRDA:42,7,0,0
BRDA:42,7,1,6
BRDA:46,8,0,3
BRDA:46,8,1,3
BRDA:50,9,0,2
BRDA:50,9,1,4
BRDA:54,10,0,1
BRDA:54,10,1,5
BRDA:71,11,0,0
BRDA:71,11,1,5
BRDA:71,12,0,5
BRDA:71,12,1,5
BRDA:79,13,0,1
BRDA:79,13,1,4
BRDA:85,14,0,3
BRDA:85,14,1,1
BRDA:97,15,0,1
BRDA:97,15,1,3
BRDA:114,16,0,0
BRDA:116,17,0,0
BRDA:116,17,1,2
BRDA:116,18,0,2
BRDA:116,18,1,2
BRDA:124,19,0,1
BRDA:124,19,1,53
BRDA:128,20,0,53
BRDA:128,20,1,0
BRDA:129,21,0,53
BRDA:129,21,1,0
BRDA:130,22,0,53
BRDA:130,22,1,1
BRDA:132,23,0,53
BRDA:132,23,1,0
BRDA:133,24,0,53
BRDA:133,24,1,3
BRDA:133,24,2,0
BRDA:152,25,0,1
BRDA:152,25,1,2
BRDA:152,26,0,3
BRDA:152,26,1,2
BRDA:159,27,0,4
BRDA:159,27,1,0
BRDA:160,28,0,4
BRDA:160,28,1,0
BRDA:161,29,0,4
BRDA:161,29,1,2
BRDA:163,30,0,4
BRDA:163,30,1,0
BRDA:164,31,0,4
BRDA:164,31,1,0
BRDA:165,32,0,4
BRDA:165,32,1,2
BRDA:167,33,0,0
BRDA:167,33,1,4
BRDA:167,34,0,4
BRDA:167,34,1,0
BRDA:168,35,0,1
BRDA:168,35,1,3
BRDA:168,36,0,4
BRDA:168,36,1,1
BRDA:170,37,0,0
BRDA:170,37,1,3
BRDA:170,38,0,3
BRDA:170,38,1,1
BRDA:172,39,0,1
BRDA:172,39,1,2
BRDA:172,40,0,3
BRDA:172,40,1,2
BRDA:175,41,0,0
BRDA:175,41,1,2
BRDA:175,42,0,2
BRDA:175,42,1,0
BRDA:176,43,0,0
BRDA:176,43,1,2
BRDA:176,44,0,2
BRDA:176,44,1,0
BRDA:178,45,0,0
BRDA:178,45,1,2
BRDA:178,46,0,2
BRDA:178,46,1,0
BRDA:180,47,0,0
BRDA:180,47,1,2
BRDA:180,48,0,2
BRDA:180,48,1,0
BRDA:183,49,0,0
BRDA:183,49,1,2
BRDA:183,50,0,2
BRDA:183,50,1,0
BRDA:185,51,0,0
BRDA:185,51,1,2
BRDA:185,52,0,2
BRDA:185,52,1,0
BRF:107
BRH:78
end_of_record
TN:
SF:src\shared\utils\test-utils.tsx
FN:6,(anonymous_0)
FN:23,(anonymous_1)
FN:29,(anonymous_2)
FNF:3
FNH:0
FNDA:0,(anonymous_0)
FNDA:0,(anonymous_1)
FNDA:0,(anonymous_2)
DA:6,0
DA:7,0
DA:23,0
DA:24,0
DA:26,0
DA:29,0
DA:30,0
LF:7
LH:0
BRF:0
BRH:0
end_of_record
TN:
SF:src\store\auth.store.ts
FN:33,(anonymous_0)
FN:43,(anonymous_1)
FN:47,(anonymous_2)
FN:61,(anonymous_3)
FN:65,(anonymous_4)
FN:69,(anonymous_5)
FN:73,(anonymous_6)
FN:105,(anonymous_7)
FN:130,(anonymous_8)
FN:139,(anonymous_9)
FN:145,(anonymous_10)
FNF:11
FNH:6
FNDA:2,(anonymous_0)
FNDA:0,(anonymous_1)
FNDA:0,(anonymous_2)
FNDA:0,(anonymous_3)
FNDA:0,(anonymous_4)
FNDA:2,(anonymous_5)
FNDA:1,(anonymous_6)
FNDA:1,(anonymous_7)
FNDA:2,(anonymous_8)
FNDA:0,(anonymous_9)
FNDA:1,(anonymous_10)
DA:33,2
DA:44,0
DA:48,0
DA:49,0
DA:54,0
DA:62,0
DA:66,0
DA:70,2
DA:74,1
DA:75,1
DA:78,1
DA:79,1
DA:80,1
DA:84,1
DA:86,0
DA:91,1
DA:99,0
DA:100,0
DA:101,0
DA:106,1
DA:107,1
DA:110,1
DA:111,1
DA:112,1
DA:115,1
DA:124,0
DA:125,0
DA:126,0
DA:131,2
DA:132,2
DA:133,2
DA:134,2
DA:137,2
DA:140,0
DA:146,1
DA:147,1
DA:150,1
DA:156,1
DA:157,1
DA:159,1
DA:167,0
DA:170,0
DA:171,0
LF:43
LH:26
BRDA:48,0,0,0
BRDA:48,0,1,0
BRDA:99,1,0,0
BRDA:99,1,1,0
BRDA:124,2,0,0
BRDA:124,2,1,0
BRDA:132,3,0,2
BRDA:132,3,1,0
BRDA:156,4,0,1
BRDA:156,4,1,0
BRDA:156,5,0,1
BRDA:156,5,1,1
BRDA:156,5,2,1
BRF:13
BRH:5
end_of_record
TN:
SF:src\store\sync.store.ts
FN:34,(anonymous_0)
FN:41,(anonymous_1)
FN:42,(anonymous_2)
FN:43,(anonymous_3)
FN:44,(anonymous_4)
FN:45,(anonymous_5)
FN:46,(anonymous_6)
FN:47,(anonymous_7)
FN:48,(anonymous_8)
FN:49,(anonymous_9)
FN:55,initializeNetworkListener
FN:56,(anonymous_11)
FN:62,(anonymous_12)
FNF:13
FNH:6
FNDA:3,(anonymous_0)
FNDA:6,(anonymous_1)
FNDA:424,(anonymous_2)
FNDA:212,(anonymous_3)
FNDA:212,(anonymous_4)
FNDA:212,(anonymous_5)
FNDA:0,(anonymous_6)
FNDA:0,(anonymous_7)
FNDA:0,(anonymous_8)
FNDA:0,(anonymous_9)
FNDA:0,initializeNetworkListener
FNDA:0,(anonymous_11)
FNDA:0,(anonymous_12)
DA:34,3
DA:41,6
DA:42,424
DA:43,212
DA:44,212
DA:45,212
DA:47,0
DA:49,0
DA:56,0
DA:57,0
DA:58,0
DA:62,0
DA:63,0
DA:64,0
DA:67,0
LF:15
LH:6
BRDA:57,0,0,0
BRDA:57,0,1,0
BRDA:63,1,0,0
BRDA:63,1,1,0
BRF:4
BRH:0
end_of_record
