TN:
SF:src\app\App.tsx
FN:2,App
FNF:1
FNH:0
FNDA:0,App
DA:3,0
LF:1
LH:0
BRF:0
BRH:0
end_of_record
TN:
SF:src\features\auth\index.ts
FNF:0
FNH:0
LF:0
LH:0
BRF:0
BRH:0
end_of_record
TN:
SF:src\features\auth\hooks\useAuth.ts
FN:12,(anonymous_0)
FN:30,(anonymous_1)
FN:47,(anonymous_2)
FN:88,(anonymous_3)
FN:107,(anonymous_4)
FN:128,(anonymous_5)
FN:159,(anonymous_6)
FNF:7
FNH:0
FNDA:0,(anonymous_0)
FNDA:0,(anonymous_1)
FNDA:0,(anonymous_2)
FNDA:0,(anonymous_3)
FNDA:0,(anonymous_4)
FNDA:0,(anonymous_5)
FNDA:0,(anonymous_6)
DA:12,0
DA:24,0
DA:29,0
DA:31,0
DA:32,0
DA:33,0
DA:34,0
DA:35,0
DA:37,0
DA:38,0
DA:47,0
DA:48,0
DA:49,0
DA:52,0
DA:53,0
DA:54,0
DA:60,0
DA:61,0
DA:62,0
DA:69,0
DA:71,0
DA:73,0
DA:74,0
DA:76,0
DA:80,0
DA:81,0
DA:88,0
DA:89,0
DA:90,0
DA:91,0
DA:93,0
DA:94,0
DA:97,0
DA:98,0
DA:99,0
DA:106,0
DA:108,0
DA:109,0
DA:110,0
DA:113,0
DA:114,0
DA:115,0
DA:116,0
DA:118,0
DA:119,0
DA:128,0
DA:129,0
DA:130,0
DA:131,0
DA:132,0
DA:139,0
DA:141,0
DA:142,0
DA:143,0
DA:144,0
DA:146,0
DA:148,0
DA:151,0
DA:152,0
DA:159,0
DA:160,0
DA:161,0
DA:162,0
DA:163,0
DA:165,0
DA:167,0
DA:168,0
DA:172,0
LF:68
LH:0
BRDA:37,0,0,0
BRDA:37,0,1,0
BRDA:53,1,0,0
BRDA:53,1,1,0
BRDA:61,2,0,0
BRDA:61,2,1,0
BRDA:71,3,0,0
BRDA:71,3,1,0
BRDA:80,4,0,0
BRDA:80,4,1,0
BRDA:90,5,0,0
BRDA:90,5,1,0
BRDA:98,6,0,0
BRDA:98,6,1,0
BRDA:109,7,0,0
BRDA:109,7,1,0
BRDA:118,8,0,0
BRDA:118,8,1,0
BRDA:131,9,0,0
BRDA:131,9,1,0
BRDA:141,10,0,0
BRDA:141,10,1,0
BRDA:143,11,0,0
BRDA:143,11,1,0
BRDA:151,12,0,0
BRDA:151,12,1,0
BRDA:162,13,0,0
BRDA:162,13,1,0
BRDA:167,14,0,0
BRDA:167,14,1,0
BRF:30
BRH:0
end_of_record
TN:
SF:src\features\auth\screens\LoginScreen.tsx
FN:13,(anonymous_0)
FN:25,(anonymous_1)
FN:29,(anonymous_2)
FN:36,(anonymous_3)
FN:50,(anonymous_4)
FN:63,(anonymous_5)
FN:81,(anonymous_6)
FN:111,(anonymous_7)
FN:115,(anonymous_8)
FN:133,(anonymous_9)
FN:137,(anonymous_10)
FN:148,(anonymous_11)
FNF:12
FNH:0
FNDA:0,(anonymous_0)
FNDA:0,(anonymous_1)
FNDA:0,(anonymous_2)
FNDA:0,(anonymous_3)
FNDA:0,(anonymous_4)
FNDA:0,(anonymous_5)
FNDA:0,(anonymous_6)
FNDA:0,(anonymous_7)
FNDA:0,(anonymous_8)
FNDA:0,(anonymous_9)
FNDA:0,(anonymous_10)
FNDA:0,(anonymous_11)
DA:13,0
DA:14,0
DA:15,0
DA:17,0
DA:18,0
DA:19,0
DA:20,0
DA:21,0
DA:22,0
DA:23,0
DA:25,0
DA:26,0
DA:29,0
DA:30,0
DA:31,0
DA:32,0
DA:33,0
DA:36,0
DA:37,0
DA:38,0
DA:39,0
DA:40,0
DA:42,0
DA:43,0
DA:44,0
DA:46,0
DA:47,0
DA:50,0
DA:51,0
DA:52,0
DA:53,0
DA:55,0
DA:56,0
DA:57,0
DA:59,0
DA:60,0
DA:63,0
DA:64,0
DA:66,0
DA:67,0
DA:69,0
DA:70,0
DA:73,0
DA:75,0
DA:77,0
DA:81,0
DA:82,0
DA:83,0
DA:85,0
DA:86,0
DA:90,0
DA:112,0
DA:113,0
DA:115,0
DA:134,0
DA:135,0
DA:137,0
DA:148,0
DA:202,0
LF:59
LH:0
BRDA:33,0,0,0
BRDA:33,0,1,0
BRDA:38,1,0,0
BRDA:38,1,1,0
BRDA:42,2,0,0
BRDA:42,2,1,0
BRDA:51,3,0,0
BRDA:51,3,1,0
BRDA:55,4,0,0
BRDA:55,4,1,0
BRDA:69,5,0,0
BRDA:69,5,1,0
BRDA:69,6,0,0
BRDA:69,6,1,0
BRDA:75,7,0,0
BRDA:75,7,1,0
BRDA:75,8,0,0
BRDA:75,8,1,0
BRDA:85,9,0,0
BRDA:85,9,1,0
BRDA:85,10,0,0
BRDA:85,10,1,0
BRDA:93,11,0,0
BRDA:93,11,1,0
BRDA:113,12,0,0
BRDA:113,12,1,0
BRDA:124,13,0,0
BRDA:124,13,1,0
BRDA:135,14,0,0
BRDA:135,14,1,0
BRDA:147,15,0,0
BRDA:147,15,1,0
BRDA:152,16,0,0
BRDA:152,16,1,0
BRDA:158,17,0,0
BRDA:158,17,1,0
BRDA:174,18,0,0
BRDA:174,18,1,0
BRF:38
BRH:0
end_of_record
TN:
SF:src\features\auth\services\authApi.ts
FN:13,(anonymous_0)
FN:21,(anonymous_1)
FN:24,(anonymous_2)
FN:58,(anonymous_3)
FN:61,(anonymous_4)
FN:95,(anonymous_5)
FN:98,(anonymous_6)
FN:129,(anonymous_7)
FN:132,(anonymous_8)
FN:166,(anonymous_9)
FN:169,(anonymous_10)
FNF:11
FNH:0
FNDA:0,(anonymous_0)
FNDA:0,(anonymous_1)
FNDA:0,(anonymous_2)
FNDA:0,(anonymous_3)
FNDA:0,(anonymous_4)
FNDA:0,(anonymous_5)
FNDA:0,(anonymous_6)
FNDA:0,(anonymous_7)
FNDA:0,(anonymous_8)
FNDA:0,(anonymous_9)
FNDA:0,(anonymous_10)
DA:14,0
DA:15,0
DA:22,0
DA:23,0
DA:24,0
DA:26,0
DA:35,0
DA:37,0
DA:38,0
DA:39,0
DA:42,0
DA:43,0
DA:45,0
DA:46,0
DA:47,0
DA:49,0
DA:51,0
DA:59,0
DA:60,0
DA:61,0
DA:63,0
DA:72,0
DA:74,0
DA:75,0
DA:76,0
DA:79,0
DA:80,0
DA:82,0
DA:83,0
DA:84,0
DA:86,0
DA:88,0
DA:96,0
DA:97,0
DA:98,0
DA:100,0
DA:109,0
DA:111,0
DA:112,0
DA:113,0
DA:116,0
DA:117,0
DA:118,0
DA:120,0
DA:122,0
DA:130,0
DA:131,0
DA:132,0
DA:134,0
DA:143,0
DA:145,0
DA:146,0
DA:147,0
DA:150,0
DA:151,0
DA:153,0
DA:154,0
DA:155,0
DA:157,0
DA:159,0
DA:167,0
DA:168,0
DA:169,0
DA:171,0
DA:181,0
DA:183,0
DA:184,0
DA:185,0
DA:188,0
DA:189,0
DA:191,0
DA:192,0
DA:193,0
DA:195,0
DA:197,0
DA:202,0
LF:76
LH:0
BRDA:37,0,0,0
BRDA:37,0,1,0
BRDA:39,1,0,0
BRDA:39,1,1,0
BRDA:45,2,0,0
BRDA:45,2,1,0
BRDA:46,3,0,0
BRDA:46,3,1,0
BRDA:74,4,0,0
BRDA:74,4,1,0
BRDA:76,5,0,0
BRDA:76,5,1,0
BRDA:82,6,0,0
BRDA:82,6,1,0
BRDA:83,7,0,0
BRDA:83,7,1,0
BRDA:111,8,0,0
BRDA:111,8,1,0
BRDA:113,9,0,0
BRDA:113,9,1,0
BRDA:116,10,0,0
BRDA:116,10,1,0
BRDA:117,11,0,0
BRDA:117,11,1,0
BRDA:145,12,0,0
BRDA:145,12,1,0
BRDA:147,13,0,0
BRDA:147,13,1,0
BRDA:153,14,0,0
BRDA:153,14,1,0
BRDA:154,15,0,0
BRDA:154,15,1,0
BRDA:183,16,0,0
BRDA:183,16,1,0
BRDA:185,17,0,0
BRDA:185,17,1,0
BRDA:191,18,0,0
BRDA:191,18,1,0
BRDA:192,19,0,0
BRDA:192,19,1,0
BRF:40
BRH:0
end_of_record
TN:
SF:src\features\auth\services\biometricAuth.ts
FN:14,(anonymous_0)
FN:28,(anonymous_1)
FN:40,(anonymous_2)
FN:67,(anonymous_3)
FN:80,(anonymous_4)
FN:92,(anonymous_5)
FN:104,(anonymous_6)
FNF:7
FNH:0
FNDA:0,(anonymous_0)
FNDA:0,(anonymous_1)
FNDA:0,(anonymous_2)
FNDA:0,(anonymous_3)
FNDA:0,(anonymous_4)
FNDA:0,(anonymous_5)
FNDA:0,(anonymous_6)
DA:15,0
DA:16,0
DA:17,0
DA:18,0
DA:20,0
DA:21,0
DA:29,0
DA:30,0
DA:32,0
DA:33,0
DA:41,0
DA:42,0
DA:48,0
DA:49,0
DA:51,0
DA:57,0
DA:68,0
DA:69,0
DA:70,0
DA:72,0
DA:73,0
DA:81,0
DA:82,0
DA:84,0
DA:85,0
DA:93,0
DA:94,0
DA:96,0
DA:97,0
DA:105,0
DA:107,0
DA:109,0
DA:111,0
DA:113,0
DA:118,0
LF:35
LH:0
BRDA:18,0,0,0
BRDA:18,0,1,0
BRDA:43,1,0,0
BRDA:43,1,1,0
BRDA:48,2,0,0
BRDA:48,2,1,0
BRDA:53,3,0,0
BRDA:53,3,1,0
BRDA:59,4,0,0
BRDA:59,4,1,0
BRDA:105,5,0,0
BRDA:105,5,1,0
BRDA:105,5,2,0
BRDA:105,5,3,0
BRF:14
BRH:0
end_of_record
TN:
SF:src\features\auth\services\tokenManager.ts
FN:19,(anonymous_0)
FN:26,(anonymous_1)
FN:39,(anonymous_2)
FN:52,(anonymous_3)
FN:66,(anonymous_4)
FN:76,(anonymous_5)
FN:88,(anonymous_6)
FN:126,(anonymous_7)
FN:134,(anonymous_8)
FN:141,(anonymous_9)
FN:146,(anonymous_10)
FN:155,(anonymous_11)
FN:165,(anonymous_12)
FN:176,(anonymous_13)
FNF:14
FNH:0
FNDA:0,(anonymous_0)
FNDA:0,(anonymous_1)
FNDA:0,(anonymous_2)
FNDA:0,(anonymous_3)
FNDA:0,(anonymous_4)
FNDA:0,(anonymous_5)
FNDA:0,(anonymous_6)
FNDA:0,(anonymous_7)
FNDA:0,(anonymous_8)
FNDA:0,(anonymous_9)
FNDA:0,(anonymous_10)
FNDA:0,(anonymous_11)
FNDA:0,(anonymous_12)
FNDA:0,(anonymous_13)
DA:11,0
DA:12,0
DA:13,0
DA:14,0
DA:20,0
DA:21,0
DA:22,0
DA:23,0
DA:26,0
DA:29,0
DA:31,0
DA:32,0
DA:40,0
DA:41,0
DA:42,0
DA:45,0
DA:46,0
DA:53,0
DA:54,0
DA:55,0
DA:58,0
DA:59,0
DA:60,0
DA:68,0
DA:69,0
DA:72,0
DA:73,0
DA:75,0
DA:76,0
DA:77,0
DA:81,0
DA:89,0
DA:90,0
DA:92,0
DA:93,0
DA:94,0
DA:95,0
DA:99,0
DA:100,0
DA:101,0
DA:102,0
DA:106,0
DA:109,0
DA:110,0
DA:113,0
DA:116,0
DA:118,0
DA:119,0
DA:127,0
DA:128,0
DA:135,0
DA:142,0
DA:143,0
DA:146,0
DA:147,0
DA:148,0
DA:156,0
DA:157,0
DA:158,0
DA:166,0
DA:167,0
DA:168,0
DA:170,0
DA:177,0
DA:179,0
DA:181,0
DA:182,0
DA:185,0
DA:189,0
DA:194,0
LF:70
LH:0
BRDA:41,0,0,0
BRDA:41,0,1,0
BRDA:41,1,0,0
BRDA:41,1,1,0
BRDA:54,2,0,0
BRDA:54,2,1,0
BRDA:54,3,0,0
BRDA:54,3,1,0
BRDA:68,4,0,0
BRDA:68,4,1,0
BRDA:75,5,0,0
BRDA:75,5,1,0
BRDA:92,6,0,0
BRDA:92,6,1,0
BRDA:99,7,0,0
BRDA:99,7,1,0
BRDA:142,8,0,0
BRDA:142,8,1,0
BRDA:156,9,0,0
BRDA:156,9,1,0
BRDA:166,10,0,0
BRDA:166,10,1,0
BRDA:179,11,0,0
BRDA:179,11,1,0
BRDA:181,12,0,0
BRDA:181,12,1,0
BRF:26
BRH:0
end_of_record
TN:
SF:src\features\auth\types\index.ts
FNF:0
FNH:0
LF:0
LH:0
BRF:0
BRH:0
end_of_record
TN:
SF:src\infrastructure\api\QueryProvider.tsx
FN:18,(anonymous_0)
FNF:1
FNH:0
FNDA:0,(anonymous_0)
DA:18,0
DA:19,0
LF:2
LH:0
BRF:0
BRH:0
end_of_record
TN:
SF:src\infrastructure\api\client.ts
FN:15,(anonymous_0)
FN:36,(anonymous_1)
FN:44,(anonymous_2)
FN:48,(anonymous_3)
FN:53,(anonymous_4)
FN:62,(anonymous_5)
FN:85,(anonymous_6)
FN:95,(anonymous_7)
FN:96,(anonymous_8)
FN:111,(anonymous_9)
FN:133,(anonymous_10)
FN:164,(anonymous_11)
FN:179,(anonymous_12)
FN:195,(anonymous_13)
FN:211,(anonymous_14)
FN:227,(anonymous_15)
FN:242,(anonymous_16)
FNF:17
FNH:0
FNDA:0,(anonymous_0)
FNDA:0,(anonymous_1)
FNDA:0,(anonymous_2)
FNDA:0,(anonymous_3)
FNDA:0,(anonymous_4)
FNDA:0,(anonymous_5)
FNDA:0,(anonymous_6)
FNDA:0,(anonymous_7)
FNDA:0,(anonymous_8)
FNDA:0,(anonymous_9)
FNDA:0,(anonymous_10)
FNDA:0,(anonymous_11)
FNDA:0,(anonymous_12)
FNDA:0,(anonymous_13)
FNDA:0,(anonymous_14)
FNDA:0,(anonymous_15)
FNDA:0,(anonymous_16)
DA:15,0
DA:16,0
DA:25,0
DA:33,0
DA:34,0
DA:37,0
DA:38,0
DA:46,0
DA:48,0
DA:52,0
DA:53,0
DA:65,0
DA:68,0
DA:69,0
DA:73,0
DA:74,0
DA:75,0
DA:78,0
DA:86,0
DA:89,0
DA:92,0
DA:93,0
DA:95,0
DA:96,0
DA:97,0
DA:98,0
DA:103,0
DA:104,0
DA:106,0
DA:108,0
DA:111,0
DA:112,0
DA:115,0
DA:116,0
DA:119,0
DA:120,0
DA:121,0
DA:123,0
DA:127,0
DA:134,0
DA:136,0
DA:137,0
DA:140,0
DA:141,0
DA:147,0
DA:150,0
DA:155,0
DA:157,0
DA:168,0
DA:169,0
DA:170,0
DA:172,0
DA:184,0
DA:185,0
DA:186,0
DA:188,0
DA:200,0
DA:201,0
DA:202,0
DA:204,0
DA:216,0
DA:217,0
DA:218,0
DA:220,0
DA:231,0
DA:232,0
DA:233,0
DA:235,0
DA:243,0
DA:248,0
LF:70
LH:0
BRDA:68,0,0,0
BRDA:68,0,1,0
BRDA:74,1,0,0
BRDA:74,1,1,0
BRDA:92,2,0,0
BRDA:92,2,1,0
BRDA:92,3,0,0
BRDA:92,3,1,0
BRDA:93,4,0,0
BRDA:93,4,1,0
BRDA:136,5,0,0
BRDA:136,5,1,0
BRF:12
BRH:0
end_of_record
TN:
SF:src\infrastructure\api\errorHandler.ts
FN:12,(anonymous_0)
FN:22,(anonymous_1)
FN:32,(anonymous_2)
FN:127,(anonymous_3)
FN:135,(anonymous_4)
FN:142,(anonymous_5)
FN:149,(anonymous_6)
FNF:7
FNH:3
FNDA:3,(anonymous_0)
FNDA:1,(anonymous_1)
FNDA:7,(anonymous_2)
FNDA:0,(anonymous_3)
FNDA:0,(anonymous_4)
FNDA:0,(anonymous_5)
FNDA:0,(anonymous_6)
DA:12,1
DA:13,3
DA:14,3
DA:15,0
DA:16,0
DA:22,1
DA:23,1
DA:24,1
DA:26,0
DA:32,1
DA:34,7
DA:35,6
DA:36,6
DA:39,6
DA:40,2
DA:41,1
DA:46,1
DA:53,4
DA:55,0
DA:63,1
DA:70,0
DA:77,1
DA:84,1
DA:95,1
DA:102,0
DA:111,1
DA:112,0
DA:116,1
DA:117,1
DA:121,0
DA:127,1
DA:129,0
DA:135,1
DA:136,0
DA:142,1
DA:143,0
DA:149,1
DA:150,0
LF:38
LH:26
BRDA:13,0,0,0
BRDA:13,0,1,3
BRDA:14,1,0,3
BRDA:14,1,1,0
BRDA:15,2,0,0
BRDA:15,2,1,0
BRDA:23,3,0,1
BRDA:23,3,1,0
BRDA:23,4,0,1
BRDA:23,4,1,1
BRDA:34,5,0,6
BRDA:34,5,1,1
BRDA:39,6,0,2
BRDA:39,6,1,4
BRDA:40,7,0,1
BRDA:40,7,1,1
BRDA:40,8,0,2
BRDA:40,8,1,1
BRDA:53,9,0,0
BRDA:53,9,1,1
BRDA:53,9,2,0
BRDA:53,9,3,1
BRDA:53,9,4,1
BRDA:53,9,5,1
BRDA:53,9,6,1
BRDA:53,9,7,1
BRDA:53,9,8,1
BRDA:53,9,9,0
BRDA:56,10,0,0
BRDA:56,10,1,0
BRDA:64,11,0,1
BRDA:64,11,1,0
BRDA:71,12,0,0
BRDA:71,12,1,0
BRDA:78,13,0,1
BRDA:78,13,1,0
BRDA:85,14,0,1
BRDA:85,14,1,0
BRDA:103,15,0,0
BRDA:103,15,1,0
BRDA:111,16,0,0
BRDA:111,16,1,1
BRDA:116,17,0,1
BRDA:116,17,1,0
BRDA:143,18,0,0
BRDA:143,18,1,0
BRF:46
BRH:25
end_of_record
TN:
SF:src\infrastructure\api\index.ts
FNF:0
FNH:0
LF:0
LH:0
BRF:0
BRH:0
end_of_record
TN:
SF:src\infrastructure\api\queryClient.ts
FN:21,(anonymous_0)
FN:42,(anonymous_1)
FN:65,(anonymous_2)
FN:83,(anonymous_3)
FN:90,(anonymous_4)
FN:97,(anonymous_5)
FN:104,(anonymous_6)
FN:119,(anonymous_7)
FN:126,(anonymous_8)
FN:133,(anonymous_9)
FNF:10
FNH:0
FNDA:0,(anonymous_0)
FNDA:0,(anonymous_1)
FNDA:0,(anonymous_2)
FNDA:0,(anonymous_3)
FNDA:0,(anonymous_4)
FNDA:0,(anonymous_5)
FNDA:0,(anonymous_6)
FNDA:0,(anonymous_7)
FNDA:0,(anonymous_8)
FNDA:0,(anonymous_9)
DA:12,0
DA:23,0
DA:24,0
DA:28,0
DA:29,0
DA:33,0
DA:34,0
DA:38,0
DA:42,0
DA:65,0
DA:66,0
DA:74,0
DA:79,0
DA:84,0
DA:91,0
DA:98,0
DA:109,0
DA:120,0
DA:127,0
DA:134,0
LF:20
LH:0
BRDA:23,0,0,0
BRDA:23,0,1,0
BRDA:23,1,0,0
BRDA:23,1,1,0
BRDA:28,2,0,0
BRDA:28,2,1,0
BRDA:28,3,0,0
BRDA:28,3,1,0
BRDA:33,4,0,0
BRDA:33,4,1,0
BRDA:33,5,0,0
BRDA:33,5,1,0
BRF:12
BRH:0
end_of_record
TN:
SF:src\infrastructure\api\queryKeys.ts
FN:11,(anonymous_0)
FN:12,(anonymous_1)
FN:13,(anonymous_2)
FN:14,(anonymous_3)
FN:15,(anonymous_4)
FN:24,(anonymous_5)
FN:25,(anonymous_6)
FN:26,(anonymous_7)
FN:27,(anonymous_8)
FN:28,(anonymous_9)
FN:36,(anonymous_10)
FN:37,(anonymous_11)
FN:38,(anonymous_12)
FN:39,(anonymous_13)
FN:40,(anonymous_14)
FN:41,(anonymous_15)
FN:42,(anonymous_16)
FN:51,(anonymous_17)
FN:52,(anonymous_18)
FN:53,(anonymous_19)
FN:54,(anonymous_20)
FN:55,(anonymous_21)
FN:63,(anonymous_22)
FN:64,(anonymous_23)
FN:65,(anonymous_24)
FN:73,(anonymous_25)
FN:74,(anonymous_26)
FN:75,(anonymous_27)
FN:76,(anonymous_28)
FN:84,(anonymous_29)
FN:85,(anonymous_30)
FN:86,(anonymous_31)
FN:87,(anonymous_32)
FN:88,(anonymous_33)
FN:96,(anonymous_34)
FN:97,(anonymous_35)
FN:105,(anonymous_36)
FN:106,(anonymous_37)
FN:114,(anonymous_38)
FN:115,(anonymous_39)
FN:121,(anonymous_40)
FNF:41
FNH:22
FNDA:2,(anonymous_0)
FNDA:1,(anonymous_1)
FNDA:2,(anonymous_2)
FNDA:1,(anonymous_3)
FNDA:1,(anonymous_4)
FNDA:0,(anonymous_5)
FNDA:0,(anonymous_6)
FNDA:0,(anonymous_7)
FNDA:0,(anonymous_8)
FNDA:1,(anonymous_9)
FNDA:0,(anonymous_10)
FNDA:0,(anonymous_11)
FNDA:0,(anonymous_12)
FNDA:0,(anonymous_13)
FNDA:1,(anonymous_14)
FNDA:1,(anonymous_15)
FNDA:1,(anonymous_16)
FNDA:0,(anonymous_17)
FNDA:0,(anonymous_18)
FNDA:0,(anonymous_19)
FNDA:0,(anonymous_20)
FNDA:1,(anonymous_21)
FNDA:1,(anonymous_22)
FNDA:1,(anonymous_23)
FNDA:1,(anonymous_24)
FNDA:0,(anonymous_25)
FNDA:0,(anonymous_26)
FNDA:1,(anonymous_27)
FNDA:1,(anonymous_28)
FNDA:0,(anonymous_29)
FNDA:0,(anonymous_30)
FNDA:0,(anonymous_31)
FNDA:0,(anonymous_32)
FNDA:1,(anonymous_33)
FNDA:1,(anonymous_34)
FNDA:0,(anonymous_35)
FNDA:1,(anonymous_36)
FNDA:1,(anonymous_37)
FNDA:1,(anonymous_38)
FNDA:1,(anonymous_39)
FNDA:11,(anonymous_40)
DA:9,1
DA:11,2
DA:12,1
DA:13,2
DA:14,1
DA:16,1
DA:22,1
DA:24,0
DA:25,0
DA:26,0
DA:27,0
DA:28,1
DA:34,1
DA:36,0
DA:37,0
DA:38,0
DA:39,0
DA:40,1
DA:41,1
DA:43,1
DA:49,1
DA:51,0
DA:52,0
DA:53,0
DA:54,0
DA:55,1
DA:61,1
DA:63,1
DA:64,1
DA:65,1
DA:71,1
DA:73,0
DA:74,0
DA:75,1
DA:76,1
DA:82,1
DA:84,0
DA:85,0
DA:86,0
DA:87,0
DA:88,1
DA:94,1
DA:96,1
DA:97,0
DA:103,1
DA:105,1
DA:106,1
DA:112,1
DA:114,1
DA:115,1
DA:121,1
DA:122,11
DA:135,11
LF:53
LH:34
BRDA:135,0,0,11
BRDA:135,0,1,1
BRF:2
BRH:2
end_of_record
TN:
SF:src\infrastructure\api\retry.ts
FN:22,(anonymous_0)
FN:45,(anonymous_1)
FN:53,(anonymous_2)
FN:66,(anonymous_3)
FN:67,(anonymous_4)
FN:73,retryWithBackoff
FN:119,withRetry
FN:123,(anonymous_7)
FN:124,(anonymous_8)
FNF:9
FNH:9
FNDA:10,(anonymous_0)
FNDA:5,(anonymous_1)
FNDA:6,(anonymous_2)
FNDA:6,(anonymous_3)
FNDA:6,(anonymous_4)
FNDA:11,retryWithBackoff
FNDA:2,withRetry
FNDA:2,(anonymous_7)
FNDA:3,(anonymous_8)
DA:17,1
DA:24,10
DA:25,1
DA:29,9
DA:30,1
DA:34,8
DA:35,1
DA:39,7
DA:53,1
DA:59,6
DA:60,6
DA:66,1
DA:67,6
DA:77,11
DA:80,11
DA:81,17
DA:82,17
DA:85,11
DA:89,11
DA:92,11
DA:93,5
DA:97,6
DA:105,6
DA:108,6
DA:113,0
DA:123,2
DA:124,3
DA:131,1
LF:28
LH:27
BRDA:24,0,0,1
BRDA:24,0,1,9
BRDA:24,1,0,10
BRDA:24,1,1,9
BRDA:29,2,0,1
BRDA:29,2,1,8
BRDA:34,3,0,1
BRDA:34,3,1,7
BRDA:40,4,0,7
BRDA:40,4,1,1
BRDA:40,4,2,1
BRDA:75,5,0,0
BRDA:86,6,0,11
BRDA:86,6,1,0
BRDA:92,7,0,5
BRDA:92,7,1,6
BRDA:92,8,0,11
BRDA:92,8,1,10
BRDA:121,9,0,0
BRF:19
BRH:16
end_of_record
TN:
SF:src\infrastructure\api\types.ts
FN:50,(anonymous_0)
FNF:1
FNH:1
FNDA:18,(anonymous_0)
DA:56,18
DA:57,18
DA:58,18
DA:59,18
DA:60,18
LF:5
LH:5
BRDA:52,0,0,1
BRF:1
BRH:1
end_of_record
TN:
SF:src\infrastructure\i18n\config.ts
FN:22,(anonymous_0)
FN:35,(anonymous_1)
FN:36,(anonymous_2)
FNF:3
FNH:0
FNDA:0,(anonymous_0)
FNDA:0,(anonymous_1)
FNDA:0,(anonymous_2)
DA:9,0
DA:12,0
DA:15,0
DA:19,0
DA:23,0
DA:24,0
DA:25,0
DA:26,0
DA:28,0
DA:31,0
DA:32,0
DA:37,0
DA:38,0
DA:40,0
DA:46,0
LF:15
LH:0
BRDA:25,0,0,0
BRDA:25,0,1,0
BRDA:25,1,0,0
BRDA:25,1,1,0
BRF:4
BRH:0
end_of_record
TN:
SF:src\infrastructure\i18n\formatters.ts
FN:18,(anonymous_0)
FN:39,(anonymous_1)
FN:53,(anonymous_2)
FN:74,(anonymous_3)
FN:102,(anonymous_4)
FN:126,(anonymous_5)
FNF:6
FNH:0
FNDA:0,(anonymous_0)
FNDA:0,(anonymous_1)
FNDA:0,(anonymous_2)
FNDA:0,(anonymous_3)
FNDA:0,(anonymous_4)
FNDA:0,(anonymous_5)
DA:6,0
DA:18,0
DA:23,0
DA:24,0
DA:25,0
DA:26,0
DA:28,0
DA:29,0
DA:39,0
DA:43,0
DA:53,0
DA:58,0
DA:59,0
DA:60,0
DA:62,0
DA:63,0
DA:74,0
DA:79,0
DA:80,0
DA:81,0
DA:83,0
DA:90,0
DA:91,0
DA:102,0
DA:107,0
DA:108,0
DA:109,0
DA:115,0
DA:116,0
DA:126,0
DA:130,0
DA:131,0
DA:132,0
DA:133,0
DA:135,0
DA:136,0
DA:139,0
DA:149,0
DA:150,0
DA:151,0
DA:152,0
DA:156,0
DA:158,0
DA:159,0
LF:44
LH:0
BRDA:20,0,0,0
BRDA:21,1,0,0
BRDA:24,2,0,0
BRDA:24,2,1,0
BRDA:41,3,0,0
BRDA:55,4,0,0
BRDA:59,5,0,0
BRDA:59,5,1,0
BRDA:76,6,0,0
BRDA:80,7,0,0
BRDA:80,7,1,0
BRDA:81,8,0,0
BRDA:81,8,1,0
BRDA:81,9,0,0
BRDA:81,9,1,0
BRDA:86,10,0,0
BRDA:86,10,1,0
BRDA:87,11,0,0
BRDA:87,11,1,0
BRDA:104,12,0,0
BRDA:105,13,0,0
BRDA:108,14,0,0
BRDA:108,14,1,0
BRDA:128,15,0,0
BRDA:131,16,0,0
BRDA:131,16,1,0
BRDA:135,17,0,0
BRDA:135,17,1,0
BRDA:151,18,0,0
BRDA:151,18,1,0
BRF:30
BRH:0
end_of_record
TN:
SF:src\infrastructure\i18n\index.ts
FNF:0
FNH:0
LF:0
LH:0
BRF:0
BRH:0
end_of_record
TN:
SF:src\infrastructure\i18n\useLanguage.ts
FN:9,(anonymous_0)
FN:15,(anonymous_1)
FNF:2
FNH:0
FNDA:0,(anonymous_0)
FNDA:0,(anonymous_1)
DA:9,0
DA:10,0
DA:12,0
DA:14,0
DA:16,0
DA:17,0
DA:19,0
DA:20,0
DA:26,0
LF:9
LH:0
BRF:0
BRH:0
end_of_record
TN:
SF:src\infrastructure\storage\secureStorage.ts
FN:13,(anonymous_0)
FN:27,(anonymous_1)
FN:40,(anonymous_2)
FN:53,(anonymous_3)
FNF:4
FNH:0
FNDA:0,(anonymous_0)
FNDA:0,(anonymous_1)
FNDA:0,(anonymous_2)
FNDA:0,(anonymous_3)
DA:7,0
DA:14,0
DA:15,0
DA:17,0
DA:18,0
DA:28,0
DA:29,0
DA:31,0
DA:32,0
DA:41,0
DA:42,0
DA:44,0
DA:45,0
DA:56,0
DA:61,0
LF:15
LH:0
BRF:0
BRH:0
end_of_record
TN:
SF:src\shared\components\Avatar.tsx
FN:15,(anonymous_0)
FNF:1
FNH:0
FNDA:0,(anonymous_0)
DA:15,0
DA:24,0
DA:26,0
DA:27,0
DA:36,0
DA:37,0
DA:47,0
DA:48,0
DA:59,0
LF:9
LH:0
BRDA:19,0,0,0
BRDA:26,1,0,0
BRDA:26,1,1,0
BRDA:36,2,0,0
BRDA:36,2,1,0
BRDA:41,3,0,0
BRDA:41,3,1,0
BRDA:47,4,0,0
BRDA:47,4,1,0
BRDA:52,5,0,0
BRDA:52,5,1,0
BRF:11
BRH:0
end_of_record
TN:
SF:src\shared\components\Badge.tsx
FN:14,(anonymous_0)
FN:23,(anonymous_1)
FN:72,(anonymous_2)
FN:85,(anonymous_3)
FN:98,(anonymous_4)
FNF:5
FNH:0
FNDA:0,(anonymous_0)
FNDA:0,(anonymous_1)
FNDA:0,(anonymous_2)
FNDA:0,(anonymous_3)
FNDA:0,(anonymous_4)
DA:14,0
DA:21,0
DA:23,0
DA:24,0
DA:33,0
DA:35,0
DA:40,0
DA:45,0
DA:50,0
DA:55,0
DA:60,0
DA:65,0
DA:72,0
DA:73,0
DA:75,0
DA:77,0
DA:79,0
DA:81,0
DA:85,0
DA:86,0
DA:88,0
DA:90,0
DA:92,0
DA:94,0
DA:98,0
DA:99,0
DA:105,0
DA:107,0
DA:109,0
DA:111,0
DA:113,0
DA:115,0
DA:117,0
DA:119,0
DA:123,0
DA:135,0
LF:36
LH:0
BRDA:16,0,0,0
BRDA:17,1,0,0
BRDA:33,2,0,0
BRDA:33,2,1,0
BRDA:33,2,2,0
BRDA:33,2,3,0
BRDA:33,2,4,0
BRDA:33,2,5,0
BRDA:33,2,6,0
BRDA:46,3,0,0
BRDA:46,3,1,0
BRDA:47,4,0,0
BRDA:47,4,1,0
BRDA:56,5,0,0
BRDA:56,5,1,0
BRDA:57,6,0,0
BRDA:57,6,1,0
BRDA:61,7,0,0
BRDA:61,7,1,0
BRDA:62,8,0,0
BRDA:62,8,1,0
BRDA:73,9,0,0
BRDA:73,9,1,0
BRDA:73,9,2,0
BRDA:73,9,3,0
BRDA:86,10,0,0
BRDA:86,10,1,0
BRDA:86,10,2,0
BRDA:86,10,3,0
BRDA:105,11,0,0
BRDA:105,11,1,0
BRDA:105,11,2,0
BRDA:105,11,3,0
BRDA:105,11,4,0
BRDA:105,11,5,0
BRDA:105,11,6,0
BRDA:111,12,0,0
BRDA:111,12,1,0
BRDA:115,13,0,0
BRDA:115,13,1,0
BRDA:117,14,0,0
BRDA:117,14,1,0
BRF:42
BRH:0
end_of_record
TN:
SF:src\shared\components\Button.tsx
FN:11,(anonymous_0)
FN:20,(anonymous_1)
FN:33,(anonymous_2)
FNF:3
FNH:0
FNDA:0,(anonymous_0)
FNDA:0,(anonymous_1)
FNDA:0,(anonymous_2)
DA:11,0
DA:20,0
DA:21,0
DA:23,0
DA:25,0
DA:27,0
DA:29,0
DA:33,0
DA:34,0
DA:36,0
DA:38,0
DA:40,0
DA:42,0
DA:46,0
DA:57,0
LF:15
LH:0
BRDA:12,0,0,0
BRDA:13,1,0,0
BRDA:14,2,0,0
BRDA:21,3,0,0
BRDA:21,3,1,0
BRDA:21,3,2,0
BRDA:21,3,3,0
BRDA:34,4,0,0
BRDA:34,4,1,0
BRDA:34,4,2,0
BRDA:34,4,3,0
BRDA:49,5,0,0
BRDA:49,5,1,0
BRF:13
BRH:0
end_of_record
TN:
SF:src\shared\components\Card.tsx
FN:11,(anonymous_0)
FN:19,(anonymous_1)
FNF:2
FNH:0
FNDA:0,(anonymous_0)
FNDA:0,(anonymous_1)
DA:11,0
DA:19,0
DA:20,0
DA:22,0
DA:24,0
DA:26,0
DA:28,0
DA:32,0
DA:43,0
DA:44,0
DA:45,0
DA:46,0
DA:48,0
LF:13
LH:0
BRDA:12,0,0,0
BRDA:13,1,0,0
BRDA:14,2,0,0
BRDA:20,3,0,0
BRDA:20,3,1,0
BRDA:20,3,2,0
BRDA:20,3,3,0
BRF:7
BRH:0
end_of_record
TN:
SF:src\shared\components\EmptyState.tsx
FN:16,(anonymous_0)
FNF:1
FNH:0
FNDA:0,(anonymous_0)
DA:16,0
DA:26,0
DA:61,0
LF:3
LH:0
BRDA:17,0,0,0
BRDA:18,1,0,0
BRDA:22,2,0,0
BRDA:27,3,0,0
BRDA:27,3,1,0
BRDA:28,4,0,0
BRDA:28,4,1,0
BRDA:48,5,0,0
BRDA:48,5,1,0
BRDA:48,5,2,0
BRF:10
BRH:0
end_of_record
TN:
SF:src\shared\components\ErrorState.tsx
FN:16,(anonymous_0)
FNF:1
FNH:0
FNDA:0,(anonymous_0)
DA:16,0
DA:26,0
DA:61,0
LF:3
LH:0
BRDA:17,0,0,0
BRDA:18,1,0,0
BRDA:20,2,0,0
BRDA:21,3,0,0
BRDA:27,4,0,0
BRDA:27,4,1,0
BRDA:28,5,0,0
BRDA:28,5,1,0
BRDA:48,6,0,0
BRDA:48,6,1,0
BRF:10
BRH:0
end_of_record
TN:
SF:src\shared\components\FilterChip.tsx
FN:11,(anonymous_0)
FN:34,(anonymous_1)
FNF:2
FNH:0
FNDA:0,(anonymous_0)
FNDA:0,(anonymous_1)
DA:11,0
DA:17,0
DA:34,0
DA:38,0
DA:45,0
LF:5
LH:0
BRDA:12,0,0,0
BRDA:21,1,0,0
BRDA:21,1,1,0
BRF:3
BRH:0
end_of_record
TN:
SF:src\shared\components\Input.tsx
FN:12,(anonymous_0)
FNF:1
FNH:0
FNDA:0,(anonymous_0)
DA:12,0
DA:21,0
DA:23,0
DA:40,0
LF:4
LH:0
BRDA:13,0,0,0
BRDA:16,1,0,0
BRDA:21,2,0,0
BRDA:21,2,1,0
BRDA:24,3,0,0
BRDA:24,3,1,0
BRDA:28,4,0,0
BRDA:28,4,1,0
BRDA:31,5,0,0
BRDA:31,5,1,0
BRDA:31,5,2,0
BRDA:32,6,0,0
BRDA:32,6,1,0
BRDA:33,7,0,0
BRDA:33,7,1,0
BRF:15
BRH:0
end_of_record
TN:
SF:src\shared\components\LanguageSwitcher.tsx
FN:20,(anonymous_0)
FN:24,(anonymous_1)
FN:38,(anonymous_2)
FN:49,(anonymous_3)
FN:51,(anonymous_4)
FN:57,(anonymous_5)
FN:62,(anonymous_6)
FNF:7
FNH:0
FNDA:0,(anonymous_0)
FNDA:0,(anonymous_1)
FNDA:0,(anonymous_2)
FNDA:0,(anonymous_3)
FNDA:0,(anonymous_4)
FNDA:0,(anonymous_5)
FNDA:0,(anonymous_6)
DA:11,0
DA:20,0
DA:21,0
DA:22,0
DA:24,0
DA:25,0
DA:26,0
DA:27,0
DA:29,0
DA:33,0
DA:34,0
DA:38,0
DA:46,0
DA:49,0
DA:51,0
DA:57,0
DA:62,0
DA:70,0
LF:18
LH:0
BRDA:20,0,0,0
BRDA:33,1,0,0
BRDA:33,1,1,0
BRDA:38,2,0,0
BRDA:38,2,1,0
BRDA:40,3,0,0
BRDA:40,3,1,0
BRDA:59,4,0,0
BRDA:59,4,1,0
BRDA:64,5,0,0
BRDA:64,5,1,0
BRF:11
BRH:0
end_of_record
TN:
SF:src\shared\components\Loading.tsx
FN:13,(anonymous_0)
FN:49,(anonymous_1)
FNF:2
FNH:0
FNDA:0,(anonymous_0)
FNDA:0,(anonymous_1)
DA:13,0
DA:19,0
DA:21,0
DA:49,0
DA:55,0
DA:57,0
DA:73,0
LF:7
LH:0
BRDA:14,0,0,0
BRDA:16,1,0,0
BRDA:22,2,0,0
BRDA:22,2,1,0
BRDA:28,3,0,0
BRDA:28,3,1,0
BRDA:50,4,0,0
BRDA:51,5,0,0
BRDA:52,6,0,0
BRDA:66,7,0,0
BRDA:66,7,1,0
BRF:11
BRH:0
end_of_record
TN:
SF:src\shared\components\SearchBar.tsx
FN:12,(anonymous_0)
FNF:1
FNH:0
FNDA:0,(anonymous_0)
DA:12,0
DA:20,0
DA:32,0
LF:3
LH:0
BRDA:15,0,0,0
BRDA:16,1,0,0
BRDA:25,2,0,0
BRDA:25,2,1,0
BRF:4
BRH:0
end_of_record
TN:
SF:src\shared\components\Typography.tsx
FN:12,(anonymous_0)
FN:23,(anonymous_1)
FN:50,(anonymous_2)
FN:95,(anonymous_3)
FN:99,(anonymous_4)
FN:103,(anonymous_5)
FN:107,(anonymous_6)
FN:111,(anonymous_7)
FN:115,(anonymous_8)
FN:119,(anonymous_9)
FN:123,(anonymous_10)
FN:127,(anonymous_11)
FN:131,(anonymous_12)
FNF:13
FNH:0
FNDA:0,(anonymous_0)
FNDA:0,(anonymous_1)
FNDA:0,(anonymous_2)
FNDA:0,(anonymous_3)
FNDA:0,(anonymous_4)
FNDA:0,(anonymous_5)
FNDA:0,(anonymous_6)
FNDA:0,(anonymous_7)
FNDA:0,(anonymous_8)
FNDA:0,(anonymous_9)
FNDA:0,(anonymous_10)
FNDA:0,(anonymous_11)
FNDA:0,(anonymous_12)
DA:12,0
DA:21,0
DA:23,0
DA:24,0
DA:26,0
DA:28,0
DA:30,0
DA:32,0
DA:34,0
DA:36,0
DA:38,0
DA:40,0
DA:42,0
DA:44,0
DA:46,0
DA:50,0
DA:51,0
DA:57,0
DA:59,0
DA:61,0
DA:63,0
DA:65,0
DA:67,0
DA:69,0
DA:71,0
DA:73,0
DA:75,0
DA:79,0
DA:95,0
DA:96,0
DA:99,0
DA:100,0
DA:103,0
DA:104,0
DA:107,0
DA:108,0
DA:111,0
DA:112,0
DA:115,0
DA:116,0
DA:119,0
DA:120,0
DA:123,0
DA:124,0
DA:127,0
DA:128,0
DA:131,0
DA:132,0
LF:48
LH:0
BRDA:13,0,0,0
BRDA:14,1,0,0
BRDA:15,2,0,0
BRDA:24,3,0,0
BRDA:24,3,1,0
BRDA:24,3,2,0
BRDA:24,3,3,0
BRDA:24,3,4,0
BRDA:24,3,5,0
BRDA:24,3,6,0
BRDA:24,3,7,0
BRDA:24,3,8,0
BRDA:24,3,9,0
BRDA:24,3,10,0
BRDA:57,4,0,0
BRDA:57,4,1,0
BRDA:57,4,2,0
BRDA:57,4,3,0
BRDA:57,4,4,0
BRDA:57,4,5,0
BRDA:57,4,6,0
BRDA:57,4,7,0
BRDA:57,4,8,0
BRDA:65,5,0,0
BRDA:65,5,1,0
BRDA:67,6,0,0
BRDA:67,6,1,0
BRDA:69,7,0,0
BRDA:69,7,1,0
BRDA:84,8,0,0
BRDA:84,8,1,0
BRF:31
BRH:0
end_of_record
TN:
SF:src\shared\components\index.ts
FNF:0
FNH:0
LF:0
LH:0
BRF:0
BRH:0
end_of_record
TN:
SF:src\shared\config\env.ts
FN:39,(anonymous_0)
FN:47,(anonymous_1)
FN:85,(anonymous_2)
FN:87,(anonymous_3)
FNF:4
FNH:0
FNDA:0,(anonymous_0)
FNDA:0,(anonymous_1)
FNDA:0,(anonymous_2)
FNDA:0,(anonymous_3)
DA:39,0
DA:40,0
DA:41,0
DA:47,0
DA:48,0
DA:54,0
DA:85,0
DA:86,0
DA:87,0
DA:89,0
DA:90,0
DA:95,0
DA:96,0
LF:13
LH:0
BRDA:40,0,0,0
BRDA:40,0,1,0
BRDA:47,1,0,0
BRDA:48,2,0,0
BRDA:48,2,1,0
BRDA:89,3,0,0
BRDA:89,3,1,0
BRDA:95,4,0,0
BRDA:95,4,1,0
BRF:9
BRH:0
end_of_record
TN:
SF:src\shared\config\index.ts
FNF:0
FNH:0
LF:0
LH:0
BRF:0
BRH:0
end_of_record
TN:
SF:src\shared\config\theme.ts
FNF:0
FNH:0
DA:4,0
DA:21,0
DA:43,0
LF:3
LH:0
BRF:0
BRH:0
end_of_record
TN:
SF:src\shared\utils\custom-matchers.ts
FN:26,(anonymous_0)
FN:30,(anonymous_1)
FN:40,(anonymous_2)
FN:44,(anonymous_3)
FN:54,(anonymous_4)
FN:58,(anonymous_5)
FN:68,(anonymous_6)
FN:72,(anonymous_7)
FN:82,(anonymous_8)
FN:86,(anonymous_9)
FN:95,(anonymous_10)
FNF:11
FNH:1
FNDA:0,(anonymous_0)
FNDA:0,(anonymous_1)
FNDA:0,(anonymous_2)
FNDA:0,(anonymous_3)
FNDA:0,(anonymous_4)
FNDA:0,(anonymous_5)
FNDA:0,(anonymous_6)
FNDA:0,(anonymous_7)
FNDA:0,(anonymous_8)
FNDA:0,(anonymous_9)
FNDA:3,(anonymous_10)
DA:22,3
DA:27,0
DA:28,0
DA:31,0
DA:41,0
DA:42,0
DA:45,0
DA:55,0
DA:56,0
DA:59,0
DA:69,0
DA:70,0
DA:73,0
DA:83,0
DA:84,0
DA:87,0
DA:95,3
DA:96,3
LF:18
LH:3
BRDA:31,0,0,0
BRDA:31,0,1,0
BRDA:45,1,0,0
BRDA:45,1,1,0
BRDA:59,2,0,0
BRDA:59,2,1,0
BRDA:69,3,0,0
BRDA:69,3,1,0
BRDA:69,3,2,0
BRDA:73,4,0,0
BRDA:73,4,1,0
BRDA:83,5,0,0
BRDA:83,5,1,0
BRDA:87,6,0,0
BRDA:87,6,1,0
BRF:15
BRH:0
end_of_record
TN:
SF:src\shared\utils\pbt-utils.ts
FN:15,(anonymous_0)
FN:20,(anonymous_1)
FN:25,(anonymous_2)
FN:30,(anonymous_3)
FN:35,(anonymous_4)
FN:40,(anonymous_5)
FN:45,(anonymous_6)
FN:54,(anonymous_7)
FN:59,(anonymous_8)
FN:64,(anonymous_9)
FN:69,(anonymous_10)
FN:74,(anonymous_11)
FN:79,(anonymous_12)
FN:85,(anonymous_13)
FN:91,(anonymous_14)
FN:97,(anonymous_15)
FN:103,(anonymous_16)
FNF:17
FNH:0
FNDA:0,(anonymous_0)
FNDA:0,(anonymous_1)
FNDA:0,(anonymous_2)
FNDA:0,(anonymous_3)
FNDA:0,(anonymous_4)
FNDA:0,(anonymous_5)
FNDA:0,(anonymous_6)
FNDA:0,(anonymous_7)
FNDA:0,(anonymous_8)
FNDA:0,(anonymous_9)
FNDA:0,(anonymous_10)
FNDA:0,(anonymous_11)
FNDA:0,(anonymous_12)
FNDA:0,(anonymous_13)
FNDA:0,(anonymous_14)
FNDA:0,(anonymous_15)
FNDA:0,(anonymous_16)
DA:15,0
DA:20,0
DA:25,0
DA:30,0
DA:35,0
DA:40,0
DA:45,0
DA:46,0
DA:47,0
DA:48,0
DA:54,0
DA:59,0
DA:64,0
DA:69,0
DA:74,0
DA:79,0
DA:80,0
DA:85,0
DA:86,0
DA:91,0
DA:97,0
DA:102,0
DA:104,0
DA:105,0
LF:24
LH:0
BRF:0
BRH:0
end_of_record
TN:
SF:src\shared\utils\test-utils.tsx
FN:6,(anonymous_0)
FN:23,(anonymous_1)
FN:29,(anonymous_2)
FNF:3
FNH:0
FNDA:0,(anonymous_0)
FNDA:0,(anonymous_1)
FNDA:0,(anonymous_2)
DA:6,0
DA:7,0
DA:23,0
DA:24,0
DA:26,0
DA:29,0
DA:30,0
LF:7
LH:0
BRF:0
BRH:0
end_of_record
TN:
SF:src\store\auth.store.ts
FN:33,(anonymous_0)
FN:43,(anonymous_1)
FN:47,(anonymous_2)
FN:61,(anonymous_3)
FN:65,(anonymous_4)
FN:69,(anonymous_5)
FN:73,(anonymous_6)
FN:97,(anonymous_7)
FN:122,(anonymous_8)
FN:131,(anonymous_9)
FN:137,(anonymous_10)
FNF:11
FNH:0
FNDA:0,(anonymous_0)
FNDA:0,(anonymous_1)
FNDA:0,(anonymous_2)
FNDA:0,(anonymous_3)
FNDA:0,(anonymous_4)
FNDA:0,(anonymous_5)
FNDA:0,(anonymous_6)
FNDA:0,(anonymous_7)
FNDA:0,(anonymous_8)
FNDA:0,(anonymous_9)
FNDA:0,(anonymous_10)
DA:33,0
DA:44,0
DA:48,0
DA:49,0
DA:54,0
DA:62,0
DA:66,0
DA:70,0
DA:74,0
DA:75,0
DA:78,0
DA:79,0
DA:80,0
DA:83,0
DA:91,0
DA:92,0
DA:93,0
DA:98,0
DA:99,0
DA:102,0
DA:103,0
DA:104,0
DA:107,0
DA:116,0
DA:117,0
DA:118,0
DA:123,0
DA:124,0
DA:125,0
DA:126,0
DA:129,0
DA:132,0
DA:138,0
DA:139,0
DA:142,0
DA:148,0
DA:149,0
DA:151,0
DA:159,0
DA:162,0
DA:163,0
LF:41
LH:0
BRDA:48,0,0,0
BRDA:48,0,1,0
BRDA:91,1,0,0
BRDA:91,1,1,0
BRDA:116,2,0,0
BRDA:116,2,1,0
BRDA:124,3,0,0
BRDA:124,3,1,0
BRDA:148,4,0,0
BRDA:148,4,1,0
BRDA:148,5,0,0
BRDA:148,5,1,0
BRDA:148,5,2,0
BRF:13
BRH:0
end_of_record
